2022-04-24 16:19:46,850 INFO client.RMProxy: Connecting to ResourceManager at resourcemanager/192.168.48.6:8032
2022-04-24 16:19:47,190 INFO client.AHSProxy: Connecting to Application History server at historyserver/192.168.48.7:10200
2022-04-24 16:19:48,071 INFO conf.Configuration: resource-types.xml not found
2022-04-24 16:19:48,071 INFO resource.ResourceUtils: Unable to find 'resource-types.xml'.
Deleted /user/root/terasort/10G-terasort-output
2022-04-24 16:19:52,071 INFO terasort.TeraSort: starting
2022-04-24 16:19:53,359 INFO input.FileInputFormat: Total input files to process : 2
Spent 242ms computing base-splits.
Spent 4ms computing TeraScheduler splits.
Computing input splits took 247ms
Sampling 10 splits of 76
2022-04-24 16:19:53,461 INFO sasl.SaslDataTransferClient: SASL encryption trust check: localHostTrusted = false, remoteHostTrusted = false
2022-04-24 16:19:53,461 INFO sasl.SaslDataTransferClient: SASL encryption trust check: localHostTrusted = false, remoteHostTrusted = false
2022-04-24 16:19:53,461 INFO sasl.SaslDataTransferClient: SASL encryption trust check: localHostTrusted = false, remoteHostTrusted = false
2022-04-24 16:19:53,461 INFO sasl.SaslDataTransferClient: SASL encryption trust check: localHostTrusted = false, remoteHostTrusted = false
2022-04-24 16:19:53,461 INFO sasl.SaslDataTransferClient: SASL encryption trust check: localHostTrusted = false, remoteHostTrusted = false
2022-04-24 16:19:53,461 INFO sasl.SaslDataTransferClient: SASL encryption trust check: localHostTrusted = false, remoteHostTrusted = false
2022-04-24 16:19:53,461 INFO sasl.SaslDataTransferClient: SASL encryption trust check: localHostTrusted = false, remoteHostTrusted = false
2022-04-24 16:19:53,462 INFO sasl.SaslDataTransferClient: SASL encryption trust check: localHostTrusted = false, remoteHostTrusted = false
2022-04-24 16:19:53,462 INFO sasl.SaslDataTransferClient: SASL encryption trust check: localHostTrusted = false, remoteHostTrusted = false
2022-04-24 16:19:53,461 INFO sasl.SaslDataTransferClient: SASL encryption trust check: localHostTrusted = false, remoteHostTrusted = false
Making 1 from 100000 sampled records
Computing parititions took 397ms
Spent 647ms computing partitions.
2022-04-24 16:19:54,078 INFO client.RMProxy: Connecting to ResourceManager at resourcemanager/192.168.48.6:8032
2022-04-24 16:19:54,328 INFO client.AHSProxy: Connecting to Application History server at historyserver/192.168.48.7:10200
2022-04-24 16:19:54,478 INFO mapreduce.JobResourceUploader: Disabling Erasure Coding for path: /tmp/hadoop-yarn/staging/root/.staging/job_1650809992477_0013
2022-04-24 16:19:54,570 INFO sasl.SaslDataTransferClient: SASL encryption trust check: localHostTrusted = false, remoteHostTrusted = false
2022-04-24 16:19:55,072 INFO sasl.SaslDataTransferClient: SASL encryption trust check: localHostTrusted = false, remoteHostTrusted = false
2022-04-24 16:19:55,137 INFO sasl.SaslDataTransferClient: SASL encryption trust check: localHostTrusted = false, remoteHostTrusted = false
2022-04-24 16:19:55,147 INFO mapreduce.JobSubmitter: number of splits:76
2022-04-24 16:19:55,315 INFO sasl.SaslDataTransferClient: SASL encryption trust check: localHostTrusted = false, remoteHostTrusted = false
2022-04-24 16:19:55,731 INFO mapreduce.JobSubmitter: Submitting tokens for job: job_1650809992477_0013
2022-04-24 16:19:55,731 INFO mapreduce.JobSubmitter: Executing with tokens: []
2022-04-24 16:19:56,000 INFO conf.Configuration: resource-types.xml not found
2022-04-24 16:19:56,001 INFO resource.ResourceUtils: Unable to find 'resource-types.xml'.
2022-04-24 16:19:56,298 INFO impl.YarnClientImpl: Submitted application application_1650809992477_0013
2022-04-24 16:19:56,364 INFO mapreduce.Job: The url to track the job: http://resourcemanager:8088/proxy/application_1650809992477_0013/
2022-04-24 16:19:56,365 INFO mapreduce.Job: Running job: job_1650809992477_0013
2022-04-24 16:20:03,525 INFO mapreduce.Job: Job job_1650809992477_0013 running in uber mode : false
2022-04-24 16:20:03,529 INFO mapreduce.Job:  map 0% reduce 0%
2022-04-24 16:20:14,697 INFO mapreduce.Job:  map 1% reduce 0%
2022-04-24 16:20:15,703 INFO mapreduce.Job:  map 3% reduce 0%
2022-04-24 16:20:16,672 INFO mapreduce.Job:  map 4% reduce 0%
2022-04-24 16:20:24,744 INFO mapreduce.Job:  map 5% reduce 0%
2022-04-24 16:20:25,765 INFO mapreduce.Job:  map 7% reduce 0%
2022-04-24 16:20:27,783 INFO mapreduce.Job:  map 8% reduce 0%
2022-04-24 16:20:34,832 INFO mapreduce.Job:  map 9% reduce 0%
2022-04-24 16:20:35,839 INFO mapreduce.Job:  map 11% reduce 0%
2022-04-24 16:20:37,851 INFO mapreduce.Job:  map 12% reduce 0%
2022-04-24 16:20:44,908 INFO mapreduce.Job:  map 13% reduce 0%
2022-04-24 16:20:46,897 INFO mapreduce.Job:  map 14% reduce 0%
2022-04-24 16:20:48,925 INFO mapreduce.Job:  map 16% reduce 0%
2022-04-24 16:20:54,964 INFO mapreduce.Job:  map 17% reduce 0%
2022-04-24 16:20:56,981 INFO mapreduce.Job:  map 18% reduce 0%
2022-04-24 16:20:59,000 INFO mapreduce.Job:  map 20% reduce 0%
2022-04-24 16:21:05,030 INFO mapreduce.Job:  map 21% reduce 0%
2022-04-24 16:21:07,040 INFO mapreduce.Job:  map 22% reduce 0%
2022-04-24 16:21:11,059 INFO mapreduce.Job:  map 24% reduce 0%
2022-04-24 16:21:15,082 INFO mapreduce.Job:  map 25% reduce 0%
2022-04-24 16:21:18,068 INFO mapreduce.Job:  map 26% reduce 0%
2022-04-24 16:21:21,091 INFO mapreduce.Job:  map 28% reduce 0%
2022-04-24 16:21:25,122 INFO mapreduce.Job:  map 29% reduce 0%
2022-04-24 16:21:28,143 INFO mapreduce.Job:  map 30% reduce 0%
2022-04-24 16:21:32,176 INFO mapreduce.Job:  map 32% reduce 0%
2022-04-24 16:21:35,191 INFO mapreduce.Job:  map 33% reduce 0%
2022-04-24 16:21:38,216 INFO mapreduce.Job:  map 34% reduce 0%
2022-04-24 16:21:42,250 INFO mapreduce.Job:  map 36% reduce 0%
2022-04-24 16:21:46,238 INFO mapreduce.Job:  map 37% reduce 0%
2022-04-24 16:21:50,264 INFO mapreduce.Job:  map 38% reduce 0%
2022-04-24 16:21:52,276 INFO mapreduce.Job:  map 39% reduce 0%
2022-04-24 16:21:57,309 INFO mapreduce.Job:  map 41% reduce 0%
2022-04-24 16:22:00,329 INFO mapreduce.Job:  map 42% reduce 0%
2022-04-24 16:22:03,347 INFO mapreduce.Job:  map 43% reduce 0%
2022-04-24 16:22:08,404 INFO mapreduce.Job:  map 45% reduce 0%
2022-04-24 16:22:10,416 INFO mapreduce.Job:  map 46% reduce 0%
2022-04-24 16:22:14,444 INFO mapreduce.Job:  map 47% reduce 0%
2022-04-24 16:22:19,431 INFO mapreduce.Job:  map 49% reduce 0%
2022-04-24 16:22:20,436 INFO mapreduce.Job:  map 50% reduce 0%
2022-04-24 16:22:25,470 INFO mapreduce.Job:  map 51% reduce 0%
2022-04-24 16:22:29,489 INFO mapreduce.Job:  map 53% reduce 0%
2022-04-24 16:22:31,501 INFO mapreduce.Job:  map 54% reduce 0%
2022-04-24 16:22:35,520 INFO mapreduce.Job:  map 55% reduce 0%
2022-04-24 16:22:39,538 INFO mapreduce.Job:  map 57% reduce 0%
2022-04-24 16:22:42,557 INFO mapreduce.Job:  map 58% reduce 0%
2022-04-24 16:22:45,575 INFO mapreduce.Job:  map 59% reduce 0%
2022-04-24 16:22:50,578 INFO mapreduce.Job:  map 61% reduce 0%
2022-04-24 16:22:52,592 INFO mapreduce.Job:  map 62% reduce 0%
2022-04-24 16:22:56,611 INFO mapreduce.Job:  map 63% reduce 0%
2022-04-24 16:23:01,637 INFO mapreduce.Job:  map 64% reduce 0%
2022-04-24 16:23:02,642 INFO mapreduce.Job:  map 66% reduce 0%
2022-04-24 16:23:06,672 INFO mapreduce.Job:  map 67% reduce 0%
2022-04-24 16:23:11,711 INFO mapreduce.Job:  map 68% reduce 0%
2022-04-24 16:23:12,716 INFO mapreduce.Job:  map 70% reduce 0%
2022-04-24 16:23:17,703 INFO mapreduce.Job:  map 71% reduce 0%
2022-04-24 16:23:21,719 INFO mapreduce.Job:  map 72% reduce 0%
2022-04-24 16:23:23,730 INFO mapreduce.Job:  map 74% reduce 0%
2022-04-24 16:23:32,777 INFO mapreduce.Job:  map 75% reduce 0%
2022-04-24 16:23:35,791 INFO mapreduce.Job:  map 76% reduce 22%
2022-04-24 16:23:41,822 INFO mapreduce.Job:  map 76% reduce 25%
2022-04-24 16:23:42,827 INFO mapreduce.Job:  map 78% reduce 25%
2022-04-24 16:23:45,840 INFO mapreduce.Job:  map 79% reduce 25%
2022-04-24 16:23:47,812 INFO mapreduce.Job:  map 79% reduce 26%
2022-04-24 16:23:53,124 INFO mapreduce.Job:  map 80% reduce 26%
2022-04-24 16:23:55,132 INFO mapreduce.Job:  map 82% reduce 26%
2022-04-24 16:24:00,149 INFO mapreduce.Job:  map 82% reduce 27%
2022-04-24 16:24:02,162 INFO mapreduce.Job:  map 83% reduce 27%
2022-04-24 16:24:05,174 INFO mapreduce.Job:  map 84% reduce 27%
2022-04-24 16:24:06,177 INFO mapreduce.Job:  map 84% reduce 28%
2022-04-24 16:24:12,200 INFO mapreduce.Job:  map 86% reduce 28%
2022-04-24 16:24:16,185 INFO mapreduce.Job:  map 87% reduce 28%
2022-04-24 16:24:18,194 INFO mapreduce.Job:  map 87% reduce 29%
2022-04-24 16:24:22,218 INFO mapreduce.Job:  map 88% reduce 29%
2022-04-24 16:24:25,230 INFO mapreduce.Job:  map 89% reduce 29%
2022-04-24 16:24:30,250 INFO mapreduce.Job:  map 89% reduce 30%
2022-04-24 16:24:32,260 INFO mapreduce.Job:  map 91% reduce 30%
2022-04-24 16:24:35,273 INFO mapreduce.Job:  map 92% reduce 30%
2022-04-24 16:24:41,299 INFO mapreduce.Job:  map 93% reduce 30%
2022-04-24 16:24:42,303 INFO mapreduce.Job:  map 93% reduce 31%
2022-04-24 16:24:44,311 INFO mapreduce.Job:  map 95% reduce 31%
2022-04-24 16:24:48,293 INFO mapreduce.Job:  map 95% reduce 32%
2022-04-24 16:24:50,301 INFO mapreduce.Job:  map 96% reduce 32%
2022-04-24 16:24:54,318 INFO mapreduce.Job:  map 97% reduce 32%
2022-04-24 16:24:57,331 INFO mapreduce.Job:  map 99% reduce 32%
2022-04-24 16:25:00,342 INFO mapreduce.Job:  map 99% reduce 33%
2022-04-24 16:25:01,347 INFO mapreduce.Job:  map 100% reduce 33%
2022-04-24 16:25:06,363 INFO mapreduce.Job:  map 100% reduce 68%
2022-04-24 16:25:11,383 INFO mapreduce.Job:  map 100% reduce 71%
2022-04-24 16:25:17,364 INFO mapreduce.Job:  map 100% reduce 73%
2022-04-24 16:25:23,385 INFO mapreduce.Job:  map 100% reduce 75%
2022-04-24 16:25:29,406 INFO mapreduce.Job:  map 100% reduce 77%
2022-04-24 16:25:36,435 INFO mapreduce.Job:  map 100% reduce 79%
2022-04-24 16:25:42,458 INFO mapreduce.Job:  map 100% reduce 82%
2022-04-24 16:25:47,444 INFO mapreduce.Job:  map 100% reduce 84%
2022-04-24 16:25:53,472 INFO mapreduce.Job:  map 100% reduce 86%
2022-04-24 16:25:59,494 INFO mapreduce.Job:  map 100% reduce 88%
2022-04-24 16:26:05,515 INFO mapreduce.Job:  map 100% reduce 90%
2022-04-24 16:26:11,535 INFO mapreduce.Job:  map 100% reduce 93%
2022-04-24 16:26:17,525 INFO mapreduce.Job:  map 100% reduce 95%
2022-04-24 16:26:23,550 INFO mapreduce.Job:  map 100% reduce 97%
2022-04-24 16:26:29,580 INFO mapreduce.Job:  map 100% reduce 99%
2022-04-24 16:26:31,589 INFO mapreduce.Job:  map 100% reduce 100%
2022-04-24 16:26:32,603 INFO mapreduce.Job: Job job_1650809992477_0013 completed successfully
2022-04-24 16:26:32,802 INFO mapreduce.Job: Counters: 55
	File System Counters
		FILE: Number of bytes read=5465381167
		FILE: Number of bytes written=10985577149
		FILE: Number of read operations=0
		FILE: Number of large read operations=0
		FILE: Number of write operations=0
		HDFS: Number of bytes read=10000010336
		HDFS: Number of bytes written=10000000000
		HDFS: Number of read operations=233
		HDFS: Number of large read operations=0
		HDFS: Number of write operations=2
		HDFS: Number of bytes read erasure-coded=0
	Job Counters
		Killed map tasks=1
		Launched map tasks=76
		Launched reduce tasks=1
		Rack-local map tasks=76
		Total time spent by all maps in occupied slots (ms)=1233422
		Total time spent by all reduces in occupied slots (ms)=190799
		Total time spent by all map tasks (ms)=616711
		Total time spent by all reduce tasks (ms)=190799
		Total vcore-milliseconds taken by all map tasks=616711
		Total vcore-milliseconds taken by all reduce tasks=190799
		Total megabyte-milliseconds taken by all map tasks=1263024128
		Total megabyte-milliseconds taken by all reduce tasks=195378176
	Map-Reduce Framework
		Map input records=100000000
		Map output records=100000000
		Map output bytes=10200000000
		Map output materialized bytes=5502468877
		Input split bytes=10336
		Combine input records=0
		Combine output records=0
		Reduce input groups=100000000
		Reduce shuffle bytes=5502468877
		Reduce input records=100000000
		Reduce output records=100000000
		Spilled Records=199321120
		Shuffled Maps =76
		Failed Shuffles=0
		Merged Map outputs=76
		GC time elapsed (ms)=6038
		CPU time spent (ms)=541390
		Physical memory (bytes) snapshot=35600265216
		Virtual memory (bytes) snapshot=271634182144
		Total committed heap usage (bytes)=32020365312
		Peak Map Physical memory (bytes)=525176832
		Peak Map Virtual memory (bytes)=3542753280
		Peak Reduce Physical memory (bytes)=588103680
		Peak Reduce Virtual memory (bytes)=2744578048
	Shuffle Errors
		BAD_ID=0
		CONNECTION=0
		IO_ERROR=0
		WRONG_LENGTH=0
		WRONG_MAP=0
		WRONG_REDUCE=0
	File Input Format Counters
		Bytes Read=10000000000
	File Output Format Counters
		Bytes Written=10000000000
2022-04-24 16:26:32,810 INFO terasort.TeraSort: done
	Command being timed: "hadoop jar hadoop-mapreduce-examples-3.2.1.jar terasort -D mapreduce.map.log.level=INFO -D mapreduce.reduce.log.level=INFO -D yarn.app.mapreduce.am.log.level=INFO -D yarn.nodemanager.resource.detect-hardware-capabilities=true -D yarn.nodemanager.resource.memory-mb=-1 -D mapreduce.task.io.sort.mb=256 -D mapreduce.task.io.sort.factor=400 -D mapreduce.map.sort.spill.percent=1.0 -D mapreduce.map.combine.minspills=3 -D mapreduce.map.output.compress=true -D mapreduce.map.output.compress.codec=org.apache.hadoop.io.compress.Lz4Codec -D mapreduce.shuffle.max.threads=1 -D mapreduce.reduce.shuffle.parallelcopies=20 -D mapreduce.reduce.shuffle.maxfetchfailures=10 -D mapreduce.reduce.shuffle.input.buffer.percent=0.7 -D mapreduce.reduce.shuffle.merge.percent=0.66 -D mapreduce.reduce.merge.inmem.threshold=2000 -D mapreduce.reduce.input.buffer.percent=0.8 -D dfs.blocksize=335544320 -D dfs.replication=1 -D mapreduce.output.fileoutputformat.compress=true -D mapreduce.output.fileoutputformat.compress.codec=org.apache.hadoop.io.compress.Lz4Codec -D mapreduce.output.fileoutputformat.compress.type=BLOCK -D mapreduce.map.memory.mb=2048 -D mapreduce.job.reduce.slowstart.completedmaps=0.7 -D io.file.buffer.size=131072 /user/root/terasort/10G-terasort-input /user/root/terasort/10G-terasort-output"
	User time (seconds): 6.49
	System time (seconds): 3.48
	Percent of CPU this job got: 2%
	Elapsed (wall clock) time (h:mm:ss or m:ss): 6:42.10
	Average shared text size (kbytes): 0
	Average unshared data size (kbytes): 0
	Average stack size (kbytes): 0
	Average total size (kbytes): 0
	Maximum resident set size (kbytes): 283480
	Average resident set size (kbytes): 0
	Major (requiring I/O) page faults: 181
	Minor (reclaiming a frame) page faults: 84260
	Voluntary context switches: 21881
	Involuntary context switches: 5209
	Swaps: 0
	File system inputs: 1792
	File system outputs: 3480
	Socket messages sent: 0
	Socket messages received: 0
	Signals delivered: 0
	Page size (bytes): 4096
	Exit status: 0