2022-04-24 16:05:58,491 INFO client.RMProxy: Connecting to ResourceManager at resourcemanager/192.168.48.6:8032
2022-04-24 16:05:58,837 INFO client.AHSProxy: Connecting to Application History server at historyserver/192.168.48.7:10200
2022-04-24 16:05:59,721 INFO conf.Configuration: resource-types.xml not found
2022-04-24 16:05:59,721 INFO resource.ResourceUtils: Unable to find 'resource-types.xml'.
Deleted /user/root/terasort/10G-terasort-output
2022-04-24 16:06:03,690 INFO terasort.TeraSort: starting
2022-04-24 16:06:04,981 INFO input.FileInputFormat: Total input files to process : 2
Spent 240ms computing base-splits.
Spent 4ms computing TeraScheduler splits.
Computing input splits took 245ms
Sampling 10 splits of 76
2022-04-24 16:06:05,095 INFO sasl.SaslDataTransferClient: SASL encryption trust check: localHostTrusted = false, remoteHostTrusted = false
2022-04-24 16:06:05,095 INFO sasl.SaslDataTransferClient: SASL encryption trust check: localHostTrusted = false, remoteHostTrusted = false
2022-04-24 16:06:05,095 INFO sasl.SaslDataTransferClient: SASL encryption trust check: localHostTrusted = false, remoteHostTrusted = false
2022-04-24 16:06:05,095 INFO sasl.SaslDataTransferClient: SASL encryption trust check: localHostTrusted = false, remoteHostTrusted = false
2022-04-24 16:06:05,095 INFO sasl.SaslDataTransferClient: SASL encryption trust check: localHostTrusted = false, remoteHostTrusted = false
2022-04-24 16:06:05,095 INFO sasl.SaslDataTransferClient: SASL encryption trust check: localHostTrusted = false, remoteHostTrusted = false
2022-04-24 16:06:05,095 INFO sasl.SaslDataTransferClient: SASL encryption trust check: localHostTrusted = false, remoteHostTrusted = false
2022-04-24 16:06:05,095 INFO sasl.SaslDataTransferClient: SASL encryption trust check: localHostTrusted = false, remoteHostTrusted = false
2022-04-24 16:06:05,095 INFO sasl.SaslDataTransferClient: SASL encryption trust check: localHostTrusted = false, remoteHostTrusted = false
2022-04-24 16:06:05,095 INFO sasl.SaslDataTransferClient: SASL encryption trust check: localHostTrusted = false, remoteHostTrusted = false
Making 1 from 100000 sampled records
Computing parititions took 407ms
Spent 655ms computing partitions.
2022-04-24 16:06:05,713 INFO client.RMProxy: Connecting to ResourceManager at resourcemanager/192.168.48.6:8032
2022-04-24 16:06:05,963 INFO client.AHSProxy: Connecting to Application History server at historyserver/192.168.48.7:10200
2022-04-24 16:06:06,114 INFO mapreduce.JobResourceUploader: Disabling Erasure Coding for path: /tmp/hadoop-yarn/staging/root/.staging/job_1650809992477_0011
2022-04-24 16:06:06,194 INFO sasl.SaslDataTransferClient: SASL encryption trust check: localHostTrusted = false, remoteHostTrusted = false
2022-04-24 16:06:06,274 INFO sasl.SaslDataTransferClient: SASL encryption trust check: localHostTrusted = false, remoteHostTrusted = false
2022-04-24 16:06:06,331 INFO sasl.SaslDataTransferClient: SASL encryption trust check: localHostTrusted = false, remoteHostTrusted = false
2022-04-24 16:06:06,341 INFO mapreduce.JobSubmitter: number of splits:76
2022-04-24 16:06:06,513 INFO sasl.SaslDataTransferClient: SASL encryption trust check: localHostTrusted = false, remoteHostTrusted = false
2022-04-24 16:06:06,533 INFO mapreduce.JobSubmitter: Submitting tokens for job: job_1650809992477_0011
2022-04-24 16:06:06,533 INFO mapreduce.JobSubmitter: Executing with tokens: []
2022-04-24 16:06:06,774 INFO conf.Configuration: resource-types.xml not found
2022-04-24 16:06:06,775 INFO resource.ResourceUtils: Unable to find 'resource-types.xml'.
2022-04-24 16:06:07,279 INFO impl.YarnClientImpl: Submitted application application_1650809992477_0011
2022-04-24 16:06:07,347 INFO mapreduce.Job: The url to track the job: http://resourcemanager:8088/proxy/application_1650809992477_0011/
2022-04-24 16:06:07,348 INFO mapreduce.Job: Running job: job_1650809992477_0011
2022-04-24 16:06:15,491 INFO mapreduce.Job: Job job_1650809992477_0011 running in uber mode : false
2022-04-24 16:06:15,494 INFO mapreduce.Job:  map 0% reduce 0%
2022-04-24 16:06:26,591 INFO mapreduce.Job:  map 1% reduce 0%
2022-04-24 16:06:27,604 INFO mapreduce.Job:  map 3% reduce 0%
2022-04-24 16:06:28,613 INFO mapreduce.Job:  map 4% reduce 0%
2022-04-24 16:06:36,669 INFO mapreduce.Job:  map 5% reduce 0%
2022-04-24 16:06:37,678 INFO mapreduce.Job:  map 7% reduce 0%
2022-04-24 16:06:38,688 INFO mapreduce.Job:  map 8% reduce 0%
2022-04-24 16:06:46,752 INFO mapreduce.Job:  map 11% reduce 0%
2022-04-24 16:06:49,750 INFO mapreduce.Job:  map 12% reduce 0%
2022-04-24 16:06:56,796 INFO mapreduce.Job:  map 13% reduce 0%
2022-04-24 16:06:57,804 INFO mapreduce.Job:  map 14% reduce 0%
2022-04-24 16:07:01,845 INFO mapreduce.Job:  map 16% reduce 0%
2022-04-24 16:07:06,904 INFO mapreduce.Job:  map 17% reduce 0%
2022-04-24 16:07:07,919 INFO mapreduce.Job:  map 18% reduce 0%
2022-04-24 16:07:11,954 INFO mapreduce.Job:  map 20% reduce 0%
2022-04-24 16:07:16,961 INFO mapreduce.Job:  map 21% reduce 0%
2022-04-24 16:07:17,967 INFO mapreduce.Job:  map 22% reduce 0%
2022-04-24 16:07:23,000 INFO mapreduce.Job:  map 24% reduce 0%
2022-04-24 16:07:27,021 INFO mapreduce.Job:  map 25% reduce 0%
2022-04-24 16:07:29,036 INFO mapreduce.Job:  map 26% reduce 0%
2022-04-24 16:07:33,071 INFO mapreduce.Job:  map 28% reduce 0%
2022-04-24 16:07:37,118 INFO mapreduce.Job:  map 29% reduce 0%
2022-04-24 16:07:40,150 INFO mapreduce.Job:  map 30% reduce 0%
2022-04-24 16:07:44,185 INFO mapreduce.Job:  map 32% reduce 0%
2022-04-24 16:07:47,169 INFO mapreduce.Job:  map 33% reduce 0%
2022-04-24 16:07:51,214 INFO mapreduce.Job:  map 34% reduce 0%
2022-04-24 16:07:55,247 INFO mapreduce.Job:  map 36% reduce 0%
2022-04-24 16:07:58,264 INFO mapreduce.Job:  map 37% reduce 0%
2022-04-24 16:08:01,295 INFO mapreduce.Job:  map 38% reduce 0%
2022-04-24 16:08:06,326 INFO mapreduce.Job:  map 39% reduce 0%
2022-04-24 16:08:08,405 INFO mapreduce.Job:  map 41% reduce 0%
2022-04-24 16:08:12,437 INFO mapreduce.Job:  map 42% reduce 0%
2022-04-24 16:08:16,463 INFO mapreduce.Job:  map 43% reduce 0%
2022-04-24 16:08:18,452 INFO mapreduce.Job:  map 45% reduce 0%
2022-04-24 16:08:23,473 INFO mapreduce.Job:  map 46% reduce 0%
2022-04-24 16:08:26,491 INFO mapreduce.Job:  map 47% reduce 0%
2022-04-24 16:08:29,506 INFO mapreduce.Job:  map 49% reduce 0%
2022-04-24 16:08:33,533 INFO mapreduce.Job:  map 50% reduce 0%
2022-04-24 16:08:36,574 INFO mapreduce.Job:  map 51% reduce 0%
2022-04-24 16:08:40,607 INFO mapreduce.Job:  map 53% reduce 0%
2022-04-24 16:08:44,628 INFO mapreduce.Job:  map 54% reduce 0%
2022-04-24 16:08:47,610 INFO mapreduce.Job:  map 55% reduce 0%
2022-04-24 16:08:51,638 INFO mapreduce.Job:  map 57% reduce 0%
2022-04-24 16:08:54,652 INFO mapreduce.Job:  map 58% reduce 0%
2022-04-24 16:08:58,672 INFO mapreduce.Job:  map 59% reduce 0%
2022-04-24 16:09:02,699 INFO mapreduce.Job:  map 61% reduce 0%
2022-04-24 16:09:05,716 INFO mapreduce.Job:  map 62% reduce 0%
2022-04-24 16:09:08,744 INFO mapreduce.Job:  map 63% reduce 0%
2022-04-24 16:09:12,769 INFO mapreduce.Job:  map 64% reduce 0%
2022-04-24 16:09:16,793 INFO mapreduce.Job:  map 66% reduce 0%
2022-04-24 16:09:19,786 INFO mapreduce.Job:  map 67% reduce 0%
2022-04-24 16:09:23,809 INFO mapreduce.Job:  map 68% reduce 0%
2022-04-24 16:09:26,827 INFO mapreduce.Job:  map 70% reduce 0%
2022-04-24 16:09:30,856 INFO mapreduce.Job:  map 71% reduce 0%
2022-04-24 16:09:33,890 INFO mapreduce.Job:  map 72% reduce 0%
2022-04-24 16:09:36,907 INFO mapreduce.Job:  map 74% reduce 0%
2022-04-24 16:09:45,954 INFO mapreduce.Job:  map 75% reduce 0%
2022-04-24 16:09:48,934 INFO mapreduce.Job:  map 75% reduce 21%
2022-04-24 16:09:49,941 INFO mapreduce.Job:  map 76% reduce 21%
2022-04-24 16:09:54,966 INFO mapreduce.Job:  map 76% reduce 25%
2022-04-24 16:09:57,978 INFO mapreduce.Job:  map 78% reduce 25%
2022-04-24 16:09:59,986 INFO mapreduce.Job:  map 79% reduce 25%
2022-04-24 16:10:00,990 INFO mapreduce.Job:  map 79% reduce 26%
2022-04-24 16:10:08,018 INFO mapreduce.Job:  map 80% reduce 26%
2022-04-24 16:10:10,031 INFO mapreduce.Job:  map 82% reduce 26%
2022-04-24 16:10:13,046 INFO mapreduce.Job:  map 82% reduce 27%
2022-04-24 16:10:17,033 INFO mapreduce.Job:  map 83% reduce 27%
2022-04-24 16:10:19,043 INFO mapreduce.Job:  map 83% reduce 28%
2022-04-24 16:10:20,048 INFO mapreduce.Job:  map 84% reduce 28%
2022-04-24 16:10:26,077 INFO mapreduce.Job:  map 86% reduce 28%
2022-04-24 16:10:30,094 INFO mapreduce.Job:  map 87% reduce 28%
2022-04-24 16:10:31,100 INFO mapreduce.Job:  map 87% reduce 29%
2022-04-24 16:10:36,129 INFO mapreduce.Job:  map 88% reduce 29%
2022-04-24 16:10:40,151 INFO mapreduce.Job:  map 89% reduce 29%
2022-04-24 16:10:42,159 INFO mapreduce.Job:  map 89% reduce 30%
2022-04-24 16:10:46,176 INFO mapreduce.Job:  map 91% reduce 30%
2022-04-24 16:10:50,160 INFO mapreduce.Job:  map 92% reduce 30%
2022-04-24 16:10:54,179 INFO mapreduce.Job:  map 92% reduce 31%
2022-04-24 16:10:56,193 INFO mapreduce.Job:  map 93% reduce 31%
2022-04-24 16:11:00,214 INFO mapreduce.Job:  map 95% reduce 32%
2022-04-24 16:11:06,244 INFO mapreduce.Job:  map 96% reduce 32%
2022-04-24 16:11:09,268 INFO mapreduce.Job:  map 97% reduce 32%
2022-04-24 16:11:13,296 INFO mapreduce.Job:  map 99% reduce 32%
2022-04-24 16:11:16,333 INFO mapreduce.Job:  map 100% reduce 32%
2022-04-24 16:11:18,310 INFO mapreduce.Job:  map 100% reduce 67%
2022-04-24 16:11:24,344 INFO mapreduce.Job:  map 100% reduce 69%
2022-04-24 16:11:30,373 INFO mapreduce.Job:  map 100% reduce 72%
2022-04-24 16:11:36,441 INFO mapreduce.Job:  map 100% reduce 74%
2022-04-24 16:11:42,457 INFO mapreduce.Job:  map 100% reduce 76%
2022-04-24 16:11:48,440 INFO mapreduce.Job:  map 100% reduce 78%
2022-04-24 16:11:54,459 INFO mapreduce.Job:  map 100% reduce 80%
2022-04-24 16:12:00,479 INFO mapreduce.Job:  map 100% reduce 82%
2022-04-24 16:12:06,506 INFO mapreduce.Job:  map 100% reduce 85%
2022-04-24 16:12:12,530 INFO mapreduce.Job:  map 100% reduce 87%
2022-04-24 16:12:18,528 INFO mapreduce.Job:  map 100% reduce 89%
2022-04-24 16:12:24,551 INFO mapreduce.Job:  map 100% reduce 91%
2022-04-24 16:12:30,582 INFO mapreduce.Job:  map 100% reduce 93%
2022-04-24 16:12:36,629 INFO mapreduce.Job:  map 100% reduce 96%
2022-04-24 16:12:42,662 INFO mapreduce.Job:  map 100% reduce 98%
2022-04-24 16:12:47,781 INFO mapreduce.Job:  map 100% reduce 100%
2022-04-24 16:12:48,799 INFO mapreduce.Job: Job job_1650809992477_0011 completed successfully
2022-04-24 16:12:48,984 INFO mapreduce.Job: Counters: 55
	File System Counters
		FILE: Number of bytes read=5465381167
		FILE: Number of bytes written=10985577149
		FILE: Number of read operations=0
		FILE: Number of large read operations=0
		FILE: Number of write operations=0
		HDFS: Number of bytes read=10000010336
		HDFS: Number of bytes written=10000000000
		HDFS: Number of read operations=233
		HDFS: Number of large read operations=0
		HDFS: Number of write operations=2
		HDFS: Number of bytes read erasure-coded=0
	Job Counters
		Killed map tasks=1
		Launched map tasks=76
		Launched reduce tasks=1
		Rack-local map tasks=76
		Total time spent by all maps in occupied slots (ms)=1239722
		Total time spent by all reduces in occupied slots (ms)=194332
		Total time spent by all map tasks (ms)=619861
		Total time spent by all reduce tasks (ms)=194332
		Total vcore-milliseconds taken by all map tasks=619861
		Total vcore-milliseconds taken by all reduce tasks=194332
		Total megabyte-milliseconds taken by all map tasks=1269475328
		Total megabyte-milliseconds taken by all reduce tasks=198995968
	Map-Reduce Framework
		Map input records=100000000
		Map output records=100000000
		Map output bytes=10200000000
		Map output materialized bytes=5502468877
		Input split bytes=10336
		Combine input records=0
		Combine output records=0
		Reduce input groups=100000000
		Reduce shuffle bytes=5502468877
		Reduce input records=100000000
		Reduce output records=100000000
		Spilled Records=199321120
		Shuffled Maps =76
		Failed Shuffles=0
		Merged Map outputs=76
		GC time elapsed (ms)=6093
		CPU time spent (ms)=543860
		Physical memory (bytes) snapshot=35783901184
		Virtual memory (bytes) snapshot=271598436352
		Total committed heap usage (bytes)=31965839360
		Peak Map Physical memory (bytes)=533164032
		Peak Map Virtual memory (bytes)=3547844608
		Peak Reduce Physical memory (bytes)=572903424
		Peak Reduce Virtual memory (bytes)=2679922688
	Shuffle Errors
		BAD_ID=0
		CONNECTION=0
		IO_ERROR=0
		WRONG_LENGTH=0
		WRONG_MAP=0
		WRONG_REDUCE=0
	File Input Format Counters
		Bytes Read=10000000000
	File Output Format Counters
		Bytes Written=10000000000
2022-04-24 16:12:48,996 INFO terasort.TeraSort: done
	Command being timed: "hadoop jar hadoop-mapreduce-examples-3.2.1.jar terasort -D mapreduce.map.log.level=INFO -D mapreduce.reduce.log.level=INFO -D yarn.app.mapreduce.am.log.level=INFO -D yarn.nodemanager.resource.detect-hardware-capabilities=true -D yarn.nodemanager.resource.memory-mb=-1 -D mapreduce.task.io.sort.mb=256 -D mapreduce.task.io.sort.factor=400 -D mapreduce.map.sort.spill.percent=1.0 -D mapreduce.map.combine.minspills=3 -D mapreduce.map.output.compress=true -D mapreduce.map.output.compress.codec=org.apache.hadoop.io.compress.Lz4Codec -D mapreduce.shuffle.max.threads=1 -D mapreduce.reduce.shuffle.parallelcopies=20 -D mapreduce.reduce.shuffle.maxfetchfailures=10 -D mapreduce.reduce.shuffle.input.buffer.percent=0.7 -D mapreduce.reduce.shuffle.merge.percent=0.66 -D mapreduce.reduce.merge.inmem.threshold=2000 -D mapreduce.reduce.input.buffer.percent=0.8 -D dfs.blocksize=335544320 -D dfs.replication=1 -D mapreduce.output.fileoutputformat.compress=true -D mapreduce.output.fileoutputformat.compress.codec=org.apache.hadoop.io.compress.Lz4Codec -D mapreduce.output.fileoutputformat.compress.type=BLOCK -D mapreduce.map.memory.mb=2048 -D mapreduce.job.reduce.slowstart.completedmaps=0.7 -D io.file.buffer.size=131072 /user/root/terasort/10G-terasort-input /user/root/terasort/10G-terasort-output"
	User time (seconds): 6.29
	System time (seconds): 3.57
	Percent of CPU this job got: 2%
	Elapsed (wall clock) time (h:mm:ss or m:ss): 6:46.68
	Average shared text size (kbytes): 0
	Average unshared data size (kbytes): 0
	Average stack size (kbytes): 0
	Average total size (kbytes): 0
	Maximum resident set size (kbytes): 282336
	Average resident set size (kbytes): 0
	Major (requiring I/O) page faults: 191
	Minor (reclaiming a frame) page faults: 82410
	Voluntary context switches: 22214
	Involuntary context switches: 6011
	Swaps: 0
	File system inputs: 1816
	File system outputs: 3552
	Socket messages sent: 0
	Socket messages received: 0
	Signals delivered: 0
	Page size (bytes): 4096
	Exit status: 0