2022-04-24 16:58:35,257 INFO client.RMProxy: Connecting to ResourceManager at resourcemanager/192.168.48.6:8032
2022-04-24 16:58:35,584 INFO client.AHSProxy: Connecting to Application History server at historyserver/192.168.48.7:10200
2022-04-24 16:58:36,484 INFO conf.Configuration: resource-types.xml not found
2022-04-24 16:58:36,484 INFO resource.ResourceUtils: Unable to find 'resource-types.xml'.
Deleted /user/root/terasort/10G-terasort-output
2022-04-24 16:58:40,440 INFO terasort.TeraSort: starting
2022-04-24 16:58:41,720 INFO input.FileInputFormat: Total input files to process : 2
Spent 226ms computing base-splits.
Spent 4ms computing TeraScheduler splits.
Computing input splits took 231ms
Sampling 10 splits of 76
2022-04-24 16:58:41,806 INFO sasl.SaslDataTransferClient: SASL encryption trust check: localHostTrusted = false, remoteHostTrusted = false
2022-04-24 16:58:41,806 INFO sasl.SaslDataTransferClient: SASL encryption trust check: localHostTrusted = false, remoteHostTrusted = false
2022-04-24 16:58:41,806 INFO sasl.SaslDataTransferClient: SASL encryption trust check: localHostTrusted = false, remoteHostTrusted = false
2022-04-24 16:58:41,806 INFO sasl.SaslDataTransferClient: SASL encryption trust check: localHostTrusted = false, remoteHostTrusted = false
2022-04-24 16:58:41,807 INFO sasl.SaslDataTransferClient: SASL encryption trust check: localHostTrusted = false, remoteHostTrusted = false
2022-04-24 16:58:41,806 INFO sasl.SaslDataTransferClient: SASL encryption trust check: localHostTrusted = false, remoteHostTrusted = false
2022-04-24 16:58:41,806 INFO sasl.SaslDataTransferClient: SASL encryption trust check: localHostTrusted = false, remoteHostTrusted = false
2022-04-24 16:58:41,808 INFO sasl.SaslDataTransferClient: SASL encryption trust check: localHostTrusted = false, remoteHostTrusted = false
2022-04-24 16:58:41,808 INFO sasl.SaslDataTransferClient: SASL encryption trust check: localHostTrusted = false, remoteHostTrusted = false
2022-04-24 16:58:41,809 INFO sasl.SaslDataTransferClient: SASL encryption trust check: localHostTrusted = false, remoteHostTrusted = false
Making 1 from 100000 sampled records
Computing parititions took 460ms
Spent 695ms computing partitions.
2022-04-24 16:58:42,507 INFO client.RMProxy: Connecting to ResourceManager at resourcemanager/192.168.48.6:8032
2022-04-24 16:58:42,750 INFO client.AHSProxy: Connecting to Application History server at historyserver/192.168.48.7:10200
2022-04-24 16:58:42,900 INFO mapreduce.JobResourceUploader: Disabling Erasure Coding for path: /tmp/hadoop-yarn/staging/root/.staging/job_1650809992477_0019
2022-04-24 16:58:42,972 INFO sasl.SaslDataTransferClient: SASL encryption trust check: localHostTrusted = false, remoteHostTrusted = false
2022-04-24 16:58:43,466 INFO sasl.SaslDataTransferClient: SASL encryption trust check: localHostTrusted = false, remoteHostTrusted = false
2022-04-24 16:58:43,533 INFO sasl.SaslDataTransferClient: SASL encryption trust check: localHostTrusted = false, remoteHostTrusted = false
2022-04-24 16:58:43,543 INFO mapreduce.JobSubmitter: number of splits:76
2022-04-24 16:58:43,678 INFO sasl.SaslDataTransferClient: SASL encryption trust check: localHostTrusted = false, remoteHostTrusted = false
2022-04-24 16:58:44,097 INFO mapreduce.JobSubmitter: Submitting tokens for job: job_1650809992477_0019
2022-04-24 16:58:44,097 INFO mapreduce.JobSubmitter: Executing with tokens: []
2022-04-24 16:58:44,349 INFO conf.Configuration: resource-types.xml not found
2022-04-24 16:58:44,350 INFO resource.ResourceUtils: Unable to find 'resource-types.xml'.
2022-04-24 16:58:44,654 INFO impl.YarnClientImpl: Submitted application application_1650809992477_0019
2022-04-24 16:58:44,727 INFO mapreduce.Job: The url to track the job: http://resourcemanager:8088/proxy/application_1650809992477_0019/
2022-04-24 16:58:44,728 INFO mapreduce.Job: Running job: job_1650809992477_0019
2022-04-24 16:58:52,876 INFO mapreduce.Job: Job job_1650809992477_0019 running in uber mode : false
2022-04-24 16:58:52,880 INFO mapreduce.Job:  map 0% reduce 0%
2022-04-24 16:59:04,020 INFO mapreduce.Job:  map 1% reduce 0%
2022-04-24 16:59:05,030 INFO mapreduce.Job:  map 3% reduce 0%
2022-04-24 16:59:06,040 INFO mapreduce.Job:  map 4% reduce 0%
2022-04-24 16:59:13,104 INFO mapreduce.Job:  map 5% reduce 0%
2022-04-24 16:59:15,084 INFO mapreduce.Job:  map 7% reduce 0%
2022-04-24 16:59:17,105 INFO mapreduce.Job:  map 8% reduce 0%
2022-04-24 16:59:23,146 INFO mapreduce.Job:  map 9% reduce 0%
2022-04-24 16:59:25,167 INFO mapreduce.Job:  map 11% reduce 0%
2022-04-24 16:59:27,192 INFO mapreduce.Job:  map 12% reduce 0%
2022-04-24 16:59:34,260 INFO mapreduce.Job:  map 13% reduce 0%
2022-04-24 16:59:35,267 INFO mapreduce.Job:  map 14% reduce 0%
2022-04-24 16:59:38,290 INFO mapreduce.Job:  map 16% reduce 0%
2022-04-24 16:59:44,290 INFO mapreduce.Job:  map 17% reduce 0%
2022-04-24 16:59:45,303 INFO mapreduce.Job:  map 18% reduce 0%
2022-04-24 16:59:48,328 INFO mapreduce.Job:  map 20% reduce 0%
2022-04-24 16:59:54,377 INFO mapreduce.Job:  map 21% reduce 0%
2022-04-24 16:59:55,384 INFO mapreduce.Job:  map 22% reduce 0%
2022-04-24 16:59:59,417 INFO mapreduce.Job:  map 24% reduce 0%
2022-04-24 17:00:04,450 INFO mapreduce.Job:  map 25% reduce 0%
2022-04-24 17:00:05,462 INFO mapreduce.Job:  map 26% reduce 0%
2022-04-24 17:00:10,493 INFO mapreduce.Job:  map 28% reduce 0%
2022-04-24 17:00:14,486 INFO mapreduce.Job:  map 29% reduce 0%
2022-04-24 17:00:15,495 INFO mapreduce.Job:  map 30% reduce 0%
2022-04-24 17:00:20,533 INFO mapreduce.Job:  map 32% reduce 0%
2022-04-24 17:00:24,556 INFO mapreduce.Job:  map 33% reduce 0%
2022-04-24 17:00:26,576 INFO mapreduce.Job:  map 34% reduce 0%
2022-04-24 17:00:30,606 INFO mapreduce.Job:  map 36% reduce 0%
2022-04-24 17:00:34,627 INFO mapreduce.Job:  map 37% reduce 0%
2022-04-24 17:00:37,644 INFO mapreduce.Job:  map 38% reduce 0%
2022-04-24 17:00:41,675 INFO mapreduce.Job:  map 39% reduce 0%
2022-04-24 17:00:45,602 INFO mapreduce.Job:  map 41% reduce 0%
2022-04-24 17:00:48,619 INFO mapreduce.Job:  map 42% reduce 0%
2022-04-24 17:00:51,632 INFO mapreduce.Job:  map 43% reduce 0%
2022-04-24 17:00:55,651 INFO mapreduce.Job:  map 45% reduce 0%
2022-04-24 17:00:58,671 INFO mapreduce.Job:  map 46% reduce 0%
2022-04-24 17:01:01,692 INFO mapreduce.Job:  map 47% reduce 0%
2022-04-24 17:01:06,715 INFO mapreduce.Job:  map 49% reduce 0%
2022-04-24 17:01:09,732 INFO mapreduce.Job:  map 50% reduce 0%
2022-04-24 17:01:12,766 INFO mapreduce.Job:  map 51% reduce 0%
2022-04-24 17:01:16,746 INFO mapreduce.Job:  map 53% reduce 0%
2022-04-24 17:01:19,760 INFO mapreduce.Job:  map 54% reduce 0%
2022-04-24 17:01:23,783 INFO mapreduce.Job:  map 55% reduce 0%
2022-04-24 17:01:27,803 INFO mapreduce.Job:  map 57% reduce 0%
2022-04-24 17:01:29,816 INFO mapreduce.Job:  map 58% reduce 0%
2022-04-24 17:01:33,836 INFO mapreduce.Job:  map 59% reduce 0%
2022-04-24 17:01:37,856 INFO mapreduce.Job:  map 61% reduce 0%
2022-04-24 17:01:40,876 INFO mapreduce.Job:  map 62% reduce 0%
2022-04-24 17:01:44,858 INFO mapreduce.Job:  map 63% reduce 0%
2022-04-24 17:01:47,870 INFO mapreduce.Job:  map 64% reduce 0%
2022-04-24 17:01:51,885 INFO mapreduce.Job:  map 66% reduce 0%
2022-04-24 17:01:54,899 INFO mapreduce.Job:  map 67% reduce 0%
2022-04-24 17:01:57,935 INFO mapreduce.Job:  map 68% reduce 0%
2022-04-24 17:02:02,967 INFO mapreduce.Job:  map 70% reduce 0%
2022-04-24 17:02:04,982 INFO mapreduce.Job:  map 71% reduce 0%
2022-04-24 17:02:09,009 INFO mapreduce.Job:  map 72% reduce 0%
2022-04-24 17:02:13,032 INFO mapreduce.Job:  map 74% reduce 0%
2022-04-24 17:02:16,009 INFO mapreduce.Job:  map 75% reduce 0%
2022-04-24 17:02:24,064 INFO mapreduce.Job:  map 76% reduce 0%
2022-04-24 17:02:25,070 INFO mapreduce.Job:  map 76% reduce 23%
2022-04-24 17:02:28,098 INFO mapreduce.Job:  map 78% reduce 23%
2022-04-24 17:02:31,110 INFO mapreduce.Job:  map 78% reduce 26%
2022-04-24 17:02:34,124 INFO mapreduce.Job:  map 79% reduce 26%
2022-04-24 17:02:37,136 INFO mapreduce.Job:  map 80% reduce 26%
2022-04-24 17:02:43,162 INFO mapreduce.Job:  map 80% reduce 27%
2022-04-24 17:02:44,131 INFO mapreduce.Job:  map 82% reduce 27%
2022-04-24 17:02:47,143 INFO mapreduce.Job:  map 83% reduce 27%
2022-04-24 17:02:49,154 INFO mapreduce.Job:  map 83% reduce 28%
2022-04-24 17:02:54,176 INFO mapreduce.Job:  map 84% reduce 28%
2022-04-24 17:02:57,204 INFO mapreduce.Job:  map 86% reduce 28%
2022-04-24 17:03:01,229 INFO mapreduce.Job:  map 86% reduce 29%
2022-04-24 17:03:04,243 INFO mapreduce.Job:  map 87% reduce 29%
2022-04-24 17:03:07,263 INFO mapreduce.Job:  map 88% reduce 29%
2022-04-24 17:03:14,266 INFO mapreduce.Job:  map 89% reduce 29%
2022-04-24 17:03:17,281 INFO mapreduce.Job:  map 91% reduce 29%
2022-04-24 17:03:19,288 INFO mapreduce.Job:  map 91% reduce 30%
2022-04-24 17:03:24,310 INFO mapreduce.Job:  map 92% reduce 30%
2022-04-24 17:03:25,326 INFO mapreduce.Job:  map 92% reduce 31%
2022-04-24 17:03:27,341 INFO mapreduce.Job:  map 93% reduce 31%
2022-04-24 17:03:33,368 INFO mapreduce.Job:  map 95% reduce 31%
2022-04-24 17:03:37,388 INFO mapreduce.Job:  map 96% reduce 32%
2022-04-24 17:03:43,377 INFO mapreduce.Job:  map 97% reduce 32%
2022-04-24 17:03:44,381 INFO mapreduce.Job:  map 99% reduce 32%
2022-04-24 17:03:48,394 INFO mapreduce.Job:  map 99% reduce 33%
2022-04-24 17:03:49,398 INFO mapreduce.Job:  map 100% reduce 33%
2022-04-24 17:03:54,417 INFO mapreduce.Job:  map 100% reduce 68%
2022-04-24 17:04:00,458 INFO mapreduce.Job:  map 100% reduce 71%
2022-04-24 17:04:06,476 INFO mapreduce.Job:  map 100% reduce 73%
2022-04-24 17:04:12,497 INFO mapreduce.Job:  map 100% reduce 75%
2022-04-24 17:04:18,496 INFO mapreduce.Job:  map 100% reduce 77%
2022-04-24 17:04:24,518 INFO mapreduce.Job:  map 100% reduce 80%
2022-04-24 17:04:30,539 INFO mapreduce.Job:  map 100% reduce 82%
2022-04-24 17:04:36,562 INFO mapreduce.Job:  map 100% reduce 84%
2022-04-24 17:04:42,608 INFO mapreduce.Job:  map 100% reduce 86%
2022-04-24 17:04:48,595 INFO mapreduce.Job:  map 100% reduce 88%
2022-04-24 17:04:54,619 INFO mapreduce.Job:  map 100% reduce 91%
2022-04-24 17:05:00,641 INFO mapreduce.Job:  map 100% reduce 93%
2022-04-24 17:05:06,660 INFO mapreduce.Job:  map 100% reduce 95%
2022-04-24 17:05:12,688 INFO mapreduce.Job:  map 100% reduce 97%
2022-04-24 17:05:18,681 INFO mapreduce.Job:  map 100% reduce 99%
2022-04-24 17:05:19,688 INFO mapreduce.Job:  map 100% reduce 100%
2022-04-24 17:05:20,706 INFO mapreduce.Job: Job job_1650809992477_0019 completed successfully
2022-04-24 17:05:20,900 INFO mapreduce.Job: Counters: 55
	File System Counters
		FILE: Number of bytes read=5465381167
		FILE: Number of bytes written=10985577149
		FILE: Number of read operations=0
		FILE: Number of large read operations=0
		FILE: Number of write operations=0
		HDFS: Number of bytes read=10000010336
		HDFS: Number of bytes written=10000000000
		HDFS: Number of read operations=233
		HDFS: Number of large read operations=0
		HDFS: Number of write operations=2
		HDFS: Number of bytes read erasure-coded=0
	Job Counters
		Killed map tasks=1
		Launched map tasks=76
		Launched reduce tasks=1
		Rack-local map tasks=76
		Total time spent by all maps in occupied slots (ms)=1233576
		Total time spent by all reduces in occupied slots (ms)=189827
		Total time spent by all map tasks (ms)=616788
		Total time spent by all reduce tasks (ms)=189827
		Total vcore-milliseconds taken by all map tasks=616788
		Total vcore-milliseconds taken by all reduce tasks=189827
		Total megabyte-milliseconds taken by all map tasks=1263181824
		Total megabyte-milliseconds taken by all reduce tasks=194382848
	Map-Reduce Framework
		Map input records=100000000
		Map output records=100000000
		Map output bytes=10200000000
		Map output materialized bytes=5502468877
		Input split bytes=10336
		Combine input records=0
		Combine output records=0
		Reduce input groups=100000000
		Reduce shuffle bytes=5502468877
		Reduce input records=100000000
		Reduce output records=100000000
		Spilled Records=199321120
		Shuffled Maps =76
		Failed Shuffles=0
		Merged Map outputs=76
		GC time elapsed (ms)=5829
		CPU time spent (ms)=542590
		Physical memory (bytes) snapshot=35743670272
		Virtual memory (bytes) snapshot=271650074624
		Total committed heap usage (bytes)=31970033664
		Peak Map Physical memory (bytes)=525922304
		Peak Map Virtual memory (bytes)=3543384064
		Peak Reduce Physical memory (bytes)=570478592
		Peak Reduce Virtual memory (bytes)=2740948992
	Shuffle Errors
		BAD_ID=0
		CONNECTION=0
		IO_ERROR=0
		WRONG_LENGTH=0
		WRONG_MAP=0
		WRONG_REDUCE=0
	File Input Format Counters
		Bytes Read=10000000000
	File Output Format Counters
		Bytes Written=10000000000
2022-04-24 17:05:20,902 INFO terasort.TeraSort: done
	Command being timed: "hadoop jar hadoop-mapreduce-examples-3.2.1.jar terasort -D mapreduce.map.log.level=INFO -D mapreduce.reduce.log.level=INFO -D yarn.app.mapreduce.am.log.level=INFO -D yarn.nodemanager.resource.detect-hardware-capabilities=true -D yarn.nodemanager.resource.memory-mb=-1 -D mapreduce.task.io.sort.mb=256 -D mapreduce.task.io.sort.factor=400 -D mapreduce.map.sort.spill.percent=1.0 -D mapreduce.map.combine.minspills=3 -D mapreduce.map.output.compress=true -D mapreduce.map.output.compress.codec=org.apache.hadoop.io.compress.Lz4Codec -D mapreduce.shuffle.max.threads=1 -D mapreduce.reduce.shuffle.parallelcopies=20 -D mapreduce.reduce.shuffle.maxfetchfailures=10 -D mapreduce.reduce.shuffle.input.buffer.percent=0.7 -D mapreduce.reduce.shuffle.merge.percent=0.66 -D mapreduce.reduce.merge.inmem.threshold=2000 -D mapreduce.reduce.input.buffer.percent=0.8 -D dfs.blocksize=335544320 -D dfs.replication=1 -D mapreduce.output.fileoutputformat.compress=true -D mapreduce.output.fileoutputformat.compress.codec=org.apache.hadoop.io.compress.Lz4Codec -D mapreduce.output.fileoutputformat.compress.type=BLOCK -D mapreduce.map.memory.mb=2048 -D mapreduce.job.reduce.slowstart.completedmaps=0.7 -D io.file.buffer.size=131072 /user/root/terasort/10G-terasort-input /user/root/terasort/10G-terasort-output"
	User time (seconds): 6.82
	System time (seconds): 3.51
	Percent of CPU this job got: 2%
	Elapsed (wall clock) time (h:mm:ss or m:ss): 6:41.84
	Average shared text size (kbytes): 0
	Average unshared data size (kbytes): 0
	Average stack size (kbytes): 0
	Average total size (kbytes): 0
	Maximum resident set size (kbytes): 293884
	Average resident set size (kbytes): 0
	Major (requiring I/O) page faults: 154
	Minor (reclaiming a frame) page faults: 84123
	Voluntary context switches: 21938
	Involuntary context switches: 5404
	Swaps: 0
	File system inputs: 1736
	File system outputs: 3272
	Socket messages sent: 0
	Socket messages received: 0
	Signals delivered: 0
	Page size (bytes): 4096
	Exit status: 0