2022-04-24 17:19:31,044 INFO client.RMProxy: Connecting to ResourceManager at resourcemanager/192.168.48.6:8032
2022-04-24 17:19:31,377 INFO client.AHSProxy: Connecting to Application History server at historyserver/192.168.48.7:10200
2022-04-24 17:19:32,268 INFO conf.Configuration: resource-types.xml not found
2022-04-24 17:19:32,269 INFO resource.ResourceUtils: Unable to find 'resource-types.xml'.
Deleted /user/root/terasort/10G-terasort-output
2022-04-24 17:19:36,285 INFO terasort.TeraSort: starting
2022-04-24 17:19:37,732 INFO input.FileInputFormat: Total input files to process : 2
Spent 247ms computing base-splits.
Spent 5ms computing TeraScheduler splits.
Computing input splits took 253ms
Sampling 10 splits of 76
2022-04-24 17:19:37,836 INFO sasl.SaslDataTransferClient: SASL encryption trust check: localHostTrusted = false, remoteHostTrusted = false
2022-04-24 17:19:37,837 INFO sasl.SaslDataTransferClient: SASL encryption trust check: localHostTrusted = false, remoteHostTrusted = false
2022-04-24 17:19:37,837 INFO sasl.SaslDataTransferClient: SASL encryption trust check: localHostTrusted = false, remoteHostTrusted = false
2022-04-24 17:19:37,836 INFO sasl.SaslDataTransferClient: SASL encryption trust check: localHostTrusted = false, remoteHostTrusted = false
2022-04-24 17:19:37,837 INFO sasl.SaslDataTransferClient: SASL encryption trust check: localHostTrusted = false, remoteHostTrusted = false
2022-04-24 17:19:37,837 INFO sasl.SaslDataTransferClient: SASL encryption trust check: localHostTrusted = false, remoteHostTrusted = false
2022-04-24 17:19:37,837 INFO sasl.SaslDataTransferClient: SASL encryption trust check: localHostTrusted = false, remoteHostTrusted = false
2022-04-24 17:19:37,837 INFO sasl.SaslDataTransferClient: SASL encryption trust check: localHostTrusted = false, remoteHostTrusted = false
2022-04-24 17:19:37,837 INFO sasl.SaslDataTransferClient: SASL encryption trust check: localHostTrusted = false, remoteHostTrusted = false
2022-04-24 17:19:37,837 INFO sasl.SaslDataTransferClient: SASL encryption trust check: localHostTrusted = false, remoteHostTrusted = false
Making 1 from 100000 sampled records
Computing parititions took 421ms
Spent 678ms computing partitions.
2022-04-24 17:19:38,485 INFO client.RMProxy: Connecting to ResourceManager at resourcemanager/192.168.48.6:8032
2022-04-24 17:19:38,743 INFO client.AHSProxy: Connecting to Application History server at historyserver/192.168.48.7:10200
2022-04-24 17:19:38,897 INFO mapreduce.JobResourceUploader: Disabling Erasure Coding for path: /tmp/hadoop-yarn/staging/root/.staging/job_1650809992477_0023
2022-04-24 17:19:38,979 INFO sasl.SaslDataTransferClient: SASL encryption trust check: localHostTrusted = false, remoteHostTrusted = false
2022-04-24 17:19:39,073 INFO sasl.SaslDataTransferClient: SASL encryption trust check: localHostTrusted = false, remoteHostTrusted = false
2022-04-24 17:19:39,150 INFO sasl.SaslDataTransferClient: SASL encryption trust check: localHostTrusted = false, remoteHostTrusted = false
2022-04-24 17:19:39,166 INFO mapreduce.JobSubmitter: number of splits:76
2022-04-24 17:19:39,376 INFO sasl.SaslDataTransferClient: SASL encryption trust check: localHostTrusted = false, remoteHostTrusted = false
2022-04-24 17:19:39,393 INFO mapreduce.JobSubmitter: Submitting tokens for job: job_1650809992477_0023
2022-04-24 17:19:39,393 INFO mapreduce.JobSubmitter: Executing with tokens: []
2022-04-24 17:19:39,687 INFO conf.Configuration: resource-types.xml not found
2022-04-24 17:19:39,687 INFO resource.ResourceUtils: Unable to find 'resource-types.xml'.
2022-04-24 17:19:40,197 INFO impl.YarnClientImpl: Submitted application application_1650809992477_0023
2022-04-24 17:19:40,255 INFO mapreduce.Job: The url to track the job: http://resourcemanager:8088/proxy/application_1650809992477_0023/
2022-04-24 17:19:40,256 INFO mapreduce.Job: Running job: job_1650809992477_0023
2022-04-24 17:19:49,392 INFO mapreduce.Job: Job job_1650809992477_0023 running in uber mode : false
2022-04-24 17:19:49,395 INFO mapreduce.Job:  map 0% reduce 0%
2022-04-24 17:20:00,549 INFO mapreduce.Job:  map 1% reduce 0%
2022-04-24 17:20:01,556 INFO mapreduce.Job:  map 3% reduce 0%
2022-04-24 17:20:03,572 INFO mapreduce.Job:  map 4% reduce 0%
2022-04-24 17:20:10,625 INFO mapreduce.Job:  map 5% reduce 0%
2022-04-24 17:20:12,609 INFO mapreduce.Job:  map 7% reduce 0%
2022-04-24 17:20:14,621 INFO mapreduce.Job:  map 8% reduce 0%
2022-04-24 17:20:20,672 INFO mapreduce.Job:  map 9% reduce 0%
2022-04-24 17:20:21,690 INFO mapreduce.Job:  map 11% reduce 0%
2022-04-24 17:20:25,714 INFO mapreduce.Job:  map 12% reduce 0%
2022-04-24 17:20:30,745 INFO mapreduce.Job:  map 13% reduce 0%
2022-04-24 17:20:31,761 INFO mapreduce.Job:  map 14% reduce 0%
2022-04-24 17:20:36,800 INFO mapreduce.Job:  map 16% reduce 0%
2022-04-24 17:20:40,832 INFO mapreduce.Job:  map 17% reduce 0%
2022-04-24 17:20:42,815 INFO mapreduce.Job:  map 18% reduce 0%
2022-04-24 17:20:46,842 INFO mapreduce.Job:  map 20% reduce 0%
2022-04-24 17:20:50,870 INFO mapreduce.Job:  map 21% reduce 0%
2022-04-24 17:20:53,894 INFO mapreduce.Job:  map 22% reduce 0%
2022-04-24 17:20:57,918 INFO mapreduce.Job:  map 24% reduce 0%
2022-04-24 17:21:00,947 INFO mapreduce.Job:  map 25% reduce 0%
2022-04-24 17:21:04,967 INFO mapreduce.Job:  map 26% reduce 0%
2022-04-24 17:21:07,987 INFO mapreduce.Job:  map 28% reduce 0%
2022-04-24 17:21:12,014 INFO mapreduce.Job:  map 29% reduce 0%
2022-04-24 17:21:15,007 INFO mapreduce.Job:  map 30% reduce 0%
2022-04-24 17:21:19,029 INFO mapreduce.Job:  map 32% reduce 0%
2022-04-24 17:21:22,050 INFO mapreduce.Job:  map 33% reduce 0%
2022-04-24 17:21:25,073 INFO mapreduce.Job:  map 34% reduce 0%
2022-04-24 17:21:30,102 INFO mapreduce.Job:  map 36% reduce 0%
2022-04-24 17:21:34,119 INFO mapreduce.Job:  map 37% reduce 0%
2022-04-24 17:21:36,129 INFO mapreduce.Job:  map 38% reduce 0%
2022-04-24 17:21:40,149 INFO mapreduce.Job:  map 39% reduce 0%
2022-04-24 17:21:44,137 INFO mapreduce.Job:  map 41% reduce 0%
2022-04-24 17:21:46,147 INFO mapreduce.Job:  map 42% reduce 0%
2022-04-24 17:21:51,184 INFO mapreduce.Job:  map 43% reduce 0%
2022-04-24 17:21:54,204 INFO mapreduce.Job:  map 45% reduce 0%
2022-04-24 17:21:56,214 INFO mapreduce.Job:  map 46% reduce 0%
2022-04-24 17:22:02,246 INFO mapreduce.Job:  map 47% reduce 0%
2022-04-24 17:22:04,255 INFO mapreduce.Job:  map 49% reduce 0%
2022-04-24 17:22:08,274 INFO mapreduce.Job:  map 50% reduce 0%
2022-04-24 17:22:12,261 INFO mapreduce.Job:  map 51% reduce 0%
2022-04-24 17:22:14,270 INFO mapreduce.Job:  map 53% reduce 0%
2022-04-24 17:22:18,294 INFO mapreduce.Job:  map 54% reduce 0%
2022-04-24 17:22:22,319 INFO mapreduce.Job:  map 55% reduce 0%
2022-04-24 17:22:24,328 INFO mapreduce.Job:  map 57% reduce 0%
2022-04-24 17:22:29,352 INFO mapreduce.Job:  map 58% reduce 0%
2022-04-24 17:22:32,369 INFO mapreduce.Job:  map 59% reduce 0%
2022-04-24 17:22:35,386 INFO mapreduce.Job:  map 61% reduce 0%
2022-04-24 17:22:39,410 INFO mapreduce.Job:  map 62% reduce 0%
2022-04-24 17:22:42,391 INFO mapreduce.Job:  map 63% reduce 0%
2022-04-24 17:22:46,417 INFO mapreduce.Job:  map 64% reduce 0%
2022-04-24 17:22:50,436 INFO mapreduce.Job:  map 66% reduce 0%
2022-04-24 17:22:52,449 INFO mapreduce.Job:  map 67% reduce 0%
2022-04-24 17:22:57,493 INFO mapreduce.Job:  map 68% reduce 0%
2022-04-24 17:23:00,524 INFO mapreduce.Job:  map 70% reduce 0%
2022-04-24 17:23:03,546 INFO mapreduce.Job:  map 71% reduce 0%
2022-04-24 17:23:07,564 INFO mapreduce.Job:  map 72% reduce 0%
2022-04-24 17:23:11,588 INFO mapreduce.Job:  map 74% reduce 0%
2022-04-24 17:23:19,599 INFO mapreduce.Job:  map 75% reduce 0%
2022-04-24 17:23:21,615 INFO mapreduce.Job:  map 75% reduce 23%
2022-04-24 17:23:23,630 INFO mapreduce.Job:  map 76% reduce 23%
2022-04-24 17:23:27,647 INFO mapreduce.Job:  map 76% reduce 25%
2022-04-24 17:23:30,662 INFO mapreduce.Job:  map 78% reduce 25%
2022-04-24 17:23:33,679 INFO mapreduce.Job:  map 79% reduce 26%
2022-04-24 17:23:39,698 INFO mapreduce.Job:  map 80% reduce 26%
2022-04-24 17:23:42,676 INFO mapreduce.Job:  map 82% reduce 26%
2022-04-24 17:23:45,688 INFO mapreduce.Job:  map 82% reduce 27%
2022-04-24 17:23:49,707 INFO mapreduce.Job:  map 83% reduce 27%
2022-04-24 17:23:51,718 INFO mapreduce.Job:  map 83% reduce 28%
2022-04-24 17:23:52,725 INFO mapreduce.Job:  map 84% reduce 28%
2022-04-24 17:23:59,752 INFO mapreduce.Job:  map 86% reduce 28%
2022-04-24 17:24:02,773 INFO mapreduce.Job:  map 87% reduce 28%
2022-04-24 17:24:03,777 INFO mapreduce.Job:  map 87% reduce 29%
2022-04-24 17:24:09,808 INFO mapreduce.Job:  map 88% reduce 29%
2022-04-24 17:24:12,787 INFO mapreduce.Job:  map 89% reduce 29%
2022-04-24 17:24:15,797 INFO mapreduce.Job:  map 89% reduce 30%
2022-04-24 17:24:19,813 INFO mapreduce.Job:  map 91% reduce 30%
2022-04-24 17:24:22,825 INFO mapreduce.Job:  map 92% reduce 30%
2022-04-24 17:24:27,844 INFO mapreduce.Job:  map 92% reduce 31%
2022-04-24 17:24:28,850 INFO mapreduce.Job:  map 93% reduce 31%
2022-04-24 17:24:32,867 INFO mapreduce.Job:  map 95% reduce 31%
2022-04-24 17:24:38,890 INFO mapreduce.Job:  map 96% reduce 31%
2022-04-24 17:24:39,896 INFO mapreduce.Job:  map 96% reduce 32%
2022-04-24 17:24:42,887 INFO mapreduce.Job:  map 97% reduce 32%
2022-04-24 17:24:45,902 INFO mapreduce.Job:  map 99% reduce 32%
2022-04-24 17:24:49,917 INFO mapreduce.Job:  map 100% reduce 32%
2022-04-24 17:24:51,924 INFO mapreduce.Job:  map 100% reduce 67%
2022-04-24 17:24:57,945 INFO mapreduce.Job:  map 100% reduce 69%
2022-04-24 17:25:03,986 INFO mapreduce.Job:  map 100% reduce 72%
2022-04-24 17:25:10,007 INFO mapreduce.Job:  map 100% reduce 74%
2022-04-24 17:25:15,989 INFO mapreduce.Job:  map 100% reduce 76%
2022-04-24 17:25:22,010 INFO mapreduce.Job:  map 100% reduce 78%
2022-04-24 17:25:28,031 INFO mapreduce.Job:  map 100% reduce 80%
2022-04-24 17:25:34,053 INFO mapreduce.Job:  map 100% reduce 83%
2022-04-24 17:25:40,078 INFO mapreduce.Job:  map 100% reduce 85%
2022-04-24 17:25:46,064 INFO mapreduce.Job:  map 100% reduce 87%
2022-04-24 17:25:52,084 INFO mapreduce.Job:  map 100% reduce 89%
2022-04-24 17:25:58,105 INFO mapreduce.Job:  map 100% reduce 91%
2022-04-24 17:26:04,129 INFO mapreduce.Job:  map 100% reduce 93%
2022-04-24 17:26:10,156 INFO mapreduce.Job:  map 100% reduce 96%
2022-04-24 17:26:16,151 INFO mapreduce.Job:  map 100% reduce 98%
2022-04-24 17:26:20,163 INFO mapreduce.Job:  map 100% reduce 100%
2022-04-24 17:26:21,182 INFO mapreduce.Job: Job job_1650809992477_0023 completed successfully
2022-04-24 17:26:21,337 INFO mapreduce.Job: Counters: 55
	File System Counters
		FILE: Number of bytes read=5465381167
		FILE: Number of bytes written=10985577149
		FILE: Number of read operations=0
		FILE: Number of large read operations=0
		FILE: Number of write operations=0
		HDFS: Number of bytes read=10000010336
		HDFS: Number of bytes written=10000000000
		HDFS: Number of read operations=233
		HDFS: Number of large read operations=0
		HDFS: Number of write operations=2
		HDFS: Number of bytes read erasure-coded=0
	Job Counters
		Killed map tasks=1
		Launched map tasks=76
		Launched reduce tasks=1
		Rack-local map tasks=76
		Total time spent by all maps in occupied slots (ms)=1238806
		Total time spent by all reduces in occupied slots (ms)=194103
		Total time spent by all map tasks (ms)=619403
		Total time spent by all reduce tasks (ms)=194103
		Total vcore-milliseconds taken by all map tasks=619403
		Total vcore-milliseconds taken by all reduce tasks=194103
		Total megabyte-milliseconds taken by all map tasks=1268537344
		Total megabyte-milliseconds taken by all reduce tasks=198761472
	Map-Reduce Framework
		Map input records=100000000
		Map output records=100000000
		Map output bytes=10200000000
		Map output materialized bytes=5502468877
		Input split bytes=10336
		Combine input records=0
		Combine output records=0
		Reduce input groups=100000000
		Reduce shuffle bytes=5502468877
		Reduce input records=100000000
		Reduce output records=100000000
		Spilled Records=199321120
		Shuffled Maps =76
		Failed Shuffles=0
		Merged Map outputs=76
		GC time elapsed (ms)=5970
		CPU time spent (ms)=541590
		Physical memory (bytes) snapshot=35737124864
		Virtual memory (bytes) snapshot=271700418560
		Total committed heap usage (bytes)=31777095680
		Peak Map Physical memory (bytes)=527872000
		Peak Map Virtual memory (bytes)=3545006080
		Peak Reduce Physical memory (bytes)=584708096
		Peak Reduce Virtual memory (bytes)=2741723136
	Shuffle Errors
		BAD_ID=0
		CONNECTION=0
		IO_ERROR=0
		WRONG_LENGTH=0
		WRONG_MAP=0
		WRONG_REDUCE=0
	File Input Format Counters
		Bytes Read=10000000000
	File Output Format Counters
		Bytes Written=10000000000
2022-04-24 17:26:21,340 INFO terasort.TeraSort: done
	Command being timed: "hadoop jar hadoop-mapreduce-examples-3.2.1.jar terasort -D mapreduce.map.log.level=INFO -D mapreduce.reduce.log.level=INFO -D yarn.app.mapreduce.am.log.level=INFO -D yarn.nodemanager.resource.detect-hardware-capabilities=true -D yarn.nodemanager.resource.memory-mb=-1 -D mapreduce.task.io.sort.mb=256 -D mapreduce.task.io.sort.factor=400 -D mapreduce.map.sort.spill.percent=1.0 -D mapreduce.map.combine.minspills=3 -D mapreduce.map.output.compress=true -D mapreduce.map.output.compress.codec=org.apache.hadoop.io.compress.Lz4Codec -D mapreduce.shuffle.max.threads=1 -D mapreduce.reduce.shuffle.parallelcopies=20 -D mapreduce.reduce.shuffle.maxfetchfailures=10 -D mapreduce.reduce.shuffle.input.buffer.percent=0.7 -D mapreduce.reduce.shuffle.merge.percent=0.66 -D mapreduce.reduce.merge.inmem.threshold=2000 -D mapreduce.reduce.input.buffer.percent=0.8 -D dfs.blocksize=335544320 -D dfs.replication=1 -D mapreduce.output.fileoutputformat.compress=true -D mapreduce.output.fileoutputformat.compress.codec=org.apache.hadoop.io.compress.Lz4Codec -D mapreduce.output.fileoutputformat.compress.type=BLOCK -D mapreduce.map.memory.mb=2048 -D mapreduce.job.reduce.slowstart.completedmaps=0.7 -D io.file.buffer.size=131072 /user/root/terasort/10G-terasort-input /user/root/terasort/10G-terasort-output"
	User time (seconds): 6.90
	System time (seconds): 3.65
	Percent of CPU this job got: 2%
	Elapsed (wall clock) time (h:mm:ss or m:ss): 6:46.47
	Average shared text size (kbytes): 0
	Average unshared data size (kbytes): 0
	Average stack size (kbytes): 0
	Average total size (kbytes): 0
	Maximum resident set size (kbytes): 298204
	Average resident set size (kbytes): 0
	Major (requiring I/O) page faults: 170
	Minor (reclaiming a frame) page faults: 85282
	Voluntary context switches: 22161
	Involuntary context switches: 5168
	Swaps: 0
	File system inputs: 1120
	File system outputs: 3408
	Socket messages sent: 0
	Socket messages received: 0
	Signals delivered: 0
	Page size (bytes): 4096
	Exit status: 0