2022-04-24 17:28:44,147 INFO client.RMProxy: Connecting to ResourceManager at resourcemanager/192.168.48.6:8032
2022-04-24 17:28:44,499 INFO client.AHSProxy: Connecting to Application History server at historyserver/192.168.48.7:10200
2022-04-24 17:28:45,469 INFO conf.Configuration: resource-types.xml not found
2022-04-24 17:28:45,469 INFO resource.ResourceUtils: Unable to find 'resource-types.xml'.
Deleted /user/root/terasort/10G-terasort-output
2022-04-24 17:28:50,018 INFO terasort.TeraSort: starting
2022-04-24 17:28:51,332 INFO input.FileInputFormat: Total input files to process : 2
Spent 240ms computing base-splits.
Spent 4ms computing TeraScheduler splits.
Computing input splits took 245ms
Sampling 10 splits of 76
2022-04-24 17:28:51,437 INFO sasl.SaslDataTransferClient: SASL encryption trust check: localHostTrusted = false, remoteHostTrusted = false
2022-04-24 17:28:51,437 INFO sasl.SaslDataTransferClient: SASL encryption trust check: localHostTrusted = false, remoteHostTrusted = false
2022-04-24 17:28:51,437 INFO sasl.SaslDataTransferClient: SASL encryption trust check: localHostTrusted = false, remoteHostTrusted = false
2022-04-24 17:28:51,437 INFO sasl.SaslDataTransferClient: SASL encryption trust check: localHostTrusted = false, remoteHostTrusted = false
2022-04-24 17:28:51,437 INFO sasl.SaslDataTransferClient: SASL encryption trust check: localHostTrusted = false, remoteHostTrusted = false
2022-04-24 17:28:51,437 INFO sasl.SaslDataTransferClient: SASL encryption trust check: localHostTrusted = false, remoteHostTrusted = false
2022-04-24 17:28:51,437 INFO sasl.SaslDataTransferClient: SASL encryption trust check: localHostTrusted = false, remoteHostTrusted = false
2022-04-24 17:28:51,437 INFO sasl.SaslDataTransferClient: SASL encryption trust check: localHostTrusted = false, remoteHostTrusted = false
2022-04-24 17:28:51,437 INFO sasl.SaslDataTransferClient: SASL encryption trust check: localHostTrusted = false, remoteHostTrusted = false
2022-04-24 17:28:51,437 INFO sasl.SaslDataTransferClient: SASL encryption trust check: localHostTrusted = false, remoteHostTrusted = false
Making 1 from 100000 sampled records
Computing parititions took 429ms
Spent 678ms computing partitions.
2022-04-24 17:28:52,084 INFO client.RMProxy: Connecting to ResourceManager at resourcemanager/192.168.48.6:8032
2022-04-24 17:28:52,330 INFO client.AHSProxy: Connecting to Application History server at historyserver/192.168.48.7:10200
2022-04-24 17:28:52,489 INFO mapreduce.JobResourceUploader: Disabling Erasure Coding for path: /tmp/hadoop-yarn/staging/root/.staging/job_1650809992477_0025
2022-04-24 17:28:52,567 INFO sasl.SaslDataTransferClient: SASL encryption trust check: localHostTrusted = false, remoteHostTrusted = false
2022-04-24 17:28:52,676 INFO sasl.SaslDataTransferClient: SASL encryption trust check: localHostTrusted = false, remoteHostTrusted = false
2022-04-24 17:28:52,760 INFO sasl.SaslDataTransferClient: SASL encryption trust check: localHostTrusted = false, remoteHostTrusted = false
2022-04-24 17:28:52,771 INFO mapreduce.JobSubmitter: number of splits:76
2022-04-24 17:28:52,978 INFO sasl.SaslDataTransferClient: SASL encryption trust check: localHostTrusted = false, remoteHostTrusted = false
2022-04-24 17:28:52,995 INFO mapreduce.JobSubmitter: Submitting tokens for job: job_1650809992477_0025
2022-04-24 17:28:52,995 INFO mapreduce.JobSubmitter: Executing with tokens: []
2022-04-24 17:28:53,241 INFO conf.Configuration: resource-types.xml not found
2022-04-24 17:28:53,242 INFO resource.ResourceUtils: Unable to find 'resource-types.xml'.
2022-04-24 17:28:53,745 INFO impl.YarnClientImpl: Submitted application application_1650809992477_0025
2022-04-24 17:28:53,812 INFO mapreduce.Job: The url to track the job: http://resourcemanager:8088/proxy/application_1650809992477_0025/
2022-04-24 17:28:53,813 INFO mapreduce.Job: Running job: job_1650809992477_0025
2022-04-24 17:29:02,025 INFO mapreduce.Job: Job job_1650809992477_0025 running in uber mode : false
2022-04-24 17:29:02,028 INFO mapreduce.Job:  map 0% reduce 0%
2022-04-24 17:29:14,181 INFO mapreduce.Job:  map 3% reduce 0%
2022-04-24 17:29:15,187 INFO mapreduce.Job:  map 4% reduce 0%
2022-04-24 17:29:23,249 INFO mapreduce.Job:  map 5% reduce 0%
2022-04-24 17:29:24,256 INFO mapreduce.Job:  map 7% reduce 0%
2022-04-24 17:29:25,270 INFO mapreduce.Job:  map 8% reduce 0%
2022-04-24 17:29:33,353 INFO mapreduce.Job:  map 9% reduce 0%
2022-04-24 17:29:34,365 INFO mapreduce.Job:  map 11% reduce 0%
2022-04-24 17:29:35,373 INFO mapreduce.Job:  map 12% reduce 0%
2022-04-24 17:29:43,387 INFO mapreduce.Job:  map 13% reduce 0%
2022-04-24 17:29:44,394 INFO mapreduce.Job:  map 14% reduce 0%
2022-04-24 17:29:45,400 INFO mapreduce.Job:  map 16% reduce 0%
2022-04-24 17:29:53,465 INFO mapreduce.Job:  map 17% reduce 0%
2022-04-24 17:29:54,479 INFO mapreduce.Job:  map 18% reduce 0%
2022-04-24 17:29:56,492 INFO mapreduce.Job:  map 20% reduce 0%
2022-04-24 17:30:03,528 INFO mapreduce.Job:  map 21% reduce 0%
2022-04-24 17:30:04,535 INFO mapreduce.Job:  map 22% reduce 0%
2022-04-24 17:30:06,552 INFO mapreduce.Job:  map 24% reduce 0%
2022-04-24 17:30:13,560 INFO mapreduce.Job:  map 25% reduce 0%
2022-04-24 17:30:14,567 INFO mapreduce.Job:  map 26% reduce 0%
2022-04-24 17:30:17,586 INFO mapreduce.Job:  map 28% reduce 0%
2022-04-24 17:30:23,639 INFO mapreduce.Job:  map 29% reduce 0%
2022-04-24 17:30:24,645 INFO mapreduce.Job:  map 30% reduce 0%
2022-04-24 17:30:27,667 INFO mapreduce.Job:  map 32% reduce 0%
2022-04-24 17:30:33,706 INFO mapreduce.Job:  map 33% reduce 0%
2022-04-24 17:30:34,719 INFO mapreduce.Job:  map 34% reduce 0%
2022-04-24 17:30:39,756 INFO mapreduce.Job:  map 36% reduce 0%
2022-04-24 17:30:43,740 INFO mapreduce.Job:  map 37% reduce 0%
2022-04-24 17:30:44,745 INFO mapreduce.Job:  map 38% reduce 0%
2022-04-24 17:30:49,766 INFO mapreduce.Job:  map 39% reduce 0%
2022-04-24 17:30:53,788 INFO mapreduce.Job:  map 41% reduce 0%
2022-04-24 17:30:55,797 INFO mapreduce.Job:  map 42% reduce 0%
2022-04-24 17:30:59,813 INFO mapreduce.Job:  map 43% reduce 0%
2022-04-24 17:31:03,834 INFO mapreduce.Job:  map 45% reduce 0%
2022-04-24 17:31:06,853 INFO mapreduce.Job:  map 46% reduce 0%
2022-04-24 17:31:10,883 INFO mapreduce.Job:  map 47% reduce 0%
2022-04-24 17:31:13,869 INFO mapreduce.Job:  map 49% reduce 0%
2022-04-24 17:31:16,884 INFO mapreduce.Job:  map 50% reduce 0%
2022-04-24 17:31:20,912 INFO mapreduce.Job:  map 51% reduce 0%
2022-04-24 17:31:24,947 INFO mapreduce.Job:  map 53% reduce 0%
2022-04-24 17:31:27,959 INFO mapreduce.Job:  map 54% reduce 0%
2022-04-24 17:31:30,970 INFO mapreduce.Job:  map 55% reduce 0%
2022-04-24 17:31:34,989 INFO mapreduce.Job:  map 57% reduce 0%
2022-04-24 17:31:39,006 INFO mapreduce.Job:  map 58% reduce 0%
2022-04-24 17:31:41,018 INFO mapreduce.Job:  map 59% reduce 0%
2022-04-24 17:31:46,004 INFO mapreduce.Job:  map 61% reduce 0%
2022-04-24 17:31:50,020 INFO mapreduce.Job:  map 62% reduce 0%
2022-04-24 17:31:52,027 INFO mapreduce.Job:  map 63% reduce 0%
2022-04-24 17:31:56,054 INFO mapreduce.Job:  map 64% reduce 0%
2022-04-24 17:32:00,078 INFO mapreduce.Job:  map 66% reduce 0%
2022-04-24 17:32:03,095 INFO mapreduce.Job:  map 67% reduce 0%
2022-04-24 17:32:07,118 INFO mapreduce.Job:  map 68% reduce 0%
2022-04-24 17:32:10,149 INFO mapreduce.Job:  map 70% reduce 0%
2022-04-24 17:32:13,134 INFO mapreduce.Job:  map 71% reduce 0%
2022-04-24 17:32:17,170 INFO mapreduce.Job:  map 72% reduce 0%
2022-04-24 17:32:22,188 INFO mapreduce.Job:  map 74% reduce 0%
2022-04-24 17:32:28,223 INFO mapreduce.Job:  map 75% reduce 0%
2022-04-24 17:32:31,242 INFO mapreduce.Job:  map 75% reduce 23%
2022-04-24 17:32:33,251 INFO mapreduce.Job:  map 76% reduce 23%
2022-04-24 17:32:37,270 INFO mapreduce.Job:  map 76% reduce 25%
2022-04-24 17:32:39,279 INFO mapreduce.Job:  map 78% reduce 25%
2022-04-24 17:32:43,266 INFO mapreduce.Job:  map 78% reduce 26%
2022-04-24 17:32:44,271 INFO mapreduce.Job:  map 79% reduce 26%
2022-04-24 17:32:49,289 INFO mapreduce.Job:  map 80% reduce 26%
2022-04-24 17:32:54,306 INFO mapreduce.Job:  map 82% reduce 26%
2022-04-24 17:32:55,311 INFO mapreduce.Job:  map 82% reduce 27%
2022-04-24 17:32:59,329 INFO mapreduce.Job:  map 83% reduce 27%
2022-04-24 17:33:01,340 INFO mapreduce.Job:  map 83% reduce 28%
2022-04-24 17:33:04,352 INFO mapreduce.Job:  map 84% reduce 28%
2022-04-24 17:33:09,371 INFO mapreduce.Job:  map 86% reduce 28%
2022-04-24 17:33:13,354 INFO mapreduce.Job:  map 86% reduce 29%
2022-04-24 17:33:14,359 INFO mapreduce.Job:  map 87% reduce 29%
2022-04-24 17:33:19,379 INFO mapreduce.Job:  map 88% reduce 29%
2022-04-24 17:33:23,392 INFO mapreduce.Job:  map 89% reduce 29%
2022-04-24 17:33:25,399 INFO mapreduce.Job:  map 89% reduce 30%
2022-04-24 17:33:29,418 INFO mapreduce.Job:  map 91% reduce 30%
2022-04-24 17:33:34,439 INFO mapreduce.Job:  map 92% reduce 30%
2022-04-24 17:33:37,462 INFO mapreduce.Job:  map 92% reduce 31%
2022-04-24 17:33:39,470 INFO mapreduce.Job:  map 93% reduce 31%
2022-04-24 17:33:44,453 INFO mapreduce.Job:  map 95% reduce 31%
2022-04-24 17:33:49,473 INFO mapreduce.Job:  map 96% reduce 32%
2022-04-24 17:33:53,489 INFO mapreduce.Job:  map 97% reduce 32%
2022-04-24 17:33:56,501 INFO mapreduce.Job:  map 99% reduce 32%
2022-04-24 17:34:00,516 INFO mapreduce.Job:  map 100% reduce 32%
2022-04-24 17:34:01,519 INFO mapreduce.Job:  map 100% reduce 67%
2022-04-24 17:34:07,538 INFO mapreduce.Job:  map 100% reduce 69%
2022-04-24 17:34:13,522 INFO mapreduce.Job:  map 100% reduce 71%
2022-04-24 17:34:19,543 INFO mapreduce.Job:  map 100% reduce 73%
2022-04-24 17:34:25,572 INFO mapreduce.Job:  map 100% reduce 76%
2022-04-24 17:34:31,592 INFO mapreduce.Job:  map 100% reduce 78%
2022-04-24 17:34:37,611 INFO mapreduce.Job:  map 100% reduce 80%
2022-04-24 17:34:43,592 INFO mapreduce.Job:  map 100% reduce 82%
2022-04-24 17:34:49,626 INFO mapreduce.Job:  map 100% reduce 84%
2022-04-24 17:34:55,647 INFO mapreduce.Job:  map 100% reduce 87%
2022-04-24 17:35:01,669 INFO mapreduce.Job:  map 100% reduce 89%
2022-04-24 17:35:07,690 INFO mapreduce.Job:  map 100% reduce 91%
2022-04-24 17:35:13,681 INFO mapreduce.Job:  map 100% reduce 93%
2022-04-24 17:35:19,700 INFO mapreduce.Job:  map 100% reduce 95%
2022-04-24 17:35:25,718 INFO mapreduce.Job:  map 100% reduce 98%
2022-04-24 17:35:29,735 INFO mapreduce.Job:  map 100% reduce 100%
2022-04-24 17:35:31,753 INFO mapreduce.Job: Job job_1650809992477_0025 completed successfully
2022-04-24 17:35:31,932 INFO mapreduce.Job: Counters: 55
	File System Counters
		FILE: Number of bytes read=5465381167
		FILE: Number of bytes written=10985577149
		FILE: Number of read operations=0
		FILE: Number of large read operations=0
		FILE: Number of write operations=0
		HDFS: Number of bytes read=10000010336
		HDFS: Number of bytes written=10000000000
		HDFS: Number of read operations=233
		HDFS: Number of large read operations=0
		HDFS: Number of write operations=2
		HDFS: Number of bytes read erasure-coded=0
	Job Counters
		Killed map tasks=1
		Launched map tasks=76
		Launched reduce tasks=1
		Rack-local map tasks=76
		Total time spent by all maps in occupied slots (ms)=1230626
		Total time spent by all reduces in occupied slots (ms)=194240
		Total time spent by all map tasks (ms)=615313
		Total time spent by all reduce tasks (ms)=194240
		Total vcore-milliseconds taken by all map tasks=615313
		Total vcore-milliseconds taken by all reduce tasks=194240
		Total megabyte-milliseconds taken by all map tasks=1260161024
		Total megabyte-milliseconds taken by all reduce tasks=198901760
	Map-Reduce Framework
		Map input records=100000000
		Map output records=100000000
		Map output bytes=10200000000
		Map output materialized bytes=5502468877
		Input split bytes=10336
		Combine input records=0
		Combine output records=0
		Reduce input groups=100000000
		Reduce shuffle bytes=5502468877
		Reduce input records=100000000
		Reduce output records=100000000
		Spilled Records=199321120
		Shuffled Maps =76
		Failed Shuffles=0
		Merged Map outputs=76
		GC time elapsed (ms)=6030
		CPU time spent (ms)=541310
		Physical memory (bytes) snapshot=35805388800
		Virtual memory (bytes) snapshot=271602696192
		Total committed heap usage (bytes)=31965839360
		Peak Map Physical memory (bytes)=513110016
		Peak Map Virtual memory (bytes)=3543130112
		Peak Reduce Physical memory (bytes)=603316224
		Peak Reduce Virtual memory (bytes)=2744651776
	Shuffle Errors
		BAD_ID=0
		CONNECTION=0
		IO_ERROR=0
		WRONG_LENGTH=0
		WRONG_MAP=0
		WRONG_REDUCE=0
	File Input Format Counters
		Bytes Read=10000000000
	File Output Format Counters
		Bytes Written=10000000000
2022-04-24 17:35:31,935 INFO terasort.TeraSort: done
	Command being timed: "hadoop jar hadoop-mapreduce-examples-3.2.1.jar terasort -D mapreduce.map.log.level=INFO -D mapreduce.reduce.log.level=INFO -D yarn.app.mapreduce.am.log.level=INFO -D yarn.nodemanager.resource.detect-hardware-capabilities=true -D yarn.nodemanager.resource.memory-mb=-1 -D mapreduce.task.io.sort.mb=256 -D mapreduce.task.io.sort.factor=400 -D mapreduce.map.sort.spill.percent=1.0 -D mapreduce.map.combine.minspills=3 -D mapreduce.map.output.compress=true -D mapreduce.map.output.compress.codec=org.apache.hadoop.io.compress.Lz4Codec -D mapreduce.shuffle.max.threads=1 -D mapreduce.reduce.shuffle.parallelcopies=20 -D mapreduce.reduce.shuffle.maxfetchfailures=10 -D mapreduce.reduce.shuffle.input.buffer.percent=0.7 -D mapreduce.reduce.shuffle.merge.percent=0.66 -D mapreduce.reduce.merge.inmem.threshold=2000 -D mapreduce.reduce.input.buffer.percent=0.8 -D dfs.blocksize=335544320 -D dfs.replication=1 -D mapreduce.output.fileoutputformat.compress=true -D mapreduce.output.fileoutputformat.compress.codec=org.apache.hadoop.io.compress.Lz4Codec -D mapreduce.output.fileoutputformat.compress.type=BLOCK -D mapreduce.map.memory.mb=2048 -D mapreduce.job.reduce.slowstart.completedmaps=0.7 -D io.file.buffer.size=131072 /user/root/terasort/10G-terasort-input /user/root/terasort/10G-terasort-output"
	User time (seconds): 6.76
	System time (seconds): 3.49
	Percent of CPU this job got: 2%
	Elapsed (wall clock) time (h:mm:ss or m:ss): 6:43.32
	Average shared text size (kbytes): 0
	Average unshared data size (kbytes): 0
	Average stack size (kbytes): 0
	Average total size (kbytes): 0
	Maximum resident set size (kbytes): 291660
	Average resident set size (kbytes): 0
	Major (requiring I/O) page faults: 118
	Minor (reclaiming a frame) page faults: 84457
	Voluntary context switches: 22208
	Involuntary context switches: 5640
	Swaps: 0
	File system inputs: 1568
	File system outputs: 2984
	Socket messages sent: 0
	Socket messages received: 0
	Signals delivered: 0
	Page size (bytes): 4096
	Exit status: 0