2022-04-24 16:46:38,518 INFO client.RMProxy: Connecting to ResourceManager at resourcemanager/192.168.48.6:8032
2022-04-24 16:46:38,849 INFO client.AHSProxy: Connecting to Application History server at historyserver/192.168.48.7:10200
2022-04-24 16:46:39,741 INFO conf.Configuration: resource-types.xml not found
2022-04-24 16:46:39,742 INFO resource.ResourceUtils: Unable to find 'resource-types.xml'.
Deleted /user/root/terasort/10G-terasort-output
2022-04-24 16:46:43,767 INFO terasort.TeraSort: starting
2022-04-24 16:46:45,026 INFO input.FileInputFormat: Total input files to process : 2
Spent 241ms computing base-splits.
Spent 4ms computing TeraScheduler splits.
Computing input splits took 246ms
Sampling 10 splits of 76
2022-04-24 16:46:45,137 INFO sasl.SaslDataTransferClient: SASL encryption trust check: localHostTrusted = false, remoteHostTrusted = false
2022-04-24 16:46:45,137 INFO sasl.SaslDataTransferClient: SASL encryption trust check: localHostTrusted = false, remoteHostTrusted = false
2022-04-24 16:46:45,137 INFO sasl.SaslDataTransferClient: SASL encryption trust check: localHostTrusted = false, remoteHostTrusted = false
2022-04-24 16:46:45,138 INFO sasl.SaslDataTransferClient: SASL encryption trust check: localHostTrusted = false, remoteHostTrusted = false
2022-04-24 16:46:45,137 INFO sasl.SaslDataTransferClient: SASL encryption trust check: localHostTrusted = false, remoteHostTrusted = false
2022-04-24 16:46:45,137 INFO sasl.SaslDataTransferClient: SASL encryption trust check: localHostTrusted = false, remoteHostTrusted = false
2022-04-24 16:46:45,138 INFO sasl.SaslDataTransferClient: SASL encryption trust check: localHostTrusted = false, remoteHostTrusted = false
2022-04-24 16:46:45,138 INFO sasl.SaslDataTransferClient: SASL encryption trust check: localHostTrusted = false, remoteHostTrusted = false
2022-04-24 16:46:45,140 INFO sasl.SaslDataTransferClient: SASL encryption trust check: localHostTrusted = false, remoteHostTrusted = false
2022-04-24 16:46:45,137 INFO sasl.SaslDataTransferClient: SASL encryption trust check: localHostTrusted = false, remoteHostTrusted = false
Making 1 from 100000 sampled records
Computing parititions took 402ms
Spent 652ms computing partitions.
2022-04-24 16:46:45,754 INFO client.RMProxy: Connecting to ResourceManager at resourcemanager/192.168.48.6:8032
2022-04-24 16:46:46,002 INFO client.AHSProxy: Connecting to Application History server at historyserver/192.168.48.7:10200
2022-04-24 16:46:46,153 INFO mapreduce.JobResourceUploader: Disabling Erasure Coding for path: /tmp/hadoop-yarn/staging/root/.staging/job_1650809992477_0017
2022-04-24 16:46:46,232 INFO sasl.SaslDataTransferClient: SASL encryption trust check: localHostTrusted = false, remoteHostTrusted = false
2022-04-24 16:46:46,731 INFO sasl.SaslDataTransferClient: SASL encryption trust check: localHostTrusted = false, remoteHostTrusted = false
2022-04-24 16:46:46,797 INFO sasl.SaslDataTransferClient: SASL encryption trust check: localHostTrusted = false, remoteHostTrusted = false
2022-04-24 16:46:47,214 INFO mapreduce.JobSubmitter: number of splits:76
2022-04-24 16:46:47,394 INFO sasl.SaslDataTransferClient: SASL encryption trust check: localHostTrusted = false, remoteHostTrusted = false
2022-04-24 16:46:47,411 INFO mapreduce.JobSubmitter: Submitting tokens for job: job_1650809992477_0017
2022-04-24 16:46:47,412 INFO mapreduce.JobSubmitter: Executing with tokens: []
2022-04-24 16:46:47,660 INFO conf.Configuration: resource-types.xml not found
2022-04-24 16:46:47,661 INFO resource.ResourceUtils: Unable to find 'resource-types.xml'.
2022-04-24 16:46:48,160 INFO impl.YarnClientImpl: Submitted application application_1650809992477_0017
2022-04-24 16:46:48,227 INFO mapreduce.Job: The url to track the job: http://resourcemanager:8088/proxy/application_1650809992477_0017/
2022-04-24 16:46:48,228 INFO mapreduce.Job: Running job: job_1650809992477_0017
2022-04-24 16:46:56,368 INFO mapreduce.Job: Job job_1650809992477_0017 running in uber mode : false
2022-04-24 16:46:56,372 INFO mapreduce.Job:  map 0% reduce 0%
2022-04-24 16:47:07,505 INFO mapreduce.Job:  map 1% reduce 0%
2022-04-24 16:47:08,515 INFO mapreduce.Job:  map 3% reduce 0%
2022-04-24 16:47:10,534 INFO mapreduce.Job:  map 4% reduce 0%
2022-04-24 16:47:17,561 INFO mapreduce.Job:  map 5% reduce 0%
2022-04-24 16:47:18,569 INFO mapreduce.Job:  map 7% reduce 0%
2022-04-24 16:47:21,598 INFO mapreduce.Job:  map 8% reduce 0%
2022-04-24 16:47:27,653 INFO mapreduce.Job:  map 9% reduce 0%
2022-04-24 16:47:28,664 INFO mapreduce.Job:  map 11% reduce 0%
2022-04-24 16:47:30,678 INFO mapreduce.Job:  map 12% reduce 0%
2022-04-24 16:47:37,738 INFO mapreduce.Job:  map 13% reduce 0%
2022-04-24 16:47:38,746 INFO mapreduce.Job:  map 14% reduce 0%
2022-04-24 16:47:40,761 INFO mapreduce.Job:  map 16% reduce 0%
2022-04-24 16:47:47,783 INFO mapreduce.Job:  map 17% reduce 0%
2022-04-24 16:47:48,797 INFO mapreduce.Job:  map 18% reduce 0%
2022-04-24 16:47:51,849 INFO mapreduce.Job:  map 20% reduce 0%
2022-04-24 16:47:57,883 INFO mapreduce.Job:  map 21% reduce 0%
2022-04-24 16:47:58,889 INFO mapreduce.Job:  map 22% reduce 0%
2022-04-24 16:48:01,905 INFO mapreduce.Job:  map 24% reduce 0%
2022-04-24 16:48:07,953 INFO mapreduce.Job:  map 25% reduce 0%
2022-04-24 16:48:08,961 INFO mapreduce.Job:  map 26% reduce 0%
2022-04-24 16:48:13,988 INFO mapreduce.Job:  map 28% reduce 0%
2022-04-24 16:48:17,997 INFO mapreduce.Job:  map 29% reduce 0%
2022-04-24 16:48:19,003 INFO mapreduce.Job:  map 30% reduce 0%
2022-04-24 16:48:25,054 INFO mapreduce.Job:  map 32% reduce 0%
2022-04-24 16:48:28,071 INFO mapreduce.Job:  map 33% reduce 0%
2022-04-24 16:48:30,089 INFO mapreduce.Job:  map 34% reduce 0%
2022-04-24 16:48:35,128 INFO mapreduce.Job:  map 36% reduce 0%
2022-04-24 16:48:38,143 INFO mapreduce.Job:  map 37% reduce 0%
2022-04-24 16:48:40,155 INFO mapreduce.Job:  map 38% reduce 0%
2022-04-24 16:48:46,151 INFO mapreduce.Job:  map 39% reduce 0%
2022-04-24 16:48:48,166 INFO mapreduce.Job:  map 41% reduce 0%
2022-04-24 16:48:51,190 INFO mapreduce.Job:  map 42% reduce 0%
2022-04-24 16:48:56,216 INFO mapreduce.Job:  map 43% reduce 0%
2022-04-24 16:48:58,228 INFO mapreduce.Job:  map 45% reduce 0%
2022-04-24 16:49:01,247 INFO mapreduce.Job:  map 46% reduce 0%
2022-04-24 16:49:07,284 INFO mapreduce.Job:  map 47% reduce 0%
2022-04-24 16:49:09,297 INFO mapreduce.Job:  map 49% reduce 0%
2022-04-24 16:49:13,325 INFO mapreduce.Job:  map 50% reduce 0%
2022-04-24 16:49:17,333 INFO mapreduce.Job:  map 51% reduce 0%
2022-04-24 16:49:20,356 INFO mapreduce.Job:  map 53% reduce 0%
2022-04-24 16:49:23,375 INFO mapreduce.Job:  map 54% reduce 0%
2022-04-24 16:49:27,396 INFO mapreduce.Job:  map 55% reduce 0%
2022-04-24 16:49:30,413 INFO mapreduce.Job:  map 57% reduce 0%
2022-04-24 16:49:34,432 INFO mapreduce.Job:  map 58% reduce 0%
2022-04-24 16:49:38,448 INFO mapreduce.Job:  map 59% reduce 0%
2022-04-24 16:49:40,457 INFO mapreduce.Job:  map 61% reduce 0%
2022-04-24 16:49:45,449 INFO mapreduce.Job:  map 62% reduce 0%
2022-04-24 16:49:49,474 INFO mapreduce.Job:  map 63% reduce 0%
2022-04-24 16:49:51,488 INFO mapreduce.Job:  map 64% reduce 0%
2022-04-24 16:49:55,510 INFO mapreduce.Job:  map 66% reduce 0%
2022-04-24 16:49:59,545 INFO mapreduce.Job:  map 67% reduce 0%
2022-04-24 16:50:01,564 INFO mapreduce.Job:  map 68% reduce 0%
2022-04-24 16:50:05,588 INFO mapreduce.Job:  map 70% reduce 0%
2022-04-24 16:50:09,638 INFO mapreduce.Job:  map 71% reduce 0%
2022-04-24 16:50:12,647 INFO mapreduce.Job:  map 72% reduce 0%
2022-04-24 16:50:16,631 INFO mapreduce.Job:  map 74% reduce 0%
2022-04-24 16:50:23,668 INFO mapreduce.Job:  map 75% reduce 0%
2022-04-24 16:50:27,685 INFO mapreduce.Job:  map 76% reduce 23%
2022-04-24 16:50:33,723 INFO mapreduce.Job:  map 76% reduce 25%
2022-04-24 16:50:34,728 INFO mapreduce.Job:  map 78% reduce 25%
2022-04-24 16:50:36,740 INFO mapreduce.Job:  map 79% reduce 25%
2022-04-24 16:50:39,750 INFO mapreduce.Job:  map 79% reduce 26%
2022-04-24 16:50:44,736 INFO mapreduce.Job:  map 80% reduce 26%
2022-04-24 16:50:45,741 INFO mapreduce.Job:  map 80% reduce 27%
2022-04-24 16:50:46,745 INFO mapreduce.Job:  map 82% reduce 27%
2022-04-24 16:50:53,779 INFO mapreduce.Job:  map 83% reduce 27%
2022-04-24 16:50:56,790 INFO mapreduce.Job:  map 84% reduce 27%
2022-04-24 16:50:57,795 INFO mapreduce.Job:  map 84% reduce 28%
2022-04-24 16:51:03,816 INFO mapreduce.Job:  map 86% reduce 28%
2022-04-24 16:51:06,828 INFO mapreduce.Job:  map 87% reduce 28%
2022-04-24 16:51:09,841 INFO mapreduce.Job:  map 87% reduce 29%
2022-04-24 16:51:12,863 INFO mapreduce.Job:  map 88% reduce 29%
2022-04-24 16:51:16,850 INFO mapreduce.Job:  map 89% reduce 29%
2022-04-24 16:51:21,870 INFO mapreduce.Job:  map 89% reduce 30%
2022-04-24 16:51:22,875 INFO mapreduce.Job:  map 91% reduce 30%
2022-04-24 16:51:27,894 INFO mapreduce.Job:  map 92% reduce 30%
2022-04-24 16:51:32,912 INFO mapreduce.Job:  map 93% reduce 30%
2022-04-24 16:51:33,917 INFO mapreduce.Job:  map 93% reduce 31%
2022-04-24 16:51:36,931 INFO mapreduce.Job:  map 95% reduce 31%
2022-04-24 16:51:39,944 INFO mapreduce.Job:  map 95% reduce 32%
2022-04-24 16:51:42,955 INFO mapreduce.Job:  map 96% reduce 32%
2022-04-24 16:51:46,934 INFO mapreduce.Job:  map 97% reduce 32%
2022-04-24 16:51:49,946 INFO mapreduce.Job:  map 99% reduce 32%
2022-04-24 16:51:51,952 INFO mapreduce.Job:  map 99% reduce 33%
2022-04-24 16:51:53,961 INFO mapreduce.Job:  map 100% reduce 33%
2022-04-24 16:51:57,978 INFO mapreduce.Job:  map 100% reduce 68%
2022-04-24 16:52:03,997 INFO mapreduce.Job:  map 100% reduce 70%
2022-04-24 16:52:10,017 INFO mapreduce.Job:  map 100% reduce 72%
2022-04-24 16:52:16,002 INFO mapreduce.Job:  map 100% reduce 75%
2022-04-24 16:52:22,021 INFO mapreduce.Job:  map 100% reduce 77%
2022-04-24 16:52:28,047 INFO mapreduce.Job:  map 100% reduce 79%
2022-04-24 16:52:34,074 INFO mapreduce.Job:  map 100% reduce 81%
2022-04-24 16:52:40,096 INFO mapreduce.Job:  map 100% reduce 83%
2022-04-24 16:52:46,089 INFO mapreduce.Job:  map 100% reduce 86%
2022-04-24 16:52:52,110 INFO mapreduce.Job:  map 100% reduce 88%
2022-04-24 16:52:58,133 INFO mapreduce.Job:  map 100% reduce 90%
2022-04-24 16:53:04,158 INFO mapreduce.Job:  map 100% reduce 92%
2022-04-24 16:53:10,180 INFO mapreduce.Job:  map 100% reduce 94%
2022-04-24 16:53:16,173 INFO mapreduce.Job:  map 100% reduce 97%
2022-04-24 16:53:22,201 INFO mapreduce.Job:  map 100% reduce 99%
2022-04-24 16:53:24,214 INFO mapreduce.Job:  map 100% reduce 100%
2022-04-24 16:53:25,231 INFO mapreduce.Job: Job job_1650809992477_0017 completed successfully
2022-04-24 16:53:25,408 INFO mapreduce.Job: Counters: 55
	File System Counters
		FILE: Number of bytes read=5465381167
		FILE: Number of bytes written=10985577149
		FILE: Number of read operations=0
		FILE: Number of large read operations=0
		FILE: Number of write operations=0
		HDFS: Number of bytes read=10000010336
		HDFS: Number of bytes written=10000000000
		HDFS: Number of read operations=233
		HDFS: Number of large read operations=0
		HDFS: Number of write operations=2
		HDFS: Number of bytes read erasure-coded=0
	Job Counters
		Killed map tasks=1
		Launched map tasks=76
		Launched reduce tasks=1
		Rack-local map tasks=76
		Total time spent by all maps in occupied slots (ms)=1229086
		Total time spent by all reduces in occupied slots (ms)=191527
		Total time spent by all map tasks (ms)=614543
		Total time spent by all reduce tasks (ms)=191527
		Total vcore-milliseconds taken by all map tasks=614543
		Total vcore-milliseconds taken by all reduce tasks=191527
		Total megabyte-milliseconds taken by all map tasks=1258584064
		Total megabyte-milliseconds taken by all reduce tasks=196123648
	Map-Reduce Framework
		Map input records=100000000
		Map output records=100000000
		Map output bytes=10200000000
		Map output materialized bytes=5502468877
		Input split bytes=10336
		Combine input records=0
		Combine output records=0
		Reduce input groups=100000000
		Reduce shuffle bytes=5502468877
		Reduce input records=100000000
		Reduce output records=100000000
		Spilled Records=199321120
		Shuffled Maps =76
		Failed Shuffles=0
		Merged Map outputs=76
		GC time elapsed (ms)=5630
		CPU time spent (ms)=538740
		Physical memory (bytes) snapshot=35716534272
		Virtual memory (bytes) snapshot=271533162496
		Total committed heap usage (bytes)=31680102400
		Peak Map Physical memory (bytes)=512430080
		Peak Map Virtual memory (bytes)=3542605824
		Peak Reduce Physical memory (bytes)=556994560
		Peak Reduce Virtual memory (bytes)=2674163712
	Shuffle Errors
		BAD_ID=0
		CONNECTION=0
		IO_ERROR=0
		WRONG_LENGTH=0
		WRONG_MAP=0
		WRONG_REDUCE=0
	File Input Format Counters
		Bytes Read=10000000000
	File Output Format Counters
		Bytes Written=10000000000
2022-04-24 16:53:25,410 INFO terasort.TeraSort: done
	Command being timed: "hadoop jar hadoop-mapreduce-examples-3.2.1.jar terasort -D mapreduce.map.log.level=INFO -D mapreduce.reduce.log.level=INFO -D yarn.app.mapreduce.am.log.level=INFO -D yarn.nodemanager.resource.detect-hardware-capabilities=true -D yarn.nodemanager.resource.memory-mb=-1 -D mapreduce.task.io.sort.mb=256 -D mapreduce.task.io.sort.factor=400 -D mapreduce.map.sort.spill.percent=1.0 -D mapreduce.map.combine.minspills=3 -D mapreduce.map.output.compress=true -D mapreduce.map.output.compress.codec=org.apache.hadoop.io.compress.Lz4Codec -D mapreduce.shuffle.max.threads=1 -D mapreduce.reduce.shuffle.parallelcopies=20 -D mapreduce.reduce.shuffle.maxfetchfailures=10 -D mapreduce.reduce.shuffle.input.buffer.percent=0.7 -D mapreduce.reduce.shuffle.merge.percent=0.66 -D mapreduce.reduce.merge.inmem.threshold=2000 -D mapreduce.reduce.input.buffer.percent=0.8 -D dfs.blocksize=335544320 -D dfs.replication=1 -D mapreduce.output.fileoutputformat.compress=true -D mapreduce.output.fileoutputformat.compress.codec=org.apache.hadoop.io.compress.Lz4Codec -D mapreduce.output.fileoutputformat.compress.type=BLOCK -D mapreduce.map.memory.mb=2048 -D mapreduce.job.reduce.slowstart.completedmaps=0.7 -D io.file.buffer.size=131072 /user/root/terasort/10G-terasort-input /user/root/terasort/10G-terasort-output"
	User time (seconds): 6.44
	System time (seconds): 3.55
	Percent of CPU this job got: 2%
	Elapsed (wall clock) time (h:mm:ss or m:ss): 6:43.03
	Average shared text size (kbytes): 0
	Average unshared data size (kbytes): 0
	Average stack size (kbytes): 0
	Average total size (kbytes): 0
	Maximum resident set size (kbytes): 294268
	Average resident set size (kbytes): 0
	Major (requiring I/O) page faults: 154
	Minor (reclaiming a frame) page faults: 84306
	Voluntary context switches: 22028
	Involuntary context switches: 4876
	Swaps: 0
	File system inputs: 1664
	File system outputs: 3264
	Socket messages sent: 0
	Socket messages received: 0
	Signals delivered: 0
	Page size (bytes): 4096
	Exit status: 0