2022-04-24 17:09:31,606 INFO client.RMProxy: Connecting to ResourceManager at resourcemanager/192.168.48.6:8032
2022-04-24 17:09:32,065 INFO client.AHSProxy: Connecting to Application History server at historyserver/192.168.48.7:10200
2022-04-24 17:09:33,214 INFO conf.Configuration: resource-types.xml not found
2022-04-24 17:09:33,215 INFO resource.ResourceUtils: Unable to find 'resource-types.xml'.
Deleted /user/root/terasort/10G-terasort-output
2022-04-24 17:09:37,740 INFO terasort.TeraSort: starting
2022-04-24 17:09:39,257 INFO input.FileInputFormat: Total input files to process : 2
Spent 242ms computing base-splits.
Spent 5ms computing TeraScheduler splits.
Computing input splits took 248ms
Sampling 10 splits of 76
2022-04-24 17:09:39,375 INFO sasl.SaslDataTransferClient: SASL encryption trust check: localHostTrusted = false, remoteHostTrusted = false
2022-04-24 17:09:39,375 INFO sasl.SaslDataTransferClient: SASL encryption trust check: localHostTrusted = false, remoteHostTrusted = false
2022-04-24 17:09:39,375 INFO sasl.SaslDataTransferClient: SASL encryption trust check: localHostTrusted = false, remoteHostTrusted = false
2022-04-24 17:09:39,375 INFO sasl.SaslDataTransferClient: SASL encryption trust check: localHostTrusted = false, remoteHostTrusted = false
2022-04-24 17:09:39,375 INFO sasl.SaslDataTransferClient: SASL encryption trust check: localHostTrusted = false, remoteHostTrusted = false
2022-04-24 17:09:39,375 INFO sasl.SaslDataTransferClient: SASL encryption trust check: localHostTrusted = false, remoteHostTrusted = false
2022-04-24 17:09:39,378 INFO sasl.SaslDataTransferClient: SASL encryption trust check: localHostTrusted = false, remoteHostTrusted = false
2022-04-24 17:09:39,375 INFO sasl.SaslDataTransferClient: SASL encryption trust check: localHostTrusted = false, remoteHostTrusted = false
2022-04-24 17:09:39,376 INFO sasl.SaslDataTransferClient: SASL encryption trust check: localHostTrusted = false, remoteHostTrusted = false
2022-04-24 17:09:39,375 INFO sasl.SaslDataTransferClient: SASL encryption trust check: localHostTrusted = false, remoteHostTrusted = false
Making 1 from 100000 sampled records
Computing parititions took 474ms
Spent 726ms computing partitions.
2022-04-24 17:09:40,165 INFO client.RMProxy: Connecting to ResourceManager at resourcemanager/192.168.48.6:8032
2022-04-24 17:09:40,440 INFO client.AHSProxy: Connecting to Application History server at historyserver/192.168.48.7:10200
2022-04-24 17:09:40,597 INFO mapreduce.JobResourceUploader: Disabling Erasure Coding for path: /tmp/hadoop-yarn/staging/root/.staging/job_1650809992477_0021
2022-04-24 17:09:40,682 INFO sasl.SaslDataTransferClient: SASL encryption trust check: localHostTrusted = false, remoteHostTrusted = false
2022-04-24 17:09:41,198 INFO sasl.SaslDataTransferClient: SASL encryption trust check: localHostTrusted = false, remoteHostTrusted = false
2022-04-24 17:09:41,267 INFO sasl.SaslDataTransferClient: SASL encryption trust check: localHostTrusted = false, remoteHostTrusted = false
2022-04-24 17:09:41,283 INFO mapreduce.JobSubmitter: number of splits:76
2022-04-24 17:09:41,499 INFO sasl.SaslDataTransferClient: SASL encryption trust check: localHostTrusted = false, remoteHostTrusted = false
2022-04-24 17:09:41,530 INFO mapreduce.JobSubmitter: Submitting tokens for job: job_1650809992477_0021
2022-04-24 17:09:41,530 INFO mapreduce.JobSubmitter: Executing with tokens: []
2022-04-24 17:09:41,789 INFO conf.Configuration: resource-types.xml not found
2022-04-24 17:09:41,789 INFO resource.ResourceUtils: Unable to find 'resource-types.xml'.
2022-04-24 17:09:42,095 INFO impl.YarnClientImpl: Submitted application application_1650809992477_0021
2022-04-24 17:09:42,174 INFO mapreduce.Job: The url to track the job: http://resourcemanager:8088/proxy/application_1650809992477_0021/
2022-04-24 17:09:42,175 INFO mapreduce.Job: Running job: job_1650809992477_0021
2022-04-24 17:09:50,270 INFO mapreduce.Job: Job job_1650809992477_0021 running in uber mode : false
2022-04-24 17:09:50,276 INFO mapreduce.Job:  map 0% reduce 0%
2022-04-24 17:10:01,403 INFO mapreduce.Job:  map 1% reduce 0%
2022-04-24 17:10:02,416 INFO mapreduce.Job:  map 3% reduce 0%
2022-04-24 17:10:04,428 INFO mapreduce.Job:  map 4% reduce 0%
2022-04-24 17:10:11,477 INFO mapreduce.Job:  map 5% reduce 0%
2022-04-24 17:10:12,487 INFO mapreduce.Job:  map 7% reduce 0%
2022-04-24 17:10:14,471 INFO mapreduce.Job:  map 8% reduce 0%
2022-04-24 17:10:21,519 INFO mapreduce.Job:  map 9% reduce 0%
2022-04-24 17:10:22,531 INFO mapreduce.Job:  map 11% reduce 0%
2022-04-24 17:10:24,557 INFO mapreduce.Job:  map 12% reduce 0%
2022-04-24 17:10:31,607 INFO mapreduce.Job:  map 13% reduce 0%
2022-04-24 17:10:32,623 INFO mapreduce.Job:  map 14% reduce 0%
2022-04-24 17:10:34,644 INFO mapreduce.Job:  map 16% reduce 0%
2022-04-24 17:10:41,693 INFO mapreduce.Job:  map 17% reduce 0%
2022-04-24 17:10:43,685 INFO mapreduce.Job:  map 18% reduce 0%
2022-04-24 17:10:45,696 INFO mapreduce.Job:  map 20% reduce 0%
2022-04-24 17:10:51,737 INFO mapreduce.Job:  map 21% reduce 0%
2022-04-24 17:10:53,752 INFO mapreduce.Job:  map 22% reduce 0%
2022-04-24 17:10:56,776 INFO mapreduce.Job:  map 24% reduce 0%
2022-04-24 17:11:01,806 INFO mapreduce.Job:  map 25% reduce 0%
2022-04-24 17:11:03,818 INFO mapreduce.Job:  map 26% reduce 0%
2022-04-24 17:11:07,843 INFO mapreduce.Job:  map 28% reduce 0%
2022-04-24 17:11:11,884 INFO mapreduce.Job:  map 29% reduce 0%
2022-04-24 17:11:14,873 INFO mapreduce.Job:  map 30% reduce 0%
2022-04-24 17:11:18,915 INFO mapreduce.Job:  map 32% reduce 0%
2022-04-24 17:11:21,946 INFO mapreduce.Job:  map 33% reduce 0%
2022-04-24 17:11:24,964 INFO mapreduce.Job:  map 34% reduce 0%
2022-04-24 17:11:30,012 INFO mapreduce.Job:  map 36% reduce 0%
2022-04-24 17:11:32,025 INFO mapreduce.Job:  map 37% reduce 0%
2022-04-24 17:11:37,055 INFO mapreduce.Job:  map 38% reduce 0%
2022-04-24 17:11:40,073 INFO mapreduce.Job:  map 39% reduce 0%
2022-04-24 17:11:43,060 INFO mapreduce.Job:  map 41% reduce 0%
2022-04-24 17:11:47,082 INFO mapreduce.Job:  map 42% reduce 0%
2022-04-24 17:11:51,116 INFO mapreduce.Job:  map 43% reduce 0%
2022-04-24 17:11:54,136 INFO mapreduce.Job:  map 45% reduce 0%
2022-04-24 17:11:58,177 INFO mapreduce.Job:  map 46% reduce 0%
2022-04-24 17:12:01,200 INFO mapreduce.Job:  map 47% reduce 0%
2022-04-24 17:12:05,221 INFO mapreduce.Job:  map 49% reduce 0%
2022-04-24 17:12:09,251 INFO mapreduce.Job:  map 50% reduce 0%
2022-04-24 17:12:12,279 INFO mapreduce.Job:  map 51% reduce 0%
2022-04-24 17:12:15,271 INFO mapreduce.Job:  map 53% reduce 0%
2022-04-24 17:12:20,321 INFO mapreduce.Job:  map 54% reduce 0%
2022-04-24 17:12:22,331 INFO mapreduce.Job:  map 55% reduce 0%
2022-04-24 17:12:26,346 INFO mapreduce.Job:  map 57% reduce 0%
2022-04-24 17:12:30,361 INFO mapreduce.Job:  map 58% reduce 0%
2022-04-24 17:12:32,370 INFO mapreduce.Job:  map 59% reduce 0%
2022-04-24 17:12:37,394 INFO mapreduce.Job:  map 61% reduce 0%
2022-04-24 17:12:40,409 INFO mapreduce.Job:  map 62% reduce 0%
2022-04-24 17:12:43,388 INFO mapreduce.Job:  map 63% reduce 0%
2022-04-24 17:12:47,408 INFO mapreduce.Job:  map 64% reduce 0%
2022-04-24 17:12:50,421 INFO mapreduce.Job:  map 66% reduce 0%
2022-04-24 17:12:54,445 INFO mapreduce.Job:  map 67% reduce 0%
2022-04-24 17:12:58,471 INFO mapreduce.Job:  map 68% reduce 0%
2022-04-24 17:13:00,489 INFO mapreduce.Job:  map 70% reduce 0%
2022-04-24 17:13:04,507 INFO mapreduce.Job:  map 71% reduce 0%
2022-04-24 17:13:08,529 INFO mapreduce.Job:  map 72% reduce 0%
2022-04-24 17:13:11,542 INFO mapreduce.Job:  map 74% reduce 0%
2022-04-24 17:13:19,552 INFO mapreduce.Job:  map 75% reduce 0%
2022-04-24 17:13:22,566 INFO mapreduce.Job:  map 76% reduce 23%
2022-04-24 17:13:28,601 INFO mapreduce.Job:  map 76% reduce 25%
2022-04-24 17:13:30,611 INFO mapreduce.Job:  map 78% reduce 25%
2022-04-24 17:13:32,619 INFO mapreduce.Job:  map 79% reduce 25%
2022-04-24 17:13:34,626 INFO mapreduce.Job:  map 79% reduce 26%
2022-04-24 17:13:40,651 INFO mapreduce.Job:  map 80% reduce 26%
2022-04-24 17:13:42,624 INFO mapreduce.Job:  map 82% reduce 26%
2022-04-24 17:13:46,640 INFO mapreduce.Job:  map 82% reduce 27%
2022-04-24 17:13:50,658 INFO mapreduce.Job:  map 83% reduce 27%
2022-04-24 17:13:52,666 INFO mapreduce.Job:  map 84% reduce 28%
2022-04-24 17:13:59,697 INFO mapreduce.Job:  map 86% reduce 28%
2022-04-24 17:14:02,708 INFO mapreduce.Job:  map 87% reduce 28%
2022-04-24 17:14:04,717 INFO mapreduce.Job:  map 87% reduce 29%
2022-04-24 17:14:09,751 INFO mapreduce.Job:  map 88% reduce 29%
2022-04-24 17:14:12,728 INFO mapreduce.Job:  map 89% reduce 29%
2022-04-24 17:14:16,744 INFO mapreduce.Job:  map 89% reduce 30%
2022-04-24 17:14:19,765 INFO mapreduce.Job:  map 91% reduce 30%
2022-04-24 17:14:22,786 INFO mapreduce.Job:  map 92% reduce 30%
2022-04-24 17:14:28,812 INFO mapreduce.Job:  map 92% reduce 31%
2022-04-24 17:14:29,817 INFO mapreduce.Job:  map 93% reduce 31%
2022-04-24 17:14:32,832 INFO mapreduce.Job:  map 95% reduce 31%
2022-04-24 17:14:34,840 INFO mapreduce.Job:  map 95% reduce 32%
2022-04-24 17:14:39,857 INFO mapreduce.Job:  map 96% reduce 32%
2022-04-24 17:14:42,835 INFO mapreduce.Job:  map 97% reduce 32%
2022-04-24 17:14:45,845 INFO mapreduce.Job:  map 99% reduce 32%
2022-04-24 17:14:48,858 INFO mapreduce.Job:  map 100% reduce 32%
2022-04-24 17:14:52,873 INFO mapreduce.Job:  map 100% reduce 68%
2022-04-24 17:14:58,894 INFO mapreduce.Job:  map 100% reduce 70%
2022-04-24 17:15:04,910 INFO mapreduce.Job:  map 100% reduce 72%
2022-04-24 17:15:10,936 INFO mapreduce.Job:  map 100% reduce 74%
2022-04-24 17:15:16,923 INFO mapreduce.Job:  map 100% reduce 76%
2022-04-24 17:15:22,944 INFO mapreduce.Job:  map 100% reduce 79%
2022-04-24 17:15:28,962 INFO mapreduce.Job:  map 100% reduce 81%
2022-04-24 17:15:33,984 INFO mapreduce.Job:  map 100% reduce 83%
2022-04-24 17:15:40,004 INFO mapreduce.Job:  map 100% reduce 85%
2022-04-24 17:15:45,993 INFO mapreduce.Job:  map 100% reduce 87%
2022-04-24 17:15:52,019 INFO mapreduce.Job:  map 100% reduce 90%
2022-04-24 17:15:59,051 INFO mapreduce.Job:  map 100% reduce 92%
2022-04-24 17:16:05,078 INFO mapreduce.Job:  map 100% reduce 94%
2022-04-24 17:16:11,100 INFO mapreduce.Job:  map 100% reduce 96%
2022-04-24 17:16:17,089 INFO mapreduce.Job:  map 100% reduce 98%
2022-04-24 17:16:19,099 INFO mapreduce.Job:  map 100% reduce 100%
2022-04-24 17:16:21,119 INFO mapreduce.Job: Job job_1650809992477_0021 completed successfully
2022-04-24 17:16:21,278 INFO mapreduce.Job: Counters: 55
	File System Counters
		FILE: Number of bytes read=5465381167
		FILE: Number of bytes written=10985577149
		FILE: Number of read operations=0
		FILE: Number of large read operations=0
		FILE: Number of write operations=0
		HDFS: Number of bytes read=10000010336
		HDFS: Number of bytes written=10000000000
		HDFS: Number of read operations=233
		HDFS: Number of large read operations=0
		HDFS: Number of write operations=2
		HDFS: Number of bytes read erasure-coded=0
	Job Counters
		Killed map tasks=1
		Launched map tasks=76
		Launched reduce tasks=1
		Rack-local map tasks=76
		Total time spent by all maps in occupied slots (ms)=1239240
		Total time spent by all reduces in occupied slots (ms)=192759
		Total time spent by all map tasks (ms)=619620
		Total time spent by all reduce tasks (ms)=192759
		Total vcore-milliseconds taken by all map tasks=619620
		Total vcore-milliseconds taken by all reduce tasks=192759
		Total megabyte-milliseconds taken by all map tasks=1268981760
		Total megabyte-milliseconds taken by all reduce tasks=197385216
	Map-Reduce Framework
		Map input records=100000000
		Map output records=100000000
		Map output bytes=10200000000
		Map output materialized bytes=5502468877
		Input split bytes=10336
		Combine input records=0
		Combine output records=0
		Reduce input groups=100000000
		Reduce shuffle bytes=5502468877
		Reduce input records=100000000
		Reduce output records=100000000
		Spilled Records=199321120
		Shuffled Maps =76
		Failed Shuffles=0
		Merged Map outputs=76
		GC time elapsed (ms)=5941
		CPU time spent (ms)=543870
		Physical memory (bytes) snapshot=35545587712
		Virtual memory (bytes) snapshot=271505416192
		Total committed heap usage (bytes)=31483494400
		Peak Map Physical memory (bytes)=482066432
		Peak Map Virtual memory (bytes)=3543851008
		Peak Reduce Physical memory (bytes)=498409472
		Peak Reduce Virtual memory (bytes)=2667327488
	Shuffle Errors
		BAD_ID=0
		CONNECTION=0
		IO_ERROR=0
		WRONG_LENGTH=0
		WRONG_MAP=0
		WRONG_REDUCE=0
	File Input Format Counters
		Bytes Read=10000000000
	File Output Format Counters
		Bytes Written=10000000000
2022-04-24 17:16:21,279 INFO terasort.TeraSort: done
	Command being timed: "hadoop jar hadoop-mapreduce-examples-3.2.1.jar terasort -D mapreduce.map.log.level=INFO -D mapreduce.reduce.log.level=INFO -D yarn.app.mapreduce.am.log.level=INFO -D yarn.nodemanager.resource.detect-hardware-capabilities=true -D yarn.nodemanager.resource.memory-mb=-1 -D mapreduce.task.io.sort.mb=256 -D mapreduce.task.io.sort.factor=400 -D mapreduce.map.sort.spill.percent=1.0 -D mapreduce.map.combine.minspills=3 -D mapreduce.map.output.compress=true -D mapreduce.map.output.compress.codec=org.apache.hadoop.io.compress.Lz4Codec -D mapreduce.shuffle.max.threads=1 -D mapreduce.reduce.shuffle.parallelcopies=20 -D mapreduce.reduce.shuffle.maxfetchfailures=10 -D mapreduce.reduce.shuffle.input.buffer.percent=0.7 -D mapreduce.reduce.shuffle.merge.percent=0.66 -D mapreduce.reduce.merge.inmem.threshold=2000 -D mapreduce.reduce.input.buffer.percent=0.8 -D dfs.blocksize=335544320 -D dfs.replication=1 -D mapreduce.output.fileoutputformat.compress=true -D mapreduce.output.fileoutputformat.compress.codec=org.apache.hadoop.io.compress.Lz4Codec -D mapreduce.output.fileoutputformat.compress.type=BLOCK -D mapreduce.map.memory.mb=2048 -D mapreduce.job.reduce.slowstart.completedmaps=0.7 -D io.file.buffer.size=131072 /user/root/terasort/10G-terasort-input /user/root/terasort/10G-terasort-output"
	User time (seconds): 7.53
	System time (seconds): 3.94
	Percent of CPU this job got: 2%
	Elapsed (wall clock) time (h:mm:ss or m:ss): 6:45.21
	Average shared text size (kbytes): 0
	Average unshared data size (kbytes): 0
	Average stack size (kbytes): 0
	Average total size (kbytes): 0
	Maximum resident set size (kbytes): 269380
	Average resident set size (kbytes): 0
	Major (requiring I/O) page faults: 140
	Minor (reclaiming a frame) page faults: 78038
	Voluntary context switches: 22765
	Involuntary context switches: 6039
	Swaps: 0
	File system inputs: 1480
	File system outputs: 3160
	Socket messages sent: 0
	Socket messages received: 0
	Signals delivered: 0
	Page size (bytes): 4096
	Exit status: 0