2022-04-24 15:46:33,375 INFO client.RMProxy: Connecting to ResourceManager at resourcemanager/192.168.48.6:8032
2022-04-24 15:46:33,811 INFO client.AHSProxy: Connecting to Application History server at historyserver/192.168.48.7:10200
2022-04-24 15:46:34,729 INFO conf.Configuration: resource-types.xml not found
2022-04-24 15:46:34,729 INFO resource.ResourceUtils: Unable to find 'resource-types.xml'.
Deleted /user/root/terasort/10G-terasort-output
2022-04-24 15:46:38,696 INFO terasort.TeraSort: starting
2022-04-24 15:46:39,994 INFO input.FileInputFormat: Total input files to process : 2
Spent 241ms computing base-splits.
Spent 4ms computing TeraScheduler splits.
Computing input splits took 247ms
Sampling 10 splits of 76
2022-04-24 15:46:40,097 INFO sasl.SaslDataTransferClient: SASL encryption trust check: localHostTrusted = false, remoteHostTrusted = false
2022-04-24 15:46:40,097 INFO sasl.SaslDataTransferClient: SASL encryption trust check: localHostTrusted = false, remoteHostTrusted = false
2022-04-24 15:46:40,097 INFO sasl.SaslDataTransferClient: SASL encryption trust check: localHostTrusted = false, remoteHostTrusted = false
2022-04-24 15:46:40,097 INFO sasl.SaslDataTransferClient: SASL encryption trust check: localHostTrusted = false, remoteHostTrusted = false
2022-04-24 15:46:40,097 INFO sasl.SaslDataTransferClient: SASL encryption trust check: localHostTrusted = false, remoteHostTrusted = false
2022-04-24 15:46:40,097 INFO sasl.SaslDataTransferClient: SASL encryption trust check: localHostTrusted = false, remoteHostTrusted = false
2022-04-24 15:46:40,098 INFO sasl.SaslDataTransferClient: SASL encryption trust check: localHostTrusted = false, remoteHostTrusted = false
2022-04-24 15:46:40,097 INFO sasl.SaslDataTransferClient: SASL encryption trust check: localHostTrusted = false, remoteHostTrusted = false
2022-04-24 15:46:40,101 INFO sasl.SaslDataTransferClient: SASL encryption trust check: localHostTrusted = false, remoteHostTrusted = false
2022-04-24 15:46:40,102 INFO sasl.SaslDataTransferClient: SASL encryption trust check: localHostTrusted = false, remoteHostTrusted = false
Making 1 from 100000 sampled records
Computing parititions took 399ms
Spent 650ms computing partitions.
2022-04-24 15:46:40,711 INFO client.RMProxy: Connecting to ResourceManager at resourcemanager/192.168.48.6:8032
2022-04-24 15:46:40,977 INFO client.AHSProxy: Connecting to Application History server at historyserver/192.168.48.7:10200
2022-04-24 15:46:41,143 INFO mapreduce.JobResourceUploader: Disabling Erasure Coding for path: /tmp/hadoop-yarn/staging/root/.staging/job_1650809992477_0009
2022-04-24 15:46:41,224 INFO sasl.SaslDataTransferClient: SASL encryption trust check: localHostTrusted = false, remoteHostTrusted = false
2022-04-24 15:46:41,732 INFO sasl.SaslDataTransferClient: SASL encryption trust check: localHostTrusted = false, remoteHostTrusted = false
2022-04-24 15:46:41,798 INFO sasl.SaslDataTransferClient: SASL encryption trust check: localHostTrusted = false, remoteHostTrusted = false
2022-04-24 15:46:41,810 INFO mapreduce.JobSubmitter: number of splits:76
2022-04-24 15:46:41,986 INFO sasl.SaslDataTransferClient: SASL encryption trust check: localHostTrusted = false, remoteHostTrusted = false
2022-04-24 15:46:41,998 INFO mapreduce.JobSubmitter: Submitting tokens for job: job_1650809992477_0009
2022-04-24 15:46:41,998 INFO mapreduce.JobSubmitter: Executing with tokens: []
2022-04-24 15:46:42,260 INFO conf.Configuration: resource-types.xml not found
2022-04-24 15:46:42,260 INFO resource.ResourceUtils: Unable to find 'resource-types.xml'.
2022-04-24 15:46:42,571 INFO impl.YarnClientImpl: Submitted application application_1650809992477_0009
2022-04-24 15:46:42,637 INFO mapreduce.Job: The url to track the job: http://resourcemanager:8088/proxy/application_1650809992477_0009/
2022-04-24 15:46:42,638 INFO mapreduce.Job: Running job: job_1650809992477_0009
2022-04-24 15:46:50,750 INFO mapreduce.Job: Job job_1650809992477_0009 running in uber mode : false
2022-04-24 15:46:50,753 INFO mapreduce.Job:  map 0% reduce 0%
2022-04-24 15:47:01,887 INFO mapreduce.Job:  map 1% reduce 0%
2022-04-24 15:47:02,901 INFO mapreduce.Job:  map 3% reduce 0%
2022-04-24 15:47:03,908 INFO mapreduce.Job:  map 4% reduce 0%
2022-04-24 15:47:11,970 INFO mapreduce.Job:  map 5% reduce 0%
2022-04-24 15:47:12,981 INFO mapreduce.Job:  map 7% reduce 0%
2022-04-24 15:47:15,004 INFO mapreduce.Job:  map 8% reduce 0%
2022-04-24 15:47:22,048 INFO mapreduce.Job:  map 9% reduce 0%
2022-04-24 15:47:23,055 INFO mapreduce.Job:  map 11% reduce 0%
2022-04-24 15:47:25,072 INFO mapreduce.Job:  map 12% reduce 0%
2022-04-24 15:47:32,114 INFO mapreduce.Job:  map 13% reduce 0%
2022-04-24 15:47:33,129 INFO mapreduce.Job:  map 14% reduce 0%
2022-04-24 15:47:36,151 INFO mapreduce.Job:  map 16% reduce 0%
2022-04-24 15:47:42,188 INFO mapreduce.Job:  map 17% reduce 0%
2022-04-24 15:47:43,205 INFO mapreduce.Job:  map 18% reduce 0%
2022-04-24 15:47:46,227 INFO mapreduce.Job:  map 20% reduce 0%
2022-04-24 15:47:52,229 INFO mapreduce.Job:  map 21% reduce 0%
2022-04-24 15:47:53,244 INFO mapreduce.Job:  map 22% reduce 0%
2022-04-24 15:47:58,280 INFO mapreduce.Job:  map 24% reduce 0%
2022-04-24 15:48:02,300 INFO mapreduce.Job:  map 25% reduce 0%
2022-04-24 15:48:04,311 INFO mapreduce.Job:  map 26% reduce 0%
2022-04-24 15:48:09,338 INFO mapreduce.Job:  map 28% reduce 0%
2022-04-24 15:48:12,367 INFO mapreduce.Job:  map 29% reduce 0%
2022-04-24 15:48:14,377 INFO mapreduce.Job:  map 30% reduce 0%
2022-04-24 15:48:19,375 INFO mapreduce.Job:  map 32% reduce 0%
2022-04-24 15:48:22,388 INFO mapreduce.Job:  map 33% reduce 0%
2022-04-24 15:48:25,399 INFO mapreduce.Job:  map 34% reduce 0%
2022-04-24 15:48:30,436 INFO mapreduce.Job:  map 36% reduce 0%
2022-04-24 15:48:32,445 INFO mapreduce.Job:  map 37% reduce 0%
2022-04-24 15:48:37,472 INFO mapreduce.Job:  map 38% reduce 0%
2022-04-24 15:48:40,486 INFO mapreduce.Job:  map 39% reduce 0%
2022-04-24 15:48:43,504 INFO mapreduce.Job:  map 41% reduce 0%
2022-04-24 15:48:47,528 INFO mapreduce.Job:  map 42% reduce 0%
2022-04-24 15:48:50,520 INFO mapreduce.Job:  map 43% reduce 0%
2022-04-24 15:48:54,547 INFO mapreduce.Job:  map 45% reduce 0%
2022-04-24 15:48:58,576 INFO mapreduce.Job:  map 46% reduce 0%
2022-04-24 15:49:00,586 INFO mapreduce.Job:  map 47% reduce 0%
2022-04-24 15:49:04,632 INFO mapreduce.Job:  map 49% reduce 0%
2022-04-24 15:49:08,649 INFO mapreduce.Job:  map 50% reduce 0%
2022-04-24 15:49:10,665 INFO mapreduce.Job:  map 51% reduce 0%
2022-04-24 15:49:15,697 INFO mapreduce.Job:  map 53% reduce 0%
2022-04-24 15:49:18,686 INFO mapreduce.Job:  map 54% reduce 0%
2022-04-24 15:49:21,698 INFO mapreduce.Job:  map 55% reduce 0%
2022-04-24 15:49:26,728 INFO mapreduce.Job:  map 57% reduce 0%
2022-04-24 15:49:28,741 INFO mapreduce.Job:  map 58% reduce 0%
2022-04-24 15:49:32,762 INFO mapreduce.Job:  map 59% reduce 0%
2022-04-24 15:49:36,786 INFO mapreduce.Job:  map 61% reduce 0%
2022-04-24 15:49:38,797 INFO mapreduce.Job:  map 62% reduce 0%
2022-04-24 15:49:43,842 INFO mapreduce.Job:  map 63% reduce 0%
2022-04-24 15:49:46,857 INFO mapreduce.Job:  map 64% reduce 0%
2022-04-24 15:49:49,834 INFO mapreduce.Job:  map 66% reduce 0%
2022-04-24 15:49:53,854 INFO mapreduce.Job:  map 67% reduce 0%
2022-04-24 15:49:56,870 INFO mapreduce.Job:  map 68% reduce 0%
2022-04-24 15:50:00,892 INFO mapreduce.Job:  map 70% reduce 0%
2022-04-24 15:50:03,906 INFO mapreduce.Job:  map 71% reduce 0%
2022-04-24 15:50:07,926 INFO mapreduce.Job:  map 72% reduce 0%
2022-04-24 15:50:11,942 INFO mapreduce.Job:  map 74% reduce 0%
2022-04-24 15:50:13,951 INFO mapreduce.Job:  map 75% reduce 0%
2022-04-24 15:50:23,970 INFO mapreduce.Job:  map 76% reduce 0%
2022-04-24 15:50:25,980 INFO mapreduce.Job:  map 76% reduce 23%
2022-04-24 15:50:26,990 INFO mapreduce.Job:  map 78% reduce 23%
2022-04-24 15:50:32,012 INFO mapreduce.Job:  map 78% reduce 26%
2022-04-24 15:50:35,025 INFO mapreduce.Job:  map 79% reduce 26%
2022-04-24 15:50:37,032 INFO mapreduce.Job:  map 80% reduce 26%
2022-04-24 15:50:38,036 INFO mapreduce.Job:  map 80% reduce 27%
2022-04-24 15:50:44,059 INFO mapreduce.Job:  map 82% reduce 27%
2022-04-24 15:50:46,066 INFO mapreduce.Job:  map 83% reduce 27%
2022-04-24 15:50:50,046 INFO mapreduce.Job:  map 83% reduce 28%
2022-04-24 15:50:53,060 INFO mapreduce.Job:  map 84% reduce 28%
2022-04-24 15:50:56,071 INFO mapreduce.Job:  map 86% reduce 28%
2022-04-24 15:51:02,104 INFO mapreduce.Job:  map 86% reduce 29%
2022-04-24 15:51:03,115 INFO mapreduce.Job:  map 87% reduce 29%
2022-04-24 15:51:07,143 INFO mapreduce.Job:  map 88% reduce 29%
2022-04-24 15:51:13,168 INFO mapreduce.Job:  map 89% reduce 29%
2022-04-24 15:51:16,184 INFO mapreduce.Job:  map 91% reduce 29%
2022-04-24 15:51:20,164 INFO mapreduce.Job:  map 91% reduce 30%
2022-04-24 15:51:22,174 INFO mapreduce.Job:  map 92% reduce 30%
2022-04-24 15:51:26,193 INFO mapreduce.Job:  map 92% reduce 31%
2022-04-24 15:51:27,197 INFO mapreduce.Job:  map 93% reduce 31%
2022-04-24 15:51:32,225 INFO mapreduce.Job:  map 95% reduce 31%
2022-04-24 15:51:37,248 INFO mapreduce.Job:  map 96% reduce 31%
2022-04-24 15:51:38,251 INFO mapreduce.Job:  map 96% reduce 32%
2022-04-24 15:51:42,264 INFO mapreduce.Job:  map 97% reduce 32%
2022-04-24 15:51:43,271 INFO mapreduce.Job:  map 99% reduce 32%
2022-04-24 15:51:49,261 INFO mapreduce.Job:  map 100% reduce 32%
2022-04-24 15:51:50,266 INFO mapreduce.Job:  map 100% reduce 67%
2022-04-24 15:51:56,365 INFO mapreduce.Job:  map 100% reduce 69%
2022-04-24 15:52:02,393 INFO mapreduce.Job:  map 100% reduce 71%
2022-04-24 15:52:08,428 INFO mapreduce.Job:  map 100% reduce 74%
2022-04-24 15:52:14,461 INFO mapreduce.Job:  map 100% reduce 76%
2022-04-24 15:52:20,448 INFO mapreduce.Job:  map 100% reduce 78%
2022-04-24 15:52:26,471 INFO mapreduce.Job:  map 100% reduce 80%
2022-04-24 15:52:32,498 INFO mapreduce.Job:  map 100% reduce 82%
2022-04-24 15:52:38,522 INFO mapreduce.Job:  map 100% reduce 85%
2022-04-24 15:52:44,555 INFO mapreduce.Job:  map 100% reduce 87%
2022-04-24 15:52:50,541 INFO mapreduce.Job:  map 100% reduce 89%
2022-04-24 15:52:56,562 INFO mapreduce.Job:  map 100% reduce 91%
2022-04-24 15:53:02,580 INFO mapreduce.Job:  map 100% reduce 93%
2022-04-24 15:53:08,599 INFO mapreduce.Job:  map 100% reduce 96%
2022-04-24 15:53:14,620 INFO mapreduce.Job:  map 100% reduce 98%
2022-04-24 15:53:18,603 INFO mapreduce.Job:  map 100% reduce 100%
2022-04-24 15:53:19,618 INFO mapreduce.Job: Job job_1650809992477_0009 completed successfully
2022-04-24 15:53:19,809 INFO mapreduce.Job: Counters: 55
	File System Counters
		FILE: Number of bytes read=5465381167
		FILE: Number of bytes written=10985577149
		FILE: Number of read operations=0
		FILE: Number of large read operations=0
		FILE: Number of write operations=0
		HDFS: Number of bytes read=10000010336
		HDFS: Number of bytes written=10000000000
		HDFS: Number of read operations=233
		HDFS: Number of large read operations=0
		HDFS: Number of write operations=2
		HDFS: Number of bytes read erasure-coded=0
	Job Counters
		Killed map tasks=1
		Launched map tasks=76
		Launched reduce tasks=1
		Rack-local map tasks=76
		Total time spent by all maps in occupied slots (ms)=1237080
		Total time spent by all reduces in occupied slots (ms)=189133
		Total time spent by all map tasks (ms)=618540
		Total time spent by all reduce tasks (ms)=189133
		Total vcore-milliseconds taken by all map tasks=618540
		Total vcore-milliseconds taken by all reduce tasks=189133
		Total megabyte-milliseconds taken by all map tasks=1266769920
		Total megabyte-milliseconds taken by all reduce tasks=193672192
	Map-Reduce Framework
		Map input records=100000000
		Map output records=100000000
		Map output bytes=10200000000
		Map output materialized bytes=5502468877
		Input split bytes=10336
		Combine input records=0
		Combine output records=0
		Reduce input groups=100000000
		Reduce shuffle bytes=5502468877
		Reduce input records=100000000
		Reduce output records=100000000
		Spilled Records=199321120
		Shuffled Maps =76
		Failed Shuffles=0
		Merged Map outputs=76
		GC time elapsed (ms)=6022
		CPU time spent (ms)=542270
		Physical memory (bytes) snapshot=35547025408
		Virtual memory (bytes) snapshot=271545843712
		Total committed heap usage (bytes)=31907643392
		Peak Map Physical memory (bytes)=476450816
		Peak Map Virtual memory (bytes)=3543535616
		Peak Reduce Physical memory (bytes)=561852416
		Peak Reduce Virtual memory (bytes)=2682806272
	Shuffle Errors
		BAD_ID=0
		CONNECTION=0
		IO_ERROR=0
		WRONG_LENGTH=0
		WRONG_MAP=0
		WRONG_REDUCE=0
	File Input Format Counters
		Bytes Read=10000000000
	File Output Format Counters
		Bytes Written=10000000000
2022-04-24 15:53:19,811 INFO terasort.TeraSort: done
	Command being timed: "hadoop jar hadoop-mapreduce-examples-3.2.1.jar terasort -D mapreduce.map.log.level=INFO -D mapreduce.reduce.log.level=INFO -D yarn.app.mapreduce.am.log.level=INFO -D yarn.nodemanager.resource.detect-hardware-capabilities=true -D yarn.nodemanager.resource.memory-mb=-1 -D mapreduce.task.io.sort.mb=256 -D mapreduce.task.io.sort.factor=400 -D mapreduce.map.sort.spill.percent=1.0 -D mapreduce.map.combine.minspills=3 -D mapreduce.map.output.compress=true -D mapreduce.map.output.compress.codec=org.apache.hadoop.io.compress.Lz4Codec -D mapreduce.shuffle.max.threads=1 -D mapreduce.reduce.shuffle.parallelcopies=20 -D mapreduce.reduce.shuffle.maxfetchfailures=10 -D mapreduce.reduce.shuffle.input.buffer.percent=0.7 -D mapreduce.reduce.shuffle.merge.percent=0.66 -D mapreduce.reduce.merge.inmem.threshold=2000 -D mapreduce.reduce.input.buffer.percent=0.8 -D dfs.blocksize=335544320 -D dfs.replication=1 -D mapreduce.output.fileoutputformat.compress=true -D mapreduce.output.fileoutputformat.compress.codec=org.apache.hadoop.io.compress.Lz4Codec -D mapreduce.output.fileoutputformat.compress.type=BLOCK -D mapreduce.map.memory.mb=2048 -D mapreduce.job.reduce.slowstart.completedmaps=0.7 -D io.file.buffer.size=131072 /user/root/terasort/10G-terasort-input /user/root/terasort/10G-terasort-output"
	User time (seconds): 6.55
	System time (seconds): 3.49
	Percent of CPU this job got: 2%
	Elapsed (wall clock) time (h:mm:ss or m:ss): 6:42.47
	Average shared text size (kbytes): 0
	Average unshared data size (kbytes): 0
	Average stack size (kbytes): 0
	Average total size (kbytes): 0
	Maximum resident set size (kbytes): 287348
	Average resident set size (kbytes): 0
	Major (requiring I/O) page faults: 184
	Minor (reclaiming a frame) page faults: 85742
	Voluntary context switches: 22402
	Involuntary context switches: 5336
	Swaps: 0
	File system inputs: 4232
	File system outputs: 3480
	Socket messages sent: 0
	Socket messages received: 0
	Signals delivered: 0
	Page size (bytes): 4096
	Exit status: 0