2022-04-23 16:30:09,925 INFO client.RMProxy: Connecting to ResourceManager at resourcemanager/172.27.0.6:8032
2022-04-23 16:30:10,331 INFO client.AHSProxy: Connecting to Application History server at historyserver/172.27.0.7:10200
2022-04-23 16:30:11,384 INFO conf.Configuration: resource-types.xml not found
2022-04-23 16:30:11,385 INFO resource.ResourceUtils: Unable to find 'resource-types.xml'.
Deleted /user/root/terasort/10G-terasort-input
2022-04-23 16:30:16,702 INFO client.RMProxy: Connecting to ResourceManager at resourcemanager/172.27.0.6:8032
2022-04-23 16:30:16,975 INFO client.AHSProxy: Connecting to Application History server at historyserver/172.27.0.7:10200
2022-04-23 16:30:17,277 INFO mapreduce.JobResourceUploader: Disabling Erasure Coding for path: /tmp/hadoop-yarn/staging/root/.staging/job_1650731105851_0002
2022-04-23 16:30:17,434 INFO sasl.SaslDataTransferClient: SASL encryption trust check: localHostTrusted = false, remoteHostTrusted = false
2022-04-23 16:30:17,551 INFO terasort.TeraGen: Generating 100000000 using 2
2022-04-23 16:30:17,584 INFO sasl.SaslDataTransferClient: SASL encryption trust check: localHostTrusted = false, remoteHostTrusted = false
2022-04-23 16:30:17,671 INFO sasl.SaslDataTransferClient: SASL encryption trust check: localHostTrusted = false, remoteHostTrusted = false
2022-04-23 16:30:17,680 INFO mapreduce.JobSubmitter: number of splits:2
2022-04-23 16:30:17,858 INFO sasl.SaslDataTransferClient: SASL encryption trust check: localHostTrusted = false, remoteHostTrusted = false
2022-04-23 16:30:17,877 INFO mapreduce.JobSubmitter: Submitting tokens for job: job_1650731105851_0002
2022-04-23 16:30:17,877 INFO mapreduce.JobSubmitter: Executing with tokens: []
2022-04-23 16:30:18,116 INFO conf.Configuration: resource-types.xml not found
2022-04-23 16:30:18,116 INFO resource.ResourceUtils: Unable to find 'resource-types.xml'.
2022-04-23 16:30:18,432 INFO impl.YarnClientImpl: Submitted application application_1650731105851_0002
2022-04-23 16:30:18,495 INFO mapreduce.Job: The url to track the job: http://resourcemanager:8088/proxy/application_1650731105851_0002/
2022-04-23 16:30:18,497 INFO mapreduce.Job: Running job: job_1650731105851_0002
2022-04-23 16:30:26,618 INFO mapreduce.Job: Job job_1650731105851_0002 running in uber mode : false
2022-04-23 16:30:26,621 INFO mapreduce.Job:  map 0% reduce 0%
2022-04-23 16:30:43,786 INFO mapreduce.Job:  map 15% reduce 0%
2022-04-23 16:30:44,795 INFO mapreduce.Job:  map 29% reduce 0%
2022-04-23 16:30:49,821 INFO mapreduce.Job:  map 37% reduce 0%
2022-04-23 16:30:50,826 INFO mapreduce.Job:  map 44% reduce 0%
2022-04-23 16:30:55,850 INFO mapreduce.Job:  map 52% reduce 0%
2022-04-23 16:30:56,855 INFO mapreduce.Job:  map 60% reduce 0%
2022-04-23 16:31:01,891 INFO mapreduce.Job:  map 69% reduce 0%
2022-04-23 16:31:02,896 INFO mapreduce.Job:  map 77% reduce 0%
2022-04-23 16:31:07,937 INFO mapreduce.Job:  map 84% reduce 0%
2022-04-23 16:31:08,944 INFO mapreduce.Job:  map 92% reduce 0%
2022-04-23 16:31:10,941 INFO mapreduce.Job:  map 96% reduce 0%
2022-04-23 16:31:11,950 INFO mapreduce.Job:  map 100% reduce 0%
2022-04-23 16:31:11,962 INFO mapreduce.Job: Job job_1650731105851_0002 completed successfully
2022-04-23 16:31:12,101 INFO mapreduce.Job: Counters: 34
	File System Counters
		FILE: Number of bytes read=0
		FILE: Number of bytes written=457554
		FILE: Number of read operations=0
		FILE: Number of large read operations=0
		FILE: Number of write operations=0
		HDFS: Number of bytes read=170
		HDFS: Number of bytes written=10000000000
		HDFS: Number of read operations=12
		HDFS: Number of large read operations=0
		HDFS: Number of write operations=4
		HDFS: Number of bytes read erasure-coded=0
	Job Counters
		Launched map tasks=2
		Other local map tasks=2
		Total time spent by all maps in occupied slots (ms)=84118
		Total time spent by all reduces in occupied slots (ms)=0
		Total time spent by all map tasks (ms)=84118
		Total vcore-milliseconds taken by all map tasks=84118
		Total megabyte-milliseconds taken by all map tasks=86136832
	Map-Reduce Framework
		Map input records=100000000
		Map output records=100000000
		Input split bytes=170
		Spilled Records=0
		Failed Shuffles=0
		Merged Map outputs=0
		GC time elapsed (ms)=414
		CPU time spent (ms)=105410
		Physical memory (bytes) snapshot=804773888
		Virtual memory (bytes) snapshot=5301420032
		Total committed heap usage (bytes)=643301376
		Peak Map Physical memory (bytes)=407437312
		Peak Map Virtual memory (bytes)=2654097408
	org.apache.hadoop.examples.terasort.TeraGen$Counters
		CHECKSUM=214760662691937609
	File Input Format Counters
		Bytes Read=0
	File Output Format Counters
		Bytes Written=10000000000
	Command being timed: "hadoop jar hadoop-mapreduce-examples-3.2.1.jar teragen -D mapreduce.map.log.level=INFO -D mapreduce.reduce.log.level=INFO -D yarn.app.mapreduce.am.log.level=INFO -D mapreduce.task.io.sort.mb=2048 -D mapreduce.task.io.sort.factor=100 -D mapreduce.map.sort.spill.percent=1.0 -D mapreduce.map.combine.minspills=3 -D mapreduce.map.output.compress=true -D mapreduce.map.output.compress.codec=org.apache.hadoop.io.compress.SnappyCodec -D mapreduce.shuffle.max.threads=0 -D mapreduce.reduce.shuffle.parallelcopies=30 -D mapreduce.reduce.shuffle.maxfetchfailures=5 -D mapreduce.reduce.shuffle.input.buffer.percent=0.70 -D mapreduce.reduce.shuffle.merge.percent=0.66 -D mapreduce.reduce.merge.inmem.threshold=1000 -D mapreduce.reduce.input.buffer.percent=0.0 -D dfs.blocksize=134217728 -D dfs.replication=1 -D mapreduce.output.fileoutputformat.compress=true -D mapreduce.output.fileoutputformat.compress.codec=org.apache.hadoop.io.compress.GzipCodec -D mapreduce.output.fileoutputformat.compress.type=BLOCK 100000000 /user/root/terasort/10G-terasort-input"
	User time (seconds): 4.30
	System time (seconds): 2.31
	Percent of CPU this job got: 11%
	Elapsed (wall clock) time (h:mm:ss or m:ss): 0:58.07
	Average shared text size (kbytes): 0
	Average unshared data size (kbytes): 0
	Average stack size (kbytes): 0
	Average total size (kbytes): 0
	Maximum resident set size (kbytes): 231796
	Average resident set size (kbytes): 0
	Major (requiring I/O) page faults: 63
	Minor (reclaiming a frame) page faults: 60861
	Voluntary context switches: 5971
	Involuntary context switches: 1865
	Swaps: 0
	File system inputs: 560
	File system outputs: 2552
	Socket messages sent: 0
	Socket messages received: 0
	Signals delivered: 0
	Page size (bytes): 4096
	Exit status: 0