2022-04-22 17:21:58,274 INFO client.RMProxy: Connecting to ResourceManager at resourcemanager/172.25.0.8:8032
2022-04-22 17:21:58,619 INFO client.AHSProxy: Connecting to Application History server at historyserver/172.25.0.7:10200
2022-04-22 17:21:59,487 INFO conf.Configuration: resource-types.xml not found
2022-04-22 17:21:59,488 INFO resource.ResourceUtils: Unable to find 'resource-types.xml'.
Deleted /user/root/terasort/10G-terasort-output
2022-04-22 17:22:03,436 INFO terasort.TeraSort: starting
2022-04-22 17:22:04,726 INFO input.FileInputFormat: Total input files to process : 2
Spent 243ms computing base-splits.
Spent 6ms computing TeraScheduler splits.
Computing input splits took 250ms
Sampling 10 splits of 150
2022-04-22 17:22:04,823 INFO sasl.SaslDataTransferClient: SASL encryption trust check: localHostTrusted = false, remoteHostTrusted = false
2022-04-22 17:22:04,823 INFO sasl.SaslDataTransferClient: SASL encryption trust check: localHostTrusted = false, remoteHostTrusted = false
2022-04-22 17:22:04,823 INFO sasl.SaslDataTransferClient: SASL encryption trust check: localHostTrusted = false, remoteHostTrusted = false
2022-04-22 17:22:04,823 INFO sasl.SaslDataTransferClient: SASL encryption trust check: localHostTrusted = false, remoteHostTrusted = false
2022-04-22 17:22:04,824 INFO sasl.SaslDataTransferClient: SASL encryption trust check: localHostTrusted = false, remoteHostTrusted = false
2022-04-22 17:22:04,823 INFO sasl.SaslDataTransferClient: SASL encryption trust check: localHostTrusted = false, remoteHostTrusted = false
2022-04-22 17:22:04,823 INFO sasl.SaslDataTransferClient: SASL encryption trust check: localHostTrusted = false, remoteHostTrusted = false
2022-04-22 17:22:04,823 INFO sasl.SaslDataTransferClient: SASL encryption trust check: localHostTrusted = false, remoteHostTrusted = false
2022-04-22 17:22:04,824 INFO sasl.SaslDataTransferClient: SASL encryption trust check: localHostTrusted = false, remoteHostTrusted = false
2022-04-22 17:22:04,823 INFO sasl.SaslDataTransferClient: SASL encryption trust check: localHostTrusted = false, remoteHostTrusted = false
Making 1 from 100000 sampled records
Computing parititions took 394ms
Spent 648ms computing partitions.
2022-04-22 17:22:05,444 INFO client.RMProxy: Connecting to ResourceManager at resourcemanager/172.25.0.8:8032
2022-04-22 17:22:05,693 INFO client.AHSProxy: Connecting to Application History server at historyserver/172.25.0.7:10200
2022-04-22 17:22:05,840 INFO mapreduce.JobResourceUploader: Disabling Erasure Coding for path: /tmp/hadoop-yarn/staging/root/.staging/job_1650646695465_0005
2022-04-22 17:22:05,915 INFO sasl.SaslDataTransferClient: SASL encryption trust check: localHostTrusted = false, remoteHostTrusted = false
2022-04-22 17:22:06,013 INFO sasl.SaslDataTransferClient: SASL encryption trust check: localHostTrusted = false, remoteHostTrusted = false
2022-04-22 17:22:06,068 INFO sasl.SaslDataTransferClient: SASL encryption trust check: localHostTrusted = false, remoteHostTrusted = false
2022-04-22 17:22:06,079 INFO mapreduce.JobSubmitter: number of splits:150
2022-04-22 17:22:06,268 INFO sasl.SaslDataTransferClient: SASL encryption trust check: localHostTrusted = false, remoteHostTrusted = false
2022-04-22 17:22:06,281 INFO mapreduce.JobSubmitter: Submitting tokens for job: job_1650646695465_0005
2022-04-22 17:22:06,281 INFO mapreduce.JobSubmitter: Executing with tokens: []
2022-04-22 17:22:06,538 INFO conf.Configuration: resource-types.xml not found
2022-04-22 17:22:06,538 INFO resource.ResourceUtils: Unable to find 'resource-types.xml'.
2022-04-22 17:22:06,850 INFO impl.YarnClientImpl: Submitted application application_1650646695465_0005
2022-04-22 17:22:06,918 INFO mapreduce.Job: The url to track the job: http://resourcemanager:8088/proxy/application_1650646695465_0005/
2022-04-22 17:22:06,919 INFO mapreduce.Job: Running job: job_1650646695465_0005
2022-04-22 17:22:15,049 INFO mapreduce.Job: Job job_1650646695465_0005 running in uber mode : false
2022-04-22 17:22:15,052 INFO mapreduce.Job:  map 0% reduce 0%
2022-04-22 17:22:25,194 INFO mapreduce.Job:  map 1% reduce 0%
2022-04-22 17:22:27,207 INFO mapreduce.Job:  map 2% reduce 0%
2022-04-22 17:22:28,220 INFO mapreduce.Job:  map 3% reduce 0%
2022-04-22 17:22:31,247 INFO mapreduce.Job:  map 4% reduce 0%
2022-04-22 17:22:35,274 INFO mapreduce.Job:  map 5% reduce 0%
2022-04-22 17:22:37,302 INFO mapreduce.Job:  map 6% reduce 0%
2022-04-22 17:22:39,283 INFO mapreduce.Job:  map 7% reduce 0%
2022-04-22 17:22:41,297 INFO mapreduce.Job:  map 8% reduce 0%
2022-04-22 17:22:45,321 INFO mapreduce.Job:  map 9% reduce 0%
2022-04-22 17:22:47,335 INFO mapreduce.Job:  map 10% reduce 0%
2022-04-22 17:22:49,346 INFO mapreduce.Job:  map 11% reduce 0%
2022-04-22 17:22:51,360 INFO mapreduce.Job:  map 12% reduce 0%
2022-04-22 17:22:55,389 INFO mapreduce.Job:  map 13% reduce 0%
2022-04-22 17:22:57,405 INFO mapreduce.Job:  map 14% reduce 0%
2022-04-22 17:22:59,422 INFO mapreduce.Job:  map 15% reduce 0%
2022-04-22 17:23:03,448 INFO mapreduce.Job:  map 16% reduce 0%
2022-04-22 17:23:04,455 INFO mapreduce.Job:  map 17% reduce 0%
2022-04-22 17:23:07,491 INFO mapreduce.Job:  map 18% reduce 0%
2022-04-22 17:23:09,467 INFO mapreduce.Job:  map 19% reduce 0%
2022-04-22 17:23:14,896 INFO mapreduce.Job:  map 20% reduce 0%
2022-04-22 17:23:16,917 INFO mapreduce.Job:  map 21% reduce 0%
2022-04-22 17:23:21,035 INFO mapreduce.Job:  map 23% reduce 0%
2022-04-22 17:23:24,079 INFO mapreduce.Job:  map 23% reduce 4%
2022-04-22 17:23:29,430 INFO mapreduce.Job:  map 25% reduce 6%
2022-04-22 17:23:32,504 INFO mapreduce.Job:  map 26% reduce 6%
2022-04-22 17:23:35,640 INFO mapreduce.Job:  map 26% reduce 8%
2022-04-22 17:24:31,819 INFO mapreduce.Job:  map 26% reduce 9%
2022-04-22 17:24:32,834 INFO mapreduce.Job:  map 28% reduce 9%
2022-04-22 17:24:35,861 INFO mapreduce.Job:  map 29% reduce 9%
2022-04-22 17:24:37,875 INFO mapreduce.Job:  map 29% reduce 10%
2022-04-22 17:24:41,907 INFO mapreduce.Job:  map 30% reduce 10%
2022-04-22 17:24:43,038 INFO mapreduce.Job:  map 31% reduce 10%
2022-04-22 17:24:46,059 INFO mapreduce.Job:  map 32% reduce 10%
2022-04-22 17:24:48,076 INFO mapreduce.Job:  map 33% reduce 10%
2022-04-22 17:24:50,349 INFO mapreduce.Job:  map 33% reduce 11%
2022-04-22 17:24:52,375 INFO mapreduce.Job:  map 34% reduce 11%
2022-04-22 17:24:53,408 INFO mapreduce.Job:  map 35% reduce 11%
2022-04-22 17:24:56,438 INFO mapreduce.Job:  map 35% reduce 12%
2022-04-22 17:24:57,454 INFO mapreduce.Job:  map 36% reduce 12%
2022-04-22 17:25:00,367 INFO mapreduce.Job:  map 37% reduce 12%
2022-04-22 17:25:02,744 INFO mapreduce.Job:  map 38% reduce 12%
2022-04-22 17:25:04,759 INFO mapreduce.Job:  map 39% reduce 12%
2022-04-22 17:25:08,790 INFO mapreduce.Job:  map 40% reduce 13%
2022-04-22 17:25:11,825 INFO mapreduce.Job:  map 41% reduce 13%
2022-04-22 17:25:13,962 INFO mapreduce.Job:  map 41% reduce 14%
2022-04-22 17:25:14,970 INFO mapreduce.Job:  map 42% reduce 14%
2022-04-22 17:25:15,980 INFO mapreduce.Job:  map 43% reduce 14%
2022-04-22 17:25:21,011 INFO mapreduce.Job:  map 44% reduce 14%
2022-04-22 17:25:23,033 INFO mapreduce.Job:  map 45% reduce 14%
2022-04-22 17:25:26,085 INFO mapreduce.Job:  map 46% reduce 15%
2022-04-22 17:25:27,091 INFO mapreduce.Job:  map 47% reduce 15%
2022-04-22 17:25:32,103 INFO mapreduce.Job:  map 48% reduce 16%
2022-04-22 17:25:33,110 INFO mapreduce.Job:  map 49% reduce 16%
2022-04-22 17:25:37,136 INFO mapreduce.Job:  map 50% reduce 16%
2022-04-22 17:25:38,147 INFO mapreduce.Job:  map 50% reduce 17%
2022-04-22 17:25:39,166 INFO mapreduce.Job:  map 51% reduce 17%
2022-04-22 17:25:42,192 INFO mapreduce.Job:  map 52% reduce 17%
2022-04-22 17:25:45,214 INFO mapreduce.Job:  map 53% reduce 17%
2022-04-22 17:25:49,248 INFO mapreduce.Job:  map 54% reduce 17%
2022-04-22 17:25:50,257 INFO mapreduce.Job:  map 54% reduce 18%
2022-04-22 17:25:51,264 INFO mapreduce.Job:  map 55% reduce 18%
2022-04-22 17:25:54,304 INFO mapreduce.Job:  map 56% reduce 18%
2022-04-22 17:25:55,310 INFO mapreduce.Job:  map 57% reduce 18%
2022-04-22 17:25:56,321 INFO mapreduce.Job:  map 57% reduce 19%
2022-04-22 17:26:00,311 INFO mapreduce.Job:  map 58% reduce 19%
2022-04-22 17:26:02,328 INFO mapreduce.Job:  map 59% reduce 19%
2022-04-22 17:26:05,351 INFO mapreduce.Job:  map 60% reduce 19%
2022-04-22 17:26:07,363 INFO mapreduce.Job:  map 61% reduce 19%
2022-04-22 17:26:08,368 INFO mapreduce.Job:  map 61% reduce 20%
2022-04-22 17:26:12,387 INFO mapreduce.Job:  map 62% reduce 20%
2022-04-22 17:26:13,392 INFO mapreduce.Job:  map 63% reduce 20%
2022-04-22 17:26:14,396 INFO mapreduce.Job:  map 63% reduce 21%
2022-04-22 17:26:16,407 INFO mapreduce.Job:  map 64% reduce 21%
2022-04-22 17:26:20,451 INFO mapreduce.Job:  map 65% reduce 21%
2022-04-22 17:26:22,461 INFO mapreduce.Job:  map 66% reduce 21%
2022-04-22 17:26:23,466 INFO mapreduce.Job:  map 67% reduce 21%
2022-04-22 17:26:26,482 INFO mapreduce.Job:  map 67% reduce 22%
2022-04-22 17:26:30,466 INFO mapreduce.Job:  map 69% reduce 22%
2022-04-22 17:26:32,478 INFO mapreduce.Job:  map 69% reduce 23%
2022-04-22 17:26:33,483 INFO mapreduce.Job:  map 70% reduce 23%
2022-04-22 17:26:36,496 INFO mapreduce.Job:  map 71% reduce 23%
2022-04-22 17:26:38,505 INFO mapreduce.Job:  map 71% reduce 24%
2022-04-22 17:26:40,524 INFO mapreduce.Job:  map 72% reduce 24%
2022-04-22 17:26:41,532 INFO mapreduce.Job:  map 73% reduce 24%
2022-04-22 17:26:46,557 INFO mapreduce.Job:  map 74% reduce 24%
2022-04-22 17:26:49,571 INFO mapreduce.Job:  map 75% reduce 24%
2022-04-22 17:26:50,576 INFO mapreduce.Job:  map 76% reduce 25%
2022-04-22 17:26:53,591 INFO mapreduce.Job:  map 77% reduce 25%
2022-04-22 17:26:56,602 INFO mapreduce.Job:  map 77% reduce 26%
2022-04-22 17:26:58,615 INFO mapreduce.Job:  map 78% reduce 26%
2022-04-22 17:26:59,623 INFO mapreduce.Job:  map 79% reduce 26%
2022-04-22 17:27:06,629 INFO mapreduce.Job:  map 80% reduce 26%
2022-04-22 17:27:08,707 INFO mapreduce.Job:  map 81% reduce 27%
2022-04-22 17:27:10,720 INFO mapreduce.Job:  map 82% reduce 27%
2022-04-22 17:27:11,725 INFO mapreduce.Job:  map 83% reduce 27%
2022-04-22 17:27:14,743 INFO mapreduce.Job:  map 83% reduce 28%
2022-04-22 17:27:19,765 INFO mapreduce.Job:  map 85% reduce 28%
2022-04-22 17:27:22,784 INFO mapreduce.Job:  map 86% reduce 28%
2022-04-22 17:27:26,803 INFO mapreduce.Job:  map 86% reduce 29%
2022-04-22 17:27:33,921 INFO mapreduce.Job:  map 87% reduce 29%
2022-04-22 17:27:36,175 INFO mapreduce.Job:  map 88% reduce 29%
2022-04-22 17:27:36,177 INFO mapreduce.Job: Task Id : attempt_1650646695465_0005_r_000000_0, Status : FAILED
[2022-04-22 17:27:34.328]Container killed on request. Exit code is 137
[2022-04-22 17:27:34.332]Container exited with a non-zero exit code 137.
[2022-04-22 17:27:34.336]Killed by external signal

2022-04-22 17:27:37,309 INFO mapreduce.Job:  map 89% reduce 0%
2022-04-22 17:27:45,371 INFO mapreduce.Job:  map 91% reduce 0%
2022-04-22 17:27:46,376 INFO mapreduce.Job:  map 92% reduce 0%
2022-04-22 17:27:48,392 INFO mapreduce.Job:  map 93% reduce 0%
2022-04-22 17:27:57,773 INFO mapreduce.Job:  map 95% reduce 0%
2022-04-22 17:27:58,786 INFO mapreduce.Job:  map 95% reduce 4%
2022-04-22 17:28:00,773 INFO mapreduce.Job:  map 96% reduce 4%
2022-04-22 17:28:04,798 INFO mapreduce.Job:  map 96% reduce 7%
2022-04-22 17:28:26,392 INFO mapreduce.Job:  map 97% reduce 7%
2022-04-22 17:28:27,400 INFO mapreduce.Job:  map 98% reduce 7%
2022-04-22 17:28:28,404 INFO mapreduce.Job:  map 99% reduce 7%
2022-04-22 17:28:32,520 INFO mapreduce.Job:  map 99% reduce 10%
2022-04-22 17:28:33,525 INFO mapreduce.Job:  map 100% reduce 10%
2022-04-22 17:28:37,665 INFO mapreduce.Job:  map 100% reduce 14%
2022-04-22 17:28:43,691 INFO mapreduce.Job:  map 100% reduce 16%
2022-04-22 17:28:49,737 INFO mapreduce.Job:  map 100% reduce 20%
2022-04-22 17:28:56,009 INFO mapreduce.Job:  map 100% reduce 24%
2022-04-22 17:29:02,507 INFO mapreduce.Job:  map 100% reduce 27%
2022-04-22 17:29:08,741 INFO mapreduce.Job:  map 100% reduce 30%
2022-04-22 17:29:15,294 INFO mapreduce.Job:  map 100% reduce 32%
2022-04-22 17:29:20,844 INFO mapreduce.Job:  map 100% reduce 33%
2022-04-22 17:29:38,916 INFO mapreduce.Job:  map 100% reduce 36%
2022-04-22 17:29:45,267 INFO mapreduce.Job:  map 100% reduce 45%
2022-04-22 17:29:51,302 INFO mapreduce.Job:  map 100% reduce 54%
2022-04-22 17:29:57,358 INFO mapreduce.Job:  map 100% reduce 62%
2022-04-22 17:30:03,381 INFO mapreduce.Job:  map 100% reduce 68%
2022-04-22 17:30:09,421 INFO mapreduce.Job:  map 100% reduce 70%
2022-04-22 17:30:15,465 INFO mapreduce.Job:  map 100% reduce 72%
2022-04-22 17:30:21,517 INFO mapreduce.Job:  map 100% reduce 75%
2022-04-22 17:30:27,562 INFO mapreduce.Job:  map 100% reduce 77%
2022-04-22 17:30:32,553 INFO mapreduce.Job:  map 100% reduce 79%
2022-04-22 17:30:38,589 INFO mapreduce.Job:  map 100% reduce 82%
2022-04-22 17:30:44,625 INFO mapreduce.Job:  map 100% reduce 84%
2022-04-22 17:30:50,667 INFO mapreduce.Job:  map 100% reduce 86%
2022-04-22 17:30:56,728 INFO mapreduce.Job:  map 100% reduce 89%
2022-04-22 17:31:02,791 INFO mapreduce.Job:  map 100% reduce 91%
2022-04-22 17:31:08,855 INFO mapreduce.Job:  map 100% reduce 94%
2022-04-22 17:31:14,884 INFO mapreduce.Job:  map 100% reduce 96%
2022-04-22 17:31:20,933 INFO mapreduce.Job:  map 100% reduce 98%
2022-04-22 17:31:25,995 INFO mapreduce.Job:  map 100% reduce 100%
2022-04-22 17:31:27,027 INFO mapreduce.Job: Job job_1650646695465_0005 completed successfully
2022-04-22 17:31:27,439 INFO mapreduce.Job: Counters: 56
	File System Counters
		FILE: Number of bytes read=17449924706
		FILE: Number of bytes written=27884697266
		FILE: Number of read operations=0
		FILE: Number of large read operations=0
		FILE: Number of write operations=0
		HDFS: Number of bytes read=10000020400
		HDFS: Number of bytes written=10000000000
		HDFS: Number of read operations=455
		HDFS: Number of large read operations=0
		HDFS: Number of write operations=2
		HDFS: Number of bytes read erasure-coded=0
	Job Counters
		Failed reduce tasks=1
		Killed map tasks=1
		Launched map tasks=150
		Launched reduce tasks=2
		Rack-local map tasks=150
		Total time spent by all maps in occupied slots (ms)=1583079
		Total time spent by all reduces in occupied slots (ms)=492997
		Total time spent by all map tasks (ms)=1583079
		Total time spent by all reduce tasks (ms)=492997
		Total vcore-milliseconds taken by all map tasks=1583079
		Total vcore-milliseconds taken by all reduce tasks=492997
		Total megabyte-milliseconds taken by all map tasks=1621072896
		Total megabyte-milliseconds taken by all reduce tasks=504828928
	Map-Reduce Framework
		Map input records=100000000
		Map output records=100000000
		Map output bytes=10200000000
		Map output materialized bytes=10400000900
		Input split bytes=20400
		Combine input records=0
		Combine output records=0
		Reduce input groups=100000000
		Reduce shuffle bytes=10400000900
		Reduce input records=100000000
		Reduce output records=100000000
		Spilled Records=267787736
		Shuffled Maps =150
		Failed Shuffles=0
		Merged Map outputs=150
		GC time elapsed (ms)=16140
		CPU time spent (ms)=739630
		Physical memory (bytes) snapshot=43343618048
		Virtual memory (bytes) snapshot=399831080960
		Total committed heap usage (bytes)=36923506688
		Peak Map Physical memory (bytes)=310042624
		Peak Map Virtual memory (bytes)=2652798976
		Peak Reduce Physical memory (bytes)=867573760
		Peak Reduce Virtual memory (bytes)=2667687936
	Shuffle Errors
		BAD_ID=0
		CONNECTION=0
		IO_ERROR=0
		WRONG_LENGTH=0
		WRONG_MAP=0
		WRONG_REDUCE=0
	File Input Format Counters
		Bytes Read=10000000000
	File Output Format Counters
		Bytes Written=10000000000
2022-04-22 17:31:27,442 INFO terasort.TeraSort: done
	Command being timed: "hadoop jar hadoop-mapreduce-examples-3.2.1.jar terasort -D mapreduce.map.log.level=INFO -D mapreduce.reduce.log.level=INFO -D yarn.app.mapreduce.am.log.level=INFO -D yarn.nodemanager.resource.detect-hardware-capabilities=true -D yarn.nodemanager.resource.memory-mb=-1 -D mapreduce.task.io.sort.mb=100 -D mapreduce.task.io.sort.factor=10 -D mapreduce.map.sort.spill.percent=0.80 -D mapreduce.map.combine.minspills=3 -D mapreduce.map.output.compress=false -D mapreduce.map.output.compress=org.apache.hadoop.io.compress.DefaultCodec -D mapreduce.shuffle.max.threads=0 -D mapreduce.reduce.shuffle.parallelcopies=5 -D mapreduce.reduce.shuffle.maxfetchfailures=10 -D mapreduce.reduce.shuffle.input.buffer.percent=0.70 -D mapreduce.reduce.shuffle.merge.percent=0.66 -D mapreduce.reduce.merge.inmem.threshold=1000 -D mapreduce.reduce.input.buffer.percent=0.0 -D dfs.blocksize=67108864 /user/root/terasort/10G-terasort-input /user/root/terasort/10G-terasort-output"
	User time (seconds): 6.84
	System time (seconds): 10.52
	Percent of CPU this job got: 3%
	Elapsed (wall clock) time (h:mm:ss or m:ss): 9:25.35
	Average shared text size (kbytes): 0
	Average unshared data size (kbytes): 0
	Average stack size (kbytes): 0
	Average total size (kbytes): 0
	Maximum resident set size (kbytes): 286800
	Average resident set size (kbytes): 0
	Major (requiring I/O) page faults: 3083
	Minor (reclaiming a frame) page faults: 89230
	Voluntary context switches: 28893
	Involuntary context switches: 10618
	Swaps: 0
	File system inputs: 257592
	File system outputs: 9768
	Socket messages sent: 0
	Socket messages received: 0
	Signals delivered: 0
	Page size (bytes): 4096
	Exit status: 0