2022-04-22 14:13:13,890 INFO client.RMProxy: Connecting to ResourceManager at resourcemanager/172.20.0.7:8032
2022-04-22 14:13:14,038 INFO client.AHSProxy: Connecting to Application History server at historyserver/172.20.0.8:10200
2022-04-22 14:13:14,460 INFO conf.Configuration: resource-types.xml not found
2022-04-22 14:13:14,460 INFO resource.ResourceUtils: Unable to find 'resource-types.xml'.
Deleted /user/root/terasort/10G-terasort-output
2022-04-22 14:13:16,767 INFO terasort.TeraSort: starting
2022-04-22 14:13:17,356 INFO input.FileInputFormat: Total input files to process : 2
Spent 115ms computing base-splits.
Spent 4ms computing TeraScheduler splits.
Computing input splits took 119ms
Sampling 10 splits of 150
2022-04-22 14:13:17,417 INFO sasl.SaslDataTransferClient: SASL encryption trust check: localHostTrusted = false, remoteHostTrusted = false
2022-04-22 14:13:17,417 INFO sasl.SaslDataTransferClient: SASL encryption trust check: localHostTrusted = false, remoteHostTrusted = false
2022-04-22 14:13:17,417 INFO sasl.SaslDataTransferClient: SASL encryption trust check: localHostTrusted = false, remoteHostTrusted = false
2022-04-22 14:13:17,417 INFO sasl.SaslDataTransferClient: SASL encryption trust check: localHostTrusted = false, remoteHostTrusted = false
2022-04-22 14:13:17,417 INFO sasl.SaslDataTransferClient: SASL encryption trust check: localHostTrusted = false, remoteHostTrusted = false
2022-04-22 14:13:17,417 INFO sasl.SaslDataTransferClient: SASL encryption trust check: localHostTrusted = false, remoteHostTrusted = false
2022-04-22 14:13:17,417 INFO sasl.SaslDataTransferClient: SASL encryption trust check: localHostTrusted = false, remoteHostTrusted = false
2022-04-22 14:13:17,417 INFO sasl.SaslDataTransferClient: SASL encryption trust check: localHostTrusted = false, remoteHostTrusted = false
2022-04-22 14:13:17,417 INFO sasl.SaslDataTransferClient: SASL encryption trust check: localHostTrusted = false, remoteHostTrusted = false
2022-04-22 14:13:17,417 INFO sasl.SaslDataTransferClient: SASL encryption trust check: localHostTrusted = false, remoteHostTrusted = false
Making 1 from 100000 sampled records
Computing parititions took 311ms
Spent 432ms computing partitions.
2022-04-22 14:13:17,827 INFO client.RMProxy: Connecting to ResourceManager at resourcemanager/172.20.0.7:8032
2022-04-22 14:13:17,953 INFO client.AHSProxy: Connecting to Application History server at historyserver/172.20.0.8:10200
2022-04-22 14:13:18,042 INFO mapreduce.JobResourceUploader: Disabling Erasure Coding for path: /tmp/hadoop-yarn/staging/root/.staging/job_1650636741030_0001
2022-04-22 14:13:18,086 INFO sasl.SaslDataTransferClient: SASL encryption trust check: localHostTrusted = false, remoteHostTrusted = false
2022-04-22 14:13:18,563 INFO sasl.SaslDataTransferClient: SASL encryption trust check: localHostTrusted = false, remoteHostTrusted = false
2022-04-22 14:13:18,685 INFO sasl.SaslDataTransferClient: SASL encryption trust check: localHostTrusted = false, remoteHostTrusted = false
2022-04-22 14:13:18,694 INFO mapreduce.JobSubmitter: number of splits:150
2022-04-22 14:13:18,791 INFO sasl.SaslDataTransferClient: SASL encryption trust check: localHostTrusted = false, remoteHostTrusted = false
2022-04-22 14:13:18,806 INFO mapreduce.JobSubmitter: Submitting tokens for job: job_1650636741030_0001
2022-04-22 14:13:18,807 INFO mapreduce.JobSubmitter: Executing with tokens: []
2022-04-22 14:13:18,935 INFO conf.Configuration: resource-types.xml not found
2022-04-22 14:13:18,935 INFO resource.ResourceUtils: Unable to find 'resource-types.xml'.
2022-04-22 14:13:19,210 INFO impl.YarnClientImpl: Submitted application application_1650636741030_0001
2022-04-22 14:13:19,243 INFO mapreduce.Job: The url to track the job: http://resourcemanager:8088/proxy/application_1650636741030_0001/
2022-04-22 14:13:19,244 INFO mapreduce.Job: Running job: job_1650636741030_0001
2022-04-22 14:13:25,383 INFO mapreduce.Job: Job job_1650636741030_0001 running in uber mode : false
2022-04-22 14:13:25,384 INFO mapreduce.Job:  map 0% reduce 0%
2022-04-22 14:13:32,469 INFO mapreduce.Job:  map 1% reduce 0%
2022-04-22 14:13:35,474 INFO mapreduce.Job:  map 2% reduce 0%
2022-04-22 14:13:37,485 INFO mapreduce.Job:  map 3% reduce 0%
2022-04-22 14:13:39,503 INFO mapreduce.Job:  map 4% reduce 0%
2022-04-22 14:13:41,531 INFO mapreduce.Job:  map 5% reduce 0%
2022-04-22 14:13:43,549 INFO mapreduce.Job:  map 6% reduce 0%
2022-04-22 14:13:45,568 INFO mapreduce.Job:  map 7% reduce 0%
2022-04-22 14:13:47,582 INFO mapreduce.Job:  map 8% reduce 0%
2022-04-22 14:13:50,604 INFO mapreduce.Job:  map 9% reduce 0%
2022-04-22 14:13:52,626 INFO mapreduce.Job:  map 10% reduce 0%
2022-04-22 14:13:53,643 INFO mapreduce.Job:  map 11% reduce 0%
2022-04-22 14:13:56,685 INFO mapreduce.Job:  map 12% reduce 0%
2022-04-22 14:13:59,702 INFO mapreduce.Job:  map 13% reduce 0%
2022-04-22 14:14:01,714 INFO mapreduce.Job:  map 14% reduce 0%
2022-04-22 14:14:02,728 INFO mapreduce.Job:  map 15% reduce 0%
2022-04-22 14:14:05,739 INFO mapreduce.Job:  map 16% reduce 0%
2022-04-22 14:14:07,792 INFO mapreduce.Job:  map 17% reduce 0%
2022-04-22 14:14:10,857 INFO mapreduce.Job:  map 18% reduce 0%
2022-04-22 14:14:11,862 INFO mapreduce.Job:  map 19% reduce 0%
2022-04-22 14:14:13,878 INFO mapreduce.Job:  map 20% reduce 0%
2022-04-22 14:14:17,901 INFO mapreduce.Job:  map 21% reduce 0%
2022-04-22 14:14:20,970 INFO mapreduce.Job:  map 22% reduce 0%
2022-04-22 14:14:21,974 INFO mapreduce.Job:  map 23% reduce 0%
2022-04-22 14:14:24,993 INFO mapreduce.Job:  map 24% reduce 0%
2022-04-22 14:14:25,999 INFO mapreduce.Job:  map 24% reduce 4%
2022-04-22 14:14:29,022 INFO mapreduce.Job:  map 25% reduce 4%
2022-04-22 14:14:31,484 INFO mapreduce.Job:  map 27% reduce 6%
2022-04-22 14:14:37,636 INFO mapreduce.Job:  map 28% reduce 8%
2022-04-22 14:14:38,641 INFO mapreduce.Job:  map 29% reduce 8%
2022-04-22 14:14:40,674 INFO mapreduce.Job:  map 30% reduce 8%
2022-04-22 14:14:42,686 INFO mapreduce.Job:  map 31% reduce 8%
2022-04-22 14:14:43,693 INFO mapreduce.Job:  map 31% reduce 10%
2022-04-22 14:14:46,719 INFO mapreduce.Job:  map 33% reduce 10%
2022-04-22 14:14:49,734 INFO mapreduce.Job:  map 34% reduce 11%
2022-04-22 14:14:53,767 INFO mapreduce.Job:  map 35% reduce 11%
2022-04-22 14:14:54,792 INFO mapreduce.Job:  map 36% reduce 11%
2022-04-22 14:14:55,797 INFO mapreduce.Job:  map 37% reduce 12%
2022-04-22 14:14:59,814 INFO mapreduce.Job:  map 38% reduce 12%
2022-04-22 14:15:01,827 INFO mapreduce.Job:  map 39% reduce 13%
2022-04-22 14:15:02,845 INFO mapreduce.Job:  map 40% reduce 13%
2022-04-22 14:15:04,845 INFO mapreduce.Job:  map 41% reduce 13%
2022-04-22 14:15:07,868 INFO mapreduce.Job:  map 41% reduce 14%
2022-04-22 14:15:09,880 INFO mapreduce.Job:  map 43% reduce 14%
2022-04-22 14:15:11,907 INFO mapreduce.Job:  map 44% reduce 14%
2022-04-22 14:15:13,917 INFO mapreduce.Job:  map 44% reduce 15%
2022-04-22 14:15:16,929 INFO mapreduce.Job:  map 45% reduce 15%
2022-04-22 14:15:17,933 INFO mapreduce.Job:  map 46% reduce 15%
2022-04-22 14:15:18,943 INFO mapreduce.Job:  map 47% reduce 15%
2022-04-22 14:15:19,949 INFO mapreduce.Job:  map 47% reduce 16%
2022-04-22 14:15:22,962 INFO mapreduce.Job:  map 48% reduce 16%
2022-04-22 14:15:23,971 INFO mapreduce.Job:  map 49% reduce 16%
2022-04-22 14:15:26,988 INFO mapreduce.Job:  map 50% reduce 16%
2022-04-22 14:15:27,996 INFO mapreduce.Job:  map 51% reduce 16%
2022-04-22 14:15:31,012 INFO mapreduce.Job:  map 52% reduce 16%
2022-04-22 14:15:32,019 INFO mapreduce.Job:  map 52% reduce 17%
2022-04-22 14:15:33,028 INFO mapreduce.Job:  map 53% reduce 17%
2022-04-22 14:15:36,027 INFO mapreduce.Job:  map 54% reduce 17%
2022-04-22 14:15:37,031 INFO mapreduce.Job:  map 55% reduce 17%
2022-04-22 14:15:38,037 INFO mapreduce.Job:  map 55% reduce 18%
2022-04-22 14:15:40,049 INFO mapreduce.Job:  map 56% reduce 18%
2022-04-22 14:15:43,065 INFO mapreduce.Job:  map 57% reduce 18%
2022-04-22 14:15:44,585 INFO mapreduce.Job:  map 57% reduce 19%
2022-04-22 14:15:45,683 INFO mapreduce.Job:  map 59% reduce 19%
2022-04-22 14:15:49,718 INFO mapreduce.Job:  map 59% reduce 20%
2022-04-22 14:15:50,722 INFO mapreduce.Job:  map 60% reduce 20%
2022-04-22 14:15:51,726 INFO mapreduce.Job:  map 61% reduce 20%
2022-04-22 14:15:54,741 INFO mapreduce.Job:  map 62% reduce 20%
2022-04-22 14:15:55,746 INFO mapreduce.Job:  map 63% reduce 21%
2022-04-22 14:15:58,761 INFO mapreduce.Job:  map 64% reduce 21%
2022-04-22 14:15:59,766 INFO mapreduce.Job:  map 65% reduce 21%
2022-04-22 14:16:01,777 INFO mapreduce.Job:  map 65% reduce 22%
2022-04-22 14:16:03,863 INFO mapreduce.Job:  map 66% reduce 22%
2022-04-22 14:16:05,874 INFO mapreduce.Job:  map 67% reduce 22%
2022-04-22 14:16:06,878 INFO mapreduce.Job:  map 68% reduce 22%
2022-04-22 14:16:07,883 INFO mapreduce.Job:  map 68% reduce 23%
2022-04-22 14:16:09,889 INFO mapreduce.Job:  map 69% reduce 23%
2022-04-22 14:16:13,908 INFO mapreduce.Job:  map 71% reduce 23%
2022-04-22 14:16:17,924 INFO mapreduce.Job:  map 72% reduce 23%
2022-04-22 14:16:18,928 INFO mapreduce.Job:  map 73% reduce 23%
2022-04-22 14:16:19,936 INFO mapreduce.Job:  map 73% reduce 24%
2022-04-22 14:16:20,943 INFO mapreduce.Job:  map 74% reduce 24%
2022-04-22 14:16:22,956 INFO mapreduce.Job:  map 75% reduce 24%
2022-04-22 14:16:25,971 INFO mapreduce.Job:  map 75% reduce 25%
2022-04-22 14:16:26,975 INFO mapreduce.Job:  map 77% reduce 25%
2022-04-22 14:16:30,993 INFO mapreduce.Job:  map 78% reduce 25%
2022-04-22 14:16:31,998 INFO mapreduce.Job:  map 78% reduce 26%
2022-04-22 14:16:33,992 INFO mapreduce.Job:  map 79% reduce 26%
2022-04-22 14:16:36,000 INFO mapreduce.Job:  map 80% reduce 26%
2022-04-22 14:16:38,008 INFO mapreduce.Job:  map 81% reduce 27%
2022-04-22 14:16:43,029 INFO mapreduce.Job:  map 83% reduce 27%
2022-04-22 14:16:47,050 INFO mapreduce.Job:  map 84% reduce 27%
2022-04-22 14:16:48,056 INFO mapreduce.Job:  map 85% reduce 27%
2022-04-22 14:16:50,064 INFO mapreduce.Job:  map 85% reduce 28%
2022-04-22 14:16:53,263 INFO mapreduce.Job:  map 87% reduce 28%
2022-04-22 14:16:55,272 INFO mapreduce.Job:  map 87% reduce 29%
2022-04-22 14:16:57,284 INFO mapreduce.Job:  map 88% reduce 29%
2022-04-22 14:16:59,296 INFO mapreduce.Job:  map 89% reduce 29%
2022-04-22 14:17:01,484 INFO mapreduce.Job:  map 90% reduce 30%
2022-04-22 14:17:04,477 INFO mapreduce.Job:  map 91% reduce 30%
2022-04-22 14:17:06,665 INFO mapreduce.Job:  map 92% reduce 30%
2022-04-22 14:17:07,670 INFO mapreduce.Job:  map 92% reduce 31%
2022-04-22 14:17:08,674 INFO mapreduce.Job:  map 93% reduce 31%
2022-04-22 14:17:12,718 INFO mapreduce.Job:  map 94% reduce 31%
2022-04-22 14:17:15,729 INFO mapreduce.Job:  map 95% reduce 31%
2022-04-22 14:17:17,737 INFO mapreduce.Job:  map 97% reduce 31%
2022-04-22 14:17:19,920 INFO mapreduce.Job:  map 97% reduce 32%
2022-04-22 14:17:24,339 INFO mapreduce.Job:  map 99% reduce 32%
2022-04-22 14:17:25,346 INFO mapreduce.Job:  map 100% reduce 33%
2022-04-22 14:17:31,814 INFO mapreduce.Job:  map 100% reduce 39%
2022-04-22 14:17:37,828 INFO mapreduce.Job:  map 100% reduce 48%
2022-04-22 14:17:43,849 INFO mapreduce.Job:  map 100% reduce 57%
2022-04-22 14:17:49,874 INFO mapreduce.Job:  map 100% reduce 66%
2022-04-22 14:17:55,930 INFO mapreduce.Job:  map 100% reduce 69%
2022-04-22 14:18:01,990 INFO mapreduce.Job:  map 100% reduce 71%
2022-04-22 14:18:07,986 INFO mapreduce.Job:  map 100% reduce 74%
2022-04-22 14:18:14,008 INFO mapreduce.Job:  map 100% reduce 76%
2022-04-22 14:18:20,025 INFO mapreduce.Job:  map 100% reduce 78%
2022-04-22 14:18:26,043 INFO mapreduce.Job:  map 100% reduce 81%
2022-04-22 14:18:32,073 INFO mapreduce.Job:  map 100% reduce 83%
2022-04-22 14:18:38,073 INFO mapreduce.Job:  map 100% reduce 86%
2022-04-22 14:18:44,091 INFO mapreduce.Job:  map 100% reduce 88%
2022-04-22 14:18:50,189 INFO mapreduce.Job:  map 100% reduce 91%
2022-04-22 14:18:56,224 INFO mapreduce.Job:  map 100% reduce 93%
2022-04-22 14:19:02,259 INFO mapreduce.Job:  map 100% reduce 96%
2022-04-22 14:19:08,261 INFO mapreduce.Job:  map 100% reduce 98%
2022-04-22 14:19:13,315 INFO mapreduce.Job:  map 100% reduce 100%
2022-04-22 14:19:13,329 INFO mapreduce.Job: Job job_1650636741030_0001 completed successfully
2022-04-22 14:19:13,724 INFO mapreduce.Job: Counters: 55
	File System Counters
		FILE: Number of bytes read=17100148780
		FILE: Number of bytes written=27534921340
		FILE: Number of read operations=0
		FILE: Number of large read operations=0
		FILE: Number of write operations=0
		HDFS: Number of bytes read=10000020400
		HDFS: Number of bytes written=10000000000
		HDFS: Number of read operations=455
		HDFS: Number of large read operations=0
		HDFS: Number of write operations=2
		HDFS: Number of bytes read erasure-coded=0
	Job Counters
		Killed map tasks=1
		Launched map tasks=150
		Launched reduce tasks=1
		Rack-local map tasks=150
		Total time spent by all maps in occupied slots (ms)=897648
		Total time spent by all reduces in occupied slots (ms)=302689
		Total time spent by all map tasks (ms)=897648
		Total time spent by all reduce tasks (ms)=302689
		Total vcore-milliseconds taken by all map tasks=897648
		Total vcore-milliseconds taken by all reduce tasks=302689
		Total megabyte-milliseconds taken by all map tasks=919191552
		Total megabyte-milliseconds taken by all reduce tasks=309953536
	Map-Reduce Framework
		Map input records=100000000
		Map output records=100000000
		Map output bytes=10200000000
		Map output materialized bytes=10400000900
		Input split bytes=20400
		Combine input records=0
		Combine output records=0
		Reduce input groups=100000000
		Reduce shuffle bytes=10400000900
		Reduce input records=100000000
		Reduce output records=100000000
		Spilled Records=264424506
		Shuffled Maps =150
		Failed Shuffles=0
		Merged Map outputs=150
		GC time elapsed (ms)=15750
		CPU time spent (ms)=691180
		Physical memory (bytes) snapshot=45761953792
		Virtual memory (bytes) snapshot=399800209408
		Total committed heap usage (bytes)=41848143872
		Peak Map Physical memory (bytes)=315097088
		Peak Map Virtual memory (bytes)=2655973376
		Peak Reduce Physical memory (bytes)=772153344
		Peak Reduce Virtual memory (bytes)=2694443008
	Shuffle Errors
		BAD_ID=0
		CONNECTION=0
		IO_ERROR=0
		WRONG_LENGTH=0
		WRONG_MAP=0
		WRONG_REDUCE=0
	File Input Format Counters
		Bytes Read=10000000000
	File Output Format Counters
		Bytes Written=10000000000
2022-04-22 14:19:13,725 INFO terasort.TeraSort: done
	Command being timed: "hadoop jar hadoop-mapreduce-examples-3.2.1.jar terasort -D mapreduce.map.log.level=INFO -D mapreduce.reduce.log.level=INFO -D yarn.app.mapreduce.am.log.level=INFO -D yarn.nodemanager.resource.detect-hardware-capabilities=true -D yarn.nodemanager.resource.memory-mb=-1 -D mapreduce.task.io.sort.mb=100 -D mapreduce.task.io.sort.factor=10 -D mapreduce.map.sort.spill.percent=0.80 -D mapreduce.map.combine.minspills=3 -D mapreduce.map.output.compress=false -D mapreduce.map.output.compress=org.apache.hadoop.io.compress.DefaultCodec -D mapreduce.shuffle.max.threads=0 -D mapreduce.reduce.shuffle.parallelcopies=5 -D mapreduce.reduce.shuffle.maxfetchfailures=10 -D mapreduce.reduce.shuffle.input.buffer.percent=0.70 -D mapreduce.reduce.shuffle.merge.percent=0.66 -D mapreduce.reduce.merge.inmem.threshold=1000 -D mapreduce.reduce.input.buffer.percent=0.0 -D dfs.blocksize=67108864 /user/root/terasort/10G-terasort-input /user/root/terasort/10G-terasort-output"
	User time (seconds): 6.40
	System time (seconds): 0.71
	Percent of CPU this job got: 1%
	Elapsed (wall clock) time (h:mm:ss or m:ss): 5:57.90
	Average shared text size (kbytes): 0
	Average unshared data size (kbytes): 0
	Average stack size (kbytes): 0
	Average total size (kbytes): 0
	Maximum resident set size (kbytes): 286396
	Average resident set size (kbytes): 0
	Major (requiring I/O) page faults: 2613
	Minor (reclaiming a frame) page faults: 94740
	Voluntary context switches: 21972
	Involuntary context switches: 5435
	Swaps: 0
	File system inputs: 47480
	File system outputs: 4176
	Socket messages sent: 0
	Socket messages received: 0
	Signals delivered: 0
	Page size (bytes): 4096
	Exit status: 0