2022-04-22 17:10:16,748 INFO client.RMProxy: Connecting to ResourceManager at resourcemanager/172.25.0.8:8032
2022-04-22 17:10:17,076 INFO client.AHSProxy: Connecting to Application History server at historyserver/172.25.0.7:10200
2022-04-22 17:10:17,959 INFO conf.Configuration: resource-types.xml not found
2022-04-22 17:10:17,959 INFO resource.ResourceUtils: Unable to find 'resource-types.xml'.
Deleted /user/root/terasort/10G-terasort-output
2022-04-22 17:10:21,869 INFO terasort.TeraSort: starting
2022-04-22 17:10:23,168 INFO input.FileInputFormat: Total input files to process : 2
Spent 243ms computing base-splits.
Spent 6ms computing TeraScheduler splits.
Computing input splits took 251ms
Sampling 10 splits of 150
2022-04-22 17:10:23,267 INFO sasl.SaslDataTransferClient: SASL encryption trust check: localHostTrusted = false, remoteHostTrusted = false
2022-04-22 17:10:23,267 INFO sasl.SaslDataTransferClient: SASL encryption trust check: localHostTrusted = false, remoteHostTrusted = false
2022-04-22 17:10:23,267 INFO sasl.SaslDataTransferClient: SASL encryption trust check: localHostTrusted = false, remoteHostTrusted = false
2022-04-22 17:10:23,268 INFO sasl.SaslDataTransferClient: SASL encryption trust check: localHostTrusted = false, remoteHostTrusted = false
2022-04-22 17:10:23,268 INFO sasl.SaslDataTransferClient: SASL encryption trust check: localHostTrusted = false, remoteHostTrusted = false
2022-04-22 17:10:23,267 INFO sasl.SaslDataTransferClient: SASL encryption trust check: localHostTrusted = false, remoteHostTrusted = false
2022-04-22 17:10:23,267 INFO sasl.SaslDataTransferClient: SASL encryption trust check: localHostTrusted = false, remoteHostTrusted = false
2022-04-22 17:10:23,267 INFO sasl.SaslDataTransferClient: SASL encryption trust check: localHostTrusted = false, remoteHostTrusted = false
2022-04-22 17:10:23,268 INFO sasl.SaslDataTransferClient: SASL encryption trust check: localHostTrusted = false, remoteHostTrusted = false
2022-04-22 17:10:23,267 INFO sasl.SaslDataTransferClient: SASL encryption trust check: localHostTrusted = false, remoteHostTrusted = false
Making 1 from 100000 sampled records
Computing parititions took 387ms
Spent 642ms computing partitions.
2022-04-22 17:10:23,885 INFO client.RMProxy: Connecting to ResourceManager at resourcemanager/172.25.0.8:8032
2022-04-22 17:10:24,129 INFO client.AHSProxy: Connecting to Application History server at historyserver/172.25.0.7:10200
2022-04-22 17:10:24,282 INFO mapreduce.JobResourceUploader: Disabling Erasure Coding for path: /tmp/hadoop-yarn/staging/root/.staging/job_1650646695465_0003
2022-04-22 17:10:24,358 INFO sasl.SaslDataTransferClient: SASL encryption trust check: localHostTrusted = false, remoteHostTrusted = false
2022-04-22 17:10:24,859 INFO sasl.SaslDataTransferClient: SASL encryption trust check: localHostTrusted = false, remoteHostTrusted = false
2022-04-22 17:10:24,909 INFO sasl.SaslDataTransferClient: SASL encryption trust check: localHostTrusted = false, remoteHostTrusted = false
2022-04-22 17:10:25,326 INFO mapreduce.JobSubmitter: number of splits:150
2022-04-22 17:10:25,501 INFO sasl.SaslDataTransferClient: SASL encryption trust check: localHostTrusted = false, remoteHostTrusted = false
2022-04-22 17:10:25,525 INFO mapreduce.JobSubmitter: Submitting tokens for job: job_1650646695465_0003
2022-04-22 17:10:25,526 INFO mapreduce.JobSubmitter: Executing with tokens: []
2022-04-22 17:10:25,777 INFO conf.Configuration: resource-types.xml not found
2022-04-22 17:10:25,777 INFO resource.ResourceUtils: Unable to find 'resource-types.xml'.
2022-04-22 17:10:26,085 INFO impl.YarnClientImpl: Submitted application application_1650646695465_0003
2022-04-22 17:10:26,506 INFO mapreduce.Job: The url to track the job: http://resourcemanager:8088/proxy/application_1650646695465_0003/
2022-04-22 17:10:26,507 INFO mapreduce.Job: Running job: job_1650646695465_0003
2022-04-22 17:10:33,736 INFO mapreduce.Job: Job job_1650646695465_0003 running in uber mode : false
2022-04-22 17:10:33,740 INFO mapreduce.Job:  map 0% reduce 0%
2022-04-22 17:10:44,924 INFO mapreduce.Job:  map 1% reduce 0%
2022-04-22 17:10:46,941 INFO mapreduce.Job:  map 2% reduce 0%
2022-04-22 17:10:48,962 INFO mapreduce.Job:  map 3% reduce 0%
2022-04-22 17:10:49,972 INFO mapreduce.Job:  map 4% reduce 0%
2022-04-22 17:10:53,997 INFO mapreduce.Job:  map 5% reduce 0%
2022-04-22 17:10:57,019 INFO mapreduce.Job:  map 6% reduce 0%
2022-04-22 17:10:58,031 INFO mapreduce.Job:  map 7% reduce 0%
2022-04-22 17:11:01,072 INFO mapreduce.Job:  map 8% reduce 0%
2022-04-22 17:11:03,086 INFO mapreduce.Job:  map 9% reduce 0%
2022-04-22 17:11:07,107 INFO mapreduce.Job:  map 10% reduce 0%
2022-04-22 17:11:08,113 INFO mapreduce.Job:  map 11% reduce 0%
2022-04-22 17:11:12,100 INFO mapreduce.Job:  map 12% reduce 0%
2022-04-22 17:11:13,106 INFO mapreduce.Job:  map 13% reduce 0%
2022-04-22 17:11:16,122 INFO mapreduce.Job:  map 14% reduce 0%
2022-04-22 17:11:18,138 INFO mapreduce.Job:  map 15% reduce 0%
2022-04-22 17:11:22,158 INFO mapreduce.Job:  map 16% reduce 0%
2022-04-22 17:11:23,165 INFO mapreduce.Job:  map 17% reduce 0%
2022-04-22 17:11:26,185 INFO mapreduce.Job:  map 18% reduce 0%
2022-04-22 17:11:28,199 INFO mapreduce.Job:  map 19% reduce 0%
2022-04-22 17:11:33,246 INFO mapreduce.Job:  map 20% reduce 0%
2022-04-22 17:11:35,258 INFO mapreduce.Job:  map 21% reduce 0%
2022-04-22 17:11:41,278 INFO mapreduce.Job:  map 22% reduce 0%
2022-04-22 17:11:42,993 INFO mapreduce.Job:  map 23% reduce 4%
2022-04-22 17:11:48,049 INFO mapreduce.Job:  map 24% reduce 6%
2022-04-22 17:11:50,134 INFO mapreduce.Job:  map 25% reduce 6%
2022-04-22 17:11:53,161 INFO mapreduce.Job:  map 26% reduce 6%
2022-04-22 17:11:54,173 INFO mapreduce.Job:  map 26% reduce 8%
2022-04-22 17:11:55,191 INFO mapreduce.Job:  map 27% reduce 8%
2022-04-22 17:12:00,234 INFO mapreduce.Job:  map 28% reduce 9%
2022-04-22 17:12:02,260 INFO mapreduce.Job:  map 29% reduce 9%
2022-04-22 17:12:05,289 INFO mapreduce.Job:  map 30% reduce 9%
2022-04-22 17:12:06,308 INFO mapreduce.Job:  map 30% reduce 10%
2022-04-22 17:12:08,329 INFO mapreduce.Job:  map 31% reduce 10%
2022-04-22 17:12:12,320 INFO mapreduce.Job:  map 32% reduce 10%
2022-04-22 17:12:13,375 INFO mapreduce.Job:  map 33% reduce 10%
2022-04-22 17:12:18,418 INFO mapreduce.Job:  map 34% reduce 11%
2022-04-22 17:12:19,427 INFO mapreduce.Job:  map 35% reduce 11%
2022-04-22 17:12:22,447 INFO mapreduce.Job:  map 36% reduce 11%
2022-04-22 17:12:24,470 INFO mapreduce.Job:  map 36% reduce 12%
2022-04-22 17:12:25,477 INFO mapreduce.Job:  map 37% reduce 12%
2022-04-22 17:12:29,701 INFO mapreduce.Job:  map 38% reduce 12%
2022-04-22 17:12:30,765 INFO mapreduce.Job:  map 39% reduce 13%
2022-04-22 17:12:34,796 INFO mapreduce.Job:  map 40% reduce 13%
2022-04-22 17:12:37,019 INFO mapreduce.Job:  map 41% reduce 13%
2022-04-22 17:12:41,038 INFO mapreduce.Job:  map 42% reduce 13%
2022-04-22 17:12:42,049 INFO mapreduce.Job:  map 43% reduce 14%
2022-04-22 17:12:46,079 INFO mapreduce.Job:  map 44% reduce 14%
2022-04-22 17:12:47,085 INFO mapreduce.Job:  map 45% reduce 14%
2022-04-22 17:12:48,090 INFO mapreduce.Job:  map 45% reduce 15%
2022-04-22 17:12:52,114 INFO mapreduce.Job:  map 46% reduce 15%
2022-04-22 17:12:54,131 INFO mapreduce.Job:  map 47% reduce 16%
2022-04-22 17:12:57,156 INFO mapreduce.Job:  map 48% reduce 16%
2022-04-22 17:13:00,177 INFO mapreduce.Job:  map 49% reduce 16%
2022-04-22 17:13:03,350 INFO mapreduce.Job:  map 50% reduce 16%
2022-04-22 17:13:05,389 INFO mapreduce.Job:  map 51% reduce 16%
2022-04-22 17:13:06,395 INFO mapreduce.Job:  map 51% reduce 17%
2022-04-22 17:13:09,420 INFO mapreduce.Job:  map 52% reduce 17%
2022-04-22 17:13:10,393 INFO mapreduce.Job:  map 53% reduce 17%
2022-04-22 17:13:12,414 INFO mapreduce.Job:  map 53% reduce 18%
2022-04-22 17:13:14,431 INFO mapreduce.Job:  map 54% reduce 18%
2022-04-22 17:13:17,458 INFO mapreduce.Job:  map 55% reduce 18%
2022-04-22 17:13:19,508 INFO mapreduce.Job:  map 56% reduce 18%
2022-04-22 17:13:21,528 INFO mapreduce.Job:  map 57% reduce 18%
2022-04-22 17:13:24,546 INFO mapreduce.Job:  map 57% reduce 19%
2022-04-22 17:13:27,579 INFO mapreduce.Job:  map 58% reduce 19%
2022-04-22 17:13:28,589 INFO mapreduce.Job:  map 59% reduce 19%
2022-04-22 17:13:30,602 INFO mapreduce.Job:  map 59% reduce 20%
2022-04-22 17:13:31,613 INFO mapreduce.Job:  map 60% reduce 20%
2022-04-22 17:13:32,619 INFO mapreduce.Job:  map 61% reduce 20%
2022-04-22 17:13:38,669 INFO mapreduce.Job:  map 62% reduce 20%
2022-04-22 17:13:39,645 INFO mapreduce.Job:  map 63% reduce 20%
2022-04-22 17:13:42,664 INFO mapreduce.Job:  map 64% reduce 21%
2022-04-22 17:13:45,679 INFO mapreduce.Job:  map 65% reduce 21%
2022-04-22 17:13:47,788 INFO mapreduce.Job:  map 66% reduce 21%
2022-04-22 17:13:48,795 INFO mapreduce.Job:  map 66% reduce 22%
2022-04-22 17:13:50,815 INFO mapreduce.Job:  map 67% reduce 22%
2022-04-22 17:13:53,912 INFO mapreduce.Job:  map 68% reduce 22%
2022-04-22 17:13:54,926 INFO mapreduce.Job:  map 68% reduce 23%
2022-04-22 17:13:56,942 INFO mapreduce.Job:  map 69% reduce 23%
2022-04-22 17:14:02,108 INFO mapreduce.Job:  map 70% reduce 23%
2022-04-22 17:14:03,178 INFO mapreduce.Job:  map 71% reduce 23%
2022-04-22 17:14:06,194 INFO mapreduce.Job:  map 73% reduce 24%
2022-04-22 17:14:12,195 INFO mapreduce.Job:  map 74% reduce 24%
2022-04-22 17:14:14,206 INFO mapreduce.Job:  map 75% reduce 24%
2022-04-22 17:14:16,220 INFO mapreduce.Job:  map 76% reduce 24%
2022-04-22 17:14:18,245 INFO mapreduce.Job:  map 76% reduce 25%
2022-04-22 17:14:21,260 INFO mapreduce.Job:  map 77% reduce 25%
2022-04-22 17:14:24,455 INFO mapreduce.Job:  map 78% reduce 26%
2022-04-22 17:14:25,462 INFO mapreduce.Job:  map 79% reduce 26%
2022-04-22 17:14:33,507 INFO mapreduce.Job:  map 81% reduce 26%
2022-04-22 17:14:36,522 INFO mapreduce.Job:  map 81% reduce 27%
2022-04-22 17:14:37,527 INFO mapreduce.Job:  map 83% reduce 27%
2022-04-22 17:14:42,510 INFO mapreduce.Job:  map 83% reduce 28%
2022-04-22 17:14:45,576 INFO mapreduce.Job:  map 84% reduce 28%
2022-04-22 17:14:46,582 INFO mapreduce.Job:  map 85% reduce 28%
2022-04-22 17:14:48,684 INFO mapreduce.Job:  map 86% reduce 28%
2022-04-22 17:14:54,719 INFO mapreduce.Job:  map 86% reduce 29%
2022-04-22 17:14:57,881 INFO mapreduce.Job:  map 88% reduce 29%
2022-04-22 17:14:58,888 INFO mapreduce.Job:  map 89% reduce 29%
2022-04-22 17:15:00,899 INFO mapreduce.Job:  map 89% reduce 30%
2022-04-22 17:15:08,980 INFO mapreduce.Job:  map 92% reduce 30%
2022-04-22 17:15:12,978 INFO mapreduce.Job:  map 92% reduce 31%
2022-04-22 17:15:13,983 INFO mapreduce.Job:  map 93% reduce 31%
2022-04-22 17:15:20,034 INFO mapreduce.Job:  map 95% reduce 31%
2022-04-22 17:15:24,063 INFO mapreduce.Job:  map 96% reduce 32%
2022-04-22 17:15:29,094 INFO mapreduce.Job:  map 98% reduce 32%
2022-04-22 17:15:30,103 INFO mapreduce.Job:  map 99% reduce 33%
2022-04-22 17:15:35,135 INFO mapreduce.Job:  map 100% reduce 33%
2022-04-22 17:15:36,142 INFO mapreduce.Job:  map 100% reduce 35%
2022-04-22 17:15:42,135 INFO mapreduce.Job:  map 100% reduce 44%
2022-04-22 17:15:48,555 INFO mapreduce.Job:  map 100% reduce 53%
2022-04-22 17:15:54,592 INFO mapreduce.Job:  map 100% reduce 62%
2022-04-22 17:16:00,620 INFO mapreduce.Job:  map 100% reduce 68%
2022-04-22 17:16:06,921 INFO mapreduce.Job:  map 100% reduce 70%
2022-04-22 17:16:12,917 INFO mapreduce.Job:  map 100% reduce 72%
2022-04-22 17:16:18,973 INFO mapreduce.Job:  map 100% reduce 75%
2022-04-22 17:16:25,024 INFO mapreduce.Job:  map 100% reduce 77%
2022-04-22 17:16:31,062 INFO mapreduce.Job:  map 100% reduce 80%
2022-04-22 17:16:36,098 INFO mapreduce.Job:  map 100% reduce 82%
2022-04-22 17:16:42,115 INFO mapreduce.Job:  map 100% reduce 85%
2022-04-22 17:16:48,196 INFO mapreduce.Job:  map 100% reduce 87%
2022-04-22 17:16:54,255 INFO mapreduce.Job:  map 100% reduce 89%
2022-04-22 17:17:00,291 INFO mapreduce.Job:  map 100% reduce 92%
2022-04-22 17:17:06,342 INFO mapreduce.Job:  map 100% reduce 94%
2022-04-22 17:17:12,398 INFO mapreduce.Job:  map 100% reduce 96%
2022-04-22 17:17:18,490 INFO mapreduce.Job:  map 100% reduce 99%
2022-04-22 17:17:22,527 INFO mapreduce.Job:  map 100% reduce 100%
2022-04-22 17:17:23,805 INFO mapreduce.Job: Job job_1650646695465_0003 completed successfully
2022-04-22 17:17:24,541 INFO mapreduce.Job: Counters: 55
	File System Counters
		FILE: Number of bytes read=17100148884
		FILE: Number of bytes written=27534921444
		FILE: Number of read operations=0
		FILE: Number of large read operations=0
		FILE: Number of write operations=0
		HDFS: Number of bytes read=10000020400
		HDFS: Number of bytes written=10000000000
		HDFS: Number of read operations=455
		HDFS: Number of large read operations=0
		HDFS: Number of write operations=2
		HDFS: Number of bytes read erasure-coded=0
	Job Counters
		Killed map tasks=1
		Launched map tasks=150
		Launched reduce tasks=1
		Rack-local map tasks=150
		Total time spent by all maps in occupied slots (ms)=1193630
		Total time spent by all reduces in occupied slots (ms)=356577
		Total time spent by all map tasks (ms)=1193630
		Total time spent by all reduce tasks (ms)=356577
		Total vcore-milliseconds taken by all map tasks=1193630
		Total vcore-milliseconds taken by all reduce tasks=356577
		Total megabyte-milliseconds taken by all map tasks=1222277120
		Total megabyte-milliseconds taken by all reduce tasks=365134848
	Map-Reduce Framework
		Map input records=100000000
		Map output records=100000000
		Map output bytes=10200000000
		Map output materialized bytes=10400000900
		Input split bytes=20400
		Combine input records=0
		Combine output records=0
		Reduce input groups=100000000
		Reduce shuffle bytes=10400000900
		Reduce input records=100000000
		Reduce output records=100000000
		Spilled Records=264424507
		Shuffled Maps =150
		Failed Shuffles=0
		Merged Map outputs=150
		GC time elapsed (ms)=16128
		CPU time spent (ms)=727520
		Physical memory (bytes) snapshot=43744399360
		Virtual memory (bytes) snapshot=399737159680
		Total committed heap usage (bytes)=36753113088
		Peak Map Physical memory (bytes)=306733056
		Peak Map Virtual memory (bytes)=2653863936
		Peak Reduce Physical memory (bytes)=934727680
		Peak Reduce Virtual memory (bytes)=2686828544
	Shuffle Errors
		BAD_ID=0
		CONNECTION=0
		IO_ERROR=0
		WRONG_LENGTH=0
		WRONG_MAP=0
		WRONG_REDUCE=0
	File Input Format Counters
		Bytes Read=10000000000
	File Output Format Counters
		Bytes Written=10000000000
2022-04-22 17:17:24,545 INFO terasort.TeraSort: done
	Command being timed: "hadoop jar hadoop-mapreduce-examples-3.2.1.jar terasort -D mapreduce.map.log.level=INFO -D mapreduce.reduce.log.level=INFO -D yarn.app.mapreduce.am.log.level=INFO -D yarn.nodemanager.resource.detect-hardware-capabilities=true -D yarn.nodemanager.resource.memory-mb=-1 -D mapreduce.task.io.sort.mb=100 -D mapreduce.task.io.sort.factor=10 -D mapreduce.map.sort.spill.percent=0.80 -D mapreduce.map.combine.minspills=3 -D mapreduce.map.output.compress=false -D mapreduce.map.output.compress=org.apache.hadoop.io.compress.DefaultCodec -D mapreduce.shuffle.max.threads=0 -D mapreduce.reduce.shuffle.parallelcopies=5 -D mapreduce.reduce.shuffle.maxfetchfailures=10 -D mapreduce.reduce.shuffle.input.buffer.percent=0.70 -D mapreduce.reduce.shuffle.merge.percent=0.66 -D mapreduce.reduce.merge.inmem.threshold=1000 -D mapreduce.reduce.input.buffer.percent=0.0 -D dfs.blocksize=67108864 /user/root/terasort/10G-terasort-input /user/root/terasort/10G-terasort-output"
	User time (seconds): 6.97
	System time (seconds): 3.80
	Percent of CPU this job got: 2%
	Elapsed (wall clock) time (h:mm:ss or m:ss): 7:04.12
	Average shared text size (kbytes): 0
	Average unshared data size (kbytes): 0
	Average stack size (kbytes): 0
	Average total size (kbytes): 0
	Maximum resident set size (kbytes): 273812
	Average resident set size (kbytes): 0
	Major (requiring I/O) page faults: 3777
	Minor (reclaiming a frame) page faults: 93417
	Voluntary context switches: 26599
	Involuntary context switches: 5006
	Swaps: 0
	File system inputs: 51344
	File system outputs: 4576
	Socket messages sent: 0
	Socket messages received: 0
	Signals delivered: 0
	Page size (bytes): 4096
	Exit status: 0