2022-04-22 15:30:58,722 INFO client.RMProxy: Connecting to ResourceManager at resourcemanager/172.23.0.7:8032
2022-04-22 15:30:58,885 INFO client.AHSProxy: Connecting to Application History server at historyserver/172.23.0.8:10200
2022-04-22 15:30:59,342 INFO conf.Configuration: resource-types.xml not found
2022-04-22 15:30:59,342 INFO resource.ResourceUtils: Unable to find 'resource-types.xml'.
Deleted /user/root/terasort/10G-terasort-output
2022-04-22 15:31:01,659 INFO terasort.TeraSort: starting
2022-04-22 15:31:02,260 INFO input.FileInputFormat: Total input files to process : 2
Spent 123ms computing base-splits.
Spent 3ms computing TeraScheduler splits.
Computing input splits took 127ms
Sampling 10 splits of 150
2022-04-22 15:31:02,338 INFO sasl.SaslDataTransferClient: SASL encryption trust check: localHostTrusted = false, remoteHostTrusted = false
2022-04-22 15:31:02,338 INFO sasl.SaslDataTransferClient: SASL encryption trust check: localHostTrusted = false, remoteHostTrusted = false
2022-04-22 15:31:02,338 INFO sasl.SaslDataTransferClient: SASL encryption trust check: localHostTrusted = false, remoteHostTrusted = false
2022-04-22 15:31:02,338 INFO sasl.SaslDataTransferClient: SASL encryption trust check: localHostTrusted = false, remoteHostTrusted = false
2022-04-22 15:31:02,338 INFO sasl.SaslDataTransferClient: SASL encryption trust check: localHostTrusted = false, remoteHostTrusted = false
2022-04-22 15:31:02,338 INFO sasl.SaslDataTransferClient: SASL encryption trust check: localHostTrusted = false, remoteHostTrusted = false
2022-04-22 15:31:02,338 INFO sasl.SaslDataTransferClient: SASL encryption trust check: localHostTrusted = false, remoteHostTrusted = false
2022-04-22 15:31:02,338 INFO sasl.SaslDataTransferClient: SASL encryption trust check: localHostTrusted = false, remoteHostTrusted = false
2022-04-22 15:31:02,338 INFO sasl.SaslDataTransferClient: SASL encryption trust check: localHostTrusted = false, remoteHostTrusted = false
2022-04-22 15:31:02,339 INFO sasl.SaslDataTransferClient: SASL encryption trust check: localHostTrusted = false, remoteHostTrusted = false
Making 1 from 100000 sampled records
Computing parititions took 339ms
Spent 468ms computing partitions.
2022-04-22 15:31:02,758 INFO client.RMProxy: Connecting to ResourceManager at resourcemanager/172.23.0.7:8032
2022-04-22 15:31:02,880 INFO client.AHSProxy: Connecting to Application History server at historyserver/172.23.0.8:10200
2022-04-22 15:31:02,978 INFO mapreduce.JobResourceUploader: Disabling Erasure Coding for path: /tmp/hadoop-yarn/staging/root/.staging/job_1650641395490_0001
2022-04-22 15:31:03,023 INFO sasl.SaslDataTransferClient: SASL encryption trust check: localHostTrusted = false, remoteHostTrusted = false
2022-04-22 15:31:03,481 INFO sasl.SaslDataTransferClient: SASL encryption trust check: localHostTrusted = false, remoteHostTrusted = false
2022-04-22 15:31:03,611 INFO sasl.SaslDataTransferClient: SASL encryption trust check: localHostTrusted = false, remoteHostTrusted = false
2022-04-22 15:31:03,622 INFO mapreduce.JobSubmitter: number of splits:150
2022-04-22 15:31:03,714 INFO sasl.SaslDataTransferClient: SASL encryption trust check: localHostTrusted = false, remoteHostTrusted = false
2022-04-22 15:31:03,731 INFO mapreduce.JobSubmitter: Submitting tokens for job: job_1650641395490_0001
2022-04-22 15:31:03,731 INFO mapreduce.JobSubmitter: Executing with tokens: []
2022-04-22 15:31:03,869 INFO conf.Configuration: resource-types.xml not found
2022-04-22 15:31:03,870 INFO resource.ResourceUtils: Unable to find 'resource-types.xml'.
2022-04-22 15:31:04,146 INFO impl.YarnClientImpl: Submitted application application_1650641395490_0001
2022-04-22 15:31:04,179 INFO mapreduce.Job: The url to track the job: http://resourcemanager:8088/proxy/application_1650641395490_0001/
2022-04-22 15:31:04,180 INFO mapreduce.Job: Running job: job_1650641395490_0001
2022-04-22 15:31:11,317 INFO mapreduce.Job: Job job_1650641395490_0001 running in uber mode : false
2022-04-22 15:31:11,318 INFO mapreduce.Job:  map 0% reduce 0%
2022-04-22 15:31:20,462 INFO mapreduce.Job:  map 1% reduce 0%
2022-04-22 15:31:23,489 INFO mapreduce.Job:  map 2% reduce 0%
2022-04-22 15:31:24,502 INFO mapreduce.Job:  map 3% reduce 0%
2022-04-22 15:31:26,518 INFO mapreduce.Job:  map 4% reduce 0%
2022-04-22 15:31:28,536 INFO mapreduce.Job:  map 5% reduce 0%
2022-04-22 15:31:32,567 INFO mapreduce.Job:  map 6% reduce 0%
2022-04-22 15:31:33,555 INFO mapreduce.Job:  map 7% reduce 0%
2022-04-22 15:31:34,561 INFO mapreduce.Job:  map 8% reduce 0%
2022-04-22 15:31:39,604 INFO mapreduce.Job:  map 9% reduce 0%
2022-04-22 15:31:40,620 INFO mapreduce.Job:  map 10% reduce 0%
2022-04-22 15:31:41,630 INFO mapreduce.Job:  map 11% reduce 0%
2022-04-22 15:31:42,639 INFO mapreduce.Job:  map 12% reduce 0%
2022-04-22 15:31:47,684 INFO mapreduce.Job:  map 13% reduce 0%
2022-04-22 15:31:50,705 INFO mapreduce.Job:  map 15% reduce 0%
2022-04-22 15:31:52,720 INFO mapreduce.Job:  map 16% reduce 0%
2022-04-22 15:31:57,756 INFO mapreduce.Job:  map 17% reduce 0%
2022-04-22 15:31:59,768 INFO mapreduce.Job:  map 19% reduce 0%
2022-04-22 15:32:01,790 INFO mapreduce.Job:  map 20% reduce 0%
2022-04-22 15:32:07,818 INFO mapreduce.Job:  map 21% reduce 0%
2022-04-22 15:32:10,038 INFO mapreduce.Job:  map 23% reduce 0%
2022-04-22 15:32:16,078 INFO mapreduce.Job:  map 23% reduce 4%
2022-04-22 15:32:19,098 INFO mapreduce.Job:  map 25% reduce 4%
2022-04-22 15:32:20,106 INFO mapreduce.Job:  map 26% reduce 4%
2022-04-22 15:32:22,117 INFO mapreduce.Job:  map 27% reduce 6%
2022-04-22 15:32:28,162 INFO mapreduce.Job:  map 29% reduce 8%
2022-04-22 15:32:30,288 INFO mapreduce.Job:  map 30% reduce 8%
2022-04-22 15:32:34,291 INFO mapreduce.Job:  map 30% reduce 10%
2022-04-22 15:32:36,306 INFO mapreduce.Job:  map 31% reduce 10%
2022-04-22 15:32:37,312 INFO mapreduce.Job:  map 32% reduce 10%
2022-04-22 15:32:38,318 INFO mapreduce.Job:  map 33% reduce 10%
2022-04-22 15:32:40,329 INFO mapreduce.Job:  map 33% reduce 11%
2022-04-22 15:32:43,353 INFO mapreduce.Job:  map 34% reduce 11%
2022-04-22 15:32:44,369 INFO mapreduce.Job:  map 35% reduce 11%
2022-04-22 15:32:46,380 INFO mapreduce.Job:  map 36% reduce 12%
2022-04-22 15:32:47,388 INFO mapreduce.Job:  map 37% reduce 12%
2022-04-22 15:32:52,584 INFO mapreduce.Job:  map 38% reduce 12%
2022-04-22 15:32:53,588 INFO mapreduce.Job:  map 39% reduce 12%
2022-04-22 15:32:55,600 INFO mapreduce.Job:  map 40% reduce 12%
2022-04-22 15:32:58,616 INFO mapreduce.Job:  map 41% reduce 13%
2022-04-22 15:33:01,666 INFO mapreduce.Job:  map 43% reduce 13%
2022-04-22 15:33:04,657 INFO mapreduce.Job:  map 44% reduce 14%
2022-04-22 15:33:07,675 INFO mapreduce.Job:  map 45% reduce 14%
2022-04-22 15:33:09,685 INFO mapreduce.Job:  map 46% reduce 14%
2022-04-22 15:33:10,690 INFO mapreduce.Job:  map 47% reduce 15%
2022-04-22 15:33:14,718 INFO mapreduce.Job:  map 48% reduce 15%
2022-04-22 15:33:15,726 INFO mapreduce.Job:  map 49% reduce 15%
2022-04-22 15:33:16,731 INFO mapreduce.Job:  map 49% reduce 16%
2022-04-22 15:33:17,738 INFO mapreduce.Job:  map 50% reduce 16%
2022-04-22 15:33:20,756 INFO mapreduce.Job:  map 51% reduce 16%
2022-04-22 15:33:22,766 INFO mapreduce.Job:  map 51% reduce 17%
2022-04-22 15:33:24,778 INFO mapreduce.Job:  map 53% reduce 17%
2022-04-22 15:33:27,862 INFO mapreduce.Job:  map 54% reduce 17%
2022-04-22 15:33:28,880 INFO mapreduce.Job:  map 54% reduce 18%
2022-04-22 15:33:30,896 INFO mapreduce.Job:  map 55% reduce 18%
2022-04-22 15:33:32,906 INFO mapreduce.Job:  map 56% reduce 18%
2022-04-22 15:33:33,889 INFO mapreduce.Job:  map 57% reduce 18%
2022-04-22 15:33:34,899 INFO mapreduce.Job:  map 57% reduce 19%
2022-04-22 15:33:37,915 INFO mapreduce.Job:  map 58% reduce 19%
2022-04-22 15:33:38,919 INFO mapreduce.Job:  map 59% reduce 19%
2022-04-22 15:33:40,939 INFO mapreduce.Job:  map 60% reduce 20%
2022-04-22 15:33:42,950 INFO mapreduce.Job:  map 61% reduce 20%
2022-04-22 15:33:46,973 INFO mapreduce.Job:  map 62% reduce 20%
2022-04-22 15:33:47,978 INFO mapreduce.Job:  map 63% reduce 20%
2022-04-22 15:33:49,992 INFO mapreduce.Job:  map 64% reduce 20%
2022-04-22 15:33:53,009 INFO mapreduce.Job:  map 64% reduce 21%
2022-04-22 15:33:54,021 INFO mapreduce.Job:  map 65% reduce 21%
2022-04-22 15:33:56,036 INFO mapreduce.Job:  map 67% reduce 21%
2022-04-22 15:33:59,053 INFO mapreduce.Job:  map 67% reduce 22%
2022-04-22 15:34:01,061 INFO mapreduce.Job:  map 68% reduce 22%
2022-04-22 15:34:03,048 INFO mapreduce.Job:  map 70% reduce 22%
2022-04-22 15:34:05,057 INFO mapreduce.Job:  map 70% reduce 23%
2022-04-22 15:34:06,063 INFO mapreduce.Job:  map 71% reduce 23%
2022-04-22 15:34:10,087 INFO mapreduce.Job:  map 73% reduce 23%
2022-04-22 15:34:11,093 INFO mapreduce.Job:  map 73% reduce 24%
2022-04-22 15:34:13,102 INFO mapreduce.Job:  map 74% reduce 24%
2022-04-22 15:34:16,114 INFO mapreduce.Job:  map 74% reduce 25%
2022-04-22 15:34:17,123 INFO mapreduce.Job:  map 75% reduce 25%
2022-04-22 15:34:18,127 INFO mapreduce.Job:  map 76% reduce 25%
2022-04-22 15:34:19,136 INFO mapreduce.Job:  map 77% reduce 25%
2022-04-22 15:34:22,150 INFO mapreduce.Job:  map 77% reduce 26%
2022-04-22 15:34:25,184 INFO mapreduce.Job:  map 79% reduce 26%
2022-04-22 15:34:27,195 INFO mapreduce.Job:  map 80% reduce 26%
2022-04-22 15:34:28,199 INFO mapreduce.Job:  map 80% reduce 27%
2022-04-22 15:34:29,205 INFO mapreduce.Job:  map 81% reduce 27%
2022-04-22 15:34:34,209 INFO mapreduce.Job:  map 82% reduce 27%
2022-04-22 15:34:35,213 INFO mapreduce.Job:  map 83% reduce 27%
2022-04-22 15:34:36,318 INFO mapreduce.Job:  map 84% reduce 27%
2022-04-22 15:34:40,335 INFO mapreduce.Job:  map 84% reduce 28%
2022-04-22 15:34:44,391 INFO mapreduce.Job:  map 87% reduce 28%
2022-04-22 15:34:46,415 INFO mapreduce.Job:  map 87% reduce 29%
2022-04-22 15:34:53,448 INFO mapreduce.Job:  map 89% reduce 29%
2022-04-22 15:34:54,461 INFO mapreduce.Job:  map 91% reduce 29%
2022-04-22 15:34:58,483 INFO mapreduce.Job:  map 91% reduce 30%
2022-04-22 15:35:03,486 INFO mapreduce.Job:  map 93% reduce 30%
2022-04-22 15:35:04,492 INFO mapreduce.Job:  map 94% reduce 31%
2022-04-22 15:35:12,767 INFO mapreduce.Job:  map 97% reduce 31%
2022-04-22 15:35:16,783 INFO mapreduce.Job:  map 97% reduce 32%
2022-04-22 15:35:20,799 INFO mapreduce.Job:  map 99% reduce 32%
2022-04-22 15:35:21,805 INFO mapreduce.Job:  map 100% reduce 32%
2022-04-22 15:35:22,815 INFO mapreduce.Job:  map 100% reduce 34%
2022-04-22 15:35:28,907 INFO mapreduce.Job:  map 100% reduce 43%
2022-04-22 15:35:34,909 INFO mapreduce.Job:  map 100% reduce 52%
2022-04-22 15:35:40,926 INFO mapreduce.Job:  map 100% reduce 62%
2022-04-22 15:35:46,952 INFO mapreduce.Job:  map 100% reduce 68%
2022-04-22 15:35:52,975 INFO mapreduce.Job:  map 100% reduce 70%
2022-04-22 15:35:59,001 INFO mapreduce.Job:  map 100% reduce 73%
2022-04-22 15:36:04,997 INFO mapreduce.Job:  map 100% reduce 75%
2022-04-22 15:36:11,025 INFO mapreduce.Job:  map 100% reduce 78%
2022-04-22 15:36:17,129 INFO mapreduce.Job:  map 100% reduce 80%
2022-04-22 15:36:23,152 INFO mapreduce.Job:  map 100% reduce 83%
2022-04-22 15:36:29,173 INFO mapreduce.Job:  map 100% reduce 85%
2022-04-22 15:36:35,183 INFO mapreduce.Job:  map 100% reduce 88%
2022-04-22 15:36:41,202 INFO mapreduce.Job:  map 100% reduce 91%
2022-04-22 15:36:46,215 INFO mapreduce.Job:  map 100% reduce 93%
2022-04-22 15:36:52,303 INFO mapreduce.Job:  map 100% reduce 96%
2022-04-22 15:36:58,324 INFO mapreduce.Job:  map 100% reduce 98%
2022-04-22 15:37:03,334 INFO mapreduce.Job:  map 100% reduce 100%
2022-04-22 15:37:04,357 INFO mapreduce.Job: Job job_1650641395490_0001 completed successfully
2022-04-22 15:37:04,679 INFO mapreduce.Job: Counters: 55
	File System Counters
		FILE: Number of bytes read=17100148780
		FILE: Number of bytes written=27534921340
		FILE: Number of read operations=0
		FILE: Number of large read operations=0
		FILE: Number of write operations=0
		HDFS: Number of bytes read=10000020400
		HDFS: Number of bytes written=10000000000
		HDFS: Number of read operations=455
		HDFS: Number of large read operations=0
		HDFS: Number of write operations=2
		HDFS: Number of bytes read erasure-coded=0
	Job Counters
		Killed map tasks=1
		Launched map tasks=151
		Launched reduce tasks=1
		Rack-local map tasks=151
		Total time spent by all maps in occupied slots (ms)=960936
		Total time spent by all reduces in occupied slots (ms)=302167
		Total time spent by all map tasks (ms)=960936
		Total time spent by all reduce tasks (ms)=302167
		Total vcore-milliseconds taken by all map tasks=960936
		Total vcore-milliseconds taken by all reduce tasks=302167
		Total megabyte-milliseconds taken by all map tasks=983998464
		Total megabyte-milliseconds taken by all reduce tasks=309419008
	Map-Reduce Framework
		Map input records=100000000
		Map output records=100000000
		Map output bytes=10200000000
		Map output materialized bytes=10400000900
		Input split bytes=20400
		Combine input records=0
		Combine output records=0
		Reduce input groups=100000000
		Reduce shuffle bytes=10400000900
		Reduce input records=100000000
		Reduce output records=100000000
		Spilled Records=264424506
		Shuffled Maps =150
		Failed Shuffles=0
		Merged Map outputs=150
		GC time elapsed (ms)=17432
		CPU time spent (ms)=699450
		Physical memory (bytes) snapshot=45196914688
		Virtual memory (bytes) snapshot=399726596096
		Total committed heap usage (bytes)=41433432064
		Peak Map Physical memory (bytes)=313069568
		Peak Map Virtual memory (bytes)=2658807808
		Peak Reduce Physical memory (bytes)=746430464
		Peak Reduce Virtual memory (bytes)=2665541632
	Shuffle Errors
		BAD_ID=0
		CONNECTION=0
		IO_ERROR=0
		WRONG_LENGTH=0
		WRONG_MAP=0
		WRONG_REDUCE=0
	File Input Format Counters
		Bytes Read=10000000000
	File Output Format Counters
		Bytes Written=10000000000
2022-04-22 15:37:04,681 INFO terasort.TeraSort: done
	Command being timed: "hadoop jar hadoop-mapreduce-examples-3.2.1.jar terasort -D mapreduce.map.log.level=INFO -D mapreduce.reduce.log.level=INFO -D yarn.app.mapreduce.am.log.level=INFO -D yarn.nodemanager.resource.detect-hardware-capabilities=true -D yarn.nodemanager.resource.memory-mb=-1 -D mapreduce.task.io.sort.mb=100 -D mapreduce.task.io.sort.factor=10 -D mapreduce.map.sort.spill.percent=0.80 -D mapreduce.map.combine.minspills=3 -D mapreduce.map.output.compress=false -D mapreduce.map.output.compress=org.apache.hadoop.io.compress.DefaultCodec -D mapreduce.shuffle.max.threads=0 -D mapreduce.reduce.shuffle.parallelcopies=5 -D mapreduce.reduce.shuffle.maxfetchfailures=10 -D mapreduce.reduce.shuffle.input.buffer.percent=0.70 -D mapreduce.reduce.shuffle.merge.percent=0.66 -D mapreduce.reduce.merge.inmem.threshold=1000 -D mapreduce.reduce.input.buffer.percent=0.0 -D dfs.blocksize=67108864 /user/root/terasort/10G-terasort-input /user/root/terasort/10G-terasort-output"
	User time (seconds): 6.05
	System time (seconds): 0.74
	Percent of CPU this job got: 1%
	Elapsed (wall clock) time (h:mm:ss or m:ss): 6:03.93
	Average shared text size (kbytes): 0
	Average unshared data size (kbytes): 0
	Average stack size (kbytes): 0
	Average total size (kbytes): 0
	Maximum resident set size (kbytes): 294012
	Average resident set size (kbytes): 0
	Major (requiring I/O) page faults: 975
	Minor (reclaiming a frame) page faults: 87695
	Voluntary context switches: 20363
	Involuntary context switches: 5280
	Swaps: 0
	File system inputs: 10576
	File system outputs: 5440
	Socket messages sent: 0
	Socket messages received: 0
	Signals delivered: 0
	Page size (bytes): 4096
	Exit status: 0