2022-04-23 15:02:56,326 INFO client.RMProxy: Connecting to ResourceManager at resourcemanager/172.26.0.8:8032
2022-04-23 15:02:56,651 INFO client.AHSProxy: Connecting to Application History server at historyserver/172.26.0.7:10200
2022-04-23 15:02:57,556 INFO conf.Configuration: resource-types.xml not found
2022-04-23 15:02:57,557 INFO resource.ResourceUtils: Unable to find 'resource-types.xml'.
Deleted /user/root/terasort/10G-terasort-output
2022-04-23 15:03:01,527 INFO terasort.TeraSort: starting
2022-04-23 15:03:02,837 INFO input.FileInputFormat: Total input files to process : 2
Spent 267ms computing base-splits.
Spent 4ms computing TeraScheduler splits.
Computing input splits took 272ms
Sampling 10 splits of 150
2022-04-23 15:03:02,933 INFO sasl.SaslDataTransferClient: SASL encryption trust check: localHostTrusted = false, remoteHostTrusted = false
2022-04-23 15:03:02,933 INFO sasl.SaslDataTransferClient: SASL encryption trust check: localHostTrusted = false, remoteHostTrusted = false
2022-04-23 15:03:02,934 INFO sasl.SaslDataTransferClient: SASL encryption trust check: localHostTrusted = false, remoteHostTrusted = false
2022-04-23 15:03:02,933 INFO sasl.SaslDataTransferClient: SASL encryption trust check: localHostTrusted = false, remoteHostTrusted = false
2022-04-23 15:03:02,933 INFO sasl.SaslDataTransferClient: SASL encryption trust check: localHostTrusted = false, remoteHostTrusted = false
2022-04-23 15:03:02,934 INFO sasl.SaslDataTransferClient: SASL encryption trust check: localHostTrusted = false, remoteHostTrusted = false
2022-04-23 15:03:02,934 INFO sasl.SaslDataTransferClient: SASL encryption trust check: localHostTrusted = false, remoteHostTrusted = false
2022-04-23 15:03:02,934 INFO sasl.SaslDataTransferClient: SASL encryption trust check: localHostTrusted = false, remoteHostTrusted = false
2022-04-23 15:03:02,934 INFO sasl.SaslDataTransferClient: SASL encryption trust check: localHostTrusted = false, remoteHostTrusted = false
2022-04-23 15:03:02,933 INFO sasl.SaslDataTransferClient: SASL encryption trust check: localHostTrusted = false, remoteHostTrusted = false
Making 1 from 100000 sampled records
Computing parititions took 394ms
Spent 670ms computing partitions.
2022-04-23 15:03:03,556 INFO client.RMProxy: Connecting to ResourceManager at resourcemanager/172.26.0.8:8032
2022-04-23 15:03:03,800 INFO client.AHSProxy: Connecting to Application History server at historyserver/172.26.0.7:10200
2022-04-23 15:03:03,954 INFO mapreduce.JobResourceUploader: Disabling Erasure Coding for path: /tmp/hadoop-yarn/staging/root/.staging/job_1650721757638_0008
2022-04-23 15:03:04,031 INFO sasl.SaslDataTransferClient: SASL encryption trust check: localHostTrusted = false, remoteHostTrusted = false
2022-04-23 15:03:04,133 INFO sasl.SaslDataTransferClient: SASL encryption trust check: localHostTrusted = false, remoteHostTrusted = false
2022-04-23 15:03:04,193 INFO sasl.SaslDataTransferClient: SASL encryption trust check: localHostTrusted = false, remoteHostTrusted = false
2022-04-23 15:03:04,608 INFO mapreduce.JobSubmitter: number of splits:150
2022-04-23 15:03:04,783 INFO sasl.SaslDataTransferClient: SASL encryption trust check: localHostTrusted = false, remoteHostTrusted = false
2022-04-23 15:03:05,204 INFO mapreduce.JobSubmitter: Submitting tokens for job: job_1650721757638_0008
2022-04-23 15:03:05,205 INFO mapreduce.JobSubmitter: Executing with tokens: []
2022-04-23 15:03:05,470 INFO conf.Configuration: resource-types.xml not found
2022-04-23 15:03:05,471 INFO resource.ResourceUtils: Unable to find 'resource-types.xml'.
2022-04-23 15:03:05,792 INFO impl.YarnClientImpl: Submitted application application_1650721757638_0008
2022-04-23 15:03:05,860 INFO mapreduce.Job: The url to track the job: http://resourcemanager:8088/proxy/application_1650721757638_0008/
2022-04-23 15:03:05,861 INFO mapreduce.Job: Running job: job_1650721757638_0008
2022-04-23 15:03:13,983 INFO mapreduce.Job: Job job_1650721757638_0008 running in uber mode : false
2022-04-23 15:03:13,986 INFO mapreduce.Job:  map 0% reduce 0%
2022-04-23 15:03:23,105 INFO mapreduce.Job:  map 1% reduce 0%
2022-04-23 15:03:26,144 INFO mapreduce.Job:  map 2% reduce 0%
2022-04-23 15:03:28,183 INFO mapreduce.Job:  map 3% reduce 0%
2022-04-23 15:03:29,192 INFO mapreduce.Job:  map 4% reduce 0%
2022-04-23 15:03:33,221 INFO mapreduce.Job:  map 5% reduce 0%
2022-04-23 15:03:37,258 INFO mapreduce.Job:  map 7% reduce 0%
2022-04-23 15:03:39,277 INFO mapreduce.Job:  map 8% reduce 0%
2022-04-23 15:03:44,270 INFO mapreduce.Job:  map 9% reduce 0%
2022-04-23 15:03:46,282 INFO mapreduce.Job:  map 10% reduce 0%
2022-04-23 15:03:48,295 INFO mapreduce.Job:  map 11% reduce 0%
2022-04-23 15:03:50,315 INFO mapreduce.Job:  map 12% reduce 0%
2022-04-23 15:03:54,338 INFO mapreduce.Job:  map 13% reduce 0%
2022-04-23 15:03:57,363 INFO mapreduce.Job:  map 14% reduce 0%
2022-04-23 15:03:58,371 INFO mapreduce.Job:  map 15% reduce 0%
2022-04-23 15:03:59,381 INFO mapreduce.Job:  map 16% reduce 0%
2022-04-23 15:04:04,430 INFO mapreduce.Job:  map 17% reduce 0%
2022-04-23 15:04:07,449 INFO mapreduce.Job:  map 19% reduce 0%
2022-04-23 15:04:09,469 INFO mapreduce.Job:  map 20% reduce 0%
2022-04-23 15:04:17,517 INFO mapreduce.Job:  map 21% reduce 0%
2022-04-23 15:04:20,568 INFO mapreduce.Job:  map 22% reduce 0%
2022-04-23 15:04:21,577 INFO mapreduce.Job:  map 23% reduce 0%
2022-04-23 15:04:22,583 INFO mapreduce.Job:  map 23% reduce 4%
2022-04-23 15:04:28,621 INFO mapreduce.Job:  map 23% reduce 6%
2022-04-23 15:04:30,644 INFO mapreduce.Job:  map 25% reduce 6%
2022-04-23 15:04:31,655 INFO mapreduce.Job:  map 26% reduce 6%
2022-04-23 15:04:34,680 INFO mapreduce.Job:  map 27% reduce 8%
2022-04-23 15:04:40,739 INFO mapreduce.Job:  map 27% reduce 9%
2022-04-23 15:04:41,753 INFO mapreduce.Job:  map 29% reduce 9%
2022-04-23 15:04:44,745 INFO mapreduce.Job:  map 30% reduce 9%
2022-04-23 15:04:46,755 INFO mapreduce.Job:  map 30% reduce 10%
2022-04-23 15:04:49,790 INFO mapreduce.Job:  map 31% reduce 10%
2022-04-23 15:04:50,795 INFO mapreduce.Job:  map 32% reduce 10%
2022-04-23 15:04:52,803 INFO mapreduce.Job:  map 33% reduce 11%
2022-04-23 15:05:00,852 INFO mapreduce.Job:  map 35% reduce 11%
2022-04-23 15:05:01,868 INFO mapreduce.Job:  map 36% reduce 11%
2022-04-23 15:05:04,882 INFO mapreduce.Job:  map 36% reduce 12%
2022-04-23 15:05:06,897 INFO mapreduce.Job:  map 37% reduce 12%
2022-04-23 15:05:09,918 INFO mapreduce.Job:  map 39% reduce 12%
2022-04-23 15:05:10,927 INFO mapreduce.Job:  map 39% reduce 13%
2022-04-23 15:05:15,925 INFO mapreduce.Job:  map 40% reduce 13%
2022-04-23 15:05:17,948 INFO mapreduce.Job:  map 41% reduce 13%
2022-04-23 15:05:20,964 INFO mapreduce.Job:  map 42% reduce 13%
2022-04-23 15:05:21,972 INFO mapreduce.Job:  map 43% reduce 13%
2022-04-23 15:05:22,982 INFO mapreduce.Job:  map 43% reduce 14%
2022-04-23 15:05:27,012 INFO mapreduce.Job:  map 44% reduce 14%
2022-04-23 15:05:28,018 INFO mapreduce.Job:  map 45% reduce 14%
2022-04-23 15:05:29,031 INFO mapreduce.Job:  map 45% reduce 15%
2022-04-23 15:05:32,064 INFO mapreduce.Job:  map 46% reduce 15%
2022-04-23 15:05:37,088 INFO mapreduce.Job:  map 47% reduce 15%
2022-04-23 15:05:38,094 INFO mapreduce.Job:  map 48% reduce 15%
2022-04-23 15:05:39,103 INFO mapreduce.Job:  map 49% reduce 15%
2022-04-23 15:05:41,113 INFO mapreduce.Job:  map 49% reduce 16%
2022-04-23 15:05:46,111 INFO mapreduce.Job:  map 51% reduce 16%
2022-04-23 15:05:47,124 INFO mapreduce.Job:  map 51% reduce 17%
2022-04-23 15:05:48,129 INFO mapreduce.Job:  map 52% reduce 17%
2022-04-23 15:05:52,163 INFO mapreduce.Job:  map 53% reduce 17%
2022-04-23 15:05:53,169 INFO mapreduce.Job:  map 53% reduce 18%
2022-04-23 15:05:57,190 INFO mapreduce.Job:  map 54% reduce 18%
2022-04-23 15:05:58,196 INFO mapreduce.Job:  map 55% reduce 18%
2022-04-23 15:06:01,213 INFO mapreduce.Job:  map 56% reduce 18%
2022-04-23 15:06:05,242 INFO mapreduce.Job:  map 57% reduce 19%
2022-04-23 15:06:07,480 INFO mapreduce.Job:  map 58% reduce 19%
2022-04-23 15:06:08,485 INFO mapreduce.Job:  map 59% reduce 19%
2022-04-23 15:06:11,508 INFO mapreduce.Job:  map 59% reduce 20%
2022-04-23 15:06:13,489 INFO mapreduce.Job:  map 60% reduce 20%
2022-04-23 15:06:14,501 INFO mapreduce.Job:  map 61% reduce 20%
2022-04-23 15:06:19,558 INFO mapreduce.Job:  map 62% reduce 20%
2022-04-23 15:06:21,573 INFO mapreduce.Job:  map 63% reduce 20%
2022-04-23 15:06:22,585 INFO mapreduce.Job:  map 63% reduce 21%
2022-04-23 15:06:24,597 INFO mapreduce.Job:  map 64% reduce 21%
2022-04-23 15:06:27,617 INFO mapreduce.Job:  map 65% reduce 21%
2022-04-23 15:06:28,625 INFO mapreduce.Job:  map 65% reduce 22%
2022-04-23 15:06:30,634 INFO mapreduce.Job:  map 66% reduce 22%
2022-04-23 15:06:33,671 INFO mapreduce.Job:  map 67% reduce 22%
2022-04-23 15:06:37,763 INFO mapreduce.Job:  map 68% reduce 22%
2022-04-23 15:06:39,780 INFO mapreduce.Job:  map 69% reduce 22%
2022-04-23 15:06:40,790 INFO mapreduce.Job:  map 69% reduce 23%
2022-04-23 15:06:42,804 INFO mapreduce.Job:  map 70% reduce 23%
2022-04-23 15:06:44,831 INFO mapreduce.Job:  map 71% reduce 23%
2022-04-23 15:06:46,843 INFO mapreduce.Job:  map 71% reduce 24%
2022-04-23 15:06:48,863 INFO mapreduce.Job:  map 72% reduce 24%
2022-04-23 15:06:49,999 INFO mapreduce.Job:  map 73% reduce 24%
2022-04-23 15:06:55,030 INFO mapreduce.Job:  map 74% reduce 24%
2022-04-23 15:06:56,035 INFO mapreduce.Job:  map 75% reduce 24%
2022-04-23 15:06:59,054 INFO mapreduce.Job:  map 76% reduce 25%
2022-04-23 15:07:01,069 INFO mapreduce.Job:  map 77% reduce 25%
2022-04-23 15:07:05,315 INFO mapreduce.Job:  map 77% reduce 26%
2022-04-23 15:07:06,321 INFO mapreduce.Job:  map 78% reduce 26%
2022-04-23 15:07:09,343 INFO mapreduce.Job:  map 79% reduce 26%
2022-04-23 15:07:11,354 INFO mapreduce.Job:  map 80% reduce 26%
2022-04-23 15:07:17,676 INFO mapreduce.Job:  map 81% reduce 27%
2022-04-23 15:07:19,713 INFO mapreduce.Job:  map 82% reduce 27%
2022-04-23 15:07:20,730 INFO mapreduce.Job:  map 83% reduce 27%
2022-04-23 15:07:22,757 INFO mapreduce.Job:  map 83% reduce 28%
2022-04-23 15:07:29,835 INFO mapreduce.Job:  map 85% reduce 28%
2022-04-23 15:07:30,860 INFO mapreduce.Job:  map 86% reduce 28%
2022-04-23 15:07:34,904 INFO mapreduce.Job:  map 87% reduce 29%
2022-04-23 15:07:41,117 INFO mapreduce.Job:  map 88% reduce 29%
2022-04-23 15:07:42,186 INFO mapreduce.Job:  map 89% reduce 29%
2022-04-23 15:07:47,451 INFO mapreduce.Job:  map 90% reduce 30%
2022-04-23 15:07:56,342 INFO mapreduce.Job:  map 91% reduce 30%
2022-04-23 15:07:57,356 INFO mapreduce.Job:  map 92% reduce 30%
2022-04-23 15:07:58,365 INFO mapreduce.Job:  map 93% reduce 30%
2022-04-23 15:07:59,376 INFO mapreduce.Job:  map 93% reduce 31%
2022-04-23 15:08:08,472 INFO mapreduce.Job:  map 96% reduce 31%
2022-04-23 15:08:11,484 INFO mapreduce.Job:  map 96% reduce 32%
2022-04-23 15:08:14,860 INFO mapreduce.Job:  map 97% reduce 32%
2022-04-23 15:08:16,883 INFO mapreduce.Job:  map 98% reduce 32%
2022-04-23 15:08:17,890 INFO mapreduce.Job:  map 99% reduce 32%
2022-04-23 15:08:22,925 INFO mapreduce.Job:  map 100% reduce 34%
2022-04-23 15:08:29,022 INFO mapreduce.Job:  map 100% reduce 43%
2022-04-23 15:08:35,062 INFO mapreduce.Job:  map 100% reduce 53%
2022-04-23 15:08:41,100 INFO mapreduce.Job:  map 100% reduce 62%
2022-04-23 15:08:47,116 INFO mapreduce.Job:  map 100% reduce 67%
2022-04-23 15:08:53,157 INFO mapreduce.Job:  map 100% reduce 70%
2022-04-23 15:08:59,218 INFO mapreduce.Job:  map 100% reduce 72%
2022-04-23 15:09:05,278 INFO mapreduce.Job:  map 100% reduce 75%
2022-04-23 15:09:11,334 INFO mapreduce.Job:  map 100% reduce 77%
2022-04-23 15:09:17,362 INFO mapreduce.Job:  map 100% reduce 79%
2022-04-23 15:09:23,405 INFO mapreduce.Job:  map 100% reduce 82%
2022-04-23 15:09:29,434 INFO mapreduce.Job:  map 100% reduce 84%
2022-04-23 15:09:35,484 INFO mapreduce.Job:  map 100% reduce 87%
2022-04-23 15:09:41,520 INFO mapreduce.Job:  map 100% reduce 89%
2022-04-23 15:09:47,517 INFO mapreduce.Job:  map 100% reduce 92%
2022-04-23 15:09:53,614 INFO mapreduce.Job:  map 100% reduce 94%
2022-04-23 15:09:59,657 INFO mapreduce.Job:  map 100% reduce 96%
2022-04-23 15:10:05,717 INFO mapreduce.Job:  map 100% reduce 99%
2022-04-23 15:10:08,741 INFO mapreduce.Job:  map 100% reduce 100%
2022-04-23 15:10:09,760 INFO mapreduce.Job: Job job_1650721757638_0008 completed successfully
2022-04-23 15:10:10,002 INFO mapreduce.Job: Counters: 55
	File System Counters
		FILE: Number of bytes read=17100148884
		FILE: Number of bytes written=27534921746
		FILE: Number of read operations=0
		FILE: Number of large read operations=0
		FILE: Number of write operations=0
		HDFS: Number of bytes read=10000020400
		HDFS: Number of bytes written=10000000000
		HDFS: Number of read operations=455
		HDFS: Number of large read operations=0
		HDFS: Number of write operations=2
		HDFS: Number of bytes read erasure-coded=0
	Job Counters
		Killed map tasks=1
		Launched map tasks=150
		Launched reduce tasks=1
		Rack-local map tasks=150
		Total time spent by all maps in occupied slots (ms)=1244871
		Total time spent by all reduces in occupied slots (ms)=361827
		Total time spent by all map tasks (ms)=1244871
		Total time spent by all reduce tasks (ms)=361827
		Total vcore-milliseconds taken by all map tasks=1244871
		Total vcore-milliseconds taken by all reduce tasks=361827
		Total megabyte-milliseconds taken by all map tasks=1274747904
		Total megabyte-milliseconds taken by all reduce tasks=370510848
	Map-Reduce Framework
		Map input records=100000000
		Map output records=100000000
		Map output bytes=10200000000
		Map output materialized bytes=10400000900
		Input split bytes=20400
		Combine input records=0
		Combine output records=0
		Reduce input groups=100000000
		Reduce shuffle bytes=10400000900
		Reduce input records=100000000
		Reduce output records=100000000
		Spilled Records=264424507
		Shuffled Maps =150
		Failed Shuffles=0
		Merged Map outputs=150
		GC time elapsed (ms)=16665
		CPU time spent (ms)=734690
		Physical memory (bytes) snapshot=43009126400
		Virtual memory (bytes) snapshot=399805710336
		Total committed heap usage (bytes)=36620992512
		Peak Map Physical memory (bytes)=318070784
		Peak Map Virtual memory (bytes)=2653974528
		Peak Reduce Physical memory (bytes)=747388928
		Peak Reduce Virtual memory (bytes)=2655944704
	Shuffle Errors
		BAD_ID=0
		CONNECTION=0
		IO_ERROR=0
		WRONG_LENGTH=0
		WRONG_MAP=0
		WRONG_REDUCE=0
	File Input Format Counters
		Bytes Read=10000000000
	File Output Format Counters
		Bytes Written=10000000000
2022-04-23 15:10:10,003 INFO terasort.TeraSort: done
	Command being timed: "hadoop jar hadoop-mapreduce-examples-3.2.1.jar terasort -D mapreduce.map.log.level=INFO -D mapreduce.reduce.log.level=INFO -D yarn.app.mapreduce.am.log.level=INFO -D yarn.nodemanager.resource.detect-hardware-capabilities=true -D yarn.nodemanager.resource.memory-mb=-1 -D mapreduce.task.io.sort.mb=100 -D mapreduce.task.io.sort.factor=10 -D mapreduce.map.sort.spill.percent=0.80 -D mapreduce.map.combine.minspills=3 -D mapreduce.map.output.compress=false -D mapreduce.map.output.compress=org.apache.hadoop.io.compress.DefaultCodec -D mapreduce.shuffle.max.threads=0 -D mapreduce.reduce.shuffle.parallelcopies=5 -D mapreduce.reduce.shuffle.maxfetchfailures=10 -D mapreduce.reduce.shuffle.input.buffer.percent=0.70 -D mapreduce.reduce.shuffle.merge.percent=0.66 -D mapreduce.reduce.merge.inmem.threshold=1000 -D mapreduce.reduce.input.buffer.percent=0.0 -D dfs.blocksize=67108864 /user/root/terasort/10G-terasort-input /user/root/terasort/10G-terasort-output"
	User time (seconds): 6.77
	System time (seconds): 4.12
	Percent of CPU this job got: 2%
	Elapsed (wall clock) time (h:mm:ss or m:ss): 7:09.84
	Average shared text size (kbytes): 0
	Average unshared data size (kbytes): 0
	Average stack size (kbytes): 0
	Average total size (kbytes): 0
	Maximum resident set size (kbytes): 272480
	Average resident set size (kbytes): 0
	Major (requiring I/O) page faults: 1451
	Minor (reclaiming a frame) page faults: 85303
	Voluntary context switches: 23954
	Involuntary context switches: 5795
	Swaps: 0
	File system inputs: 22248
	File system outputs: 6184
	Socket messages sent: 0
	Socket messages received: 0
	Signals delivered: 0
	Page size (bytes): 4096
	Exit status: 0