2022-04-23 14:04:06,197 INFO client.RMProxy: Connecting to ResourceManager at resourcemanager/172.26.0.8:8032
2022-04-23 14:04:06,526 INFO client.AHSProxy: Connecting to Application History server at historyserver/172.26.0.7:10200
2022-04-23 14:04:07,381 INFO conf.Configuration: resource-types.xml not found
2022-04-23 14:04:07,381 INFO resource.ResourceUtils: Unable to find 'resource-types.xml'.
Deleted /user/root/terasort/10G-terasort-output
2022-04-23 14:04:11,344 INFO terasort.TeraSort: starting
2022-04-23 14:04:12,662 INFO input.FileInputFormat: Total input files to process : 2
Spent 271ms computing base-splits.
Spent 4ms computing TeraScheduler splits.
Computing input splits took 278ms
Sampling 10 splits of 150
2022-04-23 14:04:12,771 INFO sasl.SaslDataTransferClient: SASL encryption trust check: localHostTrusted = false, remoteHostTrusted = false
2022-04-23 14:04:12,771 INFO sasl.SaslDataTransferClient: SASL encryption trust check: localHostTrusted = false, remoteHostTrusted = false
2022-04-23 14:04:12,771 INFO sasl.SaslDataTransferClient: SASL encryption trust check: localHostTrusted = false, remoteHostTrusted = false
2022-04-23 14:04:12,771 INFO sasl.SaslDataTransferClient: SASL encryption trust check: localHostTrusted = false, remoteHostTrusted = false
2022-04-23 14:04:12,771 INFO sasl.SaslDataTransferClient: SASL encryption trust check: localHostTrusted = false, remoteHostTrusted = false
2022-04-23 14:04:12,771 INFO sasl.SaslDataTransferClient: SASL encryption trust check: localHostTrusted = false, remoteHostTrusted = false
2022-04-23 14:04:12,772 INFO sasl.SaslDataTransferClient: SASL encryption trust check: localHostTrusted = false, remoteHostTrusted = false
2022-04-23 14:04:12,772 INFO sasl.SaslDataTransferClient: SASL encryption trust check: localHostTrusted = false, remoteHostTrusted = false
2022-04-23 14:04:12,771 INFO sasl.SaslDataTransferClient: SASL encryption trust check: localHostTrusted = false, remoteHostTrusted = false
2022-04-23 14:04:12,771 INFO sasl.SaslDataTransferClient: SASL encryption trust check: localHostTrusted = false, remoteHostTrusted = false
Making 1 from 100000 sampled records
Computing parititions took 409ms
Spent 690ms computing partitions.
2022-04-23 14:04:13,391 INFO client.RMProxy: Connecting to ResourceManager at resourcemanager/172.26.0.8:8032
2022-04-23 14:04:13,629 INFO client.AHSProxy: Connecting to Application History server at historyserver/172.26.0.7:10200
2022-04-23 14:04:13,786 INFO mapreduce.JobResourceUploader: Disabling Erasure Coding for path: /tmp/hadoop-yarn/staging/root/.staging/job_1650721757638_0004
2022-04-23 14:04:13,863 INFO sasl.SaslDataTransferClient: SASL encryption trust check: localHostTrusted = false, remoteHostTrusted = false
2022-04-23 14:04:14,378 INFO sasl.SaslDataTransferClient: SASL encryption trust check: localHostTrusted = false, remoteHostTrusted = false
2022-04-23 14:04:14,440 INFO sasl.SaslDataTransferClient: SASL encryption trust check: localHostTrusted = false, remoteHostTrusted = false
2022-04-23 14:04:14,449 INFO mapreduce.JobSubmitter: number of splits:150
2022-04-23 14:04:14,617 INFO sasl.SaslDataTransferClient: SASL encryption trust check: localHostTrusted = false, remoteHostTrusted = false
2022-04-23 14:04:15,042 INFO mapreduce.JobSubmitter: Submitting tokens for job: job_1650721757638_0004
2022-04-23 14:04:15,042 INFO mapreduce.JobSubmitter: Executing with tokens: []
2022-04-23 14:04:15,301 INFO conf.Configuration: resource-types.xml not found
2022-04-23 14:04:15,301 INFO resource.ResourceUtils: Unable to find 'resource-types.xml'.
2022-04-23 14:04:15,817 INFO impl.YarnClientImpl: Submitted application application_1650721757638_0004
2022-04-23 14:04:15,889 INFO mapreduce.Job: The url to track the job: http://resourcemanager:8088/proxy/application_1650721757638_0004/
2022-04-23 14:04:15,890 INFO mapreduce.Job: Running job: job_1650721757638_0004
2022-04-23 14:04:24,098 INFO mapreduce.Job: Job job_1650721757638_0004 running in uber mode : false
2022-04-23 14:04:24,106 INFO mapreduce.Job:  map 0% reduce 0%
2022-04-23 14:04:34,228 INFO mapreduce.Job:  map 1% reduce 0%
2022-04-23 14:04:37,218 INFO mapreduce.Job:  map 2% reduce 0%
2022-04-23 14:04:38,227 INFO mapreduce.Job:  map 3% reduce 0%
2022-04-23 14:04:41,254 INFO mapreduce.Job:  map 4% reduce 0%
2022-04-23 14:04:44,275 INFO mapreduce.Job:  map 5% reduce 0%
2022-04-23 14:04:47,292 INFO mapreduce.Job:  map 6% reduce 0%
2022-04-23 14:04:48,298 INFO mapreduce.Job:  map 7% reduce 0%
2022-04-23 14:04:50,310 INFO mapreduce.Job:  map 8% reduce 0%
2022-04-23 14:04:54,332 INFO mapreduce.Job:  map 9% reduce 0%
2022-04-23 14:04:58,357 INFO mapreduce.Job:  map 10% reduce 0%
2022-04-23 14:04:59,366 INFO mapreduce.Job:  map 11% reduce 0%
2022-04-23 14:05:00,372 INFO mapreduce.Job:  map 12% reduce 0%
2022-04-23 14:05:05,400 INFO mapreduce.Job:  map 13% reduce 0%
2022-04-23 14:05:08,388 INFO mapreduce.Job:  map 15% reduce 0%
2022-04-23 14:05:11,409 INFO mapreduce.Job:  map 16% reduce 0%
2022-04-23 14:05:14,437 INFO mapreduce.Job:  map 17% reduce 0%
2022-04-23 14:05:17,471 INFO mapreduce.Job:  map 18% reduce 0%
2022-04-23 14:05:19,482 INFO mapreduce.Job:  map 19% reduce 0%
2022-04-23 14:05:21,493 INFO mapreduce.Job:  map 20% reduce 0%
2022-04-23 14:05:27,525 INFO mapreduce.Job:  map 21% reduce 0%
2022-04-23 14:05:32,557 INFO mapreduce.Job:  map 23% reduce 0%
2022-04-23 14:05:33,562 INFO mapreduce.Job:  map 23% reduce 4%
2022-04-23 14:05:39,568 INFO mapreduce.Job:  map 23% reduce 7%
2022-04-23 14:05:41,586 INFO mapreduce.Job:  map 24% reduce 7%
2022-04-23 14:05:42,603 INFO mapreduce.Job:  map 25% reduce 7%
2022-04-23 14:05:44,621 INFO mapreduce.Job:  map 26% reduce 7%
2022-04-23 14:05:45,632 INFO mapreduce.Job:  map 26% reduce 8%
2022-04-23 14:05:46,730 INFO mapreduce.Job:  map 27% reduce 8%
2022-04-23 14:05:50,753 INFO mapreduce.Job:  map 28% reduce 8%
2022-04-23 14:05:51,760 INFO mapreduce.Job:  map 29% reduce 9%
2022-04-23 14:05:55,808 INFO mapreduce.Job:  map 30% reduce 9%
2022-04-23 14:05:57,848 INFO mapreduce.Job:  map 30% reduce 10%
2022-04-23 14:05:58,866 INFO mapreduce.Job:  map 31% reduce 10%
2022-04-23 14:06:00,881 INFO mapreduce.Job:  map 32% reduce 10%
2022-04-23 14:06:01,885 INFO mapreduce.Job:  map 33% reduce 10%
2022-04-23 14:06:03,896 INFO mapreduce.Job:  map 33% reduce 11%
2022-04-23 14:06:06,921 INFO mapreduce.Job:  map 34% reduce 11%
2022-04-23 14:06:07,891 INFO mapreduce.Job:  map 35% reduce 11%
2022-04-23 14:06:09,907 INFO mapreduce.Job:  map 36% reduce 12%
2022-04-23 14:06:13,932 INFO mapreduce.Job:  map 37% reduce 12%
2022-04-23 14:06:17,953 INFO mapreduce.Job:  map 39% reduce 12%
2022-04-23 14:06:21,971 INFO mapreduce.Job:  map 39% reduce 13%
2022-04-23 14:06:23,984 INFO mapreduce.Job:  map 40% reduce 13%
2022-04-23 14:06:26,001 INFO mapreduce.Job:  map 41% reduce 13%
2022-04-23 14:06:28,020 INFO mapreduce.Job:  map 42% reduce 14%
2022-04-23 14:06:29,026 INFO mapreduce.Job:  map 43% reduce 14%
2022-04-23 14:06:35,083 INFO mapreduce.Job:  map 44% reduce 14%
2022-04-23 14:06:36,092 INFO mapreduce.Job:  map 45% reduce 14%
2022-04-23 14:06:39,073 INFO mapreduce.Job:  map 46% reduce 15%
2022-04-23 14:06:43,105 INFO mapreduce.Job:  map 47% reduce 15%
2022-04-23 14:06:45,118 INFO mapreduce.Job:  map 48% reduce 16%
2022-04-23 14:06:46,127 INFO mapreduce.Job:  map 49% reduce 16%
2022-04-23 14:06:54,172 INFO mapreduce.Job:  map 51% reduce 16%
2022-04-23 14:06:56,183 INFO mapreduce.Job:  map 52% reduce 16%
2022-04-23 14:06:57,237 INFO mapreduce.Job:  map 52% reduce 17%
2022-04-23 14:07:01,262 INFO mapreduce.Job:  map 53% reduce 17%
2022-04-23 14:07:03,282 INFO mapreduce.Job:  map 53% reduce 18%
2022-04-23 14:07:04,304 INFO mapreduce.Job:  map 55% reduce 18%
2022-04-23 14:07:10,300 INFO mapreduce.Job:  map 56% reduce 18%
2022-04-23 14:07:12,312 INFO mapreduce.Job:  map 57% reduce 18%
2022-04-23 14:07:14,333 INFO mapreduce.Job:  map 58% reduce 18%
2022-04-23 14:07:15,344 INFO mapreduce.Job:  map 58% reduce 19%
2022-04-23 14:07:16,349 INFO mapreduce.Job:  map 59% reduce 19%
2022-04-23 14:07:21,390 INFO mapreduce.Job:  map 60% reduce 20%
2022-04-23 14:07:22,442 INFO mapreduce.Job:  map 61% reduce 20%
2022-04-23 14:07:25,474 INFO mapreduce.Job:  map 62% reduce 20%
2022-04-23 14:07:27,486 INFO mapreduce.Job:  map 62% reduce 21%
2022-04-23 14:07:28,495 INFO mapreduce.Job:  map 63% reduce 21%
2022-04-23 14:07:32,532 INFO mapreduce.Job:  map 64% reduce 21%
2022-04-23 14:07:34,626 INFO mapreduce.Job:  map 65% reduce 21%
2022-04-23 14:07:38,620 INFO mapreduce.Job:  map 66% reduce 21%
2022-04-23 14:07:39,627 INFO mapreduce.Job:  map 67% reduce 22%
2022-04-23 14:07:43,651 INFO mapreduce.Job:  map 68% reduce 22%
2022-04-23 14:07:44,659 INFO mapreduce.Job:  map 69% reduce 22%
2022-04-23 14:07:45,667 INFO mapreduce.Job:  map 69% reduce 23%
2022-04-23 14:07:48,690 INFO mapreduce.Job:  map 70% reduce 23%
2022-04-23 14:07:50,710 INFO mapreduce.Job:  map 71% reduce 23%
2022-04-23 14:07:51,715 INFO mapreduce.Job:  map 71% reduce 24%
2022-04-23 14:07:54,729 INFO mapreduce.Job:  map 72% reduce 24%
2022-04-23 14:07:58,744 INFO mapreduce.Job:  map 73% reduce 24%
2022-04-23 14:07:59,749 INFO mapreduce.Job:  map 74% reduce 24%
2022-04-23 14:08:02,762 INFO mapreduce.Job:  map 75% reduce 24%
2022-04-23 14:08:03,766 INFO mapreduce.Job:  map 75% reduce 25%
2022-04-23 14:08:07,741 INFO mapreduce.Job:  map 77% reduce 25%
2022-04-23 14:08:09,762 INFO mapreduce.Job:  map 77% reduce 26%
2022-04-23 14:08:12,779 INFO mapreduce.Job:  map 78% reduce 26%
2022-04-23 14:08:14,792 INFO mapreduce.Job:  map 79% reduce 26%
2022-04-23 14:08:17,808 INFO mapreduce.Job:  map 80% reduce 26%
2022-04-23 14:08:18,813 INFO mapreduce.Job:  map 81% reduce 26%
2022-04-23 14:08:21,837 INFO mapreduce.Job:  map 81% reduce 27%
2022-04-23 14:08:26,863 INFO mapreduce.Job:  map 82% reduce 27%
2022-04-23 14:08:28,876 INFO mapreduce.Job:  map 83% reduce 27%
2022-04-23 14:08:30,888 INFO mapreduce.Job:  map 84% reduce 27%
2022-04-23 14:08:33,910 INFO mapreduce.Job:  map 84% reduce 28%
2022-04-23 14:08:38,927 INFO mapreduce.Job:  map 85% reduce 28%
2022-04-23 14:08:39,935 INFO mapreduce.Job:  map 86% reduce 28%
2022-04-23 14:08:40,955 INFO mapreduce.Job:  map 87% reduce 28%
2022-04-23 14:08:45,978 INFO mapreduce.Job:  map 87% reduce 29%
2022-04-23 14:08:50,302 INFO mapreduce.Job:  map 89% reduce 29%
2022-04-23 14:08:51,314 INFO mapreduce.Job:  map 90% reduce 29%
2022-04-23 14:08:54,335 INFO mapreduce.Job:  map 91% reduce 29%
2022-04-23 14:08:57,344 INFO mapreduce.Job:  map 91% reduce 30%
2022-04-23 14:09:02,487 INFO mapreduce.Job:  map 93% reduce 30%
2022-04-23 14:09:04,500 INFO mapreduce.Job:  map 94% reduce 30%
2022-04-23 14:09:09,499 INFO mapreduce.Job:  map 94% reduce 31%
2022-04-23 14:10:13,290 INFO mapreduce.Job:  map 97% reduce 0%
2022-04-23 14:10:13,295 INFO mapreduce.Job: Task Id : attempt_1650721757638_0004_r_000000_0, Status : FAILED
[2022-04-23 14:10:10.796]Container killed on request. Exit code is 137
[2022-04-23 14:10:10.800]Container exited with a non-zero exit code 137.
[2022-04-23 14:10:10.802]Killed by external signal

2022-04-23 14:10:20,602 INFO mapreduce.Job:  map 100% reduce 0%
2022-04-23 14:10:31,707 INFO mapreduce.Job:  map 100% reduce 7%
2022-04-23 14:10:37,771 INFO mapreduce.Job:  map 100% reduce 10%
2022-04-23 14:10:44,045 INFO mapreduce.Job:  map 100% reduce 14%
2022-04-23 14:10:50,175 INFO mapreduce.Job:  map 100% reduce 17%
2022-04-23 14:10:56,224 INFO mapreduce.Job:  map 100% reduce 20%
2022-04-23 14:11:02,258 INFO mapreduce.Job:  map 100% reduce 24%
2022-04-23 14:11:08,300 INFO mapreduce.Job:  map 100% reduce 27%
2022-04-23 14:11:14,964 INFO mapreduce.Job:  map 100% reduce 31%
2022-04-23 14:11:21,063 INFO mapreduce.Job:  map 100% reduce 33%
2022-04-23 14:11:44,941 INFO mapreduce.Job:  map 100% reduce 38%
2022-04-23 14:11:50,953 INFO mapreduce.Job:  map 100% reduce 47%
2022-04-23 14:11:57,017 INFO mapreduce.Job:  map 100% reduce 54%
2022-04-23 14:12:03,065 INFO mapreduce.Job:  map 100% reduce 63%
2022-04-23 14:12:09,104 INFO mapreduce.Job:  map 100% reduce 68%
2022-04-23 14:12:15,149 INFO mapreduce.Job:  map 100% reduce 70%
2022-04-23 14:12:21,158 INFO mapreduce.Job:  map 100% reduce 72%
2022-04-23 14:12:27,222 INFO mapreduce.Job:  map 100% reduce 75%
2022-04-23 14:12:33,265 INFO mapreduce.Job:  map 100% reduce 77%
2022-04-23 14:12:39,295 INFO mapreduce.Job:  map 100% reduce 79%
2022-04-23 14:12:45,355 INFO mapreduce.Job:  map 100% reduce 81%
2022-04-23 14:12:51,412 INFO mapreduce.Job:  map 100% reduce 83%
2022-04-23 14:12:57,447 INFO mapreduce.Job:  map 100% reduce 85%
2022-04-23 14:13:03,513 INFO mapreduce.Job:  map 100% reduce 88%
2022-04-23 14:13:09,612 INFO mapreduce.Job:  map 100% reduce 90%
2022-04-23 14:13:14,660 INFO mapreduce.Job:  map 100% reduce 92%
2022-04-23 14:13:20,670 INFO mapreduce.Job:  map 100% reduce 94%
2022-04-23 14:13:26,716 INFO mapreduce.Job:  map 100% reduce 96%
2022-04-23 14:13:32,758 INFO mapreduce.Job:  map 100% reduce 99%
2022-04-23 14:13:36,860 INFO mapreduce.Job:  map 100% reduce 100%
2022-04-23 14:13:37,876 INFO mapreduce.Job: Job job_1650721757638_0004 completed successfully
2022-04-23 14:13:38,503 INFO mapreduce.Job: Counters: 56
	File System Counters
		FILE: Number of bytes read=17449924602
		FILE: Number of bytes written=27884697464
		FILE: Number of read operations=0
		FILE: Number of large read operations=0
		FILE: Number of write operations=0
		HDFS: Number of bytes read=10000020400
		HDFS: Number of bytes written=10000000000
		HDFS: Number of read operations=455
		HDFS: Number of large read operations=0
		HDFS: Number of write operations=2
		HDFS: Number of bytes read erasure-coded=0
	Job Counters
		Failed reduce tasks=1
		Killed map tasks=1
		Launched map tasks=151
		Launched reduce tasks=2
		Rack-local map tasks=151
		Total time spent by all maps in occupied slots (ms)=1496011
		Total time spent by all reduces in occupied slots (ms)=496955
		Total time spent by all map tasks (ms)=1496011
		Total time spent by all reduce tasks (ms)=496955
		Total vcore-milliseconds taken by all map tasks=1496011
		Total vcore-milliseconds taken by all reduce tasks=496955
		Total megabyte-milliseconds taken by all map tasks=1531915264
		Total megabyte-milliseconds taken by all reduce tasks=508881920
	Map-Reduce Framework
		Map input records=100000000
		Map output records=100000000
		Map output bytes=10200000000
		Map output materialized bytes=10400000900
		Input split bytes=20400
		Combine input records=0
		Combine output records=0
		Reduce input groups=100000000
		Reduce shuffle bytes=10400000900
		Reduce input records=100000000
		Reduce output records=100000000
		Spilled Records=267787735
		Shuffled Maps =150
		Failed Shuffles=0
		Merged Map outputs=150
		GC time elapsed (ms)=15532
		CPU time spent (ms)=737370
		Physical memory (bytes) snapshot=43777232896
		Virtual memory (bytes) snapshot=399770464256
		Total committed heap usage (bytes)=36951293952
		Peak Map Physical memory (bytes)=305475584
		Peak Map Virtual memory (bytes)=2653880320
		Peak Reduce Physical memory (bytes)=904790016
		Peak Reduce Virtual memory (bytes)=2667180032
	Shuffle Errors
		BAD_ID=0
		CONNECTION=0
		IO_ERROR=0
		WRONG_LENGTH=0
		WRONG_MAP=0
		WRONG_REDUCE=0
	File Input Format Counters
		Bytes Read=10000000000
	File Output Format Counters
		Bytes Written=10000000000
2022-04-23 14:13:38,504 INFO terasort.TeraSort: done
	Command being timed: "hadoop jar hadoop-mapreduce-examples-3.2.1.jar terasort -D mapreduce.map.log.level=INFO -D mapreduce.reduce.log.level=INFO -D yarn.app.mapreduce.am.log.level=INFO -D yarn.nodemanager.resource.detect-hardware-capabilities=true -D yarn.nodemanager.resource.memory-mb=-1 -D mapreduce.task.io.sort.mb=100 -D mapreduce.task.io.sort.factor=10 -D mapreduce.map.sort.spill.percent=0.80 -D mapreduce.map.combine.minspills=3 -D mapreduce.map.output.compress=false -D mapreduce.map.output.compress=org.apache.hadoop.io.compress.DefaultCodec -D mapreduce.shuffle.max.threads=0 -D mapreduce.reduce.shuffle.parallelcopies=5 -D mapreduce.reduce.shuffle.maxfetchfailures=10 -D mapreduce.reduce.shuffle.input.buffer.percent=0.70 -D mapreduce.reduce.shuffle.merge.percent=0.66 -D mapreduce.reduce.merge.inmem.threshold=1000 -D mapreduce.reduce.input.buffer.percent=0.0 -D dfs.blocksize=67108864 /user/root/terasort/10G-terasort-input /user/root/terasort/10G-terasort-output"
	User time (seconds): 7.34
	System time (seconds): 9.32
	Percent of CPU this job got: 2%
	Elapsed (wall clock) time (h:mm:ss or m:ss): 9:28.58
	Average shared text size (kbytes): 0
	Average unshared data size (kbytes): 0
	Average stack size (kbytes): 0
	Average total size (kbytes): 0
	Maximum resident set size (kbytes): 310232
	Average resident set size (kbytes): 0
	Major (requiring I/O) page faults: 5395
	Minor (reclaiming a frame) page faults: 97709
	Voluntary context switches: 32879
	Involuntary context switches: 10174
	Swaps: 0
	File system inputs: 200720
	File system outputs: 6320
	Socket messages sent: 0
	Socket messages received: 0
	Signals delivered: 0
	Page size (bytes): 4096
	Exit status: 0