2022-04-23 15:13:15,851 INFO client.RMProxy: Connecting to ResourceManager at resourcemanager/172.26.0.8:8032
2022-04-23 15:13:16,180 INFO client.AHSProxy: Connecting to Application History server at historyserver/172.26.0.7:10200
2022-04-23 15:13:17,074 INFO conf.Configuration: resource-types.xml not found
2022-04-23 15:13:17,074 INFO resource.ResourceUtils: Unable to find 'resource-types.xml'.
Deleted /user/root/terasort/10G-terasort-output
2022-04-23 15:13:20,986 INFO terasort.TeraSort: starting
2022-04-23 15:13:22,269 INFO input.FileInputFormat: Total input files to process : 2
Spent 248ms computing base-splits.
Spent 6ms computing TeraScheduler splits.
Computing input splits took 255ms
Sampling 10 splits of 150
2022-04-23 15:13:22,368 INFO sasl.SaslDataTransferClient: SASL encryption trust check: localHostTrusted = false, remoteHostTrusted = false
2022-04-23 15:13:22,368 INFO sasl.SaslDataTransferClient: SASL encryption trust check: localHostTrusted = false, remoteHostTrusted = false
2022-04-23 15:13:22,368 INFO sasl.SaslDataTransferClient: SASL encryption trust check: localHostTrusted = false, remoteHostTrusted = false
2022-04-23 15:13:22,368 INFO sasl.SaslDataTransferClient: SASL encryption trust check: localHostTrusted = false, remoteHostTrusted = false
2022-04-23 15:13:22,368 INFO sasl.SaslDataTransferClient: SASL encryption trust check: localHostTrusted = false, remoteHostTrusted = false
2022-04-23 15:13:22,368 INFO sasl.SaslDataTransferClient: SASL encryption trust check: localHostTrusted = false, remoteHostTrusted = false
2022-04-23 15:13:22,368 INFO sasl.SaslDataTransferClient: SASL encryption trust check: localHostTrusted = false, remoteHostTrusted = false
2022-04-23 15:13:22,368 INFO sasl.SaslDataTransferClient: SASL encryption trust check: localHostTrusted = false, remoteHostTrusted = false
2022-04-23 15:13:22,368 INFO sasl.SaslDataTransferClient: SASL encryption trust check: localHostTrusted = false, remoteHostTrusted = false
2022-04-23 15:13:22,368 INFO sasl.SaslDataTransferClient: SASL encryption trust check: localHostTrusted = false, remoteHostTrusted = false
Making 1 from 100000 sampled records
Computing parititions took 394ms
Spent 652ms computing partitions.
2022-04-23 15:13:22,989 INFO client.RMProxy: Connecting to ResourceManager at resourcemanager/172.26.0.8:8032
2022-04-23 15:13:23,225 INFO client.AHSProxy: Connecting to Application History server at historyserver/172.26.0.7:10200
2022-04-23 15:13:23,382 INFO mapreduce.JobResourceUploader: Disabling Erasure Coding for path: /tmp/hadoop-yarn/staging/root/.staging/job_1650721757638_0010
2022-04-23 15:13:23,454 INFO sasl.SaslDataTransferClient: SASL encryption trust check: localHostTrusted = false, remoteHostTrusted = false
2022-04-23 15:13:23,954 INFO sasl.SaslDataTransferClient: SASL encryption trust check: localHostTrusted = false, remoteHostTrusted = false
2022-04-23 15:13:24,008 INFO sasl.SaslDataTransferClient: SASL encryption trust check: localHostTrusted = false, remoteHostTrusted = false
2022-04-23 15:13:24,015 INFO mapreduce.JobSubmitter: number of splits:150
2022-04-23 15:13:24,181 INFO sasl.SaslDataTransferClient: SASL encryption trust check: localHostTrusted = false, remoteHostTrusted = false
2022-04-23 15:13:24,195 INFO mapreduce.JobSubmitter: Submitting tokens for job: job_1650721757638_0010
2022-04-23 15:13:24,195 INFO mapreduce.JobSubmitter: Executing with tokens: []
2022-04-23 15:13:24,437 INFO conf.Configuration: resource-types.xml not found
2022-04-23 15:13:24,438 INFO resource.ResourceUtils: Unable to find 'resource-types.xml'.
2022-04-23 15:13:24,758 INFO impl.YarnClientImpl: Submitted application application_1650721757638_0010
2022-04-23 15:13:24,832 INFO mapreduce.Job: The url to track the job: http://resourcemanager:8088/proxy/application_1650721757638_0010/
2022-04-23 15:13:24,833 INFO mapreduce.Job: Running job: job_1650721757638_0010
2022-04-23 15:13:33,024 INFO mapreduce.Job: Job job_1650721757638_0010 running in uber mode : false
2022-04-23 15:13:33,027 INFO mapreduce.Job:  map 0% reduce 0%
2022-04-23 15:13:42,142 INFO mapreduce.Job:  map 1% reduce 0%
2022-04-23 15:13:45,126 INFO mapreduce.Job:  map 2% reduce 0%
2022-04-23 15:13:46,135 INFO mapreduce.Job:  map 3% reduce 0%
2022-04-23 15:13:48,146 INFO mapreduce.Job:  map 4% reduce 0%
2022-04-23 15:13:52,170 INFO mapreduce.Job:  map 5% reduce 0%
2022-04-23 15:13:54,200 INFO mapreduce.Job:  map 6% reduce 0%
2022-04-23 15:13:57,226 INFO mapreduce.Job:  map 7% reduce 0%
2022-04-23 15:13:59,238 INFO mapreduce.Job:  map 8% reduce 0%
2022-04-23 15:14:03,271 INFO mapreduce.Job:  map 9% reduce 0%
2022-04-23 15:14:05,285 INFO mapreduce.Job:  map 10% reduce 0%
2022-04-23 15:14:07,300 INFO mapreduce.Job:  map 11% reduce 0%
2022-04-23 15:14:08,306 INFO mapreduce.Job:  map 12% reduce 0%
2022-04-23 15:14:13,315 INFO mapreduce.Job:  map 13% reduce 0%
2022-04-23 15:14:15,328 INFO mapreduce.Job:  map 14% reduce 0%
2022-04-23 15:14:18,353 INFO mapreduce.Job:  map 15% reduce 0%
2022-04-23 15:14:19,366 INFO mapreduce.Job:  map 16% reduce 0%
2022-04-23 15:14:24,393 INFO mapreduce.Job:  map 17% reduce 0%
2022-04-23 15:14:26,404 INFO mapreduce.Job:  map 18% reduce 0%
2022-04-23 15:14:27,413 INFO mapreduce.Job:  map 19% reduce 0%
2022-04-23 15:14:30,429 INFO mapreduce.Job:  map 20% reduce 0%
2022-04-23 15:14:34,454 INFO mapreduce.Job:  map 21% reduce 0%
2022-04-23 15:14:38,478 INFO mapreduce.Job:  map 22% reduce 0%
2022-04-23 15:14:39,483 INFO mapreduce.Job:  map 23% reduce 0%
2022-04-23 15:14:43,476 INFO mapreduce.Job:  map 23% reduce 4%
2022-04-23 15:14:47,504 INFO mapreduce.Job:  map 24% reduce 4%
2022-04-23 15:14:48,510 INFO mapreduce.Job:  map 25% reduce 4%
2022-04-23 15:14:49,524 INFO mapreduce.Job:  map 25% reduce 6%
2022-04-23 15:14:50,530 INFO mapreduce.Job:  map 26% reduce 6%
2022-04-23 15:14:55,558 INFO mapreduce.Job:  map 26% reduce 8%
2022-04-23 15:14:57,568 INFO mapreduce.Job:  map 27% reduce 8%
2022-04-23 15:14:58,574 INFO mapreduce.Job:  map 28% reduce 8%
2022-04-23 15:15:00,591 INFO mapreduce.Job:  map 29% reduce 8%
2022-04-23 15:15:01,595 INFO mapreduce.Job:  map 29% reduce 9%
2022-04-23 15:15:07,635 INFO mapreduce.Job:  map 31% reduce 10%
2022-04-23 15:15:09,647 INFO mapreduce.Job:  map 32% reduce 10%
2022-04-23 15:15:11,657 INFO mapreduce.Job:  map 33% reduce 10%
2022-04-23 15:15:13,627 INFO mapreduce.Job:  map 33% reduce 11%
2022-04-23 15:15:17,654 INFO mapreduce.Job:  map 35% reduce 11%
2022-04-23 15:15:19,665 INFO mapreduce.Job:  map 35% reduce 12%
2022-04-23 15:15:20,670 INFO mapreduce.Job:  map 36% reduce 12%
2022-04-23 15:15:25,697 INFO mapreduce.Job:  map 37% reduce 12%
2022-04-23 15:15:26,701 INFO mapreduce.Job:  map 38% reduce 12%
2022-04-23 15:15:29,718 INFO mapreduce.Job:  map 39% reduce 12%
2022-04-23 15:15:31,728 INFO mapreduce.Job:  map 39% reduce 13%
2022-04-23 15:15:34,741 INFO mapreduce.Job:  map 40% reduce 13%
2022-04-23 15:15:35,753 INFO mapreduce.Job:  map 41% reduce 13%
2022-04-23 15:15:37,763 INFO mapreduce.Job:  map 41% reduce 14%
2022-04-23 15:15:38,769 INFO mapreduce.Job:  map 42% reduce 14%
2022-04-23 15:15:39,775 INFO mapreduce.Job:  map 43% reduce 14%
2022-04-23 15:15:44,775 INFO mapreduce.Job:  map 44% reduce 14%
2022-04-23 15:15:46,784 INFO mapreduce.Job:  map 45% reduce 14%
2022-04-23 15:15:49,797 INFO mapreduce.Job:  map 46% reduce 15%
2022-04-23 15:15:52,810 INFO mapreduce.Job:  map 47% reduce 15%
2022-04-23 15:15:54,818 INFO mapreduce.Job:  map 48% reduce 15%
2022-04-23 15:15:55,821 INFO mapreduce.Job:  map 48% reduce 16%
2022-04-23 15:15:58,833 INFO mapreduce.Job:  map 49% reduce 16%
2022-04-23 15:16:01,860 INFO mapreduce.Job:  map 50% reduce 16%
2022-04-23 15:16:03,873 INFO mapreduce.Job:  map 51% reduce 16%
2022-04-23 15:16:07,899 INFO mapreduce.Job:  map 52% reduce 17%
2022-04-23 15:16:09,908 INFO mapreduce.Job:  map 53% reduce 17%
2022-04-23 15:16:13,176 INFO mapreduce.Job:  map 54% reduce 18%
2022-04-23 15:16:15,189 INFO mapreduce.Job:  map 55% reduce 18%
2022-04-23 15:16:19,214 INFO mapreduce.Job:  map 56% reduce 19%
2022-04-23 15:16:20,219 INFO mapreduce.Job:  map 57% reduce 19%
2022-04-23 15:16:24,241 INFO mapreduce.Job:  map 58% reduce 19%
2022-04-23 15:16:27,277 INFO mapreduce.Job:  map 59% reduce 19%
2022-04-23 15:16:29,297 INFO mapreduce.Job:  map 60% reduce 19%
2022-04-23 15:16:31,317 INFO mapreduce.Job:  map 60% reduce 20%
2022-04-23 15:16:32,324 INFO mapreduce.Job:  map 61% reduce 20%
2022-04-23 15:16:36,347 INFO mapreduce.Job:  map 62% reduce 20%
2022-04-23 15:16:37,352 INFO mapreduce.Job:  map 63% reduce 21%
2022-04-23 15:16:41,370 INFO mapreduce.Job:  map 64% reduce 21%
2022-04-23 15:16:42,377 INFO mapreduce.Job:  map 65% reduce 21%
2022-04-23 15:16:43,450 INFO mapreduce.Job:  map 65% reduce 22%
2022-04-23 15:16:47,467 INFO mapreduce.Job:  map 66% reduce 22%
2022-04-23 15:16:48,476 INFO mapreduce.Job:  map 67% reduce 22%
2022-04-23 15:16:52,494 INFO mapreduce.Job:  map 68% reduce 22%
2022-04-23 15:16:55,510 INFO mapreduce.Job:  map 69% reduce 23%
2022-04-23 15:16:58,526 INFO mapreduce.Job:  map 70% reduce 23%
2022-04-23 15:17:00,543 INFO mapreduce.Job:  map 71% reduce 23%
2022-04-23 15:17:01,550 INFO mapreduce.Job:  map 71% reduce 24%
2022-04-23 15:17:04,564 INFO mapreduce.Job:  map 72% reduce 24%
2022-04-23 15:17:06,570 INFO mapreduce.Job:  map 73% reduce 24%
2022-04-23 15:17:09,587 INFO mapreduce.Job:  map 74% reduce 24%
2022-04-23 15:17:12,600 INFO mapreduce.Job:  map 75% reduce 24%
2022-04-23 15:17:13,467 INFO mapreduce.Job:  map 75% reduce 25%
2022-04-23 15:17:15,477 INFO mapreduce.Job:  map 76% reduce 25%
2022-04-23 15:17:18,492 INFO mapreduce.Job:  map 77% reduce 25%
2022-04-23 15:17:19,498 INFO mapreduce.Job:  map 77% reduce 26%
2022-04-23 15:17:22,513 INFO mapreduce.Job:  map 78% reduce 26%
2022-04-23 15:17:23,518 INFO mapreduce.Job:  map 79% reduce 26%
2022-04-23 15:17:29,551 INFO mapreduce.Job:  map 81% reduce 26%
2022-04-23 15:17:31,557 INFO mapreduce.Job:  map 81% reduce 27%
2022-04-23 15:17:34,573 INFO mapreduce.Job:  map 82% reduce 27%
2022-04-23 15:17:39,589 INFO mapreduce.Job:  map 83% reduce 27%
2022-04-23 15:17:41,598 INFO mapreduce.Job:  map 84% reduce 27%
2022-04-23 15:17:43,578 INFO mapreduce.Job:  map 84% reduce 28%
2022-04-23 15:17:44,582 INFO mapreduce.Job:  map 85% reduce 28%
2022-04-23 15:17:50,613 INFO mapreduce.Job:  map 86% reduce 28%
2022-04-23 15:17:51,865 INFO mapreduce.Job:  map 87% reduce 28%
2022-04-23 15:17:54,892 INFO mapreduce.Job:  map 88% reduce 28%
2022-04-23 15:17:55,903 INFO mapreduce.Job:  map 88% reduce 29%
2022-04-23 15:17:56,914 INFO mapreduce.Job:  map 89% reduce 29%
2022-04-23 15:18:01,970 INFO mapreduce.Job:  map 89% reduce 30%
2022-04-23 15:18:02,979 INFO mapreduce.Job:  map 90% reduce 30%
2022-04-23 15:18:03,991 INFO mapreduce.Job:  map 91% reduce 30%
2022-04-23 15:18:07,022 INFO mapreduce.Job:  map 92% reduce 30%
2022-04-23 15:18:14,242 INFO mapreduce.Job:  map 92% reduce 31%
2022-04-23 15:18:15,247 INFO mapreduce.Job:  map 94% reduce 31%
2022-04-23 15:18:18,259 INFO mapreduce.Job:  map 95% reduce 31%
2022-04-23 15:18:19,266 INFO mapreduce.Job:  map 95% reduce 32%
2022-04-23 15:18:23,299 INFO mapreduce.Job:  map 96% reduce 32%
2022-04-23 15:18:24,303 INFO mapreduce.Job:  map 97% reduce 32%
2022-04-23 15:18:27,326 INFO mapreduce.Job:  map 98% reduce 32%
2022-04-23 15:18:28,336 INFO mapreduce.Job:  map 99% reduce 32%
2022-04-23 15:18:31,354 INFO mapreduce.Job:  map 100% reduce 33%
2022-04-23 15:18:37,382 INFO mapreduce.Job:  map 100% reduce 43%
2022-04-23 15:18:43,372 INFO mapreduce.Job:  map 100% reduce 52%
2022-04-23 15:18:49,398 INFO mapreduce.Job:  map 100% reduce 61%
2022-04-23 15:18:55,426 INFO mapreduce.Job:  map 100% reduce 67%
2022-04-23 15:19:01,459 INFO mapreduce.Job:  map 100% reduce 70%
2022-04-23 15:19:07,506 INFO mapreduce.Job:  map 100% reduce 72%
2022-04-23 15:19:13,500 INFO mapreduce.Job:  map 100% reduce 75%
2022-04-23 15:19:19,575 INFO mapreduce.Job:  map 100% reduce 77%
2022-04-23 15:19:25,616 INFO mapreduce.Job:  map 100% reduce 80%
2022-04-23 15:19:31,664 INFO mapreduce.Job:  map 100% reduce 82%
2022-04-23 15:19:37,690 INFO mapreduce.Job:  map 100% reduce 85%
2022-04-23 15:19:43,676 INFO mapreduce.Job:  map 100% reduce 87%
2022-04-23 15:19:49,698 INFO mapreduce.Job:  map 100% reduce 90%
2022-04-23 15:19:55,715 INFO mapreduce.Job:  map 100% reduce 92%
2022-04-23 15:20:01,737 INFO mapreduce.Job:  map 100% reduce 95%
2022-04-23 15:20:07,756 INFO mapreduce.Job:  map 100% reduce 97%
2022-04-23 15:20:13,743 INFO mapreduce.Job:  map 100% reduce 100%
2022-04-23 15:20:14,762 INFO mapreduce.Job: Job job_1650721757638_0010 completed successfully
2022-04-23 15:20:14,934 INFO mapreduce.Job: Counters: 55
	File System Counters
		FILE: Number of bytes read=17100148884
		FILE: Number of bytes written=27534921746
		FILE: Number of read operations=0
		FILE: Number of large read operations=0
		FILE: Number of write operations=0
		HDFS: Number of bytes read=10000020400
		HDFS: Number of bytes written=10000000000
		HDFS: Number of read operations=455
		HDFS: Number of large read operations=0
		HDFS: Number of write operations=2
		HDFS: Number of bytes read erasure-coded=0
	Job Counters
		Killed map tasks=1
		Launched map tasks=150
		Launched reduce tasks=1
		Rack-local map tasks=150
		Total time spent by all maps in occupied slots (ms)=1200467
		Total time spent by all reduces in occupied slots (ms)=347785
		Total time spent by all map tasks (ms)=1200467
		Total time spent by all reduce tasks (ms)=347785
		Total vcore-milliseconds taken by all map tasks=1200467
		Total vcore-milliseconds taken by all reduce tasks=347785
		Total megabyte-milliseconds taken by all map tasks=1229278208
		Total megabyte-milliseconds taken by all reduce tasks=356131840
	Map-Reduce Framework
		Map input records=100000000
		Map output records=100000000
		Map output bytes=10200000000
		Map output materialized bytes=10400000900
		Input split bytes=20400
		Combine input records=0
		Combine output records=0
		Reduce input groups=100000000
		Reduce shuffle bytes=10400000900
		Reduce input records=100000000
		Reduce output records=100000000
		Spilled Records=264424507
		Shuffled Maps =150
		Failed Shuffles=0
		Merged Map outputs=150
		GC time elapsed (ms)=16714
		CPU time spent (ms)=725260
		Physical memory (bytes) snapshot=43849846784
		Virtual memory (bytes) snapshot=399797346304
		Total committed heap usage (bytes)=36440637440
		Peak Map Physical memory (bytes)=311701504
		Peak Map Virtual memory (bytes)=2655981568
		Peak Reduce Physical memory (bytes)=757321728
		Peak Reduce Virtual memory (bytes)=2656079872
	Shuffle Errors
		BAD_ID=0
		CONNECTION=0
		IO_ERROR=0
		WRONG_LENGTH=0
		WRONG_MAP=0
		WRONG_REDUCE=0
	File Input Format Counters
		Bytes Read=10000000000
	File Output Format Counters
		Bytes Written=10000000000
2022-04-23 15:20:14,936 INFO terasort.TeraSort: done
	Command being timed: "hadoop jar hadoop-mapreduce-examples-3.2.1.jar terasort -D mapreduce.map.log.level=INFO -D mapreduce.reduce.log.level=INFO -D yarn.app.mapreduce.am.log.level=INFO -D yarn.nodemanager.resource.detect-hardware-capabilities=true -D yarn.nodemanager.resource.memory-mb=-1 -D mapreduce.task.io.sort.mb=100 -D mapreduce.task.io.sort.factor=10 -D mapreduce.map.sort.spill.percent=0.80 -D mapreduce.map.combine.minspills=3 -D mapreduce.map.output.compress=false -D mapreduce.map.output.compress=org.apache.hadoop.io.compress.DefaultCodec -D mapreduce.shuffle.max.threads=0 -D mapreduce.reduce.shuffle.parallelcopies=5 -D mapreduce.reduce.shuffle.maxfetchfailures=10 -D mapreduce.reduce.shuffle.input.buffer.percent=0.70 -D mapreduce.reduce.shuffle.merge.percent=0.66 -D mapreduce.reduce.merge.inmem.threshold=1000 -D mapreduce.reduce.input.buffer.percent=0.0 -D dfs.blocksize=67108864 /user/root/terasort/10G-terasort-input /user/root/terasort/10G-terasort-output"
	User time (seconds): 6.66
	System time (seconds): 3.49
	Percent of CPU this job got: 2%
	Elapsed (wall clock) time (h:mm:ss or m:ss): 6:55.30
	Average shared text size (kbytes): 0
	Average unshared data size (kbytes): 0
	Average stack size (kbytes): 0
	Average total size (kbytes): 0
	Maximum resident set size (kbytes): 284256
	Average resident set size (kbytes): 0
	Major (requiring I/O) page faults: 317
	Minor (reclaiming a frame) page faults: 84468
	Voluntary context switches: 22538
	Involuntary context switches: 4894
	Swaps: 0
	File system inputs: 2032
	File system outputs: 4536
	Socket messages sent: 0
	Socket messages received: 0
	Signals delivered: 0
	Page size (bytes): 4096
	Exit status: 0