2022-04-23 14:51:18,675 INFO client.RMProxy: Connecting to ResourceManager at resourcemanager/172.26.0.8:8032
2022-04-23 14:51:19,008 INFO client.AHSProxy: Connecting to Application History server at historyserver/172.26.0.7:10200
2022-04-23 14:51:19,875 INFO conf.Configuration: resource-types.xml not found
2022-04-23 14:51:19,876 INFO resource.ResourceUtils: Unable to find 'resource-types.xml'.
Deleted /user/root/terasort/10G-terasort-output
2022-04-23 14:51:23,822 INFO terasort.TeraSort: starting
2022-04-23 14:51:25,102 INFO input.FileInputFormat: Total input files to process : 2
Spent 243ms computing base-splits.
Spent 5ms computing TeraScheduler splits.
Computing input splits took 249ms
Sampling 10 splits of 150
2022-04-23 14:51:25,195 INFO sasl.SaslDataTransferClient: SASL encryption trust check: localHostTrusted = false, remoteHostTrusted = false
2022-04-23 14:51:25,195 INFO sasl.SaslDataTransferClient: SASL encryption trust check: localHostTrusted = false, remoteHostTrusted = false
2022-04-23 14:51:25,195 INFO sasl.SaslDataTransferClient: SASL encryption trust check: localHostTrusted = false, remoteHostTrusted = false
2022-04-23 14:51:25,196 INFO sasl.SaslDataTransferClient: SASL encryption trust check: localHostTrusted = false, remoteHostTrusted = false
2022-04-23 14:51:25,196 INFO sasl.SaslDataTransferClient: SASL encryption trust check: localHostTrusted = false, remoteHostTrusted = false
2022-04-23 14:51:25,196 INFO sasl.SaslDataTransferClient: SASL encryption trust check: localHostTrusted = false, remoteHostTrusted = false
2022-04-23 14:51:25,195 INFO sasl.SaslDataTransferClient: SASL encryption trust check: localHostTrusted = false, remoteHostTrusted = false
2022-04-23 14:51:25,195 INFO sasl.SaslDataTransferClient: SASL encryption trust check: localHostTrusted = false, remoteHostTrusted = false
2022-04-23 14:51:25,195 INFO sasl.SaslDataTransferClient: SASL encryption trust check: localHostTrusted = false, remoteHostTrusted = false
2022-04-23 14:51:25,195 INFO sasl.SaslDataTransferClient: SASL encryption trust check: localHostTrusted = false, remoteHostTrusted = false
Making 1 from 100000 sampled records
Computing parititions took 397ms
Spent 650ms computing partitions.
2022-04-23 14:51:25,818 INFO client.RMProxy: Connecting to ResourceManager at resourcemanager/172.26.0.8:8032
2022-04-23 14:51:26,065 INFO client.AHSProxy: Connecting to Application History server at historyserver/172.26.0.7:10200
2022-04-23 14:51:26,214 INFO mapreduce.JobResourceUploader: Disabling Erasure Coding for path: /tmp/hadoop-yarn/staging/root/.staging/job_1650721757638_0006
2022-04-23 14:51:26,291 INFO sasl.SaslDataTransferClient: SASL encryption trust check: localHostTrusted = false, remoteHostTrusted = false
2022-04-23 14:51:26,377 INFO sasl.SaslDataTransferClient: SASL encryption trust check: localHostTrusted = false, remoteHostTrusted = false
2022-04-23 14:51:26,435 INFO sasl.SaslDataTransferClient: SASL encryption trust check: localHostTrusted = false, remoteHostTrusted = false
2022-04-23 14:51:26,441 INFO mapreduce.JobSubmitter: number of splits:150
2022-04-23 14:51:26,612 INFO sasl.SaslDataTransferClient: SASL encryption trust check: localHostTrusted = false, remoteHostTrusted = false
2022-04-23 14:51:26,631 INFO mapreduce.JobSubmitter: Submitting tokens for job: job_1650721757638_0006
2022-04-23 14:51:26,631 INFO mapreduce.JobSubmitter: Executing with tokens: []
2022-04-23 14:51:26,873 INFO conf.Configuration: resource-types.xml not found
2022-04-23 14:51:26,874 INFO resource.ResourceUtils: Unable to find 'resource-types.xml'.
2022-04-23 14:51:27,191 INFO impl.YarnClientImpl: Submitted application application_1650721757638_0006
2022-04-23 14:51:27,259 INFO mapreduce.Job: The url to track the job: http://resourcemanager:8088/proxy/application_1650721757638_0006/
2022-04-23 14:51:27,260 INFO mapreduce.Job: Running job: job_1650721757638_0006
2022-04-23 14:51:34,420 INFO mapreduce.Job: Job job_1650721757638_0006 running in uber mode : false
2022-04-23 14:51:34,423 INFO mapreduce.Job:  map 0% reduce 0%
2022-04-23 14:51:44,537 INFO mapreduce.Job:  map 1% reduce 0%
2022-04-23 14:51:47,565 INFO mapreduce.Job:  map 2% reduce 0%
2022-04-23 14:51:48,572 INFO mapreduce.Job:  map 3% reduce 0%
2022-04-23 14:51:51,591 INFO mapreduce.Job:  map 4% reduce 0%
2022-04-23 14:51:54,622 INFO mapreduce.Job:  map 5% reduce 0%
2022-04-23 14:51:56,639 INFO mapreduce.Job:  map 6% reduce 0%
2022-04-23 14:51:58,656 INFO mapreduce.Job:  map 7% reduce 0%
2022-04-23 14:52:00,669 INFO mapreduce.Job:  map 8% reduce 0%
2022-04-23 14:52:04,692 INFO mapreduce.Job:  map 9% reduce 0%
2022-04-23 14:52:06,706 INFO mapreduce.Job:  map 10% reduce 0%
2022-04-23 14:52:09,722 INFO mapreduce.Job:  map 11% reduce 0%
2022-04-23 14:52:11,735 INFO mapreduce.Job:  map 12% reduce 0%
2022-04-23 14:52:14,725 INFO mapreduce.Job:  map 13% reduce 0%
2022-04-23 14:52:17,750 INFO mapreduce.Job:  map 14% reduce 0%
2022-04-23 14:52:19,771 INFO mapreduce.Job:  map 15% reduce 0%
2022-04-23 14:52:22,804 INFO mapreduce.Job:  map 16% reduce 0%
2022-04-23 14:52:25,823 INFO mapreduce.Job:  map 17% reduce 0%
2022-04-23 14:52:28,851 INFO mapreduce.Job:  map 18% reduce 0%
2022-04-23 14:52:29,862 INFO mapreduce.Job:  map 19% reduce 0%
2022-04-23 14:52:33,898 INFO mapreduce.Job:  map 20% reduce 0%
2022-04-23 14:52:38,954 INFO mapreduce.Job:  map 21% reduce 0%
2022-04-23 14:52:42,002 INFO mapreduce.Job:  map 23% reduce 0%
2022-04-23 14:52:44,995 INFO mapreduce.Job:  map 23% reduce 4%
2022-04-23 14:52:51,088 INFO mapreduce.Job:  map 25% reduce 6%
2022-04-23 14:52:54,334 INFO mapreduce.Job:  map 26% reduce 6%
2022-04-23 14:52:57,551 INFO mapreduce.Job:  map 26% reduce 8%
2022-04-23 14:53:01,601 INFO mapreduce.Job:  map 28% reduce 8%
2022-04-23 14:53:02,625 INFO mapreduce.Job:  map 28% reduce 9%
2022-04-23 14:53:03,640 INFO mapreduce.Job:  map 29% reduce 9%
2022-04-23 14:53:08,730 INFO mapreduce.Job:  map 29% reduce 10%
2022-04-23 14:53:11,762 INFO mapreduce.Job:  map 30% reduce 10%
2022-04-23 14:53:12,771 INFO mapreduce.Job:  map 32% reduce 10%
2022-04-23 14:53:14,751 INFO mapreduce.Job:  map 32% reduce 11%
2022-04-23 14:53:16,763 INFO mapreduce.Job:  map 33% reduce 11%
2022-04-23 14:53:23,176 INFO mapreduce.Job:  map 35% reduce 11%
2022-04-23 14:53:27,198 INFO mapreduce.Job:  map 36% reduce 12%
2022-04-23 14:53:31,254 INFO mapreduce.Job:  map 37% reduce 12%
2022-04-23 14:53:33,275 INFO mapreduce.Job:  map 38% reduce 12%
2022-04-23 14:53:34,291 INFO mapreduce.Job:  map 39% reduce 12%
2022-04-23 14:53:39,343 INFO mapreduce.Job:  map 39% reduce 13%
2022-04-23 14:53:40,349 INFO mapreduce.Job:  map 40% reduce 13%
2022-04-23 14:53:41,357 INFO mapreduce.Job:  map 41% reduce 13%
2022-04-23 14:53:43,378 INFO mapreduce.Job:  map 42% reduce 13%
2022-04-23 14:53:45,358 INFO mapreduce.Job:  map 42% reduce 14%
2022-04-23 14:53:46,367 INFO mapreduce.Job:  map 43% reduce 14%
2022-04-23 14:53:51,441 INFO mapreduce.Job:  map 44% reduce 14%
2022-04-23 14:53:52,450 INFO mapreduce.Job:  map 45% reduce 14%
2022-04-23 14:53:57,508 INFO mapreduce.Job:  map 46% reduce 15%
2022-04-23 14:54:01,561 INFO mapreduce.Job:  map 47% reduce 15%
2022-04-23 14:54:02,573 INFO mapreduce.Job:  map 48% reduce 15%
2022-04-23 14:54:03,580 INFO mapreduce.Job:  map 49% reduce 16%
2022-04-23 14:54:10,631 INFO mapreduce.Job:  map 50% reduce 16%
2022-04-23 14:54:11,647 INFO mapreduce.Job:  map 51% reduce 16%
2022-04-23 14:54:13,682 INFO mapreduce.Job:  map 52% reduce 16%
2022-04-23 14:54:14,660 INFO mapreduce.Job:  map 52% reduce 17%
2022-04-23 14:54:18,684 INFO mapreduce.Job:  map 53% reduce 17%
2022-04-23 14:54:20,705 INFO mapreduce.Job:  map 54% reduce 18%
2022-04-23 14:54:21,716 INFO mapreduce.Job:  map 55% reduce 18%
2022-04-23 14:54:26,749 INFO mapreduce.Job:  map 56% reduce 19%
2022-04-23 14:54:28,758 INFO mapreduce.Job:  map 57% reduce 19%
2022-04-23 14:54:31,785 INFO mapreduce.Job:  map 58% reduce 19%
2022-04-23 14:54:33,802 INFO mapreduce.Job:  map 59% reduce 19%
2022-04-23 14:54:38,840 INFO mapreduce.Job:  map 60% reduce 20%
2022-04-23 14:54:40,858 INFO mapreduce.Job:  map 61% reduce 20%
2022-04-23 14:54:44,838 INFO mapreduce.Job:  map 62% reduce 21%
2022-04-23 14:54:45,843 INFO mapreduce.Job:  map 63% reduce 21%
2022-04-23 14:54:50,867 INFO mapreduce.Job:  map 64% reduce 21%
2022-04-23 14:54:51,872 INFO mapreduce.Job:  map 65% reduce 21%
2022-04-23 14:54:55,895 INFO mapreduce.Job:  map 66% reduce 21%
2022-04-23 14:54:56,904 INFO mapreduce.Job:  map 66% reduce 22%
2022-04-23 14:54:58,917 INFO mapreduce.Job:  map 67% reduce 22%
2022-04-23 14:55:02,937 INFO mapreduce.Job:  map 68% reduce 22%
2022-04-23 14:55:04,947 INFO mapreduce.Job:  map 69% reduce 22%
2022-04-23 14:55:08,969 INFO mapreduce.Job:  map 70% reduce 23%
2022-04-23 14:55:10,983 INFO mapreduce.Job:  map 71% reduce 23%
2022-04-23 14:55:13,999 INFO mapreduce.Job:  map 72% reduce 23%
2022-04-23 14:55:14,969 INFO mapreduce.Job:  map 72% reduce 24%
2022-04-23 14:55:16,980 INFO mapreduce.Job:  map 73% reduce 24%
2022-04-23 14:55:21,002 INFO mapreduce.Job:  map 74% reduce 24%
2022-04-23 14:55:23,014 INFO mapreduce.Job:  map 75% reduce 24%
2022-04-23 14:55:27,042 INFO mapreduce.Job:  map 76% reduce 25%
2022-04-23 14:55:29,051 INFO mapreduce.Job:  map 77% reduce 25%
2022-04-23 14:55:33,072 INFO mapreduce.Job:  map 78% reduce 26%
2022-04-23 14:55:35,080 INFO mapreduce.Job:  map 79% reduce 26%
2022-04-23 14:55:40,099 INFO mapreduce.Job:  map 80% reduce 26%
2022-04-23 14:55:41,105 INFO mapreduce.Job:  map 81% reduce 26%
2022-04-23 14:55:45,090 INFO mapreduce.Job:  map 82% reduce 27%
2022-04-23 14:55:51,129 INFO mapreduce.Job:  map 84% reduce 27%
2022-04-23 14:55:57,176 INFO mapreduce.Job:  map 84% reduce 28%
2022-04-23 14:55:58,184 INFO mapreduce.Job:  map 85% reduce 28%
2022-04-23 14:56:02,201 INFO mapreduce.Job:  map 87% reduce 28%
2022-04-23 14:56:03,207 INFO mapreduce.Job:  map 87% reduce 29%
2022-04-23 14:56:09,231 INFO mapreduce.Job:  map 88% reduce 29%
2022-04-23 14:56:10,237 INFO mapreduce.Job:  map 89% reduce 29%
2022-04-23 14:56:13,250 INFO mapreduce.Job:  map 90% reduce 29%
2022-04-23 14:56:14,247 INFO mapreduce.Job:  map 91% reduce 29%
2022-04-23 14:56:15,250 INFO mapreduce.Job:  map 91% reduce 30%
2022-04-23 14:56:22,280 INFO mapreduce.Job:  map 92% reduce 30%
2022-04-23 14:56:24,291 INFO mapreduce.Job:  map 93% reduce 30%
2022-04-23 14:56:26,297 INFO mapreduce.Job:  map 94% reduce 30%
2022-04-23 14:56:27,302 INFO mapreduce.Job:  map 94% reduce 31%
2022-04-23 14:56:33,327 INFO mapreduce.Job:  map 96% reduce 31%
2022-04-23 14:56:36,340 INFO mapreduce.Job:  map 97% reduce 31%
2022-04-23 14:56:39,350 INFO mapreduce.Job:  map 97% reduce 32%
2022-04-23 14:56:41,358 INFO mapreduce.Job:  map 98% reduce 32%
2022-04-23 14:56:42,362 INFO mapreduce.Job:  map 99% reduce 32%
2022-04-23 14:56:43,369 INFO mapreduce.Job:  map 100% reduce 32%
2022-04-23 14:56:45,339 INFO mapreduce.Job:  map 100% reduce 36%
2022-04-23 14:56:51,359 INFO mapreduce.Job:  map 100% reduce 45%
2022-04-23 14:56:57,386 INFO mapreduce.Job:  map 100% reduce 54%
2022-04-23 14:57:03,411 INFO mapreduce.Job:  map 100% reduce 63%
2022-04-23 14:57:09,432 INFO mapreduce.Job:  map 100% reduce 68%
2022-04-23 14:57:15,413 INFO mapreduce.Job:  map 100% reduce 70%
2022-04-23 14:57:21,442 INFO mapreduce.Job:  map 100% reduce 73%
2022-04-23 14:57:27,466 INFO mapreduce.Job:  map 100% reduce 75%
2022-04-23 14:57:33,490 INFO mapreduce.Job:  map 100% reduce 78%
2022-04-23 14:57:39,516 INFO mapreduce.Job:  map 100% reduce 80%
2022-04-23 14:57:45,501 INFO mapreduce.Job:  map 100% reduce 83%
2022-04-23 14:57:51,655 INFO mapreduce.Job:  map 100% reduce 85%
2022-04-23 14:57:57,762 INFO mapreduce.Job:  map 100% reduce 88%
2022-04-23 14:58:03,821 INFO mapreduce.Job:  map 100% reduce 90%
2022-04-23 14:58:09,876 INFO mapreduce.Job:  map 100% reduce 93%
2022-04-23 14:58:15,875 INFO mapreduce.Job:  map 100% reduce 95%
2022-04-23 14:58:21,921 INFO mapreduce.Job:  map 100% reduce 97%
2022-04-23 14:58:27,958 INFO mapreduce.Job:  map 100% reduce 100%
2022-04-23 14:58:28,984 INFO mapreduce.Job: Job job_1650721757638_0006 completed successfully
2022-04-23 14:58:29,563 INFO mapreduce.Job: Counters: 55
	File System Counters
		FILE: Number of bytes read=17100148780
		FILE: Number of bytes written=27534921642
		FILE: Number of read operations=0
		FILE: Number of large read operations=0
		FILE: Number of write operations=0
		HDFS: Number of bytes read=10000020400
		HDFS: Number of bytes written=10000000000
		HDFS: Number of read operations=455
		HDFS: Number of large read operations=0
		HDFS: Number of write operations=2
		HDFS: Number of bytes read erasure-coded=0
	Job Counters
		Killed map tasks=1
		Launched map tasks=151
		Launched reduce tasks=1
		Rack-local map tasks=151
		Total time spent by all maps in occupied slots (ms)=1245999
		Total time spent by all reduces in occupied slots (ms)=360280
		Total time spent by all map tasks (ms)=1245999
		Total time spent by all reduce tasks (ms)=360280
		Total vcore-milliseconds taken by all map tasks=1245999
		Total vcore-milliseconds taken by all reduce tasks=360280
		Total megabyte-milliseconds taken by all map tasks=1275902976
		Total megabyte-milliseconds taken by all reduce tasks=368926720
	Map-Reduce Framework
		Map input records=100000000
		Map output records=100000000
		Map output bytes=10200000000
		Map output materialized bytes=10400000900
		Input split bytes=20400
		Combine input records=0
		Combine output records=0
		Reduce input groups=100000000
		Reduce shuffle bytes=10400000900
		Reduce input records=100000000
		Reduce output records=100000000
		Spilled Records=264424506
		Shuffled Maps =150
		Failed Shuffles=0
		Merged Map outputs=150
		GC time elapsed (ms)=17569
		CPU time spent (ms)=737950
		Physical memory (bytes) snapshot=42803703808
		Virtual memory (bytes) snapshot=399782477824
		Total committed heap usage (bytes)=36530290688
		Peak Map Physical memory (bytes)=307838976
		Peak Map Virtual memory (bytes)=2661048320
		Peak Reduce Physical memory (bytes)=755433472
		Peak Reduce Virtual memory (bytes)=2683424768
	Shuffle Errors
		BAD_ID=0
		CONNECTION=0
		IO_ERROR=0
		WRONG_LENGTH=0
		WRONG_MAP=0
		WRONG_REDUCE=0
	File Input Format Counters
		Bytes Read=10000000000
	File Output Format Counters
		Bytes Written=10000000000
2022-04-23 14:58:29,568 INFO terasort.TeraSort: done
	Command being timed: "hadoop jar hadoop-mapreduce-examples-3.2.1.jar terasort -D mapreduce.map.log.level=INFO -D mapreduce.reduce.log.level=INFO -D yarn.app.mapreduce.am.log.level=INFO -D yarn.nodemanager.resource.detect-hardware-capabilities=true -D yarn.nodemanager.resource.memory-mb=-1 -D mapreduce.task.io.sort.mb=100 -D mapreduce.task.io.sort.factor=10 -D mapreduce.map.sort.spill.percent=0.80 -D mapreduce.map.combine.minspills=3 -D mapreduce.map.output.compress=false -D mapreduce.map.output.compress=org.apache.hadoop.io.compress.DefaultCodec -D mapreduce.shuffle.max.threads=0 -D mapreduce.reduce.shuffle.parallelcopies=5 -D mapreduce.reduce.shuffle.maxfetchfailures=10 -D mapreduce.reduce.shuffle.input.buffer.percent=0.70 -D mapreduce.reduce.shuffle.merge.percent=0.66 -D mapreduce.reduce.merge.inmem.threshold=1000 -D mapreduce.reduce.input.buffer.percent=0.0 -D dfs.blocksize=67108864 /user/root/terasort/10G-terasort-input /user/root/terasort/10G-terasort-output"
	User time (seconds): 6.68
	System time (seconds): 3.71
	Percent of CPU this job got: 2%
	Elapsed (wall clock) time (h:mm:ss or m:ss): 7:07.08
	Average shared text size (kbytes): 0
	Average unshared data size (kbytes): 0
	Average stack size (kbytes): 0
	Average total size (kbytes): 0
	Maximum resident set size (kbytes): 301448
	Average resident set size (kbytes): 0
	Major (requiring I/O) page faults: 2211
	Minor (reclaiming a frame) page faults: 90098
	Voluntary context switches: 25026
	Involuntary context switches: 6194
	Swaps: 0
	File system inputs: 25816
	File system outputs: 6800
	Socket messages sent: 0
	Socket messages received: 0
	Signals delivered: 0
	Page size (bytes): 4096
	Exit status: 0