2022-04-23 15:22:51,051 INFO client.RMProxy: Connecting to ResourceManager at resourcemanager/172.26.0.8:8032
2022-04-23 15:22:51,395 INFO client.AHSProxy: Connecting to Application History server at historyserver/172.26.0.7:10200
2022-04-23 15:22:52,281 INFO conf.Configuration: resource-types.xml not found
2022-04-23 15:22:52,281 INFO resource.ResourceUtils: Unable to find 'resource-types.xml'.
Deleted /user/root/terasort/10G-terasort-output
2022-04-23 15:22:56,251 INFO terasort.TeraSort: starting
2022-04-23 15:22:57,526 INFO input.FileInputFormat: Total input files to process : 2
Spent 230ms computing base-splits.
Spent 5ms computing TeraScheduler splits.
Computing input splits took 237ms
Sampling 10 splits of 150
2022-04-23 15:22:57,626 INFO sasl.SaslDataTransferClient: SASL encryption trust check: localHostTrusted = false, remoteHostTrusted = false
2022-04-23 15:22:57,627 INFO sasl.SaslDataTransferClient: SASL encryption trust check: localHostTrusted = false, remoteHostTrusted = false
2022-04-23 15:22:57,626 INFO sasl.SaslDataTransferClient: SASL encryption trust check: localHostTrusted = false, remoteHostTrusted = false
2022-04-23 15:22:57,627 INFO sasl.SaslDataTransferClient: SASL encryption trust check: localHostTrusted = false, remoteHostTrusted = false
2022-04-23 15:22:57,627 INFO sasl.SaslDataTransferClient: SASL encryption trust check: localHostTrusted = false, remoteHostTrusted = false
2022-04-23 15:22:57,627 INFO sasl.SaslDataTransferClient: SASL encryption trust check: localHostTrusted = false, remoteHostTrusted = false
2022-04-23 15:22:57,627 INFO sasl.SaslDataTransferClient: SASL encryption trust check: localHostTrusted = false, remoteHostTrusted = false
2022-04-23 15:22:57,627 INFO sasl.SaslDataTransferClient: SASL encryption trust check: localHostTrusted = false, remoteHostTrusted = false
2022-04-23 15:22:57,627 INFO sasl.SaslDataTransferClient: SASL encryption trust check: localHostTrusted = false, remoteHostTrusted = false
2022-04-23 15:22:57,627 INFO sasl.SaslDataTransferClient: SASL encryption trust check: localHostTrusted = false, remoteHostTrusted = false
Making 1 from 100000 sampled records
Computing parititions took 388ms
Spent 627ms computing partitions.
2022-04-23 15:22:58,240 INFO client.RMProxy: Connecting to ResourceManager at resourcemanager/172.26.0.8:8032
2022-04-23 15:22:58,484 INFO client.AHSProxy: Connecting to Application History server at historyserver/172.26.0.7:10200
2022-04-23 15:22:58,635 INFO mapreduce.JobResourceUploader: Disabling Erasure Coding for path: /tmp/hadoop-yarn/staging/root/.staging/job_1650721757638_0012
2022-04-23 15:22:58,709 INFO sasl.SaslDataTransferClient: SASL encryption trust check: localHostTrusted = false, remoteHostTrusted = false
2022-04-23 15:22:58,784 INFO sasl.SaslDataTransferClient: SASL encryption trust check: localHostTrusted = false, remoteHostTrusted = false
2022-04-23 15:22:58,835 INFO sasl.SaslDataTransferClient: SASL encryption trust check: localHostTrusted = false, remoteHostTrusted = false
2022-04-23 15:22:58,843 INFO mapreduce.JobSubmitter: number of splits:150
2022-04-23 15:22:59,009 INFO sasl.SaslDataTransferClient: SASL encryption trust check: localHostTrusted = false, remoteHostTrusted = false
2022-04-23 15:22:59,023 INFO mapreduce.JobSubmitter: Submitting tokens for job: job_1650721757638_0012
2022-04-23 15:22:59,023 INFO mapreduce.JobSubmitter: Executing with tokens: []
2022-04-23 15:22:59,255 INFO conf.Configuration: resource-types.xml not found
2022-04-23 15:22:59,256 INFO resource.ResourceUtils: Unable to find 'resource-types.xml'.
2022-04-23 15:22:59,567 INFO impl.YarnClientImpl: Submitted application application_1650721757638_0012
2022-04-23 15:22:59,638 INFO mapreduce.Job: The url to track the job: http://resourcemanager:8088/proxy/application_1650721757638_0012/
2022-04-23 15:22:59,640 INFO mapreduce.Job: Running job: job_1650721757638_0012
2022-04-23 15:23:07,812 INFO mapreduce.Job: Job job_1650721757638_0012 running in uber mode : false
2022-04-23 15:23:07,815 INFO mapreduce.Job:  map 0% reduce 0%
2022-04-23 15:23:16,917 INFO mapreduce.Job:  map 1% reduce 0%
2022-04-23 15:23:19,942 INFO mapreduce.Job:  map 2% reduce 0%
2022-04-23 15:23:21,964 INFO mapreduce.Job:  map 3% reduce 0%
2022-04-23 15:23:22,970 INFO mapreduce.Job:  map 4% reduce 0%
2022-04-23 15:23:27,006 INFO mapreduce.Job:  map 5% reduce 0%
2022-04-23 15:23:31,033 INFO mapreduce.Job:  map 6% reduce 0%
2022-04-23 15:23:32,043 INFO mapreduce.Job:  map 7% reduce 0%
2022-04-23 15:23:34,059 INFO mapreduce.Job:  map 8% reduce 0%
2022-04-23 15:23:38,090 INFO mapreduce.Job:  map 9% reduce 0%
2022-04-23 15:23:41,117 INFO mapreduce.Job:  map 10% reduce 0%
2022-04-23 15:23:42,136 INFO mapreduce.Job:  map 11% reduce 0%
2022-04-23 15:23:44,111 INFO mapreduce.Job:  map 12% reduce 0%
2022-04-23 15:23:47,158 INFO mapreduce.Job:  map 13% reduce 0%
2022-04-23 15:23:51,186 INFO mapreduce.Job:  map 14% reduce 0%
2022-04-23 15:23:53,199 INFO mapreduce.Job:  map 15% reduce 0%
2022-04-23 15:23:55,215 INFO mapreduce.Job:  map 16% reduce 0%
2022-04-23 15:23:57,232 INFO mapreduce.Job:  map 17% reduce 0%
2022-04-23 15:24:02,263 INFO mapreduce.Job:  map 18% reduce 0%
2022-04-23 15:24:03,270 INFO mapreduce.Job:  map 19% reduce 0%
2022-04-23 15:24:06,288 INFO mapreduce.Job:  map 20% reduce 0%
2022-04-23 15:24:08,296 INFO mapreduce.Job:  map 21% reduce 0%
2022-04-23 15:24:14,299 INFO mapreduce.Job:  map 22% reduce 0%
2022-04-23 15:24:15,308 INFO mapreduce.Job:  map 23% reduce 0%
2022-04-23 15:24:17,321 INFO mapreduce.Job:  map 23% reduce 4%
2022-04-23 15:24:19,334 INFO mapreduce.Job:  map 24% reduce 4%
2022-04-23 15:24:23,354 INFO mapreduce.Job:  map 24% reduce 7%
2022-04-23 15:24:25,366 INFO mapreduce.Job:  map 25% reduce 7%
2022-04-23 15:24:26,371 INFO mapreduce.Job:  map 26% reduce 7%
2022-04-23 15:24:29,388 INFO mapreduce.Job:  map 27% reduce 8%
2022-04-23 15:24:35,433 INFO mapreduce.Job:  map 27% reduce 9%
2022-04-23 15:24:36,438 INFO mapreduce.Job:  map 29% reduce 9%
2022-04-23 15:24:38,448 INFO mapreduce.Job:  map 30% reduce 9%
2022-04-23 15:24:41,469 INFO mapreduce.Job:  map 30% reduce 10%
2022-04-23 15:24:42,486 INFO mapreduce.Job:  map 31% reduce 10%
2022-04-23 15:24:45,475 INFO mapreduce.Job:  map 32% reduce 10%
2022-04-23 15:24:46,482 INFO mapreduce.Job:  map 33% reduce 10%
2022-04-23 15:24:47,494 INFO mapreduce.Job:  map 33% reduce 11%
2022-04-23 15:24:51,521 INFO mapreduce.Job:  map 34% reduce 11%
2022-04-23 15:24:53,538 INFO mapreduce.Job:  map 35% reduce 11%
2022-04-23 15:24:55,550 INFO mapreduce.Job:  map 36% reduce 11%
2022-04-23 15:24:57,560 INFO mapreduce.Job:  map 37% reduce 11%
2022-04-23 15:24:59,576 INFO mapreduce.Job:  map 37% reduce 12%
2022-04-23 15:25:02,590 INFO mapreduce.Job:  map 38% reduce 12%
2022-04-23 15:25:04,600 INFO mapreduce.Job:  map 39% reduce 12%
2022-04-23 15:25:05,604 INFO mapreduce.Job:  map 39% reduce 13%
2022-04-23 15:25:06,611 INFO mapreduce.Job:  map 40% reduce 13%
2022-04-23 15:25:09,642 INFO mapreduce.Job:  map 41% reduce 13%
2022-04-23 15:25:11,652 INFO mapreduce.Job:  map 41% reduce 14%
2022-04-23 15:25:14,635 INFO mapreduce.Job:  map 42% reduce 14%
2022-04-23 15:25:15,642 INFO mapreduce.Job:  map 43% reduce 14%
2022-04-23 15:25:18,657 INFO mapreduce.Job:  map 44% reduce 14%
2022-04-23 15:25:20,669 INFO mapreduce.Job:  map 45% reduce 14%
2022-04-23 15:25:23,693 INFO mapreduce.Job:  map 45% reduce 15%
2022-04-23 15:25:24,706 INFO mapreduce.Job:  map 46% reduce 15%
2022-04-23 15:25:25,717 INFO mapreduce.Job:  map 47% reduce 15%
2022-04-23 15:25:29,741 INFO mapreduce.Job:  map 48% reduce 16%
2022-04-23 15:25:33,762 INFO mapreduce.Job:  map 49% reduce 16%
2022-04-23 15:25:35,932 INFO mapreduce.Job:  map 50% reduce 16%
2022-04-23 15:25:37,952 INFO mapreduce.Job:  map 51% reduce 16%
2022-04-23 15:25:40,969 INFO mapreduce.Job:  map 51% reduce 17%
2022-04-23 15:25:42,949 INFO mapreduce.Job:  map 52% reduce 17%
2022-04-23 15:25:43,955 INFO mapreduce.Job:  map 53% reduce 17%
2022-04-23 15:25:46,979 INFO mapreduce.Job:  map 54% reduce 18%
2022-04-23 15:25:50,000 INFO mapreduce.Job:  map 55% reduce 18%
2022-04-23 15:25:53,015 INFO mapreduce.Job:  map 56% reduce 18%
2022-04-23 15:25:54,025 INFO mapreduce.Job:  map 57% reduce 18%
2022-04-23 15:25:59,069 INFO mapreduce.Job:  map 58% reduce 19%
2022-04-23 15:26:01,080 INFO mapreduce.Job:  map 59% reduce 19%
2022-04-23 15:26:04,094 INFO mapreduce.Job:  map 60% reduce 19%
2022-04-23 15:26:05,101 INFO mapreduce.Job:  map 61% reduce 20%
2022-04-23 15:26:10,125 INFO mapreduce.Job:  map 62% reduce 20%
2022-04-23 15:26:12,141 INFO mapreduce.Job:  map 63% reduce 20%
2022-04-23 15:26:15,124 INFO mapreduce.Job:  map 64% reduce 20%
2022-04-23 15:26:17,137 INFO mapreduce.Job:  map 64% reduce 21%
2022-04-23 15:26:18,144 INFO mapreduce.Job:  map 65% reduce 21%
2022-04-23 15:26:21,159 INFO mapreduce.Job:  map 66% reduce 21%
2022-04-23 15:26:23,169 INFO mapreduce.Job:  map 67% reduce 22%
2022-04-23 15:26:28,224 INFO mapreduce.Job:  map 68% reduce 22%
2022-04-23 15:26:29,233 INFO mapreduce.Job:  map 68% reduce 23%
2022-04-23 15:26:30,240 INFO mapreduce.Job:  map 69% reduce 23%
2022-04-23 15:26:32,250 INFO mapreduce.Job:  map 70% reduce 23%
2022-04-23 15:26:33,255 INFO mapreduce.Job:  map 71% reduce 23%
2022-04-23 15:26:35,262 INFO mapreduce.Job:  map 71% reduce 24%
2022-04-23 15:26:39,278 INFO mapreduce.Job:  map 73% reduce 24%
2022-04-23 15:26:43,260 INFO mapreduce.Job:  map 74% reduce 24%
2022-04-23 15:26:47,284 INFO mapreduce.Job:  map 74% reduce 25%
2022-04-23 15:26:48,291 INFO mapreduce.Job:  map 75% reduce 25%
2022-04-23 15:26:49,296 INFO mapreduce.Job:  map 76% reduce 25%
2022-04-23 15:26:51,305 INFO mapreduce.Job:  map 77% reduce 25%
2022-04-23 15:26:53,326 INFO mapreduce.Job:  map 77% reduce 26%
2022-04-23 15:26:59,353 INFO mapreduce.Job:  map 79% reduce 26%
2022-04-23 15:27:01,373 INFO mapreduce.Job:  map 80% reduce 26%
2022-04-23 15:27:04,390 INFO mapreduce.Job:  map 81% reduce 26%
2022-04-23 15:27:05,395 INFO mapreduce.Job:  map 81% reduce 27%
2022-04-23 15:27:11,418 INFO mapreduce.Job:  map 83% reduce 27%
2022-04-23 15:27:15,400 INFO mapreduce.Job:  map 84% reduce 27%
2022-04-23 15:27:17,408 INFO mapreduce.Job:  map 84% reduce 28%
2022-04-23 15:27:21,427 INFO mapreduce.Job:  map 85% reduce 28%
2022-04-23 15:27:22,435 INFO mapreduce.Job:  map 86% reduce 28%
2022-04-23 15:27:23,440 INFO mapreduce.Job:  map 87% reduce 29%
2022-04-23 15:27:33,539 INFO mapreduce.Job:  map 89% reduce 29%
2022-04-23 15:27:34,544 INFO mapreduce.Job:  map 90% reduce 29%
2022-04-23 15:27:35,552 INFO mapreduce.Job:  map 90% reduce 30%
2022-04-23 15:27:36,558 INFO mapreduce.Job:  map 91% reduce 30%
2022-04-23 15:27:44,560 INFO mapreduce.Job:  map 93% reduce 30%
2022-04-23 15:27:47,570 INFO mapreduce.Job:  map 93% reduce 31%
2022-04-23 15:27:48,574 INFO mapreduce.Job:  map 94% reduce 31%
2022-04-23 15:27:54,600 INFO mapreduce.Job:  map 95% reduce 31%
2022-04-23 15:27:55,606 INFO mapreduce.Job:  map 97% reduce 31%
2022-04-23 15:27:59,620 INFO mapreduce.Job:  map 97% reduce 32%
2022-04-23 15:28:03,632 INFO mapreduce.Job:  map 99% reduce 32%
2022-04-23 15:28:04,637 INFO mapreduce.Job:  map 100% reduce 32%
2022-04-23 15:28:05,641 INFO mapreduce.Job:  map 100% reduce 34%
2022-04-23 15:28:11,672 INFO mapreduce.Job:  map 100% reduce 44%
2022-04-23 15:28:17,655 INFO mapreduce.Job:  map 100% reduce 53%
2022-04-23 15:28:23,675 INFO mapreduce.Job:  map 100% reduce 62%
2022-04-23 15:28:29,694 INFO mapreduce.Job:  map 100% reduce 68%
2022-04-23 15:28:35,715 INFO mapreduce.Job:  map 100% reduce 70%
2022-04-23 15:28:41,733 INFO mapreduce.Job:  map 100% reduce 72%
2022-04-23 15:28:47,713 INFO mapreduce.Job:  map 100% reduce 75%
2022-04-23 15:28:53,735 INFO mapreduce.Job:  map 100% reduce 77%
2022-04-23 15:28:59,760 INFO mapreduce.Job:  map 100% reduce 80%
2022-04-23 15:29:05,785 INFO mapreduce.Job:  map 100% reduce 82%
2022-04-23 15:29:11,804 INFO mapreduce.Job:  map 100% reduce 85%
2022-04-23 15:29:17,786 INFO mapreduce.Job:  map 100% reduce 87%
2022-04-23 15:29:23,806 INFO mapreduce.Job:  map 100% reduce 90%
2022-04-23 15:29:29,826 INFO mapreduce.Job:  map 100% reduce 92%
2022-04-23 15:29:35,850 INFO mapreduce.Job:  map 100% reduce 95%
2022-04-23 15:29:41,890 INFO mapreduce.Job:  map 100% reduce 97%
2022-04-23 15:29:47,883 INFO mapreduce.Job:  map 100% reduce 100%
2022-04-23 15:29:48,903 INFO mapreduce.Job: Job job_1650721757638_0012 completed successfully
2022-04-23 15:29:49,105 INFO mapreduce.Job: Counters: 55
	File System Counters
		FILE: Number of bytes read=17100148780
		FILE: Number of bytes written=27534921642
		FILE: Number of read operations=0
		FILE: Number of large read operations=0
		FILE: Number of write operations=0
		HDFS: Number of bytes read=10000020400
		HDFS: Number of bytes written=10000000000
		HDFS: Number of read operations=455
		HDFS: Number of large read operations=0
		HDFS: Number of write operations=2
		HDFS: Number of bytes read erasure-coded=0
	Job Counters
		Killed map tasks=1
		Launched map tasks=150
		Launched reduce tasks=1
		Rack-local map tasks=150
		Total time spent by all maps in occupied slots (ms)=1197068
		Total time spent by all reduces in occupied slots (ms)=348623
		Total time spent by all map tasks (ms)=1197068
		Total time spent by all reduce tasks (ms)=348623
		Total vcore-milliseconds taken by all map tasks=1197068
		Total vcore-milliseconds taken by all reduce tasks=348623
		Total megabyte-milliseconds taken by all map tasks=1225797632
		Total megabyte-milliseconds taken by all reduce tasks=356989952
	Map-Reduce Framework
		Map input records=100000000
		Map output records=100000000
		Map output bytes=10200000000
		Map output materialized bytes=10400000900
		Input split bytes=20400
		Combine input records=0
		Combine output records=0
		Reduce input groups=100000000
		Reduce shuffle bytes=10400000900
		Reduce input records=100000000
		Reduce output records=100000000
		Spilled Records=264424506
		Shuffled Maps =150
		Failed Shuffles=0
		Merged Map outputs=150
		GC time elapsed (ms)=16659
		CPU time spent (ms)=732480
		Physical memory (bytes) snapshot=43456094208
		Virtual memory (bytes) snapshot=399771881472
		Total committed heap usage (bytes)=36527669248
		Peak Map Physical memory (bytes)=310886400
		Peak Map Virtual memory (bytes)=2655379456
		Peak Reduce Physical memory (bytes)=760410112
		Peak Reduce Virtual memory (bytes)=2670673920
	Shuffle Errors
		BAD_ID=0
		CONNECTION=0
		IO_ERROR=0
		WRONG_LENGTH=0
		WRONG_MAP=0
		WRONG_REDUCE=0
	File Input Format Counters
		Bytes Read=10000000000
	File Output Format Counters
		Bytes Written=10000000000
2022-04-23 15:29:49,107 INFO terasort.TeraSort: done
	Command being timed: "hadoop jar hadoop-mapreduce-examples-3.2.1.jar terasort -D mapreduce.map.log.level=INFO -D mapreduce.reduce.log.level=INFO -D yarn.app.mapreduce.am.log.level=INFO -D yarn.nodemanager.resource.detect-hardware-capabilities=true -D yarn.nodemanager.resource.memory-mb=-1 -D mapreduce.task.io.sort.mb=100 -D mapreduce.task.io.sort.factor=10 -D mapreduce.map.sort.spill.percent=0.80 -D mapreduce.map.combine.minspills=3 -D mapreduce.map.output.compress=false -D mapreduce.map.output.compress=org.apache.hadoop.io.compress.DefaultCodec -D mapreduce.shuffle.max.threads=0 -D mapreduce.reduce.shuffle.parallelcopies=5 -D mapreduce.reduce.shuffle.maxfetchfailures=10 -D mapreduce.reduce.shuffle.input.buffer.percent=0.70 -D mapreduce.reduce.shuffle.merge.percent=0.66 -D mapreduce.reduce.merge.inmem.threshold=1000 -D mapreduce.reduce.input.buffer.percent=0.0 -D dfs.blocksize=67108864 /user/root/terasort/10G-terasort-input /user/root/terasort/10G-terasort-output"
	User time (seconds): 6.33
	System time (seconds): 3.59
	Percent of CPU this job got: 2%
	Elapsed (wall clock) time (h:mm:ss or m:ss): 6:54.23
	Average shared text size (kbytes): 0
	Average unshared data size (kbytes): 0
	Average stack size (kbytes): 0
	Average total size (kbytes): 0
	Maximum resident set size (kbytes): 280200
	Average resident set size (kbytes): 0
	Major (requiring I/O) page faults: 343
	Minor (reclaiming a frame) page faults: 80878
	Voluntary context switches: 22231
	Involuntary context switches: 4864
	Swaps: 0
	File system inputs: 3280
	File system outputs: 4656
	Socket messages sent: 0
	Socket messages received: 0
	Signals delivered: 0
	Page size (bytes): 4096
	Exit status: 0