2022-04-23 16:10:08,899 INFO client.RMProxy: Connecting to ResourceManager at resourcemanager/172.26.0.8:8032
2022-04-23 16:10:09,230 INFO client.AHSProxy: Connecting to Application History server at historyserver/172.26.0.7:10200
2022-04-23 16:10:10,102 INFO conf.Configuration: resource-types.xml not found
2022-04-23 16:10:10,103 INFO resource.ResourceUtils: Unable to find 'resource-types.xml'.
Deleted /user/root/terasort/10G-terasort-output
2022-04-23 16:10:13,985 INFO terasort.TeraSort: starting
2022-04-23 16:10:15,295 INFO input.FileInputFormat: Total input files to process : 2
Spent 265ms computing base-splits.
Spent 6ms computing TeraScheduler splits.
Computing input splits took 272ms
Sampling 10 splits of 150
2022-04-23 16:10:15,395 INFO sasl.SaslDataTransferClient: SASL encryption trust check: localHostTrusted = false, remoteHostTrusted = false
2022-04-23 16:10:15,395 INFO sasl.SaslDataTransferClient: SASL encryption trust check: localHostTrusted = false, remoteHostTrusted = false
2022-04-23 16:10:15,396 INFO sasl.SaslDataTransferClient: SASL encryption trust check: localHostTrusted = false, remoteHostTrusted = false
2022-04-23 16:10:15,396 INFO sasl.SaslDataTransferClient: SASL encryption trust check: localHostTrusted = false, remoteHostTrusted = false
2022-04-23 16:10:15,396 INFO sasl.SaslDataTransferClient: SASL encryption trust check: localHostTrusted = false, remoteHostTrusted = false
2022-04-23 16:10:15,396 INFO sasl.SaslDataTransferClient: SASL encryption trust check: localHostTrusted = false, remoteHostTrusted = false
2022-04-23 16:10:15,395 INFO sasl.SaslDataTransferClient: SASL encryption trust check: localHostTrusted = false, remoteHostTrusted = false
2022-04-23 16:10:15,396 INFO sasl.SaslDataTransferClient: SASL encryption trust check: localHostTrusted = false, remoteHostTrusted = false
2022-04-23 16:10:15,396 INFO sasl.SaslDataTransferClient: SASL encryption trust check: localHostTrusted = false, remoteHostTrusted = false
2022-04-23 16:10:15,395 INFO sasl.SaslDataTransferClient: SASL encryption trust check: localHostTrusted = false, remoteHostTrusted = false
Making 1 from 100000 sampled records
Computing parititions took 396ms
Spent 672ms computing partitions.
2022-04-23 16:10:16,017 INFO client.RMProxy: Connecting to ResourceManager at resourcemanager/172.26.0.8:8032
2022-04-23 16:10:16,262 INFO client.AHSProxy: Connecting to Application History server at historyserver/172.26.0.7:10200
2022-04-23 16:10:16,416 INFO mapreduce.JobResourceUploader: Disabling Erasure Coding for path: /tmp/hadoop-yarn/staging/root/.staging/job_1650721757638_0021
2022-04-23 16:10:16,493 INFO sasl.SaslDataTransferClient: SASL encryption trust check: localHostTrusted = false, remoteHostTrusted = false
2022-04-23 16:10:16,586 INFO sasl.SaslDataTransferClient: SASL encryption trust check: localHostTrusted = false, remoteHostTrusted = false
2022-04-23 16:10:16,649 INFO sasl.SaslDataTransferClient: SASL encryption trust check: localHostTrusted = false, remoteHostTrusted = false
2022-04-23 16:10:17,062 INFO mapreduce.JobSubmitter: number of splits:150
2022-04-23 16:10:17,258 INFO sasl.SaslDataTransferClient: SASL encryption trust check: localHostTrusted = false, remoteHostTrusted = false
2022-04-23 16:10:17,684 INFO mapreduce.JobSubmitter: Submitting tokens for job: job_1650721757638_0021
2022-04-23 16:10:17,685 INFO mapreduce.JobSubmitter: Executing with tokens: []
2022-04-23 16:10:17,946 INFO conf.Configuration: resource-types.xml not found
2022-04-23 16:10:17,947 INFO resource.ResourceUtils: Unable to find 'resource-types.xml'.
2022-04-23 16:10:18,454 INFO impl.YarnClientImpl: Submitted application application_1650721757638_0021
2022-04-23 16:10:18,521 INFO mapreduce.Job: The url to track the job: http://resourcemanager:8088/proxy/application_1650721757638_0021/
2022-04-23 16:10:18,522 INFO mapreduce.Job: Running job: job_1650721757638_0021
2022-04-23 16:10:26,699 INFO mapreduce.Job: Job job_1650721757638_0021 running in uber mode : false
2022-04-23 16:10:26,702 INFO mapreduce.Job:  map 0% reduce 0%
2022-04-23 16:10:36,824 INFO mapreduce.Job:  map 1% reduce 0%
2022-04-23 16:10:39,849 INFO mapreduce.Job:  map 2% reduce 0%
2022-04-23 16:10:40,824 INFO mapreduce.Job:  map 3% reduce 0%
2022-04-23 16:10:42,838 INFO mapreduce.Job:  map 4% reduce 0%
2022-04-23 16:10:46,872 INFO mapreduce.Job:  map 5% reduce 0%
2022-04-23 16:10:49,897 INFO mapreduce.Job:  map 6% reduce 0%
2022-04-23 16:10:50,903 INFO mapreduce.Job:  map 7% reduce 0%
2022-04-23 16:10:52,916 INFO mapreduce.Job:  map 8% reduce 0%
2022-04-23 16:10:56,952 INFO mapreduce.Job:  map 9% reduce 0%
2022-04-23 16:10:59,974 INFO mapreduce.Job:  map 10% reduce 0%
2022-04-23 16:11:00,980 INFO mapreduce.Job:  map 11% reduce 0%
2022-04-23 16:11:02,996 INFO mapreduce.Job:  map 12% reduce 0%
2022-04-23 16:11:07,037 INFO mapreduce.Job:  map 13% reduce 0%
2022-04-23 16:11:10,058 INFO mapreduce.Job:  map 14% reduce 0%
2022-04-23 16:11:12,033 INFO mapreduce.Job:  map 15% reduce 0%
2022-04-23 16:11:13,041 INFO mapreduce.Job:  map 16% reduce 0%
2022-04-23 16:11:17,063 INFO mapreduce.Job:  map 17% reduce 0%
2022-04-23 16:11:20,090 INFO mapreduce.Job:  map 18% reduce 0%
2022-04-23 16:11:22,102 INFO mapreduce.Job:  map 19% reduce 0%
2022-04-23 16:11:24,124 INFO mapreduce.Job:  map 20% reduce 0%
2022-04-23 16:11:28,149 INFO mapreduce.Job:  map 21% reduce 0%
2022-04-23 16:11:35,192 INFO mapreduce.Job:  map 23% reduce 0%
2022-04-23 16:11:36,200 INFO mapreduce.Job:  map 23% reduce 4%
2022-04-23 16:11:41,213 INFO mapreduce.Job:  map 24% reduce 4%
2022-04-23 16:11:42,222 INFO mapreduce.Job:  map 25% reduce 6%
2022-04-23 16:11:45,240 INFO mapreduce.Job:  map 26% reduce 6%
2022-04-23 16:11:46,247 INFO mapreduce.Job:  map 27% reduce 6%
2022-04-23 16:11:48,262 INFO mapreduce.Job:  map 27% reduce 8%
2022-04-23 16:11:52,294 INFO mapreduce.Job:  map 28% reduce 8%
2022-04-23 16:11:54,310 INFO mapreduce.Job:  map 29% reduce 9%
2022-04-23 16:11:56,319 INFO mapreduce.Job:  map 30% reduce 9%
2022-04-23 16:12:00,343 INFO mapreduce.Job:  map 31% reduce 10%
2022-04-23 16:12:03,374 INFO mapreduce.Job:  map 32% reduce 10%
2022-04-23 16:12:04,382 INFO mapreduce.Job:  map 33% reduce 10%
2022-04-23 16:12:06,393 INFO mapreduce.Job:  map 33% reduce 11%
2022-04-23 16:12:10,377 INFO mapreduce.Job:  map 34% reduce 11%
2022-04-23 16:12:11,385 INFO mapreduce.Job:  map 35% reduce 11%
2022-04-23 16:12:12,390 INFO mapreduce.Job:  map 35% reduce 12%
2022-04-23 16:12:13,397 INFO mapreduce.Job:  map 36% reduce 12%
2022-04-23 16:12:15,407 INFO mapreduce.Job:  map 37% reduce 12%
2022-04-23 16:12:21,449 INFO mapreduce.Job:  map 38% reduce 12%
2022-04-23 16:12:22,455 INFO mapreduce.Job:  map 39% reduce 12%
2022-04-23 16:12:24,470 INFO mapreduce.Job:  map 39% reduce 13%
2022-04-23 16:12:25,476 INFO mapreduce.Job:  map 40% reduce 13%
2022-04-23 16:12:30,503 INFO mapreduce.Job:  map 41% reduce 13%
2022-04-23 16:12:31,514 INFO mapreduce.Job:  map 43% reduce 13%
2022-04-23 16:12:36,539 INFO mapreduce.Job:  map 43% reduce 14%
2022-04-23 16:12:39,552 INFO mapreduce.Job:  map 44% reduce 14%
2022-04-23 16:12:40,526 INFO mapreduce.Job:  map 45% reduce 14%
2022-04-23 16:12:41,531 INFO mapreduce.Job:  map 46% reduce 14%
2022-04-23 16:12:42,540 INFO mapreduce.Job:  map 46% reduce 15%
2022-04-23 16:12:44,564 INFO mapreduce.Job:  map 47% reduce 15%
2022-04-23 16:12:48,581 INFO mapreduce.Job:  map 48% reduce 16%
2022-04-23 16:12:49,587 INFO mapreduce.Job:  map 49% reduce 16%
2022-04-23 16:12:54,614 INFO mapreduce.Job:  map 50% reduce 16%
2022-04-23 16:12:57,626 INFO mapreduce.Job:  map 51% reduce 16%
2022-04-23 16:12:58,634 INFO mapreduce.Job:  map 52% reduce 16%
2022-04-23 16:13:00,649 INFO mapreduce.Job:  map 52% reduce 17%
2022-04-23 16:13:01,654 INFO mapreduce.Job:  map 53% reduce 17%
2022-04-23 16:13:05,673 INFO mapreduce.Job:  map 54% reduce 17%
2022-04-23 16:13:06,679 INFO mapreduce.Job:  map 54% reduce 18%
2022-04-23 16:13:07,684 INFO mapreduce.Job:  map 55% reduce 18%
2022-04-23 16:13:10,661 INFO mapreduce.Job:  map 56% reduce 18%
2022-04-23 16:13:12,671 INFO mapreduce.Job:  map 56% reduce 19%
2022-04-23 16:13:14,687 INFO mapreduce.Job:  map 57% reduce 19%
2022-04-23 16:13:17,699 INFO mapreduce.Job:  map 59% reduce 19%
2022-04-23 16:13:24,727 INFO mapreduce.Job:  map 60% reduce 20%
2022-04-23 16:13:25,733 INFO mapreduce.Job:  map 61% reduce 20%
2022-04-23 16:13:26,742 INFO mapreduce.Job:  map 62% reduce 20%
2022-04-23 16:13:28,751 INFO mapreduce.Job:  map 63% reduce 20%
2022-04-23 16:13:30,761 INFO mapreduce.Job:  map 63% reduce 21%
2022-04-23 16:13:35,786 INFO mapreduce.Job:  map 64% reduce 21%
2022-04-23 16:13:36,791 INFO mapreduce.Job:  map 65% reduce 21%
2022-04-23 16:13:38,801 INFO mapreduce.Job:  map 66% reduce 21%
2022-04-23 16:13:42,783 INFO mapreduce.Job:  map 66% reduce 22%
2022-04-23 16:13:44,794 INFO mapreduce.Job:  map 67% reduce 22%
2022-04-23 16:13:45,799 INFO mapreduce.Job:  map 68% reduce 22%
2022-04-23 16:13:46,804 INFO mapreduce.Job:  map 69% reduce 22%
2022-04-23 16:13:47,811 INFO mapreduce.Job:  map 69% reduce 23%
2022-04-23 16:13:54,843 INFO mapreduce.Job:  map 71% reduce 23%
2022-04-23 16:13:56,851 INFO mapreduce.Job:  map 72% reduce 23%
2022-04-23 16:13:58,859 INFO mapreduce.Job:  map 73% reduce 23%
2022-04-23 16:13:59,865 INFO mapreduce.Job:  map 73% reduce 24%
2022-04-23 16:14:03,896 INFO mapreduce.Job:  map 75% reduce 24%
2022-04-23 16:14:05,905 INFO mapreduce.Job:  map 75% reduce 25%
2022-04-23 16:14:07,912 INFO mapreduce.Job:  map 76% reduce 25%
2022-04-23 16:14:13,962 INFO mapreduce.Job:  map 77% reduce 25%
2022-04-23 16:14:14,967 INFO mapreduce.Job:  map 78% reduce 25%
2022-04-23 16:14:17,983 INFO mapreduce.Job:  map 79% reduce 26%
2022-04-23 16:14:24,008 INFO mapreduce.Job:  map 81% reduce 26%
2022-04-23 16:14:30,034 INFO mapreduce.Job:  map 82% reduce 27%
2022-04-23 16:14:32,044 INFO mapreduce.Job:  map 83% reduce 27%
2022-04-23 16:14:35,057 INFO mapreduce.Job:  map 85% reduce 27%
2022-04-23 16:14:36,061 INFO mapreduce.Job:  map 85% reduce 28%
2022-04-23 16:14:43,065 INFO mapreduce.Job:  map 86% reduce 28%
2022-04-23 16:14:44,087 INFO mapreduce.Job:  map 87% reduce 28%
2022-04-23 16:14:47,099 INFO mapreduce.Job:  map 88% reduce 28%
2022-04-23 16:14:48,104 INFO mapreduce.Job:  map 88% reduce 29%
2022-04-23 16:14:54,130 INFO mapreduce.Job:  map 89% reduce 29%
2022-04-23 16:14:55,135 INFO mapreduce.Job:  map 90% reduce 29%
2022-04-23 16:14:57,142 INFO mapreduce.Job:  map 91% reduce 29%
2022-04-23 16:15:00,153 INFO mapreduce.Job:  map 91% reduce 30%
2022-04-23 16:15:05,201 INFO mapreduce.Job:  map 93% reduce 30%
2022-04-23 16:15:06,206 INFO mapreduce.Job:  map 93% reduce 31%
2022-04-23 16:15:08,218 INFO mapreduce.Job:  map 94% reduce 31%
2022-04-23 16:15:09,222 INFO mapreduce.Job:  map 95% reduce 31%
2022-04-23 16:15:12,203 INFO mapreduce.Job:  map 95% reduce 32%
2022-04-23 16:15:16,220 INFO mapreduce.Job:  map 97% reduce 32%
2022-04-23 16:15:19,231 INFO mapreduce.Job:  map 98% reduce 32%
2022-04-23 16:15:23,250 INFO mapreduce.Job:  map 99% reduce 32%
2022-04-23 16:15:24,254 INFO mapreduce.Job:  map 100% reduce 33%
2022-04-23 16:15:30,276 INFO mapreduce.Job:  map 100% reduce 43%
2022-04-23 16:15:36,296 INFO mapreduce.Job:  map 100% reduce 52%
2022-04-23 16:15:42,271 INFO mapreduce.Job:  map 100% reduce 61%
2022-04-23 16:15:48,294 INFO mapreduce.Job:  map 100% reduce 67%
2022-04-23 16:15:54,316 INFO mapreduce.Job:  map 100% reduce 70%
2022-04-23 16:16:00,339 INFO mapreduce.Job:  map 100% reduce 72%
2022-04-23 16:16:06,364 INFO mapreduce.Job:  map 100% reduce 75%
2022-04-23 16:16:12,355 INFO mapreduce.Job:  map 100% reduce 77%
2022-04-23 16:16:18,378 INFO mapreduce.Job:  map 100% reduce 79%
2022-04-23 16:16:24,396 INFO mapreduce.Job:  map 100% reduce 82%
2022-04-23 16:16:30,413 INFO mapreduce.Job:  map 100% reduce 84%
2022-04-23 16:16:36,432 INFO mapreduce.Job:  map 100% reduce 87%
2022-04-23 16:16:42,413 INFO mapreduce.Job:  map 100% reduce 89%
2022-04-23 16:16:48,434 INFO mapreduce.Job:  map 100% reduce 91%
2022-04-23 16:16:54,459 INFO mapreduce.Job:  map 100% reduce 94%
2022-04-23 16:17:00,483 INFO mapreduce.Job:  map 100% reduce 96%
2022-04-23 16:17:06,503 INFO mapreduce.Job:  map 100% reduce 99%
2022-04-23 16:17:10,486 INFO mapreduce.Job:  map 100% reduce 100%
2022-04-23 16:17:11,504 INFO mapreduce.Job: Job job_1650721757638_0021 completed successfully
2022-04-23 16:17:11,699 INFO mapreduce.Job: Counters: 55
	File System Counters
		FILE: Number of bytes read=17100148780
		FILE: Number of bytes written=27534921642
		FILE: Number of read operations=0
		FILE: Number of large read operations=0
		FILE: Number of write operations=0
		HDFS: Number of bytes read=10000020400
		HDFS: Number of bytes written=10000000000
		HDFS: Number of read operations=455
		HDFS: Number of large read operations=0
		HDFS: Number of write operations=2
		HDFS: Number of bytes read erasure-coded=0
	Job Counters
		Killed map tasks=1
		Launched map tasks=150
		Launched reduce tasks=1
		Rack-local map tasks=150
		Total time spent by all maps in occupied slots (ms)=1199257
		Total time spent by all reduces in occupied slots (ms)=350983
		Total time spent by all map tasks (ms)=1199257
		Total time spent by all reduce tasks (ms)=350983
		Total vcore-milliseconds taken by all map tasks=1199257
		Total vcore-milliseconds taken by all reduce tasks=350983
		Total megabyte-milliseconds taken by all map tasks=1228039168
		Total megabyte-milliseconds taken by all reduce tasks=359406592
	Map-Reduce Framework
		Map input records=100000000
		Map output records=100000000
		Map output bytes=10200000000
		Map output materialized bytes=10400000900
		Input split bytes=20400
		Combine input records=0
		Combine output records=0
		Reduce input groups=100000000
		Reduce shuffle bytes=10400000900
		Reduce input records=100000000
		Reduce output records=100000000
		Spilled Records=264424506
		Shuffled Maps =150
		Failed Shuffles=0
		Merged Map outputs=150
		GC time elapsed (ms)=16495
		CPU time spent (ms)=738810
		Physical memory (bytes) snapshot=43637006336
		Virtual memory (bytes) snapshot=399743381504
		Total committed heap usage (bytes)=36931895296
		Peak Map Physical memory (bytes)=308936704
		Peak Map Virtual memory (bytes)=2656026624
		Peak Reduce Physical memory (bytes)=758943744
		Peak Reduce Virtual memory (bytes)=2669510656
	Shuffle Errors
		BAD_ID=0
		CONNECTION=0
		IO_ERROR=0
		WRONG_LENGTH=0
		WRONG_MAP=0
		WRONG_REDUCE=0
	File Input Format Counters
		Bytes Read=10000000000
	File Output Format Counters
		Bytes Written=10000000000
2022-04-23 16:17:11,705 INFO terasort.TeraSort: done
	Command being timed: "hadoop jar hadoop-mapreduce-examples-3.2.1.jar terasort -D mapreduce.map.log.level=INFO -D mapreduce.reduce.log.level=INFO -D yarn.app.mapreduce.am.log.level=INFO -D yarn.nodemanager.resource.detect-hardware-capabilities=true -D yarn.nodemanager.resource.memory-mb=-1 -D mapreduce.task.io.sort.mb=100 -D mapreduce.task.io.sort.factor=10 -D mapreduce.map.sort.spill.percent=0.80 -D mapreduce.map.combine.minspills=3 -D mapreduce.map.output.compress=false -D mapreduce.map.output.compress=org.apache.hadoop.io.compress.DefaultCodec -D mapreduce.shuffle.max.threads=0 -D mapreduce.reduce.shuffle.parallelcopies=5 -D mapreduce.reduce.shuffle.maxfetchfailures=10 -D mapreduce.reduce.shuffle.input.buffer.percent=0.70 -D mapreduce.reduce.shuffle.merge.percent=0.66 -D mapreduce.reduce.merge.inmem.threshold=1000 -D mapreduce.reduce.input.buffer.percent=0.0 -D dfs.blocksize=67108864 /user/root/terasort/10G-terasort-input /user/root/terasort/10G-terasort-output"
	User time (seconds): 6.72
	System time (seconds): 3.61
	Percent of CPU this job got: 2%
	Elapsed (wall clock) time (h:mm:ss or m:ss): 6:59.08
	Average shared text size (kbytes): 0
	Average unshared data size (kbytes): 0
	Average stack size (kbytes): 0
	Average total size (kbytes): 0
	Maximum resident set size (kbytes): 286856
	Average resident set size (kbytes): 0
	Major (requiring I/O) page faults: 290
	Minor (reclaiming a frame) page faults: 84780
	Voluntary context switches: 22798
	Involuntary context switches: 5700
	Swaps: 0
	File system inputs: 1904
	File system outputs: 4360
	Socket messages sent: 0
	Socket messages received: 0
	Signals delivered: 0
	Page size (bytes): 4096
	Exit status: 0