2022-04-23 16:00:23,750 INFO client.RMProxy: Connecting to ResourceManager at resourcemanager/172.26.0.8:8032
2022-04-23 16:00:24,082 INFO client.AHSProxy: Connecting to Application History server at historyserver/172.26.0.7:10200
2022-04-23 16:00:24,949 INFO conf.Configuration: resource-types.xml not found
2022-04-23 16:00:24,950 INFO resource.ResourceUtils: Unable to find 'resource-types.xml'.
Deleted /user/root/terasort/10G-terasort-output
2022-04-23 16:00:28,922 INFO terasort.TeraSort: starting
2022-04-23 16:00:30,241 INFO input.FileInputFormat: Total input files to process : 2
Spent 253ms computing base-splits.
Spent 5ms computing TeraScheduler splits.
Computing input splits took 259ms
Sampling 10 splits of 150
2022-04-23 16:00:30,337 INFO sasl.SaslDataTransferClient: SASL encryption trust check: localHostTrusted = false, remoteHostTrusted = false
2022-04-23 16:00:30,337 INFO sasl.SaslDataTransferClient: SASL encryption trust check: localHostTrusted = false, remoteHostTrusted = false
2022-04-23 16:00:30,337 INFO sasl.SaslDataTransferClient: SASL encryption trust check: localHostTrusted = false, remoteHostTrusted = false
2022-04-23 16:00:30,337 INFO sasl.SaslDataTransferClient: SASL encryption trust check: localHostTrusted = false, remoteHostTrusted = false
2022-04-23 16:00:30,337 INFO sasl.SaslDataTransferClient: SASL encryption trust check: localHostTrusted = false, remoteHostTrusted = false
2022-04-23 16:00:30,337 INFO sasl.SaslDataTransferClient: SASL encryption trust check: localHostTrusted = false, remoteHostTrusted = false
2022-04-23 16:00:30,337 INFO sasl.SaslDataTransferClient: SASL encryption trust check: localHostTrusted = false, remoteHostTrusted = false
2022-04-23 16:00:30,337 INFO sasl.SaslDataTransferClient: SASL encryption trust check: localHostTrusted = false, remoteHostTrusted = false
2022-04-23 16:00:30,337 INFO sasl.SaslDataTransferClient: SASL encryption trust check: localHostTrusted = false, remoteHostTrusted = false
2022-04-23 16:00:30,337 INFO sasl.SaslDataTransferClient: SASL encryption trust check: localHostTrusted = false, remoteHostTrusted = false
Making 1 from 100000 sampled records
Computing parititions took 405ms
Spent 667ms computing partitions.
2022-04-23 16:00:30,967 INFO client.RMProxy: Connecting to ResourceManager at resourcemanager/172.26.0.8:8032
2022-04-23 16:00:31,211 INFO client.AHSProxy: Connecting to Application History server at historyserver/172.26.0.7:10200
2022-04-23 16:00:31,359 INFO mapreduce.JobResourceUploader: Disabling Erasure Coding for path: /tmp/hadoop-yarn/staging/root/.staging/job_1650721757638_0019
2022-04-23 16:00:31,439 INFO sasl.SaslDataTransferClient: SASL encryption trust check: localHostTrusted = false, remoteHostTrusted = false
2022-04-23 16:00:31,530 INFO sasl.SaslDataTransferClient: SASL encryption trust check: localHostTrusted = false, remoteHostTrusted = false
2022-04-23 16:00:31,587 INFO sasl.SaslDataTransferClient: SASL encryption trust check: localHostTrusted = false, remoteHostTrusted = false
2022-04-23 16:00:31,595 INFO mapreduce.JobSubmitter: number of splits:150
2022-04-23 16:00:31,782 INFO sasl.SaslDataTransferClient: SASL encryption trust check: localHostTrusted = false, remoteHostTrusted = false
2022-04-23 16:00:32,199 INFO mapreduce.JobSubmitter: Submitting tokens for job: job_1650721757638_0019
2022-04-23 16:00:32,199 INFO mapreduce.JobSubmitter: Executing with tokens: []
2022-04-23 16:00:32,465 INFO conf.Configuration: resource-types.xml not found
2022-04-23 16:00:32,466 INFO resource.ResourceUtils: Unable to find 'resource-types.xml'.
2022-04-23 16:00:32,971 INFO impl.YarnClientImpl: Submitted application application_1650721757638_0019
2022-04-23 16:00:33,035 INFO mapreduce.Job: The url to track the job: http://resourcemanager:8088/proxy/application_1650721757638_0019/
2022-04-23 16:00:33,037 INFO mapreduce.Job: Running job: job_1650721757638_0019
2022-04-23 16:00:41,154 INFO mapreduce.Job: Job job_1650721757638_0019 running in uber mode : false
2022-04-23 16:00:41,157 INFO mapreduce.Job:  map 0% reduce 0%
2022-04-23 16:00:51,270 INFO mapreduce.Job:  map 1% reduce 0%
2022-04-23 16:00:53,285 INFO mapreduce.Job:  map 2% reduce 0%
2022-04-23 16:00:55,303 INFO mapreduce.Job:  map 3% reduce 0%
2022-04-23 16:00:57,318 INFO mapreduce.Job:  map 4% reduce 0%
2022-04-23 16:01:01,354 INFO mapreduce.Job:  map 5% reduce 0%
2022-04-23 16:01:03,383 INFO mapreduce.Job:  map 6% reduce 0%
2022-04-23 16:01:05,393 INFO mapreduce.Job:  map 7% reduce 0%
2022-04-23 16:01:07,407 INFO mapreduce.Job:  map 8% reduce 0%
2022-04-23 16:01:11,411 INFO mapreduce.Job:  map 9% reduce 0%
2022-04-23 16:01:13,424 INFO mapreduce.Job:  map 10% reduce 0%
2022-04-23 16:01:15,443 INFO mapreduce.Job:  map 11% reduce 0%
2022-04-23 16:01:18,468 INFO mapreduce.Job:  map 12% reduce 0%
2022-04-23 16:01:21,482 INFO mapreduce.Job:  map 13% reduce 0%
2022-04-23 16:01:23,495 INFO mapreduce.Job:  map 14% reduce 0%
2022-04-23 16:01:24,501 INFO mapreduce.Job:  map 15% reduce 0%
2022-04-23 16:01:28,535 INFO mapreduce.Job:  map 16% reduce 0%
2022-04-23 16:01:31,555 INFO mapreduce.Job:  map 17% reduce 0%
2022-04-23 16:01:33,567 INFO mapreduce.Job:  map 18% reduce 0%
2022-04-23 16:01:35,579 INFO mapreduce.Job:  map 19% reduce 0%
2022-04-23 16:01:39,618 INFO mapreduce.Job:  map 20% reduce 0%
2022-04-23 16:01:42,598 INFO mapreduce.Job:  map 21% reduce 0%
2022-04-23 16:01:45,624 INFO mapreduce.Job:  map 22% reduce 0%
2022-04-23 16:01:48,645 INFO mapreduce.Job:  map 23% reduce 0%
2022-04-23 16:01:50,656 INFO mapreduce.Job:  map 23% reduce 4%
2022-04-23 16:01:53,677 INFO mapreduce.Job:  map 24% reduce 4%
2022-04-23 16:01:54,685 INFO mapreduce.Job:  map 25% reduce 4%
2022-04-23 16:01:56,702 INFO mapreduce.Job:  map 25% reduce 7%
2022-04-23 16:01:59,738 INFO mapreduce.Job:  map 26% reduce 7%
2022-04-23 16:02:02,756 INFO mapreduce.Job:  map 26% reduce 8%
2022-04-23 16:02:03,769 INFO mapreduce.Job:  map 27% reduce 8%
2022-04-23 16:02:05,780 INFO mapreduce.Job:  map 28% reduce 8%
2022-04-23 16:02:07,792 INFO mapreduce.Job:  map 29% reduce 8%
2022-04-23 16:02:08,798 INFO mapreduce.Job:  map 29% reduce 10%
2022-04-23 16:02:12,788 INFO mapreduce.Job:  map 30% reduce 10%
2022-04-23 16:02:13,798 INFO mapreduce.Job:  map 31% reduce 10%
2022-04-23 16:02:16,812 INFO mapreduce.Job:  map 32% reduce 10%
2022-04-23 16:02:18,829 INFO mapreduce.Job:  map 33% reduce 10%
2022-04-23 16:02:20,838 INFO mapreduce.Job:  map 33% reduce 11%
2022-04-23 16:02:22,850 INFO mapreduce.Job:  map 34% reduce 11%
2022-04-23 16:02:23,857 INFO mapreduce.Job:  map 35% reduce 11%
2022-04-23 16:02:26,875 INFO mapreduce.Job:  map 35% reduce 12%
2022-04-23 16:02:27,883 INFO mapreduce.Job:  map 36% reduce 12%
2022-04-23 16:02:30,901 INFO mapreduce.Job:  map 37% reduce 12%
2022-04-23 16:02:34,926 INFO mapreduce.Job:  map 38% reduce 12%
2022-04-23 16:02:35,932 INFO mapreduce.Job:  map 39% reduce 12%
2022-04-23 16:02:38,950 INFO mapreduce.Job:  map 39% reduce 13%
2022-04-23 16:02:39,954 INFO mapreduce.Job:  map 40% reduce 13%
2022-04-23 16:02:42,958 INFO mapreduce.Job:  map 41% reduce 13%
2022-04-23 16:02:44,969 INFO mapreduce.Job:  map 42% reduce 14%
2022-04-23 16:02:46,979 INFO mapreduce.Job:  map 43% reduce 14%
2022-04-23 16:02:52,005 INFO mapreduce.Job:  map 44% reduce 14%
2022-04-23 16:02:53,010 INFO mapreduce.Job:  map 45% reduce 14%
2022-04-23 16:02:57,031 INFO mapreduce.Job:  map 46% reduce 15%
2022-04-23 16:02:59,044 INFO mapreduce.Job:  map 47% reduce 15%
2022-04-23 16:03:02,056 INFO mapreduce.Job:  map 48% reduce 15%
2022-04-23 16:03:03,060 INFO mapreduce.Job:  map 48% reduce 16%
2022-04-23 16:03:04,067 INFO mapreduce.Job:  map 49% reduce 16%
2022-04-23 16:03:08,084 INFO mapreduce.Job:  map 50% reduce 16%
2022-04-23 16:03:09,089 INFO mapreduce.Job:  map 50% reduce 17%
2022-04-23 16:03:11,064 INFO mapreduce.Job:  map 51% reduce 17%
2022-04-23 16:03:13,073 INFO mapreduce.Job:  map 52% reduce 17%
2022-04-23 16:03:15,085 INFO mapreduce.Job:  map 53% reduce 17%
2022-04-23 16:03:20,108 INFO mapreduce.Job:  map 54% reduce 17%
2022-04-23 16:03:21,114 INFO mapreduce.Job:  map 55% reduce 18%
2022-04-23 16:03:25,131 INFO mapreduce.Job:  map 56% reduce 18%
2022-04-23 16:03:26,138 INFO mapreduce.Job:  map 57% reduce 18%
2022-04-23 16:03:27,144 INFO mapreduce.Job:  map 57% reduce 19%
2022-04-23 16:03:30,181 INFO mapreduce.Job:  map 58% reduce 19%
2022-04-23 16:03:32,194 INFO mapreduce.Job:  map 59% reduce 20%
2022-04-23 16:03:35,210 INFO mapreduce.Job:  map 60% reduce 20%
2022-04-23 16:03:39,232 INFO mapreduce.Job:  map 61% reduce 20%
2022-04-23 16:03:41,213 INFO mapreduce.Job:  map 62% reduce 20%
2022-04-23 16:03:44,227 INFO mapreduce.Job:  map 63% reduce 21%
2022-04-23 16:03:48,244 INFO mapreduce.Job:  map 65% reduce 21%
2022-04-23 16:03:50,252 INFO mapreduce.Job:  map 65% reduce 22%
2022-04-23 16:03:53,264 INFO mapreduce.Job:  map 66% reduce 22%
2022-04-23 16:03:54,267 INFO mapreduce.Job:  map 67% reduce 22%
2022-04-23 16:03:58,286 INFO mapreduce.Job:  map 68% reduce 22%
2022-04-23 16:03:59,290 INFO mapreduce.Job:  map 69% reduce 22%
2022-04-23 16:04:02,301 INFO mapreduce.Job:  map 69% reduce 23%
2022-04-23 16:04:03,305 INFO mapreduce.Job:  map 70% reduce 23%
2022-04-23 16:04:06,321 INFO mapreduce.Job:  map 71% reduce 23%
2022-04-23 16:04:08,331 INFO mapreduce.Job:  map 71% reduce 24%
2022-04-23 16:04:09,335 INFO mapreduce.Job:  map 72% reduce 24%
2022-04-23 16:04:12,317 INFO mapreduce.Job:  map 73% reduce 24%
2022-04-23 16:04:15,334 INFO mapreduce.Job:  map 74% reduce 24%
2022-04-23 16:04:17,348 INFO mapreduce.Job:  map 75% reduce 24%
2022-04-23 16:04:20,360 INFO mapreduce.Job:  map 76% reduce 25%
2022-04-23 16:04:22,367 INFO mapreduce.Job:  map 77% reduce 25%
2022-04-23 16:04:26,383 INFO mapreduce.Job:  map 77% reduce 26%
2022-04-23 16:04:28,393 INFO mapreduce.Job:  map 78% reduce 26%
2022-04-23 16:04:29,399 INFO mapreduce.Job:  map 79% reduce 26%
2022-04-23 16:04:33,420 INFO mapreduce.Job:  map 80% reduce 26%
2022-04-23 16:04:38,447 INFO mapreduce.Job:  map 81% reduce 27%
2022-04-23 16:04:40,455 INFO mapreduce.Job:  map 82% reduce 27%
2022-04-23 16:04:42,440 INFO mapreduce.Job:  map 83% reduce 27%
2022-04-23 16:04:44,448 INFO mapreduce.Job:  map 83% reduce 28%
2022-04-23 16:04:47,461 INFO mapreduce.Job:  map 84% reduce 28%
2022-04-23 16:04:50,474 INFO mapreduce.Job:  map 85% reduce 28%
2022-04-23 16:04:52,495 INFO mapreduce.Job:  map 86% reduce 28%
2022-04-23 16:04:56,514 INFO mapreduce.Job:  map 86% reduce 29%
2022-04-23 16:04:57,531 INFO mapreduce.Job:  map 87% reduce 29%
2022-04-23 16:04:59,547 INFO mapreduce.Job:  map 88% reduce 29%
2022-04-23 16:05:02,558 INFO mapreduce.Job:  map 89% reduce 29%
2022-04-23 16:05:08,586 INFO mapreduce.Job:  map 90% reduce 30%
2022-04-23 16:05:09,591 INFO mapreduce.Job:  map 91% reduce 30%
2022-04-23 16:05:11,574 INFO mapreduce.Job:  map 92% reduce 30%
2022-04-23 16:05:14,584 INFO mapreduce.Job:  map 92% reduce 31%
2022-04-23 16:05:17,595 INFO mapreduce.Job:  map 93% reduce 31%
2022-04-23 16:05:20,608 INFO mapreduce.Job:  map 94% reduce 31%
2022-04-23 16:05:21,612 INFO mapreduce.Job:  map 95% reduce 31%
2022-04-23 16:05:26,644 INFO mapreduce.Job:  map 95% reduce 32%
2022-04-23 16:05:27,655 INFO mapreduce.Job:  map 97% reduce 32%
2022-04-23 16:05:30,669 INFO mapreduce.Job:  map 98% reduce 32%
2022-04-23 16:05:32,676 INFO mapreduce.Job:  map 99% reduce 33%
2022-04-23 16:05:35,688 INFO mapreduce.Job:  map 100% reduce 33%
2022-04-23 16:05:38,698 INFO mapreduce.Job:  map 100% reduce 38%
2022-04-23 16:05:44,677 INFO mapreduce.Job:  map 100% reduce 47%
2022-04-23 16:05:50,707 INFO mapreduce.Job:  map 100% reduce 56%
2022-04-23 16:05:56,729 INFO mapreduce.Job:  map 100% reduce 65%
2022-04-23 16:06:02,751 INFO mapreduce.Job:  map 100% reduce 68%
2022-04-23 16:06:08,776 INFO mapreduce.Job:  map 100% reduce 71%
2022-04-23 16:06:14,762 INFO mapreduce.Job:  map 100% reduce 73%
2022-04-23 16:06:20,781 INFO mapreduce.Job:  map 100% reduce 76%
2022-04-23 16:06:26,804 INFO mapreduce.Job:  map 100% reduce 78%
2022-04-23 16:06:32,826 INFO mapreduce.Job:  map 100% reduce 81%
2022-04-23 16:06:38,846 INFO mapreduce.Job:  map 100% reduce 83%
2022-04-23 16:06:44,832 INFO mapreduce.Job:  map 100% reduce 86%
2022-04-23 16:06:50,859 INFO mapreduce.Job:  map 100% reduce 88%
2022-04-23 16:06:56,878 INFO mapreduce.Job:  map 100% reduce 91%
2022-04-23 16:07:02,898 INFO mapreduce.Job:  map 100% reduce 93%
2022-04-23 16:07:08,922 INFO mapreduce.Job:  map 100% reduce 96%
2022-04-23 16:07:14,907 INFO mapreduce.Job:  map 100% reduce 98%
2022-04-23 16:07:18,926 INFO mapreduce.Job:  map 100% reduce 100%
2022-04-23 16:07:20,948 INFO mapreduce.Job: Job job_1650721757638_0019 completed successfully
2022-04-23 16:07:21,153 INFO mapreduce.Job: Counters: 55
	File System Counters
		FILE: Number of bytes read=17100148884
		FILE: Number of bytes written=27534921746
		FILE: Number of read operations=0
		FILE: Number of large read operations=0
		FILE: Number of write operations=0
		HDFS: Number of bytes read=10000020400
		HDFS: Number of bytes written=10000000000
		HDFS: Number of read operations=455
		HDFS: Number of large read operations=0
		HDFS: Number of write operations=2
		HDFS: Number of bytes read erasure-coded=0
	Job Counters
		Killed map tasks=1
		Launched map tasks=150
		Launched reduce tasks=1
		Rack-local map tasks=150
		Total time spent by all maps in occupied slots (ms)=1170172
		Total time spent by all reduces in occupied slots (ms)=345295
		Total time spent by all map tasks (ms)=1170172
		Total time spent by all reduce tasks (ms)=345295
		Total vcore-milliseconds taken by all map tasks=1170172
		Total vcore-milliseconds taken by all reduce tasks=345295
		Total megabyte-milliseconds taken by all map tasks=1198256128
		Total megabyte-milliseconds taken by all reduce tasks=353582080
	Map-Reduce Framework
		Map input records=100000000
		Map output records=100000000
		Map output bytes=10200000000
		Map output materialized bytes=10400000900
		Input split bytes=20400
		Combine input records=0
		Combine output records=0
		Reduce input groups=100000000
		Reduce shuffle bytes=10400000900
		Reduce input records=100000000
		Reduce output records=100000000
		Spilled Records=264424507
		Shuffled Maps =150
		Failed Shuffles=0
		Merged Map outputs=150
		GC time elapsed (ms)=15765
		CPU time spent (ms)=729540
		Physical memory (bytes) snapshot=44322435072
		Virtual memory (bytes) snapshot=399810289664
		Total committed heap usage (bytes)=37415288832
		Peak Map Physical memory (bytes)=309243904
		Peak Map Virtual memory (bytes)=2656149504
		Peak Reduce Physical memory (bytes)=775475200
		Peak Reduce Virtual memory (bytes)=2664476672
	Shuffle Errors
		BAD_ID=0
		CONNECTION=0
		IO_ERROR=0
		WRONG_LENGTH=0
		WRONG_MAP=0
		WRONG_REDUCE=0
	File Input Format Counters
		Bytes Read=10000000000
	File Output Format Counters
		Bytes Written=10000000000
2022-04-23 16:07:21,155 INFO terasort.TeraSort: done
	Command being timed: "hadoop jar hadoop-mapreduce-examples-3.2.1.jar terasort -D mapreduce.map.log.level=INFO -D mapreduce.reduce.log.level=INFO -D yarn.app.mapreduce.am.log.level=INFO -D yarn.nodemanager.resource.detect-hardware-capabilities=true -D yarn.nodemanager.resource.memory-mb=-1 -D mapreduce.task.io.sort.mb=100 -D mapreduce.task.io.sort.factor=10 -D mapreduce.map.sort.spill.percent=0.80 -D mapreduce.map.combine.minspills=3 -D mapreduce.map.output.compress=false -D mapreduce.map.output.compress=org.apache.hadoop.io.compress.DefaultCodec -D mapreduce.shuffle.max.threads=0 -D mapreduce.reduce.shuffle.parallelcopies=5 -D mapreduce.reduce.shuffle.maxfetchfailures=10 -D mapreduce.reduce.shuffle.input.buffer.percent=0.70 -D mapreduce.reduce.shuffle.merge.percent=0.66 -D mapreduce.reduce.merge.inmem.threshold=1000 -D mapreduce.reduce.input.buffer.percent=0.0 -D dfs.blocksize=67108864 /user/root/terasort/10G-terasort-input /user/root/terasort/10G-terasort-output"
	User time (seconds): 6.79
	System time (seconds): 3.58
	Percent of CPU this job got: 2%
	Elapsed (wall clock) time (h:mm:ss or m:ss): 6:53.57
	Average shared text size (kbytes): 0
	Average unshared data size (kbytes): 0
	Average stack size (kbytes): 0
	Average total size (kbytes): 0
	Maximum resident set size (kbytes): 281384
	Average resident set size (kbytes): 0
	Major (requiring I/O) page faults: 341
	Minor (reclaiming a frame) page faults: 85166
	Voluntary context switches: 22229
	Involuntary context switches: 5144
	Swaps: 0
	File system inputs: 2192
	File system outputs: 4760
	Socket messages sent: 0
	Socket messages received: 0
	Signals delivered: 0
	Page size (bytes): 4096
	Exit status: 0