2022-04-23 15:50:23,946 INFO client.RMProxy: Connecting to ResourceManager at resourcemanager/172.26.0.8:8032
2022-04-23 15:50:24,271 INFO client.AHSProxy: Connecting to Application History server at historyserver/172.26.0.7:10200
2022-04-23 15:50:25,172 INFO conf.Configuration: resource-types.xml not found
2022-04-23 15:50:25,172 INFO resource.ResourceUtils: Unable to find 'resource-types.xml'.
Deleted /user/root/terasort/10G-terasort-output
2022-04-23 15:50:29,084 INFO terasort.TeraSort: starting
2022-04-23 15:50:30,390 INFO input.FileInputFormat: Total input files to process : 2
Spent 243ms computing base-splits.
Spent 6ms computing TeraScheduler splits.
Computing input splits took 250ms
Sampling 10 splits of 150
2022-04-23 15:50:30,490 INFO sasl.SaslDataTransferClient: SASL encryption trust check: localHostTrusted = false, remoteHostTrusted = false
2022-04-23 15:50:30,490 INFO sasl.SaslDataTransferClient: SASL encryption trust check: localHostTrusted = false, remoteHostTrusted = false
2022-04-23 15:50:30,490 INFO sasl.SaslDataTransferClient: SASL encryption trust check: localHostTrusted = false, remoteHostTrusted = false
2022-04-23 15:50:30,490 INFO sasl.SaslDataTransferClient: SASL encryption trust check: localHostTrusted = false, remoteHostTrusted = false
2022-04-23 15:50:30,490 INFO sasl.SaslDataTransferClient: SASL encryption trust check: localHostTrusted = false, remoteHostTrusted = false
2022-04-23 15:50:30,490 INFO sasl.SaslDataTransferClient: SASL encryption trust check: localHostTrusted = false, remoteHostTrusted = false
2022-04-23 15:50:30,490 INFO sasl.SaslDataTransferClient: SASL encryption trust check: localHostTrusted = false, remoteHostTrusted = false
2022-04-23 15:50:30,490 INFO sasl.SaslDataTransferClient: SASL encryption trust check: localHostTrusted = false, remoteHostTrusted = false
2022-04-23 15:50:30,490 INFO sasl.SaslDataTransferClient: SASL encryption trust check: localHostTrusted = false, remoteHostTrusted = false
2022-04-23 15:50:30,490 INFO sasl.SaslDataTransferClient: SASL encryption trust check: localHostTrusted = false, remoteHostTrusted = false
Making 1 from 100000 sampled records
Computing parititions took 394ms
Spent 647ms computing partitions.
2022-04-23 15:50:31,104 INFO client.RMProxy: Connecting to ResourceManager at resourcemanager/172.26.0.8:8032
2022-04-23 15:50:31,348 INFO client.AHSProxy: Connecting to Application History server at historyserver/172.26.0.7:10200
2022-04-23 15:50:31,498 INFO mapreduce.JobResourceUploader: Disabling Erasure Coding for path: /tmp/hadoop-yarn/staging/root/.staging/job_1650721757638_0017
2022-04-23 15:50:31,573 INFO sasl.SaslDataTransferClient: SASL encryption trust check: localHostTrusted = false, remoteHostTrusted = false
2022-04-23 15:50:31,649 INFO sasl.SaslDataTransferClient: SASL encryption trust check: localHostTrusted = false, remoteHostTrusted = false
2022-04-23 15:50:31,701 INFO sasl.SaslDataTransferClient: SASL encryption trust check: localHostTrusted = false, remoteHostTrusted = false
2022-04-23 15:50:31,707 INFO mapreduce.JobSubmitter: number of splits:150
2022-04-23 15:50:31,875 INFO sasl.SaslDataTransferClient: SASL encryption trust check: localHostTrusted = false, remoteHostTrusted = false
2022-04-23 15:50:31,888 INFO mapreduce.JobSubmitter: Submitting tokens for job: job_1650721757638_0017
2022-04-23 15:50:31,888 INFO mapreduce.JobSubmitter: Executing with tokens: []
2022-04-23 15:50:32,127 INFO conf.Configuration: resource-types.xml not found
2022-04-23 15:50:32,128 INFO resource.ResourceUtils: Unable to find 'resource-types.xml'.
2022-04-23 15:50:32,434 INFO impl.YarnClientImpl: Submitted application application_1650721757638_0017
2022-04-23 15:50:32,502 INFO mapreduce.Job: The url to track the job: http://resourcemanager:8088/proxy/application_1650721757638_0017/
2022-04-23 15:50:32,503 INFO mapreduce.Job: Running job: job_1650721757638_0017
2022-04-23 15:50:40,649 INFO mapreduce.Job: Job job_1650721757638_0017 running in uber mode : false
2022-04-23 15:50:40,652 INFO mapreduce.Job:  map 0% reduce 0%
2022-04-23 15:50:49,749 INFO mapreduce.Job:  map 1% reduce 0%
2022-04-23 15:50:52,795 INFO mapreduce.Job:  map 2% reduce 0%
2022-04-23 15:50:54,811 INFO mapreduce.Job:  map 3% reduce 0%
2022-04-23 15:50:56,826 INFO mapreduce.Job:  map 4% reduce 0%
2022-04-23 15:51:00,848 INFO mapreduce.Job:  map 5% reduce 0%
2022-04-23 15:51:02,869 INFO mapreduce.Job:  map 6% reduce 0%
2022-04-23 15:51:04,887 INFO mapreduce.Job:  map 7% reduce 0%
2022-04-23 15:51:06,900 INFO mapreduce.Job:  map 8% reduce 0%
2022-04-23 15:51:10,924 INFO mapreduce.Job:  map 9% reduce 0%
2022-04-23 15:51:12,915 INFO mapreduce.Job:  map 10% reduce 0%
2022-04-23 15:51:14,937 INFO mapreduce.Job:  map 11% reduce 0%
2022-04-23 15:51:16,948 INFO mapreduce.Job:  map 12% reduce 0%
2022-04-23 15:51:20,978 INFO mapreduce.Job:  map 13% reduce 0%
2022-04-23 15:51:22,991 INFO mapreduce.Job:  map 14% reduce 0%
2022-04-23 15:51:25,006 INFO mapreduce.Job:  map 15% reduce 0%
2022-04-23 15:51:27,020 INFO mapreduce.Job:  map 16% reduce 0%
2022-04-23 15:51:31,060 INFO mapreduce.Job:  map 17% reduce 0%
2022-04-23 15:51:34,079 INFO mapreduce.Job:  map 18% reduce 0%
2022-04-23 15:51:36,094 INFO mapreduce.Job:  map 19% reduce 0%
2022-04-23 15:51:37,102 INFO mapreduce.Job:  map 20% reduce 0%
2022-04-23 15:51:42,098 INFO mapreduce.Job:  map 21% reduce 0%
2022-04-23 15:51:46,124 INFO mapreduce.Job:  map 22% reduce 0%
2022-04-23 15:51:48,140 INFO mapreduce.Job:  map 23% reduce 0%
2022-04-23 15:51:50,149 INFO mapreduce.Job:  map 23% reduce 4%
2022-04-23 15:51:54,179 INFO mapreduce.Job:  map 25% reduce 4%
2022-04-23 15:51:56,189 INFO mapreduce.Job:  map 25% reduce 6%
2022-04-23 15:51:59,211 INFO mapreduce.Job:  map 26% reduce 6%
2022-04-23 15:52:00,225 INFO mapreduce.Job:  map 27% reduce 6%
2022-04-23 15:52:02,244 INFO mapreduce.Job:  map 27% reduce 8%
2022-04-23 15:52:05,272 INFO mapreduce.Job:  map 28% reduce 8%
2022-04-23 15:52:08,296 INFO mapreduce.Job:  map 28% reduce 9%
2022-04-23 15:52:09,303 INFO mapreduce.Job:  map 29% reduce 9%
2022-04-23 15:52:10,313 INFO mapreduce.Job:  map 30% reduce 9%
2022-04-23 15:52:13,315 INFO mapreduce.Job:  map 31% reduce 9%
2022-04-23 15:52:14,322 INFO mapreduce.Job:  map 31% reduce 10%
2022-04-23 15:52:18,350 INFO mapreduce.Job:  map 32% reduce 10%
2022-04-23 15:52:19,356 INFO mapreduce.Job:  map 33% reduce 10%
2022-04-23 15:52:20,362 INFO mapreduce.Job:  map 33% reduce 11%
2022-04-23 15:52:23,378 INFO mapreduce.Job:  map 34% reduce 11%
2022-04-23 15:52:24,386 INFO mapreduce.Job:  map 35% reduce 11%
2022-04-23 15:52:26,397 INFO mapreduce.Job:  map 35% reduce 12%
2022-04-23 15:52:28,412 INFO mapreduce.Job:  map 36% reduce 12%
2022-04-23 15:52:30,432 INFO mapreduce.Job:  map 37% reduce 12%
2022-04-23 15:52:33,452 INFO mapreduce.Job:  map 38% reduce 12%
2022-04-23 15:52:36,471 INFO mapreduce.Job:  map 39% reduce 12%
2022-04-23 15:52:38,483 INFO mapreduce.Job:  map 39% reduce 13%
2022-04-23 15:52:39,489 INFO mapreduce.Job:  map 40% reduce 13%
2022-04-23 15:52:41,465 INFO mapreduce.Job:  map 41% reduce 13%
2022-04-23 15:52:44,489 INFO mapreduce.Job:  map 41% reduce 14%
2022-04-23 15:52:45,495 INFO mapreduce.Job:  map 42% reduce 14%
2022-04-23 15:52:47,513 INFO mapreduce.Job:  map 43% reduce 14%
2022-04-23 15:52:50,537 INFO mapreduce.Job:  map 44% reduce 14%
2022-04-23 15:52:53,551 INFO mapreduce.Job:  map 45% reduce 14%
2022-04-23 15:52:56,565 INFO mapreduce.Job:  map 46% reduce 15%
2022-04-23 15:52:58,578 INFO mapreduce.Job:  map 47% reduce 15%
2022-04-23 15:53:02,598 INFO mapreduce.Job:  map 47% reduce 16%
2022-04-23 15:53:03,604 INFO mapreduce.Job:  map 48% reduce 16%
2022-04-23 15:53:04,610 INFO mapreduce.Job:  map 49% reduce 16%
2022-04-23 15:53:07,625 INFO mapreduce.Job:  map 50% reduce 16%
2022-04-23 15:53:08,632 INFO mapreduce.Job:  map 50% reduce 17%
2022-04-23 15:53:10,644 INFO mapreduce.Job:  map 51% reduce 17%
2022-04-23 15:53:13,636 INFO mapreduce.Job:  map 52% reduce 17%
2022-04-23 15:53:15,646 INFO mapreduce.Job:  map 53% reduce 17%
2022-04-23 15:53:19,663 INFO mapreduce.Job:  map 54% reduce 17%
2022-04-23 15:53:20,671 INFO mapreduce.Job:  map 54% reduce 18%
2022-04-23 15:53:21,681 INFO mapreduce.Job:  map 55% reduce 18%
2022-04-23 15:53:24,696 INFO mapreduce.Job:  map 56% reduce 18%
2022-04-23 15:53:26,706 INFO mapreduce.Job:  map 57% reduce 19%
2022-04-23 15:53:31,740 INFO mapreduce.Job:  map 59% reduce 19%
2022-04-23 15:53:35,758 INFO mapreduce.Job:  map 60% reduce 19%
2022-04-23 15:53:38,778 INFO mapreduce.Job:  map 60% reduce 20%
2022-04-23 15:53:39,783 INFO mapreduce.Job:  map 61% reduce 20%
2022-04-23 15:53:40,788 INFO mapreduce.Job:  map 62% reduce 20%
2022-04-23 15:53:44,772 INFO mapreduce.Job:  map 63% reduce 21%
2022-04-23 15:53:47,785 INFO mapreduce.Job:  map 64% reduce 21%
2022-04-23 15:53:48,789 INFO mapreduce.Job:  map 65% reduce 21%
2022-04-23 15:53:50,799 INFO mapreduce.Job:  map 65% reduce 22%
2022-04-23 15:53:53,826 INFO mapreduce.Job:  map 66% reduce 22%
2022-04-23 15:53:54,829 INFO mapreduce.Job:  map 67% reduce 22%
2022-04-23 15:53:58,861 INFO mapreduce.Job:  map 68% reduce 22%
2022-04-23 15:53:59,874 INFO mapreduce.Job:  map 69% reduce 22%
2022-04-23 15:54:02,893 INFO mapreduce.Job:  map 69% reduce 23%
2022-04-23 15:54:04,905 INFO mapreduce.Job:  map 70% reduce 23%
2022-04-23 15:54:06,919 INFO mapreduce.Job:  map 71% reduce 23%
2022-04-23 15:54:08,931 INFO mapreduce.Job:  map 72% reduce 24%
2022-04-23 15:54:12,910 INFO mapreduce.Job:  map 73% reduce 24%
2022-04-23 15:54:17,945 INFO mapreduce.Job:  map 75% reduce 24%
2022-04-23 15:54:20,959 INFO mapreduce.Job:  map 75% reduce 25%
2022-04-23 15:54:22,986 INFO mapreduce.Job:  map 76% reduce 25%
2022-04-23 15:54:23,990 INFO mapreduce.Job:  map 77% reduce 25%
2022-04-23 15:54:27,009 INFO mapreduce.Job:  map 77% reduce 26%
2022-04-23 15:54:28,013 INFO mapreduce.Job:  map 78% reduce 26%
2022-04-23 15:54:29,022 INFO mapreduce.Job:  map 79% reduce 26%
2022-04-23 15:54:34,050 INFO mapreduce.Job:  map 80% reduce 26%
2022-04-23 15:54:38,074 INFO mapreduce.Job:  map 81% reduce 26%
2022-04-23 15:54:39,079 INFO mapreduce.Job:  map 81% reduce 27%
2022-04-23 15:54:40,093 INFO mapreduce.Job:  map 82% reduce 27%
2022-04-23 15:54:46,091 INFO mapreduce.Job:  map 83% reduce 27%
2022-04-23 15:54:49,109 INFO mapreduce.Job:  map 85% reduce 27%
2022-04-23 15:54:50,116 INFO mapreduce.Job:  map 85% reduce 28%
2022-04-23 15:54:56,153 INFO mapreduce.Job:  map 86% reduce 28%
2022-04-23 15:54:57,178 INFO mapreduce.Job:  map 87% reduce 28%
2022-04-23 15:55:01,209 INFO mapreduce.Job:  map 88% reduce 28%
2022-04-23 15:55:03,221 INFO mapreduce.Job:  map 88% reduce 29%
2022-04-23 15:55:04,230 INFO mapreduce.Job:  map 89% reduce 29%
2022-04-23 15:55:08,257 INFO mapreduce.Job:  map 90% reduce 29%
2022-04-23 15:55:09,275 INFO mapreduce.Job:  map 90% reduce 30%
2022-04-23 15:55:10,281 INFO mapreduce.Job:  map 91% reduce 30%
2022-04-23 15:55:15,276 INFO mapreduce.Job:  map 92% reduce 30%
2022-04-23 15:55:17,284 INFO mapreduce.Job:  map 93% reduce 30%
2022-04-23 15:55:20,298 INFO mapreduce.Job:  map 94% reduce 30%
2022-04-23 15:55:21,305 INFO mapreduce.Job:  map 94% reduce 31%
2022-04-23 15:55:22,309 INFO mapreduce.Job:  map 95% reduce 31%
2022-04-23 15:55:27,325 INFO mapreduce.Job:  map 96% reduce 32%
2022-04-23 15:55:29,333 INFO mapreduce.Job:  map 97% reduce 32%
2022-04-23 15:55:32,342 INFO mapreduce.Job:  map 98% reduce 32%
2022-04-23 15:55:33,346 INFO mapreduce.Job:  map 98% reduce 33%
2022-04-23 15:55:35,355 INFO mapreduce.Job:  map 99% reduce 33%
2022-04-23 15:55:36,361 INFO mapreduce.Job:  map 100% reduce 33%
2022-04-23 15:55:39,372 INFO mapreduce.Job:  map 100% reduce 36%
2022-04-23 15:55:45,360 INFO mapreduce.Job:  map 100% reduce 45%
2022-04-23 15:55:51,390 INFO mapreduce.Job:  map 100% reduce 54%
2022-04-23 15:55:57,413 INFO mapreduce.Job:  map 100% reduce 63%
2022-04-23 15:56:03,460 INFO mapreduce.Job:  map 100% reduce 68%
2022-04-23 15:56:08,476 INFO mapreduce.Job:  map 100% reduce 70%
2022-04-23 15:56:14,464 INFO mapreduce.Job:  map 100% reduce 73%
2022-04-23 15:56:20,484 INFO mapreduce.Job:  map 100% reduce 75%
2022-04-23 15:56:26,522 INFO mapreduce.Job:  map 100% reduce 78%
2022-04-23 15:56:32,540 INFO mapreduce.Job:  map 100% reduce 80%
2022-04-23 15:56:38,560 INFO mapreduce.Job:  map 100% reduce 82%
2022-04-23 15:56:44,544 INFO mapreduce.Job:  map 100% reduce 85%
2022-04-23 15:56:50,564 INFO mapreduce.Job:  map 100% reduce 87%
2022-04-23 15:56:56,586 INFO mapreduce.Job:  map 100% reduce 89%
2022-04-23 15:57:02,602 INFO mapreduce.Job:  map 100% reduce 92%
2022-04-23 15:57:08,633 INFO mapreduce.Job:  map 100% reduce 94%
2022-04-23 15:57:14,618 INFO mapreduce.Job:  map 100% reduce 96%
2022-04-23 15:57:20,642 INFO mapreduce.Job:  map 100% reduce 99%
2022-04-23 15:57:24,666 INFO mapreduce.Job:  map 100% reduce 100%
2022-04-23 15:57:25,682 INFO mapreduce.Job: Job job_1650721757638_0017 completed successfully
2022-04-23 15:57:25,872 INFO mapreduce.Job: Counters: 55
	File System Counters
		FILE: Number of bytes read=17100148780
		FILE: Number of bytes written=27534921642
		FILE: Number of read operations=0
		FILE: Number of large read operations=0
		FILE: Number of write operations=0
		HDFS: Number of bytes read=10000020400
		HDFS: Number of bytes written=10000000000
		HDFS: Number of read operations=455
		HDFS: Number of large read operations=0
		HDFS: Number of write operations=2
		HDFS: Number of bytes read erasure-coded=0
	Job Counters
		Killed map tasks=1
		Launched map tasks=150
		Launched reduce tasks=1
		Rack-local map tasks=150
		Total time spent by all maps in occupied slots (ms)=1188242
		Total time spent by all reduces in occupied slots (ms)=350131
		Total time spent by all map tasks (ms)=1188242
		Total time spent by all reduce tasks (ms)=350131
		Total vcore-milliseconds taken by all map tasks=1188242
		Total vcore-milliseconds taken by all reduce tasks=350131
		Total megabyte-milliseconds taken by all map tasks=1216759808
		Total megabyte-milliseconds taken by all reduce tasks=358534144
	Map-Reduce Framework
		Map input records=100000000
		Map output records=100000000
		Map output bytes=10200000000
		Map output materialized bytes=10400000900
		Input split bytes=20400
		Combine input records=0
		Combine output records=0
		Reduce input groups=100000000
		Reduce shuffle bytes=10400000900
		Reduce input records=100000000
		Reduce output records=100000000
		Spilled Records=264424506
		Shuffled Maps =150
		Failed Shuffles=0
		Merged Map outputs=150
		GC time elapsed (ms)=16357
		CPU time spent (ms)=732630
		Physical memory (bytes) snapshot=44029300736
		Virtual memory (bytes) snapshot=399821516800
		Total committed heap usage (bytes)=36706975744
		Peak Map Physical memory (bytes)=307294208
		Peak Map Virtual memory (bytes)=2655268864
		Peak Reduce Physical memory (bytes)=762687488
		Peak Reduce Virtual memory (bytes)=2666622976
	Shuffle Errors
		BAD_ID=0
		CONNECTION=0
		IO_ERROR=0
		WRONG_LENGTH=0
		WRONG_MAP=0
		WRONG_REDUCE=0
	File Input Format Counters
		Bytes Read=10000000000
	File Output Format Counters
		Bytes Written=10000000000
2022-04-23 15:57:25,874 INFO terasort.TeraSort: done
	Command being timed: "hadoop jar hadoop-mapreduce-examples-3.2.1.jar terasort -D mapreduce.map.log.level=INFO -D mapreduce.reduce.log.level=INFO -D yarn.app.mapreduce.am.log.level=INFO -D yarn.nodemanager.resource.detect-hardware-capabilities=true -D yarn.nodemanager.resource.memory-mb=-1 -D mapreduce.task.io.sort.mb=100 -D mapreduce.task.io.sort.factor=10 -D mapreduce.map.sort.spill.percent=0.80 -D mapreduce.map.combine.minspills=3 -D mapreduce.map.output.compress=false -D mapreduce.map.output.compress=org.apache.hadoop.io.compress.DefaultCodec -D mapreduce.shuffle.max.threads=0 -D mapreduce.reduce.shuffle.parallelcopies=5 -D mapreduce.reduce.shuffle.maxfetchfailures=10 -D mapreduce.reduce.shuffle.input.buffer.percent=0.70 -D mapreduce.reduce.shuffle.merge.percent=0.66 -D mapreduce.reduce.merge.inmem.threshold=1000 -D mapreduce.reduce.input.buffer.percent=0.0 -D dfs.blocksize=67108864 /user/root/terasort/10G-terasort-input /user/root/terasort/10G-terasort-output"
	User time (seconds): 6.42
	System time (seconds): 3.68
	Percent of CPU this job got: 2%
	Elapsed (wall clock) time (h:mm:ss or m:ss): 6:58.13
	Average shared text size (kbytes): 0
	Average unshared data size (kbytes): 0
	Average stack size (kbytes): 0
	Average total size (kbytes): 0
	Maximum resident set size (kbytes): 283848
	Average resident set size (kbytes): 0
	Major (requiring I/O) page faults: 260
	Minor (reclaiming a frame) page faults: 81478
	Voluntary context switches: 22724
	Involuntary context switches: 5758
	Swaps: 0
	File system inputs: 2184
	File system outputs: 4104
	Socket messages sent: 0
	Socket messages received: 0
	Signals delivered: 0
	Page size (bytes): 4096
	Exit status: 0