2022-04-22 13:26:20,211 INFO client.RMProxy: Connecting to ResourceManager at resourcemanager/172.19.0.7:8032
2022-04-22 13:26:20,408 INFO client.AHSProxy: Connecting to Application History server at historyserver/172.19.0.6:10200
2022-04-22 13:26:20,898 INFO conf.Configuration: resource-types.xml not found
2022-04-22 13:26:20,899 INFO resource.ResourceUtils: Unable to find 'resource-types.xml'.
Deleted /user/root/terasort/10G-terasort-output
2022-04-22 13:26:23,243 INFO terasort.TeraSort: starting
2022-04-22 13:26:23,841 INFO input.FileInputFormat: Total input files to process : 2
Spent 113ms computing base-splits.
Spent 3ms computing TeraScheduler splits.
Computing input splits took 118ms
Sampling 10 splits of 150
2022-04-22 13:26:23,907 INFO sasl.SaslDataTransferClient: SASL encryption trust check: localHostTrusted = false, remoteHostTrusted = false
2022-04-22 13:26:23,907 INFO sasl.SaslDataTransferClient: SASL encryption trust check: localHostTrusted = false, remoteHostTrusted = false
2022-04-22 13:26:23,907 INFO sasl.SaslDataTransferClient: SASL encryption trust check: localHostTrusted = false, remoteHostTrusted = false
2022-04-22 13:26:23,907 INFO sasl.SaslDataTransferClient: SASL encryption trust check: localHostTrusted = false, remoteHostTrusted = false
2022-04-22 13:26:23,908 INFO sasl.SaslDataTransferClient: SASL encryption trust check: localHostTrusted = false, remoteHostTrusted = false
2022-04-22 13:26:23,908 INFO sasl.SaslDataTransferClient: SASL encryption trust check: localHostTrusted = false, remoteHostTrusted = false
2022-04-22 13:26:23,907 INFO sasl.SaslDataTransferClient: SASL encryption trust check: localHostTrusted = false, remoteHostTrusted = false
2022-04-22 13:26:23,907 INFO sasl.SaslDataTransferClient: SASL encryption trust check: localHostTrusted = false, remoteHostTrusted = false
2022-04-22 13:26:23,907 INFO sasl.SaslDataTransferClient: SASL encryption trust check: localHostTrusted = false, remoteHostTrusted = false
2022-04-22 13:26:23,908 INFO sasl.SaslDataTransferClient: SASL encryption trust check: localHostTrusted = false, remoteHostTrusted = false
Making 1 from 100000 sampled records
Computing parititions took 320ms
Spent 440ms computing partitions.
2022-04-22 13:26:24,326 INFO client.RMProxy: Connecting to ResourceManager at resourcemanager/172.19.0.7:8032
2022-04-22 13:26:24,457 INFO client.AHSProxy: Connecting to Application History server at historyserver/172.19.0.6:10200
2022-04-22 13:26:24,542 INFO mapreduce.JobResourceUploader: Disabling Erasure Coding for path: /tmp/hadoop-yarn/staging/root/.staging/job_1650633764846_0002
2022-04-22 13:26:24,580 INFO sasl.SaslDataTransferClient: SASL encryption trust check: localHostTrusted = false, remoteHostTrusted = false
2022-04-22 13:26:24,640 INFO sasl.SaslDataTransferClient: SASL encryption trust check: localHostTrusted = false, remoteHostTrusted = false
2022-04-22 13:26:24,675 INFO sasl.SaslDataTransferClient: SASL encryption trust check: localHostTrusted = false, remoteHostTrusted = false
2022-04-22 13:26:24,683 INFO mapreduce.JobSubmitter: number of splits:150
2022-04-22 13:26:24,777 INFO sasl.SaslDataTransferClient: SASL encryption trust check: localHostTrusted = false, remoteHostTrusted = false
2022-04-22 13:26:24,788 INFO mapreduce.JobSubmitter: Submitting tokens for job: job_1650633764846_0002
2022-04-22 13:26:24,788 INFO mapreduce.JobSubmitter: Executing with tokens: []
2022-04-22 13:26:24,934 INFO conf.Configuration: resource-types.xml not found
2022-04-22 13:26:24,934 INFO resource.ResourceUtils: Unable to find 'resource-types.xml'.
2022-04-22 13:26:25,201 INFO impl.YarnClientImpl: Submitted application application_1650633764846_0002
2022-04-22 13:26:25,237 INFO mapreduce.Job: The url to track the job: http://resourcemanager:8088/proxy/application_1650633764846_0002/
2022-04-22 13:26:25,238 INFO mapreduce.Job: Running job: job_1650633764846_0002
2022-04-22 13:26:30,309 INFO mapreduce.Job: Job job_1650633764846_0002 running in uber mode : false
2022-04-22 13:26:30,311 INFO mapreduce.Job:  map 0% reduce 0%
2022-04-22 13:26:37,388 INFO mapreduce.Job:  map 1% reduce 0%
2022-04-22 13:26:41,423 INFO mapreduce.Job:  map 2% reduce 0%
2022-04-22 13:26:42,435 INFO mapreduce.Job:  map 3% reduce 0%
2022-04-22 13:26:44,447 INFO mapreduce.Job:  map 4% reduce 0%
2022-04-22 13:26:45,452 INFO mapreduce.Job:  map 5% reduce 0%
2022-04-22 13:26:49,462 INFO mapreduce.Job:  map 6% reduce 0%
2022-04-22 13:26:50,469 INFO mapreduce.Job:  map 7% reduce 0%
2022-04-22 13:26:52,497 INFO mapreduce.Job:  map 8% reduce 0%
2022-04-22 13:26:53,503 INFO mapreduce.Job:  map 9% reduce 0%
2022-04-22 13:26:57,530 INFO mapreduce.Job:  map 10% reduce 0%
2022-04-22 13:26:58,536 INFO mapreduce.Job:  map 11% reduce 0%
2022-04-22 13:27:00,547 INFO mapreduce.Job:  map 12% reduce 0%
2022-04-22 13:27:01,553 INFO mapreduce.Job:  map 13% reduce 0%
2022-04-22 13:27:05,573 INFO mapreduce.Job:  map 14% reduce 0%
2022-04-22 13:27:06,579 INFO mapreduce.Job:  map 15% reduce 0%
2022-04-22 13:27:09,735 INFO mapreduce.Job:  map 17% reduce 0%
2022-04-22 13:27:13,760 INFO mapreduce.Job:  map 18% reduce 0%
2022-04-22 13:27:14,768 INFO mapreduce.Job:  map 19% reduce 0%
2022-04-22 13:27:17,778 INFO mapreduce.Job:  map 20% reduce 0%
2022-04-22 13:27:19,791 INFO mapreduce.Job:  map 21% reduce 0%
2022-04-22 13:27:23,872 INFO mapreduce.Job:  map 22% reduce 0%
2022-04-22 13:27:25,886 INFO mapreduce.Job:  map 23% reduce 0%
2022-04-22 13:27:27,900 INFO mapreduce.Job:  map 23% reduce 4%
2022-04-22 13:27:28,906 INFO mapreduce.Job:  map 24% reduce 4%
2022-04-22 13:27:31,926 INFO mapreduce.Job:  map 25% reduce 4%
2022-04-22 13:27:33,941 INFO mapreduce.Job:  map 25% reduce 6%
2022-04-22 13:27:34,964 INFO mapreduce.Job:  map 26% reduce 6%
2022-04-22 13:27:37,050 INFO mapreduce.Job:  map 27% reduce 6%
2022-04-22 13:27:40,079 INFO mapreduce.Job:  map 27% reduce 8%
2022-04-22 13:27:42,092 INFO mapreduce.Job:  map 28% reduce 8%
2022-04-22 13:27:43,273 INFO mapreduce.Job:  map 29% reduce 8%
2022-04-22 13:27:44,290 INFO mapreduce.Job:  map 30% reduce 8%
2022-04-22 13:27:46,306 INFO mapreduce.Job:  map 31% reduce 10%
2022-04-22 13:27:51,315 INFO mapreduce.Job:  map 33% reduce 10%
2022-04-22 13:27:52,322 INFO mapreduce.Job:  map 33% reduce 11%
2022-04-22 13:27:53,327 INFO mapreduce.Job:  map 34% reduce 11%
2022-04-22 13:27:57,357 INFO mapreduce.Job:  map 35% reduce 11%
2022-04-22 13:27:58,363 INFO mapreduce.Job:  map 36% reduce 12%
2022-04-22 13:27:59,369 INFO mapreduce.Job:  map 37% reduce 12%
2022-04-22 13:28:04,391 INFO mapreduce.Job:  map 38% reduce 12%
2022-04-22 13:28:06,405 INFO mapreduce.Job:  map 39% reduce 12%
2022-04-22 13:28:08,418 INFO mapreduce.Job:  map 40% reduce 12%
2022-04-22 13:28:09,423 INFO mapreduce.Job:  map 41% reduce 12%
2022-04-22 13:28:10,428 INFO mapreduce.Job:  map 41% reduce 14%
2022-04-22 13:28:14,475 INFO mapreduce.Job:  map 42% reduce 14%
2022-04-22 13:28:15,480 INFO mapreduce.Job:  map 43% reduce 14%
2022-04-22 13:28:16,464 INFO mapreduce.Job:  map 44% reduce 14%
2022-04-22 13:28:20,488 INFO mapreduce.Job:  map 45% reduce 14%
2022-04-22 13:28:22,496 INFO mapreduce.Job:  map 45% reduce 15%
2022-04-22 13:28:23,501 INFO mapreduce.Job:  map 46% reduce 15%
2022-04-22 13:28:24,507 INFO mapreduce.Job:  map 47% reduce 15%
2022-04-22 13:28:27,518 INFO mapreduce.Job:  map 48% reduce 15%
2022-04-22 13:28:28,522 INFO mapreduce.Job:  map 48% reduce 16%
2022-04-22 13:28:30,551 INFO mapreduce.Job:  map 49% reduce 16%
2022-04-22 13:28:31,597 INFO mapreduce.Job:  map 50% reduce 16%
2022-04-22 13:28:32,606 INFO mapreduce.Job:  map 51% reduce 16%
2022-04-22 13:28:34,622 INFO mapreduce.Job:  map 51% reduce 17%
2022-04-22 13:28:37,656 INFO mapreduce.Job:  map 52% reduce 17%
2022-04-22 13:28:38,667 INFO mapreduce.Job:  map 53% reduce 17%
2022-04-22 13:28:40,690 INFO mapreduce.Job:  map 54% reduce 18%
2022-04-22 13:28:44,989 INFO mapreduce.Job:  map 55% reduce 18%
2022-04-22 13:28:45,994 INFO mapreduce.Job:  map 56% reduce 18%
2022-04-22 13:28:47,987 INFO mapreduce.Job:  map 57% reduce 18%
2022-04-22 13:28:52,005 INFO mapreduce.Job:  map 59% reduce 19%
2022-04-22 13:28:55,018 INFO mapreduce.Job:  map 60% reduce 19%
2022-04-22 13:28:56,022 INFO mapreduce.Job:  map 61% reduce 19%
2022-04-22 13:28:58,032 INFO mapreduce.Job:  map 61% reduce 20%
2022-04-22 13:29:00,041 INFO mapreduce.Job:  map 62% reduce 20%
2022-04-22 13:29:02,050 INFO mapreduce.Job:  map 63% reduce 20%
2022-04-22 13:29:04,059 INFO mapreduce.Job:  map 64% reduce 21%
2022-04-22 13:29:06,070 INFO mapreduce.Job:  map 65% reduce 21%
2022-04-22 13:29:09,085 INFO mapreduce.Job:  map 66% reduce 21%
2022-04-22 13:29:10,091 INFO mapreduce.Job:  map 67% reduce 22%
2022-04-22 13:29:13,113 INFO mapreduce.Job:  map 68% reduce 22%
2022-04-22 13:29:14,118 INFO mapreduce.Job:  map 69% reduce 22%
2022-04-22 13:29:16,130 INFO mapreduce.Job:  map 69% reduce 23%
2022-04-22 13:29:19,123 INFO mapreduce.Job:  map 71% reduce 23%
2022-04-22 13:29:21,133 INFO mapreduce.Job:  map 72% reduce 23%
2022-04-22 13:29:22,140 INFO mapreduce.Job:  map 72% reduce 24%
2022-04-22 13:29:23,145 INFO mapreduce.Job:  map 73% reduce 24%
2022-04-22 13:29:28,166 INFO mapreduce.Job:  map 75% reduce 24%
2022-04-22 13:29:31,178 INFO mapreduce.Job:  map 76% reduce 24%
2022-04-22 13:29:34,187 INFO mapreduce.Job:  map 76% reduce 25%
2022-04-22 13:29:35,193 INFO mapreduce.Job:  map 77% reduce 25%
2022-04-22 13:29:36,199 INFO mapreduce.Job:  map 78% reduce 25%
2022-04-22 13:29:37,204 INFO mapreduce.Job:  map 79% reduce 25%
2022-04-22 13:29:40,221 INFO mapreduce.Job:  map 79% reduce 26%
2022-04-22 13:29:44,329 INFO mapreduce.Job:  map 81% reduce 26%
2022-04-22 13:29:46,339 INFO mapreduce.Job:  map 82% reduce 27%
2022-04-22 13:29:53,745 INFO mapreduce.Job:  map 84% reduce 27%
2022-04-22 13:29:55,766 INFO mapreduce.Job:  map 85% reduce 27%
2022-04-22 13:29:58,782 INFO mapreduce.Job:  map 85% reduce 28%
2022-04-22 13:30:03,817 INFO mapreduce.Job:  map 88% reduce 28%
2022-04-22 13:30:04,821 INFO mapreduce.Job:  map 88% reduce 29%
2022-04-22 13:30:05,827 INFO mapreduce.Job:  map 89% reduce 29%
2022-04-22 13:30:10,857 INFO mapreduce.Job:  map 89% reduce 30%
2022-04-22 13:30:15,020 INFO mapreduce.Job:  map 92% reduce 30%
2022-04-22 13:30:17,022 INFO mapreduce.Job:  map 92% reduce 31%
2022-04-22 13:30:25,315 INFO mapreduce.Job:  map 95% reduce 31%
2022-04-22 13:30:28,329 INFO mapreduce.Job:  map 95% reduce 32%
2022-04-22 13:30:34,362 INFO mapreduce.Job:  map 97% reduce 32%
2022-04-22 13:30:35,368 INFO mapreduce.Job:  map 99% reduce 32%
2022-04-22 13:30:40,387 INFO mapreduce.Job:  map 100% reduce 33%
2022-04-22 13:30:46,405 INFO mapreduce.Job:  map 100% reduce 42%
2022-04-22 13:30:52,422 INFO mapreduce.Job:  map 100% reduce 51%
2022-04-22 13:30:58,443 INFO mapreduce.Job:  map 100% reduce 60%
2022-04-22 13:31:04,757 INFO mapreduce.Job:  map 100% reduce 67%
2022-04-22 13:31:10,785 INFO mapreduce.Job:  map 100% reduce 69%
2022-04-22 13:31:16,780 INFO mapreduce.Job:  map 100% reduce 72%
2022-04-22 13:31:22,796 INFO mapreduce.Job:  map 100% reduce 74%
2022-04-22 13:31:28,813 INFO mapreduce.Job:  map 100% reduce 76%
2022-04-22 13:31:34,903 INFO mapreduce.Job:  map 100% reduce 79%
2022-04-22 13:31:40,921 INFO mapreduce.Job:  map 100% reduce 81%
2022-04-22 13:31:46,920 INFO mapreduce.Job:  map 100% reduce 84%
2022-04-22 13:31:52,963 INFO mapreduce.Job:  map 100% reduce 86%
2022-04-22 13:31:58,989 INFO mapreduce.Job:  map 100% reduce 89%
2022-04-22 13:32:05,019 INFO mapreduce.Job:  map 100% reduce 91%
2022-04-22 13:32:11,039 INFO mapreduce.Job:  map 100% reduce 93%
2022-04-22 13:32:17,049 INFO mapreduce.Job:  map 100% reduce 96%
2022-04-22 13:32:23,080 INFO mapreduce.Job:  map 100% reduce 98%
2022-04-22 13:32:28,112 INFO mapreduce.Job:  map 100% reduce 100%
2022-04-22 13:32:30,126 INFO mapreduce.Job: Job job_1650633764846_0002 completed successfully
2022-04-22 13:32:30,326 INFO mapreduce.Job: Counters: 55
	File System Counters
		FILE: Number of bytes read=17100148780
		FILE: Number of bytes written=27534921340
		FILE: Number of read operations=0
		FILE: Number of large read operations=0
		FILE: Number of write operations=0
		HDFS: Number of bytes read=10000020400
		HDFS: Number of bytes written=10000000000
		HDFS: Number of read operations=455
		HDFS: Number of large read operations=0
		HDFS: Number of write operations=2
		HDFS: Number of bytes read erasure-coded=0
	Job Counters
		Killed map tasks=1
		Launched map tasks=150
		Launched reduce tasks=1
		Rack-local map tasks=150
		Total time spent by all maps in occupied slots (ms)=939900
		Total time spent by all reduces in occupied slots (ms)=315386
		Total time spent by all map tasks (ms)=939900
		Total time spent by all reduce tasks (ms)=315386
		Total vcore-milliseconds taken by all map tasks=939900
		Total vcore-milliseconds taken by all reduce tasks=315386
		Total megabyte-milliseconds taken by all map tasks=962457600
		Total megabyte-milliseconds taken by all reduce tasks=322955264
	Map-Reduce Framework
		Map input records=100000000
		Map output records=100000000
		Map output bytes=10200000000
		Map output materialized bytes=10400000900
		Input split bytes=20400
		Combine input records=0
		Combine output records=0
		Reduce input groups=100000000
		Reduce shuffle bytes=10400000900
		Reduce input records=100000000
		Reduce output records=100000000
		Spilled Records=264424506
		Shuffled Maps =150
		Failed Shuffles=0
		Merged Map outputs=150
		GC time elapsed (ms)=16318
		CPU time spent (ms)=699870
		Physical memory (bytes) snapshot=45515935744
		Virtual memory (bytes) snapshot=399778680832
		Total committed heap usage (bytes)=41873833984
		Peak Map Physical memory (bytes)=314048512
		Peak Map Virtual memory (bytes)=2660474880
		Peak Reduce Physical memory (bytes)=886755328
		Peak Reduce Virtual memory (bytes)=2681147392
	Shuffle Errors
		BAD_ID=0
		CONNECTION=0
		IO_ERROR=0
		WRONG_LENGTH=0
		WRONG_MAP=0
		WRONG_REDUCE=0
	File Input Format Counters
		Bytes Read=10000000000
	File Output Format Counters
		Bytes Written=10000000000
2022-04-22 13:32:30,327 INFO terasort.TeraSort: done
	Command being timed: "hadoop jar hadoop-mapreduce-examples-3.2.1.jar terasort -D mapreduce.map.log.level=INFO -D mapreduce.reduce.log.level=INFO -D yarn.app.mapreduce.am.log.level=INFO -D yarn.nodemanager.resource.detect-hardware-capabilities=true -D yarn.nodemanager.resource.memory-mb=-1 -D mapreduce.task.io.sort.mb=100 -D mapreduce.task.io.sort.factor=10 -D mapreduce.map.sort.spill.percent=0.80 -D mapreduce.map.combine.minspills=3 -D mapreduce.map.output.compress=false -D mapreduce.map.output.compress=org.apache.hadoop.io.compress.DefaultCodec -D mapreduce.shuffle.max.threads=0 -D mapreduce.reduce.shuffle.parallelcopies=5 -D mapreduce.reduce.shuffle.maxfetchfailures=10 -D mapreduce.reduce.shuffle.input.buffer.percent=0.70 -D mapreduce.reduce.shuffle.merge.percent=0.66 -D mapreduce.reduce.merge.inmem.threshold=1000 -D mapreduce.reduce.input.buffer.percent=0.0 -D dfs.blocksize=67108864 /user/root/terasort/10G-terasort-input /user/root/terasort/10G-terasort-output"
	User time (seconds): 6.20
	System time (seconds): 0.86
	Percent of CPU this job got: 1%
	Elapsed (wall clock) time (h:mm:ss or m:ss): 6:07.96
	Average shared text size (kbytes): 0
	Average unshared data size (kbytes): 0
	Average stack size (kbytes): 0
	Average total size (kbytes): 0
	Maximum resident set size (kbytes): 269580
	Average resident set size (kbytes): 0
	Major (requiring I/O) page faults: 1431
	Minor (reclaiming a frame) page faults: 83665
	Voluntary context switches: 20415
	Involuntary context switches: 4956
	Swaps: 0
	File system inputs: 42688
	File system outputs: 7688
	Socket messages sent: 0
	Socket messages received: 0
	Signals delivered: 0
	Page size (bytes): 4096
	Exit status: 0