2022-04-22 16:46:04,608 INFO client.RMProxy: Connecting to ResourceManager at resourcemanager/172.24.0.8:8032
2022-04-22 16:46:04,928 INFO client.AHSProxy: Connecting to Application History server at historyserver/172.24.0.6:10200
2022-04-22 16:46:05,891 INFO conf.Configuration: resource-types.xml not found
2022-04-22 16:46:05,891 INFO resource.ResourceUtils: Unable to find 'resource-types.xml'.
Deleted /user/root/terasort/10G-terasort-output
2022-04-22 16:46:09,760 INFO terasort.TeraSort: starting
2022-04-22 16:46:11,069 INFO input.FileInputFormat: Total input files to process : 2
Spent 247ms computing base-splits.
Spent 4ms computing TeraScheduler splits.
Computing input splits took 252ms
Sampling 10 splits of 150
2022-04-22 16:46:11,169 INFO sasl.SaslDataTransferClient: SASL encryption trust check: localHostTrusted = false, remoteHostTrusted = false
2022-04-22 16:46:11,169 INFO sasl.SaslDataTransferClient: SASL encryption trust check: localHostTrusted = false, remoteHostTrusted = false
2022-04-22 16:46:11,169 INFO sasl.SaslDataTransferClient: SASL encryption trust check: localHostTrusted = false, remoteHostTrusted = false
2022-04-22 16:46:11,169 INFO sasl.SaslDataTransferClient: SASL encryption trust check: localHostTrusted = false, remoteHostTrusted = false
2022-04-22 16:46:11,170 INFO sasl.SaslDataTransferClient: SASL encryption trust check: localHostTrusted = false, remoteHostTrusted = false
2022-04-22 16:46:11,170 INFO sasl.SaslDataTransferClient: SASL encryption trust check: localHostTrusted = false, remoteHostTrusted = false
2022-04-22 16:46:11,170 INFO sasl.SaslDataTransferClient: SASL encryption trust check: localHostTrusted = false, remoteHostTrusted = false
2022-04-22 16:46:11,170 INFO sasl.SaslDataTransferClient: SASL encryption trust check: localHostTrusted = false, remoteHostTrusted = false
2022-04-22 16:46:11,170 INFO sasl.SaslDataTransferClient: SASL encryption trust check: localHostTrusted = false, remoteHostTrusted = false
2022-04-22 16:46:11,171 INFO sasl.SaslDataTransferClient: SASL encryption trust check: localHostTrusted = false, remoteHostTrusted = false
Making 1 from 100000 sampled records
Computing parititions took 387ms
Spent 643ms computing partitions.
2022-04-22 16:46:11,780 INFO client.RMProxy: Connecting to ResourceManager at resourcemanager/172.24.0.8:8032
2022-04-22 16:46:12,027 INFO client.AHSProxy: Connecting to Application History server at historyserver/172.24.0.6:10200
2022-04-22 16:46:12,189 INFO mapreduce.JobResourceUploader: Disabling Erasure Coding for path: /tmp/hadoop-yarn/staging/root/.staging/job_1650645923322_0001
2022-04-22 16:46:12,272 INFO sasl.SaslDataTransferClient: SASL encryption trust check: localHostTrusted = false, remoteHostTrusted = false
2022-04-22 16:46:12,783 INFO sasl.SaslDataTransferClient: SASL encryption trust check: localHostTrusted = false, remoteHostTrusted = false
2022-04-22 16:46:12,867 INFO sasl.SaslDataTransferClient: SASL encryption trust check: localHostTrusted = false, remoteHostTrusted = false
2022-04-22 16:46:12,882 INFO mapreduce.JobSubmitter: number of splits:150
2022-04-22 16:46:13,057 INFO sasl.SaslDataTransferClient: SASL encryption trust check: localHostTrusted = false, remoteHostTrusted = false
2022-04-22 16:46:13,074 INFO mapreduce.JobSubmitter: Submitting tokens for job: job_1650645923322_0001
2022-04-22 16:46:13,074 INFO mapreduce.JobSubmitter: Executing with tokens: []
2022-04-22 16:46:13,322 INFO conf.Configuration: resource-types.xml not found
2022-04-22 16:46:13,323 INFO resource.ResourceUtils: Unable to find 'resource-types.xml'.
2022-04-22 16:46:13,666 INFO impl.YarnClientImpl: Submitted application application_1650645923322_0001
2022-04-22 16:46:13,731 INFO mapreduce.Job: The url to track the job: http://resourcemanager:8088/proxy/application_1650645923322_0001/
2022-04-22 16:46:13,732 INFO mapreduce.Job: Running job: job_1650645923322_0001
2022-04-22 16:46:23,898 INFO mapreduce.Job: Job job_1650645923322_0001 running in uber mode : false
2022-04-22 16:46:23,901 INFO mapreduce.Job:  map 0% reduce 0%
2022-04-22 16:46:33,022 INFO mapreduce.Job:  map 1% reduce 0%
2022-04-22 16:46:36,042 INFO mapreduce.Job:  map 2% reduce 0%
2022-04-22 16:46:37,048 INFO mapreduce.Job:  map 3% reduce 0%
2022-04-22 16:46:40,088 INFO mapreduce.Job:  map 4% reduce 0%
2022-04-22 16:46:43,079 INFO mapreduce.Job:  map 5% reduce 0%
2022-04-22 16:46:46,105 INFO mapreduce.Job:  map 6% reduce 0%
2022-04-22 16:46:47,115 INFO mapreduce.Job:  map 7% reduce 0%
2022-04-22 16:46:50,145 INFO mapreduce.Job:  map 8% reduce 0%
2022-04-22 16:46:54,175 INFO mapreduce.Job:  map 9% reduce 0%
2022-04-22 16:46:58,214 INFO mapreduce.Job:  map 11% reduce 0%
2022-04-22 16:47:02,268 INFO mapreduce.Job:  map 12% reduce 0%
2022-04-22 16:47:05,288 INFO mapreduce.Job:  map 13% reduce 0%
2022-04-22 16:47:09,313 INFO mapreduce.Job:  map 14% reduce 0%
2022-04-22 16:47:10,321 INFO mapreduce.Job:  map 15% reduce 0%
2022-04-22 16:47:14,314 INFO mapreduce.Job:  map 16% reduce 0%
2022-04-22 16:47:16,327 INFO mapreduce.Job:  map 17% reduce 0%
2022-04-22 16:47:19,348 INFO mapreduce.Job:  map 18% reduce 0%
2022-04-22 16:47:22,367 INFO mapreduce.Job:  map 19% reduce 0%
2022-04-22 16:47:27,402 INFO mapreduce.Job:  map 20% reduce 0%
2022-04-22 16:47:28,410 INFO mapreduce.Job:  map 21% reduce 0%
2022-04-22 16:47:34,659 INFO mapreduce.Job:  map 22% reduce 0%
2022-04-22 16:47:35,667 INFO mapreduce.Job:  map 23% reduce 0%
2022-04-22 16:47:36,704 INFO mapreduce.Job:  map 23% reduce 4%
2022-04-22 16:47:41,717 INFO mapreduce.Job:  map 24% reduce 4%
2022-04-22 16:47:42,726 INFO mapreduce.Job:  map 24% reduce 6%
2022-04-22 16:47:43,736 INFO mapreduce.Job:  map 25% reduce 6%
2022-04-22 16:47:47,775 INFO mapreduce.Job:  map 26% reduce 6%
2022-04-22 16:47:48,789 INFO mapreduce.Job:  map 26% reduce 8%
2022-04-22 16:47:52,853 INFO mapreduce.Job:  map 27% reduce 8%
2022-04-22 16:47:54,927 INFO mapreduce.Job:  map 28% reduce 9%
2022-04-22 16:47:57,947 INFO mapreduce.Job:  map 29% reduce 9%
2022-04-22 16:48:00,966 INFO mapreduce.Job:  map 29% reduce 10%
2022-04-22 16:48:02,979 INFO mapreduce.Job:  map 30% reduce 10%
2022-04-22 16:48:03,987 INFO mapreduce.Job:  map 31% reduce 10%
2022-04-22 16:48:08,019 INFO mapreduce.Job:  map 32% reduce 10%
2022-04-22 16:48:09,081 INFO mapreduce.Job:  map 33% reduce 10%
2022-04-22 16:48:13,088 INFO mapreduce.Job:  map 33% reduce 11%
2022-04-22 16:48:16,115 INFO mapreduce.Job:  map 35% reduce 11%
2022-04-22 16:48:19,132 INFO mapreduce.Job:  map 35% reduce 12%
2022-04-22 16:48:20,141 INFO mapreduce.Job:  map 36% reduce 12%
2022-04-22 16:48:25,257 INFO mapreduce.Job:  map 37% reduce 12%
2022-04-22 16:48:27,510 INFO mapreduce.Job:  map 38% reduce 12%
2022-04-22 16:48:29,532 INFO mapreduce.Job:  map 39% reduce 12%
2022-04-22 16:48:30,543 INFO mapreduce.Job:  map 39% reduce 13%
2022-04-22 16:48:34,580 INFO mapreduce.Job:  map 40% reduce 13%
2022-04-22 16:48:36,590 INFO mapreduce.Job:  map 41% reduce 13%
2022-04-22 16:48:40,632 INFO mapreduce.Job:  map 43% reduce 13%
2022-04-22 16:48:42,612 INFO mapreduce.Job:  map 43% reduce 14%
2022-04-22 16:48:46,641 INFO mapreduce.Job:  map 44% reduce 14%
2022-04-22 16:48:48,653 INFO mapreduce.Job:  map 44% reduce 15%
2022-04-22 16:48:49,663 INFO mapreduce.Job:  map 45% reduce 15%
2022-04-22 16:48:51,742 INFO mapreduce.Job:  map 46% reduce 15%
2022-04-22 16:48:54,758 INFO mapreduce.Job:  map 47% reduce 15%
2022-04-22 16:48:58,794 INFO mapreduce.Job:  map 48% reduce 15%
2022-04-22 16:49:00,047 INFO mapreduce.Job:  map 49% reduce 15%
2022-04-22 16:49:01,052 INFO mapreduce.Job:  map 49% reduce 16%
2022-04-22 16:49:03,067 INFO mapreduce.Job:  map 50% reduce 16%
2022-04-22 16:49:06,082 INFO mapreduce.Job:  map 51% reduce 16%
2022-04-22 16:49:07,095 INFO mapreduce.Job:  map 51% reduce 17%
2022-04-22 16:49:09,108 INFO mapreduce.Job:  map 52% reduce 17%
2022-04-22 16:49:10,116 INFO mapreduce.Job:  map 53% reduce 17%
2022-04-22 16:49:13,110 INFO mapreduce.Job:  map 53% reduce 18%
2022-04-22 16:49:15,121 INFO mapreduce.Job:  map 54% reduce 18%
2022-04-22 16:49:17,135 INFO mapreduce.Job:  map 55% reduce 18%
2022-04-22 16:49:19,152 INFO mapreduce.Job:  map 56% reduce 18%
2022-04-22 16:49:23,175 INFO mapreduce.Job:  map 57% reduce 18%
2022-04-22 16:49:25,410 INFO mapreduce.Job:  map 57% reduce 19%
2022-04-22 16:49:27,421 INFO mapreduce.Job:  map 59% reduce 19%
2022-04-22 16:49:31,445 INFO mapreduce.Job:  map 60% reduce 20%
2022-04-22 16:49:34,462 INFO mapreduce.Job:  map 61% reduce 20%
2022-04-22 16:49:38,507 INFO mapreduce.Job:  map 63% reduce 20%
2022-04-22 16:49:42,495 INFO mapreduce.Job:  map 63% reduce 21%
2022-04-22 16:49:43,502 INFO mapreduce.Job:  map 64% reduce 21%
2022-04-22 16:49:45,513 INFO mapreduce.Job:  map 65% reduce 21%
2022-04-22 16:49:47,607 INFO mapreduce.Job:  map 66% reduce 21%
2022-04-22 16:49:48,613 INFO mapreduce.Job:  map 66% reduce 22%
2022-04-22 16:49:50,626 INFO mapreduce.Job:  map 67% reduce 22%
2022-04-22 16:49:54,653 INFO mapreduce.Job:  map 68% reduce 22%
2022-04-22 16:49:56,725 INFO mapreduce.Job:  map 69% reduce 22%
2022-04-22 16:49:58,824 INFO mapreduce.Job:  map 70% reduce 22%
2022-04-22 16:50:00,836 INFO mapreduce.Job:  map 70% reduce 23%
2022-04-22 16:50:01,841 INFO mapreduce.Job:  map 71% reduce 23%
2022-04-22 16:50:04,858 INFO mapreduce.Job:  map 72% reduce 23%
2022-04-22 16:50:06,866 INFO mapreduce.Job:  map 73% reduce 24%
2022-04-22 16:50:11,858 INFO mapreduce.Job:  map 74% reduce 24%
2022-04-22 16:50:12,864 INFO mapreduce.Job:  map 75% reduce 25%
2022-04-22 16:50:16,886 INFO mapreduce.Job:  map 76% reduce 25%
2022-04-22 16:50:17,890 INFO mapreduce.Job:  map 77% reduce 25%
2022-04-22 16:50:18,895 INFO mapreduce.Job:  map 77% reduce 26%
2022-04-22 16:50:21,917 INFO mapreduce.Job:  map 78% reduce 26%
2022-04-22 16:50:25,935 INFO mapreduce.Job:  map 79% reduce 26%
2022-04-22 16:50:28,296 INFO mapreduce.Job:  map 80% reduce 26%
2022-04-22 16:50:31,315 INFO mapreduce.Job:  map 80% reduce 27%
2022-04-22 16:50:33,334 INFO mapreduce.Job:  map 81% reduce 27%
2022-04-22 16:50:36,372 INFO mapreduce.Job:  map 82% reduce 27%
2022-04-22 16:50:38,383 INFO mapreduce.Job:  map 83% reduce 27%
2022-04-22 16:50:43,402 INFO mapreduce.Job:  map 84% reduce 28%
2022-04-22 16:50:44,650 INFO mapreduce.Job:  map 85% reduce 28%
2022-04-22 16:50:47,692 INFO mapreduce.Job:  map 86% reduce 28%
2022-04-22 16:50:48,708 INFO mapreduce.Job:  map 86% reduce 29%
2022-04-22 16:50:49,717 INFO mapreduce.Job:  map 87% reduce 29%
2022-04-22 16:50:54,744 INFO mapreduce.Job:  map 88% reduce 29%
2022-04-22 16:50:57,757 INFO mapreduce.Job:  map 89% reduce 29%
2022-04-22 16:50:59,772 INFO mapreduce.Job:  map 90% reduce 29%
2022-04-22 16:51:00,781 INFO mapreduce.Job:  map 90% reduce 30%
2022-04-22 16:51:05,832 INFO mapreduce.Job:  map 91% reduce 30%
2022-04-22 16:51:07,881 INFO mapreduce.Job:  map 92% reduce 30%
2022-04-22 16:51:08,891 INFO mapreduce.Job:  map 93% reduce 30%
2022-04-22 16:51:12,886 INFO mapreduce.Job:  map 93% reduce 31%
2022-04-22 16:51:18,256 INFO mapreduce.Job:  map 95% reduce 31%
2022-04-22 16:51:19,261 INFO mapreduce.Job:  map 96% reduce 32%
2022-04-22 16:51:21,283 INFO mapreduce.Job:  map 97% reduce 32%
2022-04-22 16:51:27,309 INFO mapreduce.Job:  map 98% reduce 32%
2022-04-22 16:51:28,314 INFO mapreduce.Job:  map 99% reduce 32%
2022-04-22 16:51:29,321 INFO mapreduce.Job:  map 100% reduce 32%
2022-04-22 16:51:31,329 INFO mapreduce.Job:  map 100% reduce 35%
2022-04-22 16:51:37,358 INFO mapreduce.Job:  map 100% reduce 44%
2022-04-22 16:51:43,349 INFO mapreduce.Job:  map 100% reduce 53%
2022-04-22 16:51:49,384 INFO mapreduce.Job:  map 100% reduce 62%
2022-04-22 16:51:55,426 INFO mapreduce.Job:  map 100% reduce 67%
2022-04-22 16:52:01,459 INFO mapreduce.Job:  map 100% reduce 70%
2022-04-22 16:52:07,502 INFO mapreduce.Job:  map 100% reduce 72%
2022-04-22 16:52:13,531 INFO mapreduce.Job:  map 100% reduce 75%
2022-04-22 16:52:19,559 INFO mapreduce.Job:  map 100% reduce 77%
2022-04-22 16:52:25,608 INFO mapreduce.Job:  map 100% reduce 80%
2022-04-22 16:52:31,641 INFO mapreduce.Job:  map 100% reduce 82%
2022-04-22 16:52:37,805 INFO mapreduce.Job:  map 100% reduce 85%
2022-04-22 16:52:43,889 INFO mapreduce.Job:  map 100% reduce 87%
2022-04-22 16:52:49,926 INFO mapreduce.Job:  map 100% reduce 89%
2022-04-22 16:52:55,975 INFO mapreduce.Job:  map 100% reduce 92%
2022-04-22 16:53:02,005 INFO mapreduce.Job:  map 100% reduce 94%
2022-04-22 16:53:08,058 INFO mapreduce.Job:  map 100% reduce 97%
2022-04-22 16:53:14,054 INFO mapreduce.Job:  map 100% reduce 99%
2022-04-22 16:53:16,065 INFO mapreduce.Job:  map 100% reduce 100%
2022-04-22 16:53:17,087 INFO mapreduce.Job: Job job_1650645923322_0001 completed successfully
2022-04-22 16:53:17,820 INFO mapreduce.Job: Counters: 55
	File System Counters
		FILE: Number of bytes read=17100148884
		FILE: Number of bytes written=27534921444
		FILE: Number of read operations=0
		FILE: Number of large read operations=0
		FILE: Number of write operations=0
		HDFS: Number of bytes read=10000020400
		HDFS: Number of bytes written=10000000000
		HDFS: Number of read operations=455
		HDFS: Number of large read operations=0
		HDFS: Number of write operations=2
		HDFS: Number of bytes read erasure-coded=0
	Job Counters
		Killed map tasks=1
		Launched map tasks=150
		Launched reduce tasks=1
		Rack-local map tasks=150
		Total time spent by all maps in occupied slots (ms)=1230013
		Total time spent by all reduces in occupied slots (ms)=356861
		Total time spent by all map tasks (ms)=1230013
		Total time spent by all reduce tasks (ms)=356861
		Total vcore-milliseconds taken by all map tasks=1230013
		Total vcore-milliseconds taken by all reduce tasks=356861
		Total megabyte-milliseconds taken by all map tasks=1259533312
		Total megabyte-milliseconds taken by all reduce tasks=365425664
	Map-Reduce Framework
		Map input records=100000000
		Map output records=100000000
		Map output bytes=10200000000
		Map output materialized bytes=10400000900
		Input split bytes=20400
		Combine input records=0
		Combine output records=0
		Reduce input groups=100000000
		Reduce shuffle bytes=10400000900
		Reduce input records=100000000
		Reduce output records=100000000
		Spilled Records=264424507
		Shuffled Maps =150
		Failed Shuffles=0
		Merged Map outputs=150
		GC time elapsed (ms)=16841
		CPU time spent (ms)=736430
		Physical memory (bytes) snapshot=44325023744
		Virtual memory (bytes) snapshot=399831175168
		Total committed heap usage (bytes)=37273731072
		Peak Map Physical memory (bytes)=311136256
		Peak Map Virtual memory (bytes)=2656612352
		Peak Reduce Physical memory (bytes)=904273920
		Peak Reduce Virtual memory (bytes)=2655899648
	Shuffle Errors
		BAD_ID=0
		CONNECTION=0
		IO_ERROR=0
		WRONG_LENGTH=0
		WRONG_MAP=0
		WRONG_REDUCE=0
	File Input Format Counters
		Bytes Read=10000000000
	File Output Format Counters
		Bytes Written=10000000000
2022-04-22 16:53:17,825 INFO terasort.TeraSort: done
	Command being timed: "hadoop jar hadoop-mapreduce-examples-3.2.1.jar terasort -D mapreduce.map.log.level=INFO -D mapreduce.reduce.log.level=INFO -D yarn.app.mapreduce.am.log.level=INFO -D yarn.nodemanager.resource.detect-hardware-capabilities=true -D yarn.nodemanager.resource.memory-mb=-1 -D mapreduce.task.io.sort.mb=100 -D mapreduce.task.io.sort.factor=10 -D mapreduce.map.sort.spill.percent=0.80 -D mapreduce.map.combine.minspills=3 -D mapreduce.map.output.compress=false -D mapreduce.map.output.compress=org.apache.hadoop.io.compress.DefaultCodec -D mapreduce.shuffle.max.threads=0 -D mapreduce.reduce.shuffle.parallelcopies=5 -D mapreduce.reduce.shuffle.maxfetchfailures=10 -D mapreduce.reduce.shuffle.input.buffer.percent=0.70 -D mapreduce.reduce.shuffle.merge.percent=0.66 -D mapreduce.reduce.merge.inmem.threshold=1000 -D mapreduce.reduce.input.buffer.percent=0.0 -D dfs.blocksize=67108864 /user/root/terasort/10G-terasort-input /user/root/terasort/10G-terasort-output"
	User time (seconds): 6.83
	System time (seconds): 3.75
	Percent of CPU this job got: 2%
	Elapsed (wall clock) time (h:mm:ss or m:ss): 7:09.50
	Average shared text size (kbytes): 0
	Average unshared data size (kbytes): 0
	Average stack size (kbytes): 0
	Average total size (kbytes): 0
	Maximum resident set size (kbytes): 271256
	Average resident set size (kbytes): 0
	Major (requiring I/O) page faults: 3318
	Minor (reclaiming a frame) page faults: 86172
	Voluntary context switches: 25815
	Involuntary context switches: 6120
	Swaps: 0
	File system inputs: 49464
	File system outputs: 4968
	Socket messages sent: 0
	Socket messages received: 0
	Signals delivered: 0
	Page size (bytes): 4096
	Exit status: 0