2022-05-01 18:53:49,642 INFO client.RMProxy: Connecting to ResourceManager at resourcemanager/172.18.0.7:8032
2022-05-01 18:53:49,857 INFO client.AHSProxy: Connecting to Application History server at historyserver/172.18.0.6:10200
2022-05-01 18:53:50,359 INFO conf.Configuration: resource-types.xml not found
2022-05-01 18:53:50,360 INFO resource.ResourceUtils: Unable to find 'resource-types.xml'.
Deleted /user/root/terasort/10G-terasort-output
2022-05-01 18:53:52,712 INFO terasort.TeraSort: starting
2022-05-01 18:53:53,309 INFO input.FileInputFormat: Total input files to process : 2
Spent 108ms computing base-splits.
Spent 2ms computing TeraScheduler splits.
Computing input splits took 110ms
Sampling 10 splits of 76
2022-05-01 18:53:53,379 INFO sasl.SaslDataTransferClient: SASL encryption trust check: localHostTrusted = false, remoteHostTrusted = false
2022-05-01 18:53:53,379 INFO sasl.SaslDataTransferClient: SASL encryption trust check: localHostTrusted = false, remoteHostTrusted = false
2022-05-01 18:53:53,379 INFO sasl.SaslDataTransferClient: SASL encryption trust check: localHostTrusted = false, remoteHostTrusted = false
2022-05-01 18:53:53,379 INFO sasl.SaslDataTransferClient: SASL encryption trust check: localHostTrusted = false, remoteHostTrusted = false
2022-05-01 18:53:53,379 INFO sasl.SaslDataTransferClient: SASL encryption trust check: localHostTrusted = false, remoteHostTrusted = false
2022-05-01 18:53:53,379 INFO sasl.SaslDataTransferClient: SASL encryption trust check: localHostTrusted = false, remoteHostTrusted = false
2022-05-01 18:53:53,380 INFO sasl.SaslDataTransferClient: SASL encryption trust check: localHostTrusted = false, remoteHostTrusted = false
2022-05-01 18:53:53,380 INFO sasl.SaslDataTransferClient: SASL encryption trust check: localHostTrusted = false, remoteHostTrusted = false
2022-05-01 18:53:53,380 INFO sasl.SaslDataTransferClient: SASL encryption trust check: localHostTrusted = false, remoteHostTrusted = false
2022-05-01 18:53:53,380 INFO sasl.SaslDataTransferClient: SASL encryption trust check: localHostTrusted = false, remoteHostTrusted = false
Making 1 from 100000 sampled records
Computing parititions took 364ms
Spent 476ms computing partitions.
2022-05-01 18:53:53,843 INFO client.RMProxy: Connecting to ResourceManager at resourcemanager/172.18.0.7:8032
2022-05-01 18:53:53,979 INFO client.AHSProxy: Connecting to Application History server at historyserver/172.18.0.6:10200
2022-05-01 18:53:54,094 INFO mapreduce.JobResourceUploader: Disabling Erasure Coding for path: /tmp/hadoop-yarn/staging/root/.staging/job_1651429169682_0003
2022-05-01 18:53:54,144 INFO sasl.SaslDataTransferClient: SASL encryption trust check: localHostTrusted = false, remoteHostTrusted = false
2022-05-01 18:53:54,224 INFO sasl.SaslDataTransferClient: SASL encryption trust check: localHostTrusted = false, remoteHostTrusted = false
2022-05-01 18:53:54,294 INFO sasl.SaslDataTransferClient: SASL encryption trust check: localHostTrusted = false, remoteHostTrusted = false
2022-05-01 18:53:54,708 INFO mapreduce.JobSubmitter: number of splits:76
2022-05-01 18:53:54,863 INFO sasl.SaslDataTransferClient: SASL encryption trust check: localHostTrusted = false, remoteHostTrusted = false
2022-05-01 18:53:54,901 INFO mapreduce.JobSubmitter: Submitting tokens for job: job_1651429169682_0003
2022-05-01 18:53:54,901 INFO mapreduce.JobSubmitter: Executing with tokens: []
2022-05-01 18:53:55,054 INFO conf.Configuration: resource-types.xml not found
2022-05-01 18:53:55,055 INFO resource.ResourceUtils: Unable to find 'resource-types.xml'.
2022-05-01 18:53:55,327 INFO impl.YarnClientImpl: Submitted application application_1651429169682_0003
2022-05-01 18:53:55,364 INFO mapreduce.Job: The url to track the job: http://resourcemanager:8088/proxy/application_1651429169682_0003/
2022-05-01 18:53:55,365 INFO mapreduce.Job: Running job: job_1651429169682_0003
2022-05-01 18:54:00,462 INFO mapreduce.Job: Job job_1651429169682_0003 running in uber mode : false
2022-05-01 18:54:00,463 INFO mapreduce.Job:  map 0% reduce 0%
2022-05-01 18:54:13,570 INFO mapreduce.Job:  map 1% reduce 0%
2022-05-01 18:54:14,581 INFO mapreduce.Job:  map 3% reduce 0%
2022-05-01 18:54:15,587 INFO mapreduce.Job:  map 4% reduce 0%
2022-05-01 18:54:26,646 INFO mapreduce.Job:  map 7% reduce 0%
2022-05-01 18:54:27,656 INFO mapreduce.Job:  map 8% reduce 0%
2022-05-01 18:54:37,698 INFO mapreduce.Job:  map 9% reduce 0%
2022-05-01 18:54:38,704 INFO mapreduce.Job:  map 11% reduce 0%
2022-05-01 18:54:39,688 INFO mapreduce.Job:  map 12% reduce 0%
2022-05-01 18:54:50,754 INFO mapreduce.Job:  map 14% reduce 0%
2022-05-01 18:54:51,762 INFO mapreduce.Job:  map 16% reduce 0%
2022-05-01 18:55:01,828 INFO mapreduce.Job:  map 17% reduce 0%
2022-05-01 18:55:02,831 INFO mapreduce.Job:  map 18% reduce 0%
2022-05-01 18:55:04,841 INFO mapreduce.Job:  map 20% reduce 0%
2022-05-01 18:55:13,859 INFO mapreduce.Job:  map 21% reduce 0%
2022-05-01 18:55:16,877 INFO mapreduce.Job:  map 22% reduce 0%
2022-05-01 18:55:17,882 INFO mapreduce.Job:  map 22% reduce 7%
2022-05-01 18:55:25,930 INFO mapreduce.Job:  map 24% reduce 7%
2022-05-01 18:55:27,950 INFO mapreduce.Job:  map 25% reduce 7%
2022-05-01 18:55:29,958 INFO mapreduce.Job:  map 25% reduce 8%
2022-05-01 18:55:37,992 INFO mapreduce.Job:  map 26% reduce 8%
2022-05-01 18:55:39,993 INFO mapreduce.Job:  map 28% reduce 8%
2022-05-01 18:55:42,004 INFO mapreduce.Job:  map 28% reduce 9%
2022-05-01 18:55:50,038 INFO mapreduce.Job:  map 29% reduce 9%
2022-05-01 18:55:52,048 INFO mapreduce.Job:  map 30% reduce 9%
2022-05-01 18:55:54,059 INFO mapreduce.Job:  map 30% reduce 10%
2022-05-01 18:56:02,098 INFO mapreduce.Job:  map 32% reduce 10%
2022-05-01 18:56:03,106 INFO mapreduce.Job:  map 33% reduce 10%
2022-05-01 18:56:06,128 INFO mapreduce.Job:  map 33% reduce 11%
2022-05-01 18:56:14,148 INFO mapreduce.Job:  map 34% reduce 11%
2022-05-01 18:56:16,156 INFO mapreduce.Job:  map 36% reduce 11%
2022-05-01 18:56:18,165 INFO mapreduce.Job:  map 36% reduce 12%
2022-05-01 18:56:26,205 INFO mapreduce.Job:  map 37% reduce 12%
2022-05-01 18:56:27,209 INFO mapreduce.Job:  map 38% reduce 12%
2022-05-01 18:56:30,219 INFO mapreduce.Job:  map 38% reduce 13%
2022-05-01 18:56:38,254 INFO mapreduce.Job:  map 39% reduce 13%
2022-05-01 18:56:39,260 INFO mapreduce.Job:  map 41% reduce 13%
2022-05-01 18:56:42,249 INFO mapreduce.Job:  map 41% reduce 14%
2022-05-01 18:56:49,281 INFO mapreduce.Job:  map 42% reduce 14%
2022-05-01 18:56:51,288 INFO mapreduce.Job:  map 43% reduce 14%
2022-05-01 18:57:02,334 INFO mapreduce.Job:  map 45% reduce 14%
2022-05-01 18:57:03,339 INFO mapreduce.Job:  map 46% reduce 14%
2022-05-01 18:57:06,358 INFO mapreduce.Job:  map 46% reduce 15%
2022-05-01 18:57:14,382 INFO mapreduce.Job:  map 49% reduce 15%
2022-05-01 18:57:18,396 INFO mapreduce.Job:  map 49% reduce 16%
2022-05-01 18:57:26,437 INFO mapreduce.Job:  map 51% reduce 16%
2022-05-01 18:57:30,452 INFO mapreduce.Job:  map 51% reduce 17%
2022-05-01 18:57:38,484 INFO mapreduce.Job:  map 54% reduce 17%
2022-05-01 18:57:42,476 INFO mapreduce.Job:  map 54% reduce 18%
2022-05-01 18:57:50,500 INFO mapreduce.Job:  map 55% reduce 18%
2022-05-01 18:57:51,505 INFO mapreduce.Job:  map 57% reduce 18%
2022-05-01 18:57:54,515 INFO mapreduce.Job:  map 57% reduce 19%
2022-05-01 18:58:02,541 INFO mapreduce.Job:  map 58% reduce 19%
2022-05-01 18:58:03,544 INFO mapreduce.Job:  map 59% reduce 19%
2022-05-01 18:58:06,560 INFO mapreduce.Job:  map 59% reduce 20%
2022-05-01 18:58:14,593 INFO mapreduce.Job:  map 62% reduce 20%
2022-05-01 18:58:18,606 INFO mapreduce.Job:  map 62% reduce 21%
2022-05-01 18:58:25,628 INFO mapreduce.Job:  map 63% reduce 21%
2022-05-01 18:58:26,631 INFO mapreduce.Job:  map 64% reduce 21%
2022-05-01 18:58:38,673 INFO mapreduce.Job:  map 67% reduce 21%
2022-05-01 18:58:42,667 INFO mapreduce.Job:  map 67% reduce 22%
2022-05-01 18:58:50,690 INFO mapreduce.Job:  map 70% reduce 22%
2022-05-01 18:58:54,705 INFO mapreduce.Job:  map 70% reduce 23%
2022-05-01 18:59:02,727 INFO mapreduce.Job:  map 71% reduce 23%
2022-05-01 18:59:03,731 INFO mapreduce.Job:  map 72% reduce 23%
2022-05-01 18:59:06,762 INFO mapreduce.Job:  map 72% reduce 24%
2022-05-01 18:59:14,776 INFO mapreduce.Job:  map 75% reduce 24%
2022-05-01 18:59:18,798 INFO mapreduce.Job:  map 75% reduce 25%
2022-05-01 18:59:25,830 INFO mapreduce.Job:  map 76% reduce 25%
2022-05-01 18:59:26,841 INFO mapreduce.Job:  map 78% reduce 25%
2022-05-01 18:59:30,873 INFO mapreduce.Job:  map 78% reduce 26%
2022-05-01 18:59:38,901 INFO mapreduce.Job:  map 79% reduce 26%
2022-05-01 18:59:39,887 INFO mapreduce.Job:  map 80% reduce 26%
2022-05-01 18:59:41,900 INFO mapreduce.Job:  map 80% reduce 27%
2022-05-01 18:59:50,939 INFO mapreduce.Job:  map 83% reduce 27%
2022-05-01 18:59:53,949 INFO mapreduce.Job:  map 83% reduce 28%
2022-05-01 19:00:01,977 INFO mapreduce.Job:  map 84% reduce 28%
2022-05-01 19:00:02,981 INFO mapreduce.Job:  map 86% reduce 28%
2022-05-01 19:00:05,992 INFO mapreduce.Job:  map 86% reduce 29%
2022-05-01 19:00:14,993 INFO mapreduce.Job:  map 87% reduce 29%
2022-05-01 19:00:15,997 INFO mapreduce.Job:  map 88% reduce 29%
2022-05-01 19:00:26,028 INFO mapreduce.Job:  map 89% reduce 29%
2022-05-01 19:00:27,031 INFO mapreduce.Job:  map 91% reduce 29%
2022-05-01 19:00:30,041 INFO mapreduce.Job:  map 91% reduce 30%
2022-05-01 19:00:39,063 INFO mapreduce.Job:  map 92% reduce 30%
2022-05-01 19:00:40,043 INFO mapreduce.Job:  map 93% reduce 30%
2022-05-01 19:00:42,047 INFO mapreduce.Job:  map 93% reduce 31%
2022-05-01 19:00:51,086 INFO mapreduce.Job:  map 96% reduce 31%
2022-05-01 19:00:54,095 INFO mapreduce.Job:  map 96% reduce 32%
2022-05-01 19:00:58,110 INFO mapreduce.Job:  map 97% reduce 32%
2022-05-01 19:01:02,129 INFO mapreduce.Job:  map 99% reduce 32%
2022-05-01 19:01:03,132 INFO mapreduce.Job:  map 100% reduce 32%
2022-05-01 19:01:06,139 INFO mapreduce.Job:  map 100% reduce 33%
2022-05-01 19:01:54,238 INFO mapreduce.Job:  map 100% reduce 42%
2022-05-01 19:02:00,255 INFO mapreduce.Job:  map 100% reduce 58%
2022-05-01 19:02:06,278 INFO mapreduce.Job:  map 100% reduce 68%
2022-05-01 19:02:12,275 INFO mapreduce.Job:  map 100% reduce 70%
2022-05-01 19:02:18,295 INFO mapreduce.Job:  map 100% reduce 72%
2022-05-01 19:02:24,312 INFO mapreduce.Job:  map 100% reduce 75%
2022-05-01 19:02:30,328 INFO mapreduce.Job:  map 100% reduce 77%
2022-05-01 19:02:36,346 INFO mapreduce.Job:  map 100% reduce 80%
2022-05-01 19:02:42,365 INFO mapreduce.Job:  map 100% reduce 82%
2022-05-01 19:02:48,388 INFO mapreduce.Job:  map 100% reduce 84%
2022-05-01 19:02:54,414 INFO mapreduce.Job:  map 100% reduce 87%
2022-05-01 19:03:00,433 INFO mapreduce.Job:  map 100% reduce 89%
2022-05-01 19:03:06,464 INFO mapreduce.Job:  map 100% reduce 91%
2022-05-01 19:03:12,459 INFO mapreduce.Job:  map 100% reduce 94%
2022-05-01 19:03:18,491 INFO mapreduce.Job:  map 100% reduce 96%
2022-05-01 19:03:24,509 INFO mapreduce.Job:  map 100% reduce 98%
2022-05-01 19:03:30,586 INFO mapreduce.Job:  map 100% reduce 100%
2022-05-01 19:03:32,610 INFO mapreduce.Job: Job job_1651429169682_0003 completed successfully
2022-05-01 19:03:32,884 INFO mapreduce.Job: Counters: 55
	File System Counters
		FILE: Number of bytes read=5741923915
		FILE: Number of bytes written=8664122148
		FILE: Number of read operations=0
		FILE: Number of large read operations=0
		FILE: Number of write operations=0
		HDFS: Number of bytes read=10000010336
		HDFS: Number of bytes written=10000000000
		HDFS: Number of read operations=233
		HDFS: Number of large read operations=0
		HDFS: Number of write operations=2
		HDFS: Number of bytes read erasure-coded=0
	Job Counters
		Killed map tasks=1
		Launched map tasks=76
		Launched reduce tasks=1
		Rack-local map tasks=76
		Total time spent by all maps in occupied slots (ms)=1466428
		Total time spent by all reduces in occupied slots (ms)=506362
		Total time spent by all map tasks (ms)=733214
		Total time spent by all reduce tasks (ms)=506362
		Total vcore-milliseconds taken by all map tasks=733214
		Total vcore-milliseconds taken by all reduce tasks=506362
		Total megabyte-milliseconds taken by all map tasks=1501622272
		Total megabyte-milliseconds taken by all reduce tasks=518514688
	Map-Reduce Framework
		Map input records=100000000
		Map output records=100000000
		Map output bytes=10200000000
		Map output materialized bytes=2904495614
		Input split bytes=10336
		Combine input records=0
		Combine output records=0
		Reduce input groups=100000000
		Reduce shuffle bytes=2904495614
		Reduce input records=100000000
		Reduce output records=100000000
		Spilled Records=296636766
		Shuffled Maps =76
		Failed Shuffles=0
		Merged Map outputs=76
		GC time elapsed (ms)=5069
		CPU time spent (ms)=1159970
		Physical memory (bytes) snapshot=35954315264
		Virtual memory (bytes) snapshot=271517466624
		Total committed heap usage (bytes)=34293678080
		Peak Map Physical memory (bytes)=511021056
		Peak Map Virtual memory (bytes)=3546841088
		Peak Reduce Physical memory (bytes)=500355072
		Peak Reduce Virtual memory (bytes)=2683011072
	Shuffle Errors
		BAD_ID=0
		CONNECTION=0
		IO_ERROR=0
		WRONG_LENGTH=0
		WRONG_MAP=0
		WRONG_REDUCE=0
	File Input Format Counters
		Bytes Read=10000000000
	File Output Format Counters
		Bytes Written=10000000000
2022-05-01 19:03:32,885 INFO terasort.TeraSort: done
	Command being timed: "hadoop jar hadoop-mapreduce-examples-3.2.1.jar terasort -D mapreduce.map.log.level=INFO -D mapreduce.reduce.log.level=INFO -D yarn.app.mapreduce.am.log.level=INFO -D yarn.nodemanager.resource.detect-hardware-capabilities=true -D yarn.nodemanager.resource.memory-mb=-1 -D mapreduce.task.io.sort.mb=256 -D mapreduce.map.memory.mb=2048 -D io.file.buffer.size=131072 /user/root/terasort/10G-terasort-input /user/root/terasort/10G-terasort-output"
	User time (seconds): 6.94
	System time (seconds): 0.70
	Percent of CPU this job got: 1%
	Elapsed (wall clock) time (h:mm:ss or m:ss): 9:41.08
	Average shared text size (kbytes): 0
	Average unshared data size (kbytes): 0
	Average stack size (kbytes): 0
	Average total size (kbytes): 0
	Maximum resident set size (kbytes): 312588
	Average resident set size (kbytes): 0
	Major (requiring I/O) page faults: 269
	Minor (reclaiming a frame) page faults: 90632
	Voluntary context switches: 29317
	Involuntary context switches: 8353
	Swaps: 0
	File system inputs: 14640
	File system outputs: 4104
	Socket messages sent: 0
	Socket messages received: 0
	Signals delivered: 0
	Page size (bytes): 4096
	Exit status: 0