2022-05-01 18:42:06,528 INFO terasort.TeraSort: starting
2022-05-01 18:42:07,134 INFO input.FileInputFormat: Total input files to process : 2
Spent 113ms computing base-splits.
Spent 2ms computing TeraScheduler splits.
Computing input splits took 116ms
Sampling 10 splits of 76
2022-05-01 18:42:07,189 INFO sasl.SaslDataTransferClient: SASL encryption trust check: localHostTrusted = false, remoteHostTrusted = false
2022-05-01 18:42:07,189 INFO sasl.SaslDataTransferClient: SASL encryption trust check: localHostTrusted = false, remoteHostTrusted = false
2022-05-01 18:42:07,189 INFO sasl.SaslDataTransferClient: SASL encryption trust check: localHostTrusted = false, remoteHostTrusted = false
2022-05-01 18:42:07,189 INFO sasl.SaslDataTransferClient: SASL encryption trust check: localHostTrusted = false, remoteHostTrusted = false
2022-05-01 18:42:07,189 INFO sasl.SaslDataTransferClient: SASL encryption trust check: localHostTrusted = false, remoteHostTrusted = false
2022-05-01 18:42:07,189 INFO sasl.SaslDataTransferClient: SASL encryption trust check: localHostTrusted = false, remoteHostTrusted = false
2022-05-01 18:42:07,189 INFO sasl.SaslDataTransferClient: SASL encryption trust check: localHostTrusted = false, remoteHostTrusted = false
2022-05-01 18:42:07,189 INFO sasl.SaslDataTransferClient: SASL encryption trust check: localHostTrusted = false, remoteHostTrusted = false
2022-05-01 18:42:07,189 INFO sasl.SaslDataTransferClient: SASL encryption trust check: localHostTrusted = false, remoteHostTrusted = false
2022-05-01 18:42:07,189 INFO sasl.SaslDataTransferClient: SASL encryption trust check: localHostTrusted = false, remoteHostTrusted = false
Making 1 from 100000 sampled records
Computing parititions took 329ms
Spent 448ms computing partitions.
2022-05-01 18:42:07,640 INFO client.RMProxy: Connecting to ResourceManager at resourcemanager/172.18.0.7:8032
2022-05-01 18:42:07,774 INFO client.AHSProxy: Connecting to Application History server at historyserver/172.18.0.6:10200
2022-05-01 18:42:07,871 INFO mapreduce.JobResourceUploader: Disabling Erasure Coding for path: /tmp/hadoop-yarn/staging/root/.staging/job_1651429169682_0002
2022-05-01 18:42:07,911 INFO sasl.SaslDataTransferClient: SASL encryption trust check: localHostTrusted = false, remoteHostTrusted = false
2022-05-01 18:42:08,376 INFO sasl.SaslDataTransferClient: SASL encryption trust check: localHostTrusted = false, remoteHostTrusted = false
2022-05-01 18:42:08,494 INFO sasl.SaslDataTransferClient: SASL encryption trust check: localHostTrusted = false, remoteHostTrusted = false
2022-05-01 18:42:08,907 INFO mapreduce.JobSubmitter: number of splits:76
2022-05-01 18:42:09,051 INFO sasl.SaslDataTransferClient: SASL encryption trust check: localHostTrusted = false, remoteHostTrusted = false
2022-05-01 18:42:09,060 INFO mapreduce.JobSubmitter: Submitting tokens for job: job_1651429169682_0002
2022-05-01 18:42:09,060 INFO mapreduce.JobSubmitter: Executing with tokens: []
2022-05-01 18:42:09,209 INFO conf.Configuration: resource-types.xml not found
2022-05-01 18:42:09,209 INFO resource.ResourceUtils: Unable to find 'resource-types.xml'.
2022-05-01 18:42:09,480 INFO impl.YarnClientImpl: Submitted application application_1651429169682_0002
2022-05-01 18:42:09,519 INFO mapreduce.Job: The url to track the job: http://resourcemanager:8088/proxy/application_1651429169682_0002/
2022-05-01 18:42:09,520 INFO mapreduce.Job: Running job: job_1651429169682_0002
2022-05-01 18:42:14,575 INFO mapreduce.Job: Job job_1651429169682_0002 running in uber mode : false
2022-05-01 18:42:14,576 INFO mapreduce.Job:  map 0% reduce 0%
2022-05-01 18:42:27,677 INFO mapreduce.Job:  map 1% reduce 0%
2022-05-01 18:42:28,686 INFO mapreduce.Job:  map 3% reduce 0%
2022-05-01 18:42:29,691 INFO mapreduce.Job:  map 4% reduce 0%
2022-05-01 18:42:39,740 INFO mapreduce.Job:  map 5% reduce 0%
2022-05-01 18:42:40,726 INFO mapreduce.Job:  map 7% reduce 0%
2022-05-01 18:42:41,734 INFO mapreduce.Job:  map 8% reduce 0%
2022-05-01 18:42:51,783 INFO mapreduce.Job:  map 9% reduce 0%
2022-05-01 18:42:52,786 INFO mapreduce.Job:  map 11% reduce 0%
2022-05-01 18:42:53,791 INFO mapreduce.Job:  map 12% reduce 0%
2022-05-01 18:43:03,830 INFO mapreduce.Job:  map 13% reduce 0%
2022-05-01 18:43:04,834 INFO mapreduce.Job:  map 14% reduce 0%
2022-05-01 18:43:05,838 INFO mapreduce.Job:  map 16% reduce 0%
2022-05-01 18:43:15,864 INFO mapreduce.Job:  map 17% reduce 0%
2022-05-01 18:43:16,868 INFO mapreduce.Job:  map 18% reduce 0%
2022-05-01 18:43:17,874 INFO mapreduce.Job:  map 20% reduce 0%
2022-05-01 18:43:28,921 INFO mapreduce.Job:  map 22% reduce 0%
2022-05-01 18:43:32,934 INFO mapreduce.Job:  map 22% reduce 7%
2022-05-01 18:43:39,954 INFO mapreduce.Job:  map 24% reduce 7%
2022-05-01 18:43:40,935 INFO mapreduce.Job:  map 25% reduce 7%
2022-05-01 18:43:44,947 INFO mapreduce.Job:  map 25% reduce 8%
2022-05-01 18:43:50,981 INFO mapreduce.Job:  map 26% reduce 8%
2022-05-01 18:43:51,985 INFO mapreduce.Job:  map 28% reduce 8%
2022-05-01 18:43:57,009 INFO mapreduce.Job:  map 28% reduce 9%
2022-05-01 18:44:02,032 INFO mapreduce.Job:  map 29% reduce 9%
2022-05-01 18:44:03,036 INFO mapreduce.Job:  map 30% reduce 9%
2022-05-01 18:44:09,059 INFO mapreduce.Job:  map 30% reduce 10%
2022-05-01 18:44:14,055 INFO mapreduce.Job:  map 32% reduce 10%
2022-05-01 18:44:15,064 INFO mapreduce.Job:  map 33% reduce 11%
2022-05-01 18:44:25,112 INFO mapreduce.Job:  map 34% reduce 11%
2022-05-01 18:44:26,119 INFO mapreduce.Job:  map 36% reduce 11%
2022-05-01 18:44:27,122 INFO mapreduce.Job:  map 36% reduce 12%
2022-05-01 18:44:36,163 INFO mapreduce.Job:  map 37% reduce 12%
2022-05-01 18:44:37,166 INFO mapreduce.Job:  map 38% reduce 12%
2022-05-01 18:44:39,172 INFO mapreduce.Job:  map 38% reduce 13%
2022-05-01 18:44:47,192 INFO mapreduce.Job:  map 39% reduce 13%
2022-05-01 18:44:48,195 INFO mapreduce.Job:  map 41% reduce 13%
2022-05-01 18:44:51,213 INFO mapreduce.Job:  map 41% reduce 14%
2022-05-01 18:44:59,257 INFO mapreduce.Job:  map 42% reduce 14%
2022-05-01 18:45:00,314 INFO mapreduce.Job:  map 43% reduce 14%
2022-05-01 18:45:11,342 INFO mapreduce.Job:  map 45% reduce 14%
2022-05-01 18:45:12,345 INFO mapreduce.Job:  map 46% reduce 14%
2022-05-01 18:45:15,357 INFO mapreduce.Job:  map 46% reduce 15%
2022-05-01 18:45:23,396 INFO mapreduce.Job:  map 47% reduce 15%
2022-05-01 18:45:24,408 INFO mapreduce.Job:  map 49% reduce 15%
2022-05-01 18:45:27,426 INFO mapreduce.Job:  map 49% reduce 16%
2022-05-01 18:45:35,460 INFO mapreduce.Job:  map 50% reduce 16%
2022-05-01 18:45:36,465 INFO mapreduce.Job:  map 51% reduce 16%
2022-05-01 18:45:39,475 INFO mapreduce.Job:  map 51% reduce 17%
2022-05-01 18:45:47,576 INFO mapreduce.Job:  map 53% reduce 17%
2022-05-01 18:45:48,583 INFO mapreduce.Job:  map 54% reduce 17%
2022-05-01 18:45:50,592 INFO mapreduce.Job:  map 54% reduce 18%
2022-05-01 18:45:59,621 INFO mapreduce.Job:  map 55% reduce 18%
2022-05-01 18:46:00,625 INFO mapreduce.Job:  map 57% reduce 18%
2022-05-01 18:46:02,633 INFO mapreduce.Job:  map 57% reduce 19%
2022-05-01 18:46:10,632 INFO mapreduce.Job:  map 58% reduce 19%
2022-05-01 18:46:11,635 INFO mapreduce.Job:  map 59% reduce 19%
2022-05-01 18:46:14,643 INFO mapreduce.Job:  map 59% reduce 20%
2022-05-01 18:46:22,673 INFO mapreduce.Job:  map 61% reduce 20%
2022-05-01 18:46:23,677 INFO mapreduce.Job:  map 62% reduce 20%
2022-05-01 18:46:26,692 INFO mapreduce.Job:  map 62% reduce 21%
2022-05-01 18:46:34,733 INFO mapreduce.Job:  map 63% reduce 21%
2022-05-01 18:46:35,736 INFO mapreduce.Job:  map 64% reduce 21%
2022-05-01 18:46:46,744 INFO mapreduce.Job:  map 66% reduce 21%
2022-05-01 18:46:47,748 INFO mapreduce.Job:  map 67% reduce 21%
2022-05-01 18:46:50,755 INFO mapreduce.Job:  map 67% reduce 22%
2022-05-01 18:46:57,781 INFO mapreduce.Job:  map 68% reduce 22%
2022-05-01 18:46:59,786 INFO mapreduce.Job:  map 70% reduce 22%
2022-05-01 18:47:02,804 INFO mapreduce.Job:  map 70% reduce 23%
2022-05-01 18:47:09,826 INFO mapreduce.Job:  map 71% reduce 23%
2022-05-01 18:47:11,809 INFO mapreduce.Job:  map 72% reduce 23%
2022-05-01 18:47:14,819 INFO mapreduce.Job:  map 72% reduce 24%
2022-05-01 18:47:21,836 INFO mapreduce.Job:  map 74% reduce 24%
2022-05-01 18:47:23,841 INFO mapreduce.Job:  map 75% reduce 24%
2022-05-01 18:47:26,853 INFO mapreduce.Job:  map 75% reduce 25%
2022-05-01 18:47:33,874 INFO mapreduce.Job:  map 76% reduce 25%
2022-05-01 18:47:35,882 INFO mapreduce.Job:  map 78% reduce 25%
2022-05-01 18:47:38,891 INFO mapreduce.Job:  map 78% reduce 26%
2022-05-01 18:47:45,890 INFO mapreduce.Job:  map 79% reduce 26%
2022-05-01 18:47:47,898 INFO mapreduce.Job:  map 80% reduce 26%
2022-05-01 18:47:50,911 INFO mapreduce.Job:  map 80% reduce 27%
2022-05-01 18:47:57,935 INFO mapreduce.Job:  map 82% reduce 27%
2022-05-01 18:47:59,940 INFO mapreduce.Job:  map 83% reduce 27%
2022-05-01 18:48:02,950 INFO mapreduce.Job:  map 83% reduce 28%
2022-05-01 18:48:09,963 INFO mapreduce.Job:  map 84% reduce 28%
2022-05-01 18:48:11,969 INFO mapreduce.Job:  map 86% reduce 28%
2022-05-01 18:48:14,979 INFO mapreduce.Job:  map 86% reduce 29%
2022-05-01 18:48:22,002 INFO mapreduce.Job:  map 87% reduce 29%
2022-05-01 18:48:24,007 INFO mapreduce.Job:  map 88% reduce 29%
2022-05-01 18:48:34,059 INFO mapreduce.Job:  map 89% reduce 29%
2022-05-01 18:48:35,063 INFO mapreduce.Job:  map 91% reduce 29%
2022-05-01 18:48:39,077 INFO mapreduce.Job:  map 91% reduce 30%
2022-05-01 18:48:47,118 INFO mapreduce.Job:  map 92% reduce 30%
2022-05-01 18:48:48,121 INFO mapreduce.Job:  map 93% reduce 30%
2022-05-01 18:48:51,157 INFO mapreduce.Job:  map 93% reduce 31%
2022-05-01 18:49:00,195 INFO mapreduce.Job:  map 95% reduce 31%
2022-05-01 18:49:01,198 INFO mapreduce.Job:  map 96% reduce 31%
2022-05-01 18:49:03,202 INFO mapreduce.Job:  map 96% reduce 32%
2022-05-01 18:49:07,218 INFO mapreduce.Job:  map 97% reduce 32%
2022-05-01 18:49:12,209 INFO mapreduce.Job:  map 99% reduce 32%
2022-05-01 18:49:13,248 INFO mapreduce.Job:  map 100% reduce 32%
2022-05-01 18:49:15,256 INFO mapreduce.Job:  map 100% reduce 33%
2022-05-01 18:50:15,460 INFO mapreduce.Job:  map 100% reduce 44%
2022-05-01 18:50:21,477 INFO mapreduce.Job:  map 100% reduce 59%
2022-05-01 18:50:27,509 INFO mapreduce.Job:  map 100% reduce 68%
2022-05-01 18:50:33,528 INFO mapreduce.Job:  map 100% reduce 70%
2022-05-01 18:50:39,585 INFO mapreduce.Job:  map 100% reduce 72%
2022-05-01 18:50:45,585 INFO mapreduce.Job:  map 100% reduce 75%
2022-05-01 18:50:51,658 INFO mapreduce.Job:  map 100% reduce 77%
2022-05-01 18:50:57,685 INFO mapreduce.Job:  map 100% reduce 80%
2022-05-01 18:51:03,711 INFO mapreduce.Job:  map 100% reduce 82%
2022-05-01 18:51:08,769 INFO mapreduce.Job:  map 100% reduce 84%
2022-05-01 18:51:14,805 INFO mapreduce.Job:  map 100% reduce 87%
2022-05-01 18:51:20,838 INFO mapreduce.Job:  map 100% reduce 89%
2022-05-01 18:51:26,891 INFO mapreduce.Job:  map 100% reduce 92%
2022-05-01 18:51:32,935 INFO mapreduce.Job:  map 100% reduce 94%
2022-05-01 18:51:38,958 INFO mapreduce.Job:  map 100% reduce 96%
2022-05-01 18:51:44,986 INFO mapreduce.Job:  map 100% reduce 99%
2022-05-01 18:51:51,011 INFO mapreduce.Job:  map 100% reduce 100%
2022-05-01 18:51:51,024 INFO mapreduce.Job: Job job_1651429169682_0002 completed successfully
2022-05-01 18:51:51,702 INFO mapreduce.Job: Counters: 55
	File System Counters
		FILE: Number of bytes read=5741748787
		FILE: Number of bytes written=8663947020
		FILE: Number of read operations=0
		FILE: Number of large read operations=0
		FILE: Number of write operations=0
		HDFS: Number of bytes read=10000010336
		HDFS: Number of bytes written=10000000000
		HDFS: Number of read operations=233
		HDFS: Number of large read operations=0
		HDFS: Number of write operations=2
		HDFS: Number of bytes read erasure-coded=0
	Job Counters
		Killed map tasks=1
		Launched map tasks=76
		Launched reduce tasks=1
		Rack-local map tasks=76
		Total time spent by all maps in occupied slots (ms)=1458878
		Total time spent by all reduces in occupied slots (ms)=511703
		Total time spent by all map tasks (ms)=729439
		Total time spent by all reduce tasks (ms)=511703
		Total vcore-milliseconds taken by all map tasks=729439
		Total vcore-milliseconds taken by all reduce tasks=511703
		Total megabyte-milliseconds taken by all map tasks=1493891072
		Total megabyte-milliseconds taken by all reduce tasks=523983872
	Map-Reduce Framework
		Map input records=100000000
		Map output records=100000000
		Map output bytes=10200000000
		Map output materialized bytes=2904495614
		Input split bytes=10336
		Combine input records=0
		Combine output records=0
		Reduce input groups=100000000
		Reduce shuffle bytes=2904495614
		Reduce input records=100000000
		Reduce output records=100000000
		Spilled Records=296636766
		Shuffled Maps =76
		Failed Shuffles=0
		Merged Map outputs=76
		GC time elapsed (ms)=5303
		CPU time spent (ms)=1164460
		Physical memory (bytes) snapshot=36344975360
		Virtual memory (bytes) snapshot=271556902912
		Total committed heap usage (bytes)=34497101824
		Peak Map Physical memory (bytes)=538841088
		Peak Map Virtual memory (bytes)=3544862720
		Peak Reduce Physical memory (bytes)=501395456
		Peak Reduce Virtual memory (bytes)=2686427136
	Shuffle Errors
		BAD_ID=0
		CONNECTION=0
		IO_ERROR=0
		WRONG_LENGTH=0
		WRONG_MAP=0
		WRONG_REDUCE=0
	File Input Format Counters
		Bytes Read=10000000000
	File Output Format Counters
		Bytes Written=10000000000
2022-05-01 18:51:51,705 INFO terasort.TeraSort: done
	Command being timed: "hadoop jar hadoop-mapreduce-examples-3.2.1.jar terasort -D mapreduce.map.log.level=INFO -D mapreduce.reduce.log.level=INFO -D yarn.app.mapreduce.am.log.level=INFO -D yarn.nodemanager.resource.detect-hardware-capabilities=true -D yarn.nodemanager.resource.memory-mb=-1 -D mapreduce.task.io.sort.mb=256 -D mapreduce.map.memory.mb=2048 -D io.file.buffer.size=131072 /user/root/terasort/10G-terasort-input /user/root/terasort/10G-terasort-output"
	User time (seconds): 6.59
	System time (seconds): 0.78
	Percent of CPU this job got: 1%
	Elapsed (wall clock) time (h:mm:ss or m:ss): 9:46.16
	Average shared text size (kbytes): 0
	Average unshared data size (kbytes): 0
	Average stack size (kbytes): 0
	Average total size (kbytes): 0
	Maximum resident set size (kbytes): 271168
	Average resident set size (kbytes): 0
	Major (requiring I/O) page faults: 4141
	Minor (reclaiming a frame) page faults: 90874
	Voluntary context switches: 33492
	Involuntary context switches: 7413
	Swaps: 0
	File system inputs: 82352
	File system outputs: 3712
	Socket messages sent: 0
	Socket messages received: 0
	Signals delivered: 0
	Page size (bytes): 4096
	Exit status: 0