2022-05-01 18:29:46,491 INFO client.RMProxy: Connecting to ResourceManager at resourcemanager/172.18.0.7:8032
2022-05-01 18:29:46,640 INFO client.AHSProxy: Connecting to Application History server at historyserver/172.18.0.6:10200
2022-05-01 18:29:47,116 INFO conf.Configuration: resource-types.xml not found
2022-05-01 18:29:47,117 INFO resource.ResourceUtils: Unable to find 'resource-types.xml'.
Deleted /user/root/terasort/10G-terasort-output
2022-05-01 18:29:49,452 INFO terasort.TeraSort: starting
2022-05-01 18:29:50,031 INFO input.FileInputFormat: Total input files to process : 2
Spent 107ms computing base-splits.
Spent 2ms computing TeraScheduler splits.
Computing input splits took 109ms
Sampling 10 splits of 76
2022-05-01 18:29:50,087 INFO sasl.SaslDataTransferClient: SASL encryption trust check: localHostTrusted = false, remoteHostTrusted = false
2022-05-01 18:29:50,087 INFO sasl.SaslDataTransferClient: SASL encryption trust check: localHostTrusted = false, remoteHostTrusted = false
2022-05-01 18:29:50,087 INFO sasl.SaslDataTransferClient: SASL encryption trust check: localHostTrusted = false, remoteHostTrusted = false
2022-05-01 18:29:50,088 INFO sasl.SaslDataTransferClient: SASL encryption trust check: localHostTrusted = false, remoteHostTrusted = false
2022-05-01 18:29:50,089 INFO sasl.SaslDataTransferClient: SASL encryption trust check: localHostTrusted = false, remoteHostTrusted = false
2022-05-01 18:29:50,089 INFO sasl.SaslDataTransferClient: SASL encryption trust check: localHostTrusted = false, remoteHostTrusted = false
2022-05-01 18:29:50,087 INFO sasl.SaslDataTransferClient: SASL encryption trust check: localHostTrusted = false, remoteHostTrusted = false
2022-05-01 18:29:50,089 INFO sasl.SaslDataTransferClient: SASL encryption trust check: localHostTrusted = false, remoteHostTrusted = false
2022-05-01 18:29:50,089 INFO sasl.SaslDataTransferClient: SASL encryption trust check: localHostTrusted = false, remoteHostTrusted = false
2022-05-01 18:29:50,093 INFO sasl.SaslDataTransferClient: SASL encryption trust check: localHostTrusted = false, remoteHostTrusted = false
Making 1 from 100000 sampled records
Computing parititions took 301ms
Spent 412ms computing partitions.
2022-05-01 18:29:50,490 INFO client.RMProxy: Connecting to ResourceManager at resourcemanager/172.18.0.7:8032
2022-05-01 18:29:50,615 INFO client.AHSProxy: Connecting to Application History server at historyserver/172.18.0.6:10200
2022-05-01 18:29:50,715 INFO mapreduce.JobResourceUploader: Disabling Erasure Coding for path: /tmp/hadoop-yarn/staging/root/.staging/job_1651429169682_0001
2022-05-01 18:29:50,757 INFO sasl.SaslDataTransferClient: SASL encryption trust check: localHostTrusted = false, remoteHostTrusted = false
2022-05-01 18:29:50,826 INFO sasl.SaslDataTransferClient: SASL encryption trust check: localHostTrusted = false, remoteHostTrusted = false
2022-05-01 18:29:50,922 INFO sasl.SaslDataTransferClient: SASL encryption trust check: localHostTrusted = false, remoteHostTrusted = false
2022-05-01 18:29:50,931 INFO mapreduce.JobSubmitter: number of splits:76
2022-05-01 18:29:51,058 INFO sasl.SaslDataTransferClient: SASL encryption trust check: localHostTrusted = false, remoteHostTrusted = false
2022-05-01 18:29:51,070 INFO mapreduce.JobSubmitter: Submitting tokens for job: job_1651429169682_0001
2022-05-01 18:29:51,070 INFO mapreduce.JobSubmitter: Executing with tokens: []
2022-05-01 18:29:51,232 INFO conf.Configuration: resource-types.xml not found
2022-05-01 18:29:51,232 INFO resource.ResourceUtils: Unable to find 'resource-types.xml'.
2022-05-01 18:29:51,951 INFO impl.YarnClientImpl: Submitted application application_1651429169682_0001
2022-05-01 18:29:51,994 INFO mapreduce.Job: The url to track the job: http://resourcemanager:8088/proxy/application_1651429169682_0001/
2022-05-01 18:29:51,996 INFO mapreduce.Job: Running job: job_1651429169682_0001
2022-05-01 18:29:57,137 INFO mapreduce.Job: Job job_1651429169682_0001 running in uber mode : false
2022-05-01 18:29:57,139 INFO mapreduce.Job:  map 0% reduce 0%
2022-05-01 18:30:11,312 INFO mapreduce.Job:  map 1% reduce 0%
2022-05-01 18:30:12,327 INFO mapreduce.Job:  map 3% reduce 0%
2022-05-01 18:30:13,333 INFO mapreduce.Job:  map 4% reduce 0%
2022-05-01 18:30:25,413 INFO mapreduce.Job:  map 5% reduce 0%
2022-05-01 18:30:26,419 INFO mapreduce.Job:  map 7% reduce 0%
2022-05-01 18:30:27,425 INFO mapreduce.Job:  map 8% reduce 0%
2022-05-01 18:30:40,508 INFO mapreduce.Job:  map 11% reduce 0%
2022-05-01 18:30:41,489 INFO mapreduce.Job:  map 12% reduce 0%
2022-05-01 18:30:52,546 INFO mapreduce.Job:  map 13% reduce 0%
2022-05-01 18:30:53,551 INFO mapreduce.Job:  map 14% reduce 0%
2022-05-01 18:30:54,554 INFO mapreduce.Job:  map 16% reduce 0%
2022-05-01 18:31:05,600 INFO mapreduce.Job:  map 17% reduce 0%
2022-05-01 18:31:06,603 INFO mapreduce.Job:  map 18% reduce 0%
2022-05-01 18:31:07,612 INFO mapreduce.Job:  map 20% reduce 0%
2022-05-01 18:31:19,657 INFO mapreduce.Job:  map 21% reduce 0%
2022-05-01 18:31:20,663 INFO mapreduce.Job:  map 22% reduce 0%
2022-05-01 18:31:21,669 INFO mapreduce.Job:  map 22% reduce 7%
2022-05-01 18:31:30,709 INFO mapreduce.Job:  map 24% reduce 7%
2022-05-01 18:31:31,715 INFO mapreduce.Job:  map 25% reduce 7%
2022-05-01 18:31:33,730 INFO mapreduce.Job:  map 25% reduce 8%
2022-05-01 18:31:42,757 INFO mapreduce.Job:  map 26% reduce 8%
2022-05-01 18:31:43,761 INFO mapreduce.Job:  map 28% reduce 8%
2022-05-01 18:31:45,769 INFO mapreduce.Job:  map 28% reduce 9%
2022-05-01 18:31:54,817 INFO mapreduce.Job:  map 29% reduce 9%
2022-05-01 18:31:55,824 INFO mapreduce.Job:  map 30% reduce 9%
2022-05-01 18:31:57,833 INFO mapreduce.Job:  map 30% reduce 10%
2022-05-01 18:32:06,893 INFO mapreduce.Job:  map 32% reduce 10%
2022-05-01 18:32:07,899 INFO mapreduce.Job:  map 33% reduce 10%
2022-05-01 18:32:09,910 INFO mapreduce.Job:  map 33% reduce 11%
2022-05-01 18:32:18,921 INFO mapreduce.Job:  map 34% reduce 11%
2022-05-01 18:32:19,933 INFO mapreduce.Job:  map 36% reduce 11%
2022-05-01 18:32:21,942 INFO mapreduce.Job:  map 36% reduce 12%
2022-05-01 18:32:30,989 INFO mapreduce.Job:  map 37% reduce 12%
2022-05-01 18:32:31,994 INFO mapreduce.Job:  map 38% reduce 12%
2022-05-01 18:32:32,998 INFO mapreduce.Job:  map 38% reduce 13%
2022-05-01 18:32:43,029 INFO mapreduce.Job:  map 39% reduce 13%
2022-05-01 18:32:44,033 INFO mapreduce.Job:  map 41% reduce 13%
2022-05-01 18:32:45,036 INFO mapreduce.Job:  map 41% reduce 14%
2022-05-01 18:32:55,070 INFO mapreduce.Job:  map 42% reduce 14%
2022-05-01 18:32:56,076 INFO mapreduce.Job:  map 43% reduce 14%
2022-05-01 18:33:07,140 INFO mapreduce.Job:  map 45% reduce 14%
2022-05-01 18:33:08,143 INFO mapreduce.Job:  map 46% reduce 14%
2022-05-01 18:33:09,149 INFO mapreduce.Job:  map 46% reduce 15%
2022-05-01 18:33:19,189 INFO mapreduce.Job:  map 47% reduce 15%
2022-05-01 18:33:20,194 INFO mapreduce.Job:  map 49% reduce 15%
2022-05-01 18:33:21,198 INFO mapreduce.Job:  map 49% reduce 16%
2022-05-01 18:33:31,230 INFO mapreduce.Job:  map 50% reduce 16%
2022-05-01 18:33:32,238 INFO mapreduce.Job:  map 51% reduce 16%
2022-05-01 18:33:33,242 INFO mapreduce.Job:  map 51% reduce 17%
2022-05-01 18:33:43,251 INFO mapreduce.Job:  map 53% reduce 17%
2022-05-01 18:33:44,258 INFO mapreduce.Job:  map 54% reduce 17%
2022-05-01 18:33:45,260 INFO mapreduce.Job:  map 54% reduce 18%
2022-05-01 18:33:55,290 INFO mapreduce.Job:  map 55% reduce 18%
2022-05-01 18:33:56,294 INFO mapreduce.Job:  map 57% reduce 18%
2022-05-01 18:33:57,298 INFO mapreduce.Job:  map 57% reduce 19%
2022-05-01 18:34:07,337 INFO mapreduce.Job:  map 58% reduce 19%
2022-05-01 18:34:08,344 INFO mapreduce.Job:  map 59% reduce 19%
2022-05-01 18:34:09,350 INFO mapreduce.Job:  map 59% reduce 20%
2022-05-01 18:34:18,367 INFO mapreduce.Job:  map 61% reduce 20%
2022-05-01 18:34:19,377 INFO mapreduce.Job:  map 62% reduce 20%
2022-05-01 18:34:21,383 INFO mapreduce.Job:  map 62% reduce 21%
2022-05-01 18:34:31,410 INFO mapreduce.Job:  map 63% reduce 21%
2022-05-01 18:34:32,413 INFO mapreduce.Job:  map 64% reduce 21%
2022-05-01 18:34:43,419 INFO mapreduce.Job:  map 67% reduce 21%
2022-05-01 18:34:45,426 INFO mapreduce.Job:  map 67% reduce 22%
2022-05-01 18:34:56,463 INFO mapreduce.Job:  map 68% reduce 22%
2022-05-01 18:34:57,468 INFO mapreduce.Job:  map 70% reduce 23%
2022-05-01 18:35:08,512 INFO mapreduce.Job:  map 71% reduce 23%
2022-05-01 18:35:09,516 INFO mapreduce.Job:  map 72% reduce 24%
2022-05-01 18:35:20,527 INFO mapreduce.Job:  map 74% reduce 24%
2022-05-01 18:35:21,533 INFO mapreduce.Job:  map 75% reduce 25%
2022-05-01 18:35:32,559 INFO mapreduce.Job:  map 76% reduce 25%
2022-05-01 18:35:33,562 INFO mapreduce.Job:  map 78% reduce 25%
2022-05-01 18:35:39,578 INFO mapreduce.Job:  map 78% reduce 26%
2022-05-01 18:35:44,593 INFO mapreduce.Job:  map 79% reduce 26%
2022-05-01 18:35:45,603 INFO mapreduce.Job:  map 80% reduce 27%
2022-05-01 18:35:56,636 INFO mapreduce.Job:  map 82% reduce 27%
2022-05-01 18:35:57,643 INFO mapreduce.Job:  map 83% reduce 27%
2022-05-01 18:36:03,660 INFO mapreduce.Job:  map 83% reduce 28%
2022-05-01 18:36:08,676 INFO mapreduce.Job:  map 84% reduce 28%
2022-05-01 18:36:09,681 INFO mapreduce.Job:  map 86% reduce 28%
2022-05-01 18:36:15,683 INFO mapreduce.Job:  map 86% reduce 29%
2022-05-01 18:36:20,695 INFO mapreduce.Job:  map 87% reduce 29%
2022-05-01 18:36:21,697 INFO mapreduce.Job:  map 88% reduce 29%
2022-05-01 18:36:32,734 INFO mapreduce.Job:  map 89% reduce 29%
2022-05-01 18:36:33,739 INFO mapreduce.Job:  map 91% reduce 30%
2022-05-01 18:36:44,745 INFO mapreduce.Job:  map 92% reduce 30%
2022-05-01 18:36:45,748 INFO mapreduce.Job:  map 93% reduce 31%
2022-05-01 18:36:56,796 INFO mapreduce.Job:  map 95% reduce 31%
2022-05-01 18:36:57,800 INFO mapreduce.Job:  map 96% reduce 32%
2022-05-01 18:37:03,819 INFO mapreduce.Job:  map 97% reduce 32%
2022-05-01 18:37:07,830 INFO mapreduce.Job:  map 99% reduce 32%
2022-05-01 18:37:08,833 INFO mapreduce.Job:  map 100% reduce 32%
2022-05-01 18:37:09,837 INFO mapreduce.Job:  map 100% reduce 33%
2022-05-01 18:38:03,924 INFO mapreduce.Job:  map 100% reduce 44%
2022-05-01 18:38:09,938 INFO mapreduce.Job:  map 100% reduce 61%
2022-05-01 18:38:15,947 INFO mapreduce.Job:  map 100% reduce 68%
2022-05-01 18:38:22,001 INFO mapreduce.Job:  map 100% reduce 70%
2022-05-01 18:38:28,026 INFO mapreduce.Job:  map 100% reduce 73%
2022-05-01 18:38:34,043 INFO mapreduce.Job:  map 100% reduce 75%
2022-05-01 18:38:40,056 INFO mapreduce.Job:  map 100% reduce 78%
2022-05-01 18:38:46,047 INFO mapreduce.Job:  map 100% reduce 80%
2022-05-01 18:38:52,096 INFO mapreduce.Job:  map 100% reduce 82%
2022-05-01 18:38:58,117 INFO mapreduce.Job:  map 100% reduce 84%
2022-05-01 18:39:04,145 INFO mapreduce.Job:  map 100% reduce 87%
2022-05-01 18:39:10,159 INFO mapreduce.Job:  map 100% reduce 89%
2022-05-01 18:39:16,159 INFO mapreduce.Job:  map 100% reduce 91%
2022-05-01 18:39:22,172 INFO mapreduce.Job:  map 100% reduce 93%
2022-05-01 18:39:28,184 INFO mapreduce.Job:  map 100% reduce 96%
2022-05-01 18:39:34,199 INFO mapreduce.Job:  map 100% reduce 98%
2022-05-01 18:39:40,212 INFO mapreduce.Job:  map 100% reduce 100%
2022-05-01 18:39:43,211 INFO mapreduce.Job: Job job_1651429169682_0001 completed successfully
2022-05-01 18:39:43,493 INFO mapreduce.Job: Counters: 55
	File System Counters
		FILE: Number of bytes read=5741748787
		FILE: Number of bytes written=8663947020
		FILE: Number of read operations=0
		FILE: Number of large read operations=0
		FILE: Number of write operations=0
		HDFS: Number of bytes read=10000010336
		HDFS: Number of bytes written=10000000000
		HDFS: Number of read operations=233
		HDFS: Number of large read operations=0
		HDFS: Number of write operations=2
		HDFS: Number of bytes read erasure-coded=0
	Job Counters
		Killed map tasks=1
		Launched map tasks=76
		Launched reduce tasks=1
		Rack-local map tasks=76
		Total time spent by all maps in occupied slots (ms)=1504960
		Total time spent by all reduces in occupied slots (ms)=513178
		Total time spent by all map tasks (ms)=752480
		Total time spent by all reduce tasks (ms)=513178
		Total vcore-milliseconds taken by all map tasks=752480
		Total vcore-milliseconds taken by all reduce tasks=513178
		Total megabyte-milliseconds taken by all map tasks=1541079040
		Total megabyte-milliseconds taken by all reduce tasks=525494272
	Map-Reduce Framework
		Map input records=100000000
		Map output records=100000000
		Map output bytes=10200000000
		Map output materialized bytes=2904495614
		Input split bytes=10336
		Combine input records=0
		Combine output records=0
		Reduce input groups=100000000
		Reduce shuffle bytes=2904495614
		Reduce input records=100000000
		Reduce output records=100000000
		Spilled Records=296636766
		Shuffled Maps =76
		Failed Shuffles=0
		Merged Map outputs=76
		GC time elapsed (ms)=5753
		CPU time spent (ms)=1178480
		Physical memory (bytes) snapshot=35963969536
		Virtual memory (bytes) snapshot=271517118464
		Total committed heap usage (bytes)=34124857344
		Peak Map Physical memory (bytes)=525242368
		Peak Map Virtual memory (bytes)=3543683072
		Peak Reduce Physical memory (bytes)=272228352
		Peak Reduce Virtual memory (bytes)=2665492480
	Shuffle Errors
		BAD_ID=0
		CONNECTION=0
		IO_ERROR=0
		WRONG_LENGTH=0
		WRONG_MAP=0
		WRONG_REDUCE=0
	File Input Format Counters
		Bytes Read=10000000000
	File Output Format Counters
		Bytes Written=10000000000
2022-05-01 18:39:43,494 INFO terasort.TeraSort: done
	Command being timed: "hadoop jar hadoop-mapreduce-examples-3.2.1.jar terasort -D mapreduce.map.log.level=INFO -D mapreduce.reduce.log.level=INFO -D yarn.app.mapreduce.am.log.level=INFO -D yarn.nodemanager.resource.detect-hardware-capabilities=true -D yarn.nodemanager.resource.memory-mb=-1 -D mapreduce.task.io.sort.mb=256 -D mapreduce.map.memory.mb=2048 -D io.file.buffer.size=131072 /user/root/terasort/10G-terasort-input /user/root/terasort/10G-terasort-output"
	User time (seconds): 6.56
	System time (seconds): 0.79
	Percent of CPU this job got: 1%
	Elapsed (wall clock) time (h:mm:ss or m:ss): 9:54.93
	Average shared text size (kbytes): 0
	Average unshared data size (kbytes): 0
	Average stack size (kbytes): 0
	Average total size (kbytes): 0
	Maximum resident set size (kbytes): 317124
	Average resident set size (kbytes): 0
	Major (requiring I/O) page faults: 1232
	Minor (reclaiming a frame) page faults: 91627
	Voluntary context switches: 30183
	Involuntary context switches: 6808
	Swaps: 0
	File system inputs: 20640
	File system outputs: 3824
	Socket messages sent: 0
	Socket messages received: 0
	Signals delivered: 0
	Page size (bytes): 4096
	Exit status: 0