2022-05-01 19:06:04,632 INFO terasort.TeraSort: starting
2022-05-01 19:06:05,273 INFO input.FileInputFormat: Total input files to process : 2
Spent 117ms computing base-splits.
Spent 2ms computing TeraScheduler splits.
Computing input splits took 120ms
Sampling 10 splits of 76
2022-05-01 19:06:05,329 INFO sasl.SaslDataTransferClient: SASL encryption trust check: localHostTrusted = false, remoteHostTrusted = false
2022-05-01 19:06:05,329 INFO sasl.SaslDataTransferClient: SASL encryption trust check: localHostTrusted = false, remoteHostTrusted = false
2022-05-01 19:06:05,329 INFO sasl.SaslDataTransferClient: SASL encryption trust check: localHostTrusted = false, remoteHostTrusted = false
2022-05-01 19:06:05,329 INFO sasl.SaslDataTransferClient: SASL encryption trust check: localHostTrusted = false, remoteHostTrusted = false
2022-05-01 19:06:05,329 INFO sasl.SaslDataTransferClient: SASL encryption trust check: localHostTrusted = false, remoteHostTrusted = false
2022-05-01 19:06:05,329 INFO sasl.SaslDataTransferClient: SASL encryption trust check: localHostTrusted = false, remoteHostTrusted = false
2022-05-01 19:06:05,329 INFO sasl.SaslDataTransferClient: SASL encryption trust check: localHostTrusted = false, remoteHostTrusted = false
2022-05-01 19:06:05,330 INFO sasl.SaslDataTransferClient: SASL encryption trust check: localHostTrusted = false, remoteHostTrusted = false
2022-05-01 19:06:05,330 INFO sasl.SaslDataTransferClient: SASL encryption trust check: localHostTrusted = false, remoteHostTrusted = false
2022-05-01 19:06:05,330 INFO sasl.SaslDataTransferClient: SASL encryption trust check: localHostTrusted = false, remoteHostTrusted = false
Making 1 from 100000 sampled records
Computing parititions took 291ms
Spent 413ms computing partitions.
2022-05-01 19:06:05,741 INFO client.RMProxy: Connecting to ResourceManager at resourcemanager/172.18.0.7:8032
2022-05-01 19:06:05,858 INFO client.AHSProxy: Connecting to Application History server at historyserver/172.18.0.6:10200
2022-05-01 19:06:05,971 INFO mapreduce.JobResourceUploader: Disabling Erasure Coding for path: /tmp/hadoop-yarn/staging/root/.staging/job_1651429169682_0004
2022-05-01 19:06:06,012 INFO sasl.SaslDataTransferClient: SASL encryption trust check: localHostTrusted = false, remoteHostTrusted = false
2022-05-01 19:06:06,072 INFO sasl.SaslDataTransferClient: SASL encryption trust check: localHostTrusted = false, remoteHostTrusted = false
2022-05-01 19:06:06,128 INFO sasl.SaslDataTransferClient: SASL encryption trust check: localHostTrusted = false, remoteHostTrusted = false
2022-05-01 19:06:06,542 INFO mapreduce.JobSubmitter: number of splits:76
2022-05-01 19:06:06,692 INFO sasl.SaslDataTransferClient: SASL encryption trust check: localHostTrusted = false, remoteHostTrusted = false
2022-05-01 19:06:06,717 INFO mapreduce.JobSubmitter: Submitting tokens for job: job_1651429169682_0004
2022-05-01 19:06:06,718 INFO mapreduce.JobSubmitter: Executing with tokens: []
2022-05-01 19:06:06,852 INFO conf.Configuration: resource-types.xml not found
2022-05-01 19:06:06,852 INFO resource.ResourceUtils: Unable to find 'resource-types.xml'.
2022-05-01 19:06:07,320 INFO impl.YarnClientImpl: Submitted application application_1651429169682_0004
2022-05-01 19:06:07,356 INFO mapreduce.Job: The url to track the job: http://resourcemanager:8088/proxy/application_1651429169682_0004/
2022-05-01 19:06:07,357 INFO mapreduce.Job: Running job: job_1651429169682_0004
2022-05-01 19:06:12,423 INFO mapreduce.Job: Job job_1651429169682_0004 running in uber mode : false
2022-05-01 19:06:12,424 INFO mapreduce.Job:  map 0% reduce 0%
2022-05-01 19:06:21,513 INFO mapreduce.Job:  map 1% reduce 0%
2022-05-01 19:06:22,520 INFO mapreduce.Job:  map 3% reduce 0%
2022-05-01 19:06:24,535 INFO mapreduce.Job:  map 4% reduce 0%
2022-05-01 19:06:30,569 INFO mapreduce.Job:  map 7% reduce 0%
2022-05-01 19:06:32,581 INFO mapreduce.Job:  map 8% reduce 0%
2022-05-01 19:06:38,633 INFO mapreduce.Job:  map 9% reduce 0%
2022-05-01 19:06:39,620 INFO mapreduce.Job:  map 11% reduce 0%
2022-05-01 19:06:41,639 INFO mapreduce.Job:  map 12% reduce 0%
2022-05-01 19:06:46,671 INFO mapreduce.Job:  map 13% reduce 0%
2022-05-01 19:06:47,676 INFO mapreduce.Job:  map 14% reduce 0%
2022-05-01 19:06:49,683 INFO mapreduce.Job:  map 16% reduce 0%
2022-05-01 19:06:55,724 INFO mapreduce.Job:  map 17% reduce 0%
2022-05-01 19:06:56,733 INFO mapreduce.Job:  map 18% reduce 0%
2022-05-01 19:06:58,746 INFO mapreduce.Job:  map 20% reduce 0%
2022-05-01 19:07:03,772 INFO mapreduce.Job:  map 21% reduce 0%
2022-05-01 19:07:07,799 INFO mapreduce.Job:  map 22% reduce 0%
2022-05-01 19:07:11,802 INFO mapreduce.Job:  map 22% reduce 7%
2022-05-01 19:07:12,808 INFO mapreduce.Job:  map 24% reduce 7%
2022-05-01 19:07:15,822 INFO mapreduce.Job:  map 25% reduce 7%
2022-05-01 19:07:17,831 INFO mapreduce.Job:  map 25% reduce 8%
2022-05-01 19:07:19,840 INFO mapreduce.Job:  map 26% reduce 8%
2022-05-01 19:07:23,858 INFO mapreduce.Job:  map 28% reduce 9%
2022-05-01 19:07:29,890 INFO mapreduce.Job:  map 29% reduce 9%
2022-05-01 19:07:32,904 INFO mapreduce.Job:  map 30% reduce 9%
2022-05-01 19:07:35,919 INFO mapreduce.Job:  map 30% reduce 10%
2022-05-01 19:07:38,934 INFO mapreduce.Job:  map 32% reduce 10%
2022-05-01 19:07:41,949 INFO mapreduce.Job:  map 33% reduce 11%
2022-05-01 19:07:46,988 INFO mapreduce.Job:  map 34% reduce 11%
2022-05-01 19:07:49,999 INFO mapreduce.Job:  map 36% reduce 11%
2022-05-01 19:07:54,015 INFO mapreduce.Job:  map 37% reduce 12%
2022-05-01 19:07:58,030 INFO mapreduce.Job:  map 38% reduce 12%
2022-05-01 19:08:00,037 INFO mapreduce.Job:  map 38% reduce 13%
2022-05-01 19:08:03,235 INFO mapreduce.Job:  map 39% reduce 13%
2022-05-01 19:08:06,249 INFO mapreduce.Job:  map 41% reduce 13%
2022-05-01 19:08:11,258 INFO mapreduce.Job:  map 42% reduce 13%
2022-05-01 19:08:12,420 INFO mapreduce.Job:  map 42% reduce 14%
2022-05-01 19:08:14,429 INFO mapreduce.Job:  map 43% reduce 14%
2022-05-01 19:08:18,452 INFO mapreduce.Job:  map 45% reduce 14%
2022-05-01 19:08:22,465 INFO mapreduce.Job:  map 46% reduce 14%
2022-05-01 19:08:24,471 INFO mapreduce.Job:  map 46% reduce 15%
2022-05-01 19:08:26,476 INFO mapreduce.Job:  map 47% reduce 15%
2022-05-01 19:08:30,487 INFO mapreduce.Job:  map 49% reduce 16%
2022-05-01 19:08:34,507 INFO mapreduce.Job:  map 50% reduce 16%
2022-05-01 19:08:36,513 INFO mapreduce.Job:  map 50% reduce 17%
2022-05-01 19:08:39,491 INFO mapreduce.Job:  map 51% reduce 17%
2022-05-01 19:08:43,504 INFO mapreduce.Job:  map 53% reduce 17%
2022-05-01 19:08:46,583 INFO mapreduce.Job:  map 54% reduce 17%
2022-05-01 19:08:47,587 INFO mapreduce.Job:  map 54% reduce 18%
2022-05-01 19:08:51,621 INFO mapreduce.Job:  map 55% reduce 18%
2022-05-01 19:08:54,643 INFO mapreduce.Job:  map 57% reduce 18%
2022-05-01 19:08:58,658 INFO mapreduce.Job:  map 58% reduce 18%
2022-05-01 19:08:59,661 INFO mapreduce.Job:  map 58% reduce 19%
2022-05-01 19:09:02,687 INFO mapreduce.Job:  map 59% reduce 19%
2022-05-01 19:09:05,706 INFO mapreduce.Job:  map 59% reduce 20%
2022-05-01 19:09:06,710 INFO mapreduce.Job:  map 61% reduce 20%
2022-05-01 19:09:10,704 INFO mapreduce.Job:  map 62% reduce 20%
2022-05-01 19:09:11,708 INFO mapreduce.Job:  map 62% reduce 21%
2022-05-01 19:09:14,727 INFO mapreduce.Job:  map 63% reduce 21%
2022-05-01 19:09:19,744 INFO mapreduce.Job:  map 64% reduce 21%
2022-05-01 19:09:22,844 INFO mapreduce.Job:  map 66% reduce 21%
2022-05-01 19:09:23,849 INFO mapreduce.Job:  map 66% reduce 22%
2022-05-01 19:09:27,875 INFO mapreduce.Job:  map 67% reduce 22%
2022-05-01 19:09:30,888 INFO mapreduce.Job:  map 68% reduce 22%
2022-05-01 19:09:34,924 INFO mapreduce.Job:  map 70% reduce 22%
2022-05-01 19:09:35,928 INFO mapreduce.Job:  map 70% reduce 23%
2022-05-01 19:09:38,938 INFO mapreduce.Job:  map 71% reduce 23%
2022-05-01 19:09:41,927 INFO mapreduce.Job:  map 71% reduce 24%
2022-05-01 19:09:42,930 INFO mapreduce.Job:  map 72% reduce 24%
2022-05-01 19:09:46,945 INFO mapreduce.Job:  map 74% reduce 24%
2022-05-01 19:09:47,955 INFO mapreduce.Job:  map 74% reduce 25%
2022-05-01 19:09:51,972 INFO mapreduce.Job:  map 75% reduce 25%
2022-05-01 19:09:55,983 INFO mapreduce.Job:  map 76% reduce 25%
2022-05-01 19:10:00,244 INFO mapreduce.Job:  map 78% reduce 25%
2022-05-01 19:10:03,251 INFO mapreduce.Job:  map 79% reduce 25%
2022-05-01 19:10:06,321 INFO mapreduce.Job:  map 79% reduce 26%
2022-05-01 19:10:07,330 INFO mapreduce.Job:  map 80% reduce 26%
2022-05-01 19:10:11,330 INFO mapreduce.Job:  map 82% reduce 26%
2022-05-01 19:10:12,332 INFO mapreduce.Job:  map 82% reduce 27%
2022-05-01 19:10:15,341 INFO mapreduce.Job:  map 83% reduce 27%
2022-05-01 19:10:18,351 INFO mapreduce.Job:  map 83% reduce 28%
2022-05-01 19:10:19,361 INFO mapreduce.Job:  map 84% reduce 28%
2022-05-01 19:10:23,372 INFO mapreduce.Job:  map 86% reduce 28%
2022-05-01 19:10:24,375 INFO mapreduce.Job:  map 86% reduce 29%
2022-05-01 19:10:28,395 INFO mapreduce.Job:  map 87% reduce 29%
2022-05-01 19:10:32,423 INFO mapreduce.Job:  map 88% reduce 29%
2022-05-01 19:10:36,664 INFO mapreduce.Job:  map 89% reduce 29%
2022-05-01 19:10:40,659 INFO mapreduce.Job:  map 91% reduce 29%
2022-05-01 19:10:41,662 INFO mapreduce.Job:  map 91% reduce 30%
2022-05-01 19:10:43,678 INFO mapreduce.Job:  map 92% reduce 30%
2022-05-01 19:10:47,696 INFO mapreduce.Job:  map 93% reduce 31%
2022-05-01 19:10:51,707 INFO mapreduce.Job:  map 95% reduce 31%
2022-05-01 19:10:53,713 INFO mapreduce.Job:  map 95% reduce 32%
2022-05-01 19:10:55,719 INFO mapreduce.Job:  map 96% reduce 32%
2022-05-01 19:10:59,735 INFO mapreduce.Job:  map 97% reduce 32%
2022-05-01 19:11:00,737 INFO mapreduce.Job:  map 99% reduce 32%
2022-05-01 19:11:04,750 INFO mapreduce.Job:  map 100% reduce 32%
2022-05-01 19:11:05,754 INFO mapreduce.Job:  map 100% reduce 33%
2022-05-01 19:11:11,754 INFO mapreduce.Job:  map 100% reduce 60%
2022-05-01 19:11:17,792 INFO mapreduce.Job:  map 100% reduce 69%
2022-05-01 19:11:23,815 INFO mapreduce.Job:  map 100% reduce 72%
2022-05-01 19:11:29,834 INFO mapreduce.Job:  map 100% reduce 75%
2022-05-01 19:11:35,884 INFO mapreduce.Job:  map 100% reduce 77%
2022-05-01 19:11:41,884 INFO mapreduce.Job:  map 100% reduce 80%
2022-05-01 19:11:47,902 INFO mapreduce.Job:  map 100% reduce 83%
2022-05-01 19:11:53,931 INFO mapreduce.Job:  map 100% reduce 85%
2022-05-01 19:11:59,970 INFO mapreduce.Job:  map 100% reduce 87%
2022-05-01 19:12:06,087 INFO mapreduce.Job:  map 100% reduce 90%
2022-05-01 19:12:12,081 INFO mapreduce.Job:  map 100% reduce 92%
2022-05-01 19:12:18,099 INFO mapreduce.Job:  map 100% reduce 95%
2022-05-01 19:12:24,117 INFO mapreduce.Job:  map 100% reduce 97%
2022-05-01 19:12:30,132 INFO mapreduce.Job:  map 100% reduce 100%
2022-05-01 19:12:32,156 INFO mapreduce.Job: Job job_1651429169682_0004 completed successfully
2022-05-01 19:12:32,344 INFO mapreduce.Job: Counters: 55
	File System Counters
		FILE: Number of bytes read=10887056945
		FILE: Number of bytes written=16407227671
		FILE: Number of read operations=0
		FILE: Number of large read operations=0
		FILE: Number of write operations=0
		HDFS: Number of bytes read=10000010336
		HDFS: Number of bytes written=10000000000
		HDFS: Number of read operations=233
		HDFS: Number of large read operations=0
		HDFS: Number of write operations=2
		HDFS: Number of bytes read erasure-coded=0
	Job Counters 
		Killed map tasks=1
		Launched map tasks=76
		Launched reduce tasks=1
		Rack-local map tasks=76
		Total time spent by all maps in occupied slots (ms)=917888
		Total time spent by all reduces in occupied slots (ms)=333111
		Total time spent by all map tasks (ms)=458944
		Total time spent by all reduce tasks (ms)=333111
		Total vcore-milliseconds taken by all map tasks=458944
		Total vcore-milliseconds taken by all reduce tasks=333111
		Total megabyte-milliseconds taken by all map tasks=939917312
		Total megabyte-milliseconds taken by all reduce tasks=341105664
	Map-Reduce Framework
		Map input records=100000000
		Map output records=100000000
		Map output bytes=10200000000
		Map output materialized bytes=5502468877
		Input split bytes=10336
		Combine input records=0
		Combine output records=0
		Reduce input groups=100000000
		Reduce shuffle bytes=5502468877
		Reduce input records=100000000
		Reduce output records=100000000
		Spilled Records=296636765
		Shuffled Maps =76
		Failed Shuffles=0
		Merged Map outputs=76
		GC time elapsed (ms)=5407
		CPU time spent (ms)=572610
		Physical memory (bytes) snapshot=36342484992
		Virtual memory (bytes) snapshot=271506833408
		Total committed heap usage (bytes)=34724118528
		Peak Map Physical memory (bytes)=530677760
		Peak Map Virtual memory (bytes)=3544662016
		Peak Reduce Physical memory (bytes)=580763648
		Peak Reduce Virtual memory (bytes)=2685521920
	Shuffle Errors
		BAD_ID=0
		CONNECTION=0
		IO_ERROR=0
		WRONG_LENGTH=0
		WRONG_MAP=0
		WRONG_REDUCE=0
	File Input Format Counters 
		Bytes Read=10000000000
	File Output Format Counters 
		Bytes Written=10000000000
2022-05-01 19:12:32,346 INFO terasort.TeraSort: done
	Command being timed: "hadoop jar hadoop-mapreduce-examples-3.2.1.jar terasort -D mapreduce.map.log.level=INFO -D mapreduce.reduce.log.level=INFO -D yarn.app.mapreduce.am.log.level=INFO -D yarn.nodemanager.resource.detect-hardware-capabilities=true -D yarn.nodemanager.resource.memory-mb=-1 -D mapreduce.task.io.sort.mb=256 -D mapreduce.map.memory.mb=2048 -D io.file.buffer.size=131072 -D mapreduce.map.output.compress=true -D mapreduce.map.output.compress.codec=org.apache.hadoop.io.compress.Lz4Codec -D mapreduce.output.fileoutputformat.compress=true -D mapreduce.output.fileoutputformat.compress.codec=org.apache.hadoop.io.compress.Lz4Codec -D mapreduce.output.fileoutputformat.compress.type=BLOCK /user/root/terasort/10G-terasort-input /user/root/terasort/10G-terasort-output"
	User time (seconds): 6.16
	System time (seconds): 0.67
	Percent of CPU this job got: 1%
	Elapsed (wall clock) time (h:mm:ss or m:ss): 6:28.61
	Average shared text size (kbytes): 0
	Average unshared data size (kbytes): 0
	Average stack size (kbytes): 0
	Average total size (kbytes): 0
	Maximum resident set size (kbytes): 310548
	Average resident set size (kbytes): 0
	Major (requiring I/O) page faults: 245
	Minor (reclaiming a frame) page faults: 89185
	Voluntary context switches: 21558
	Involuntary context switches: 6198
	Swaps: 0
	File system inputs: 14464
	File system outputs: 4296
	Socket messages sent: 0
	Socket messages received: 0
	Signals delivered: 0
	Page size (bytes): 4096
	Exit status: 0
