2022-05-01 19:15:07,369 INFO terasort.TeraSort: starting
2022-05-01 19:15:07,986 INFO input.FileInputFormat: Total input files to process : 2
Spent 114ms computing base-splits.
Spent 2ms computing TeraScheduler splits.
Computing input splits took 117ms
Sampling 10 splits of 76
2022-05-01 19:15:08,037 INFO sasl.SaslDataTransferClient: SASL encryption trust check: localHostTrusted = false, remoteHostTrusted = false
2022-05-01 19:15:08,038 INFO sasl.SaslDataTransferClient: SASL encryption trust check: localHostTrusted = false, remoteHostTrusted = false
2022-05-01 19:15:08,038 INFO sasl.SaslDataTransferClient: SASL encryption trust check: localHostTrusted = false, remoteHostTrusted = false
2022-05-01 19:15:08,038 INFO sasl.SaslDataTransferClient: SASL encryption trust check: localHostTrusted = false, remoteHostTrusted = false
2022-05-01 19:15:08,038 INFO sasl.SaslDataTransferClient: SASL encryption trust check: localHostTrusted = false, remoteHostTrusted = false
2022-05-01 19:15:08,038 INFO sasl.SaslDataTransferClient: SASL encryption trust check: localHostTrusted = false, remoteHostTrusted = false
2022-05-01 19:15:08,038 INFO sasl.SaslDataTransferClient: SASL encryption trust check: localHostTrusted = false, remoteHostTrusted = false
2022-05-01 19:15:08,038 INFO sasl.SaslDataTransferClient: SASL encryption trust check: localHostTrusted = false, remoteHostTrusted = false
2022-05-01 19:15:08,038 INFO sasl.SaslDataTransferClient: SASL encryption trust check: localHostTrusted = false, remoteHostTrusted = false
2022-05-01 19:15:08,039 INFO sasl.SaslDataTransferClient: SASL encryption trust check: localHostTrusted = false, remoteHostTrusted = false
Making 1 from 100000 sampled records
Computing parititions took 299ms
Spent 418ms computing partitions.
2022-05-01 19:15:08,431 INFO client.RMProxy: Connecting to ResourceManager at resourcemanager/172.18.0.7:8032
2022-05-01 19:15:08,554 INFO client.AHSProxy: Connecting to Application History server at historyserver/172.18.0.6:10200
2022-05-01 19:15:08,657 INFO mapreduce.JobResourceUploader: Disabling Erasure Coding for path: /tmp/hadoop-yarn/staging/root/.staging/job_1651429169682_0005
2022-05-01 19:15:08,692 INFO sasl.SaslDataTransferClient: SASL encryption trust check: localHostTrusted = false, remoteHostTrusted = false
2022-05-01 19:15:08,753 INFO sasl.SaslDataTransferClient: SASL encryption trust check: localHostTrusted = false, remoteHostTrusted = false
2022-05-01 19:15:08,799 INFO sasl.SaslDataTransferClient: SASL encryption trust check: localHostTrusted = false, remoteHostTrusted = false
2022-05-01 19:15:08,808 INFO mapreduce.JobSubmitter: number of splits:76
2022-05-01 19:15:08,935 INFO sasl.SaslDataTransferClient: SASL encryption trust check: localHostTrusted = false, remoteHostTrusted = false
2022-05-01 19:15:08,945 INFO mapreduce.JobSubmitter: Submitting tokens for job: job_1651429169682_0005
2022-05-01 19:15:08,945 INFO mapreduce.JobSubmitter: Executing with tokens: []
2022-05-01 19:15:09,096 INFO conf.Configuration: resource-types.xml not found
2022-05-01 19:15:09,096 INFO resource.ResourceUtils: Unable to find 'resource-types.xml'.
2022-05-01 19:15:09,766 INFO impl.YarnClientImpl: Submitted application application_1651429169682_0005
2022-05-01 19:15:09,806 INFO mapreduce.Job: The url to track the job: http://resourcemanager:8088/proxy/application_1651429169682_0005/
2022-05-01 19:15:09,806 INFO mapreduce.Job: Running job: job_1651429169682_0005
2022-05-01 19:15:14,886 INFO mapreduce.Job: Job job_1651429169682_0005 running in uber mode : false
2022-05-01 19:15:14,887 INFO mapreduce.Job:  map 0% reduce 0%
2022-05-01 19:15:23,968 INFO mapreduce.Job:  map 1% reduce 0%
2022-05-01 19:15:24,974 INFO mapreduce.Job:  map 3% reduce 0%
2022-05-01 19:15:26,984 INFO mapreduce.Job:  map 4% reduce 0%
2022-05-01 19:15:32,012 INFO mapreduce.Job:  map 5% reduce 0%
2022-05-01 19:15:33,018 INFO mapreduce.Job:  map 7% reduce 0%
2022-05-01 19:15:35,027 INFO mapreduce.Job:  map 8% reduce 0%
2022-05-01 19:15:40,034 INFO mapreduce.Job:  map 9% reduce 0%
2022-05-01 19:15:41,050 INFO mapreduce.Job:  map 11% reduce 0%
2022-05-01 19:15:43,068 INFO mapreduce.Job:  map 12% reduce 0%
2022-05-01 19:15:49,097 INFO mapreduce.Job:  map 13% reduce 0%
2022-05-01 19:15:50,102 INFO mapreduce.Job:  map 14% reduce 0%
2022-05-01 19:15:52,109 INFO mapreduce.Job:  map 16% reduce 0%
2022-05-01 19:15:57,134 INFO mapreduce.Job:  map 17% reduce 0%
2022-05-01 19:15:58,139 INFO mapreduce.Job:  map 18% reduce 0%
2022-05-01 19:16:00,155 INFO mapreduce.Job:  map 20% reduce 0%
2022-05-01 19:16:05,183 INFO mapreduce.Job:  map 21% reduce 0%
2022-05-01 19:16:08,109 INFO mapreduce.Job:  map 22% reduce 0%
2022-05-01 19:16:14,110 INFO mapreduce.Job:  map 22% reduce 7%
2022-05-01 19:16:15,119 INFO mapreduce.Job:  map 25% reduce 7%
2022-05-01 19:16:20,151 INFO mapreduce.Job:  map 25% reduce 8%
2022-05-01 19:16:22,163 INFO mapreduce.Job:  map 26% reduce 8%
2022-05-01 19:16:24,186 INFO mapreduce.Job:  map 28% reduce 8%
2022-05-01 19:16:26,209 INFO mapreduce.Job:  map 28% reduce 9%
2022-05-01 19:16:31,240 INFO mapreduce.Job:  map 30% reduce 9%
2022-05-01 19:16:37,277 INFO mapreduce.Job:  map 30% reduce 10%
2022-05-01 19:16:38,286 INFO mapreduce.Job:  map 32% reduce 10%
2022-05-01 19:16:39,271 INFO mapreduce.Job:  map 33% reduce 10%
2022-05-01 19:16:43,291 INFO mapreduce.Job:  map 33% reduce 11%
2022-05-01 19:16:46,308 INFO mapreduce.Job:  map 34% reduce 11%
2022-05-01 19:16:47,317 INFO mapreduce.Job:  map 36% reduce 11%
2022-05-01 19:16:49,329 INFO mapreduce.Job:  map 36% reduce 12%
2022-05-01 19:16:54,364 INFO mapreduce.Job:  map 37% reduce 12%
2022-05-01 19:16:55,373 INFO mapreduce.Job:  map 38% reduce 12%
2022-05-01 19:17:01,407 INFO mapreduce.Job:  map 38% reduce 13%
2022-05-01 19:17:02,414 INFO mapreduce.Job:  map 39% reduce 13%
2022-05-01 19:17:04,423 INFO mapreduce.Job:  map 41% reduce 13%
2022-05-01 19:17:07,444 INFO mapreduce.Job:  map 41% reduce 14%
2022-05-01 19:17:12,484 INFO mapreduce.Job:  map 43% reduce 14%
2022-05-01 19:17:19,545 INFO mapreduce.Job:  map 45% reduce 14%
2022-05-01 19:17:20,551 INFO mapreduce.Job:  map 46% reduce 14%
2022-05-01 19:17:25,571 INFO mapreduce.Job:  map 46% reduce 15%
2022-05-01 19:17:27,582 INFO mapreduce.Job:  map 47% reduce 15%
2022-05-01 19:17:28,586 INFO mapreduce.Job:  map 49% reduce 15%
2022-05-01 19:17:31,599 INFO mapreduce.Job:  map 49% reduce 16%
2022-05-01 19:17:35,629 INFO mapreduce.Job:  map 50% reduce 16%
2022-05-01 19:17:36,639 INFO mapreduce.Job:  map 51% reduce 16%
2022-05-01 19:17:37,646 INFO mapreduce.Job:  map 51% reduce 17%
2022-05-01 19:17:44,857 INFO mapreduce.Job:  map 54% reduce 17%
2022-05-01 19:17:49,877 INFO mapreduce.Job:  map 54% reduce 18%
2022-05-01 19:17:51,889 INFO mapreduce.Job:  map 55% reduce 18%
2022-05-01 19:17:52,898 INFO mapreduce.Job:  map 57% reduce 18%
2022-05-01 19:17:55,911 INFO mapreduce.Job:  map 57% reduce 19%
2022-05-01 19:17:59,932 INFO mapreduce.Job:  map 58% reduce 19%
2022-05-01 19:18:00,942 INFO mapreduce.Job:  map 59% reduce 19%
2022-05-01 19:18:01,947 INFO mapreduce.Job:  map 59% reduce 20%
2022-05-01 19:18:07,977 INFO mapreduce.Job:  map 61% reduce 20%
2022-05-01 19:18:08,957 INFO mapreduce.Job:  map 62% reduce 20%
2022-05-01 19:18:13,984 INFO mapreduce.Job:  map 62% reduce 21%
2022-05-01 19:18:15,992 INFO mapreduce.Job:  map 63% reduce 21%
2022-05-01 19:18:18,002 INFO mapreduce.Job:  map 64% reduce 21%
2022-05-01 19:18:25,102 INFO mapreduce.Job:  map 66% reduce 21%
2022-05-01 19:18:26,114 INFO mapreduce.Job:  map 67% reduce 22%
2022-05-01 19:18:32,155 INFO mapreduce.Job:  map 68% reduce 22%
2022-05-01 19:18:33,165 INFO mapreduce.Job:  map 70% reduce 22%
2022-05-01 19:18:38,203 INFO mapreduce.Job:  map 70% reduce 23%
2022-05-01 19:18:40,344 INFO mapreduce.Job:  map 71% reduce 23%
2022-05-01 19:18:42,355 INFO mapreduce.Job:  map 72% reduce 23%
2022-05-01 19:18:43,363 INFO mapreduce.Job:  map 72% reduce 24%
2022-05-01 19:18:49,413 INFO mapreduce.Job:  map 74% reduce 25%
2022-05-01 19:18:50,425 INFO mapreduce.Job:  map 75% reduce 25%
2022-05-01 19:18:58,468 INFO mapreduce.Job:  map 76% reduce 25%
2022-05-01 19:18:59,473 INFO mapreduce.Job:  map 78% reduce 25%
2022-05-01 19:19:01,487 INFO mapreduce.Job:  map 78% reduce 26%
2022-05-01 19:19:07,514 INFO mapreduce.Job:  map 79% reduce 26%
2022-05-01 19:19:08,525 INFO mapreduce.Job:  map 80% reduce 26%
2022-05-01 19:19:13,539 INFO mapreduce.Job:  map 80% reduce 27%
2022-05-01 19:19:14,542 INFO mapreduce.Job:  map 82% reduce 27%
2022-05-01 19:19:15,546 INFO mapreduce.Job:  map 83% reduce 27%
2022-05-01 19:19:19,566 INFO mapreduce.Job:  map 83% reduce 28%
2022-05-01 19:19:22,574 INFO mapreduce.Job:  map 84% reduce 28%
2022-05-01 19:19:23,577 INFO mapreduce.Job:  map 86% reduce 28%
2022-05-01 19:19:25,586 INFO mapreduce.Job:  map 86% reduce 29%
2022-05-01 19:19:30,608 INFO mapreduce.Job:  map 87% reduce 29%
2022-05-01 19:19:32,616 INFO mapreduce.Job:  map 88% reduce 29%
2022-05-01 19:19:39,619 INFO mapreduce.Job:  map 89% reduce 29%
2022-05-01 19:19:40,623 INFO mapreduce.Job:  map 91% reduce 29%
2022-05-01 19:19:43,634 INFO mapreduce.Job:  map 91% reduce 30%
2022-05-01 19:19:46,648 INFO mapreduce.Job:  map 92% reduce 30%
2022-05-01 19:19:47,653 INFO mapreduce.Job:  map 93% reduce 30%
2022-05-01 19:19:49,665 INFO mapreduce.Job:  map 93% reduce 31%
2022-05-01 19:19:54,681 INFO mapreduce.Job:  map 95% reduce 31%
2022-05-01 19:19:55,686 INFO mapreduce.Job:  map 96% reduce 32%
2022-05-01 19:20:00,710 INFO mapreduce.Job:  map 97% reduce 32%
2022-05-01 19:20:02,717 INFO mapreduce.Job:  map 99% reduce 32%
2022-05-01 19:20:05,740 INFO mapreduce.Job:  map 100% reduce 32%
2022-05-01 19:20:07,749 INFO mapreduce.Job:  map 100% reduce 33%
2022-05-01 19:20:13,743 INFO mapreduce.Job:  map 100% reduce 67%
2022-05-01 19:20:19,759 INFO mapreduce.Job:  map 100% reduce 70%
2022-05-01 19:20:25,777 INFO mapreduce.Job:  map 100% reduce 73%
2022-05-01 19:20:31,804 INFO mapreduce.Job:  map 100% reduce 75%
2022-05-01 19:20:37,832 INFO mapreduce.Job:  map 100% reduce 78%
2022-05-01 19:20:43,893 INFO mapreduce.Job:  map 100% reduce 81%
2022-05-01 19:20:50,014 INFO mapreduce.Job:  map 100% reduce 83%
2022-05-01 19:20:56,060 INFO mapreduce.Job:  map 100% reduce 86%
2022-05-01 19:21:02,078 INFO mapreduce.Job:  map 100% reduce 88%
2022-05-01 19:21:08,098 INFO mapreduce.Job:  map 100% reduce 91%
2022-05-01 19:21:14,102 INFO mapreduce.Job:  map 100% reduce 94%
2022-05-01 19:21:20,115 INFO mapreduce.Job:  map 100% reduce 96%
2022-05-01 19:21:26,126 INFO mapreduce.Job:  map 100% reduce 99%
2022-05-01 19:21:30,134 INFO mapreduce.Job:  map 100% reduce 100%
2022-05-01 19:21:31,143 INFO mapreduce.Job: Job job_1651429169682_0005 completed successfully
2022-05-01 19:21:31,376 INFO mapreduce.Job: Counters: 55
	File System Counters
		FILE: Number of bytes read=10887056945
		FILE: Number of bytes written=16407227671
		FILE: Number of read operations=0
		FILE: Number of large read operations=0
		FILE: Number of write operations=0
		HDFS: Number of bytes read=10000010336
		HDFS: Number of bytes written=10000000000
		HDFS: Number of read operations=233
		HDFS: Number of large read operations=0
		HDFS: Number of write operations=2
		HDFS: Number of bytes read erasure-coded=0
	Job Counters 
		Killed map tasks=1
		Launched map tasks=76
		Launched reduce tasks=1
		Rack-local map tasks=76
		Total time spent by all maps in occupied slots (ms)=915018
		Total time spent by all reduces in occupied slots (ms)=330039
		Total time spent by all map tasks (ms)=457509
		Total time spent by all reduce tasks (ms)=330039
		Total vcore-milliseconds taken by all map tasks=457509
		Total vcore-milliseconds taken by all reduce tasks=330039
		Total megabyte-milliseconds taken by all map tasks=936978432
		Total megabyte-milliseconds taken by all reduce tasks=337959936
	Map-Reduce Framework
		Map input records=100000000
		Map output records=100000000
		Map output bytes=10200000000
		Map output materialized bytes=5502468877
		Input split bytes=10336
		Combine input records=0
		Combine output records=0
		Reduce input groups=100000000
		Reduce shuffle bytes=5502468877
		Reduce input records=100000000
		Reduce output records=100000000
		Spilled Records=296636765
		Shuffled Maps =76
		Failed Shuffles=0
		Merged Map outputs=76
		GC time elapsed (ms)=5318
		CPU time spent (ms)=570570
		Physical memory (bytes) snapshot=36002410496
		Virtual memory (bytes) snapshot=271528644608
		Total committed heap usage (bytes)=34038874112
		Peak Map Physical memory (bytes)=529752064
		Peak Map Virtual memory (bytes)=3542470656
		Peak Reduce Physical memory (bytes)=389181440
		Peak Reduce Virtual memory (bytes)=2688446464
	Shuffle Errors
		BAD_ID=0
		CONNECTION=0
		IO_ERROR=0
		WRONG_LENGTH=0
		WRONG_MAP=0
		WRONG_REDUCE=0
	File Input Format Counters 
		Bytes Read=10000000000
	File Output Format Counters 
		Bytes Written=10000000000
2022-05-01 19:21:31,377 INFO terasort.TeraSort: done
	Command being timed: "hadoop jar hadoop-mapreduce-examples-3.2.1.jar terasort -D mapreduce.map.log.level=INFO -D mapreduce.reduce.log.level=INFO -D yarn.app.mapreduce.am.log.level=INFO -D yarn.nodemanager.resource.detect-hardware-capabilities=true -D yarn.nodemanager.resource.memory-mb=-1 -D mapreduce.task.io.sort.mb=256 -D mapreduce.map.memory.mb=2048 -D io.file.buffer.size=131072 -D mapreduce.map.output.compress=true -D mapreduce.map.output.compress.codec=org.apache.hadoop.io.compress.Lz4Codec -D mapreduce.output.fileoutputformat.compress=true -D mapreduce.output.fileoutputformat.compress.codec=org.apache.hadoop.io.compress.Lz4Codec -D mapreduce.output.fileoutputformat.compress.type=BLOCK /user/root/terasort/10G-terasort-input /user/root/terasort/10G-terasort-output"
	User time (seconds): 6.14
	System time (seconds): 0.63
	Percent of CPU this job got: 1%
	Elapsed (wall clock) time (h:mm:ss or m:ss): 6:24.90
	Average shared text size (kbytes): 0
	Average unshared data size (kbytes): 0
	Average stack size (kbytes): 0
	Average total size (kbytes): 0
	Maximum resident set size (kbytes): 278640
	Average resident set size (kbytes): 0
	Major (requiring I/O) page faults: 258
	Minor (reclaiming a frame) page faults: 83344
	Voluntary context switches: 21055
	Involuntary context switches: 4847
	Swaps: 0
	File system inputs: 14984
	File system outputs: 4400
	Socket messages sent: 0
	Socket messages received: 0
	Signals delivered: 0
	Page size (bytes): 4096
	Exit status: 0
