2022-05-01 19:32:51,924 INFO terasort.TeraSort: starting
2022-05-01 19:32:52,593 INFO input.FileInputFormat: Total input files to process : 2
Spent 144ms computing base-splits.
Spent 2ms computing TeraScheduler splits.
Computing input splits took 146ms
Sampling 10 splits of 76
2022-05-01 19:32:52,678 INFO sasl.SaslDataTransferClient: SASL encryption trust check: localHostTrusted = false, remoteHostTrusted = false
2022-05-01 19:32:52,679 INFO sasl.SaslDataTransferClient: SASL encryption trust check: localHostTrusted = false, remoteHostTrusted = false
2022-05-01 19:32:52,679 INFO sasl.SaslDataTransferClient: SASL encryption trust check: localHostTrusted = false, remoteHostTrusted = false
2022-05-01 19:32:52,678 INFO sasl.SaslDataTransferClient: SASL encryption trust check: localHostTrusted = false, remoteHostTrusted = false
2022-05-01 19:32:52,679 INFO sasl.SaslDataTransferClient: SASL encryption trust check: localHostTrusted = false, remoteHostTrusted = false
2022-05-01 19:32:52,679 INFO sasl.SaslDataTransferClient: SASL encryption trust check: localHostTrusted = false, remoteHostTrusted = false
2022-05-01 19:32:52,678 INFO sasl.SaslDataTransferClient: SASL encryption trust check: localHostTrusted = false, remoteHostTrusted = false
2022-05-01 19:32:52,679 INFO sasl.SaslDataTransferClient: SASL encryption trust check: localHostTrusted = false, remoteHostTrusted = false
2022-05-01 19:32:52,680 INFO sasl.SaslDataTransferClient: SASL encryption trust check: localHostTrusted = false, remoteHostTrusted = false
2022-05-01 19:32:52,680 INFO sasl.SaslDataTransferClient: SASL encryption trust check: localHostTrusted = false, remoteHostTrusted = false
Making 1 from 100000 sampled records
Computing parititions took 360ms
Spent 511ms computing partitions.
2022-05-01 19:32:53,191 INFO client.RMProxy: Connecting to ResourceManager at resourcemanager/172.18.0.7:8032
2022-05-01 19:32:53,358 INFO client.AHSProxy: Connecting to Application History server at historyserver/172.18.0.6:10200
2022-05-01 19:32:53,487 INFO mapreduce.JobResourceUploader: Disabling Erasure Coding for path: /tmp/hadoop-yarn/staging/root/.staging/job_1651429169682_0007
2022-05-01 19:32:53,540 INFO sasl.SaslDataTransferClient: SASL encryption trust check: localHostTrusted = false, remoteHostTrusted = false
2022-05-01 19:32:53,622 INFO sasl.SaslDataTransferClient: SASL encryption trust check: localHostTrusted = false, remoteHostTrusted = false
2022-05-01 19:32:53,675 INFO sasl.SaslDataTransferClient: SASL encryption trust check: localHostTrusted = false, remoteHostTrusted = false
2022-05-01 19:32:53,683 INFO mapreduce.JobSubmitter: number of splits:76
2022-05-01 19:32:53,848 INFO sasl.SaslDataTransferClient: SASL encryption trust check: localHostTrusted = false, remoteHostTrusted = false
2022-05-01 19:32:53,878 INFO mapreduce.JobSubmitter: Submitting tokens for job: job_1651429169682_0007
2022-05-01 19:32:53,878 INFO mapreduce.JobSubmitter: Executing with tokens: []
2022-05-01 19:32:54,049 INFO conf.Configuration: resource-types.xml not found
2022-05-01 19:32:54,049 INFO resource.ResourceUtils: Unable to find 'resource-types.xml'.
2022-05-01 19:32:54,306 INFO impl.YarnClientImpl: Submitted application application_1651429169682_0007
2022-05-01 19:32:54,338 INFO mapreduce.Job: The url to track the job: http://resourcemanager:8088/proxy/application_1651429169682_0007/
2022-05-01 19:32:54,339 INFO mapreduce.Job: Running job: job_1651429169682_0007
2022-05-01 19:32:59,410 INFO mapreduce.Job: Job job_1651429169682_0007 running in uber mode : false
2022-05-01 19:32:59,411 INFO mapreduce.Job:  map 0% reduce 0%
2022-05-01 19:33:08,477 INFO mapreduce.Job:  map 1% reduce 0%
2022-05-01 19:33:09,483 INFO mapreduce.Job:  map 3% reduce 0%
2022-05-01 19:33:11,494 INFO mapreduce.Job:  map 4% reduce 0%
2022-05-01 19:33:16,545 INFO mapreduce.Job:  map 5% reduce 0%
2022-05-01 19:33:19,570 INFO mapreduce.Job:  map 7% reduce 0%
2022-05-01 19:33:21,581 INFO mapreduce.Job:  map 8% reduce 0%
2022-05-01 19:33:24,601 INFO mapreduce.Job:  map 9% reduce 0%
2022-05-01 19:33:27,622 INFO mapreduce.Job:  map 11% reduce 0%
2022-05-01 19:33:30,645 INFO mapreduce.Job:  map 12% reduce 0%
2022-05-01 19:33:34,676 INFO mapreduce.Job:  map 13% reduce 0%
2022-05-01 19:33:37,698 INFO mapreduce.Job:  map 14% reduce 0%
2022-05-01 19:33:39,684 INFO mapreduce.Job:  map 16% reduce 0%
2022-05-01 19:33:43,706 INFO mapreduce.Job:  map 17% reduce 0%
2022-05-01 19:33:46,735 INFO mapreduce.Job:  map 18% reduce 0%
2022-05-01 19:33:48,759 INFO mapreduce.Job:  map 20% reduce 0%
2022-05-01 19:33:54,785 INFO mapreduce.Job:  map 21% reduce 0%
2022-05-01 19:33:57,797 INFO mapreduce.Job:  map 22% reduce 0%
2022-05-01 19:33:59,804 INFO mapreduce.Job:  map 22% reduce 7%
2022-05-01 19:34:03,823 INFO mapreduce.Job:  map 24% reduce 7%
2022-05-01 19:34:05,829 INFO mapreduce.Job:  map 25% reduce 8%
2022-05-01 19:34:11,830 INFO mapreduce.Job:  map 26% reduce 8%
2022-05-01 19:34:14,843 INFO mapreduce.Job:  map 28% reduce 8%
2022-05-01 19:34:17,853 INFO mapreduce.Job:  map 28% reduce 9%
2022-05-01 19:34:19,863 INFO mapreduce.Job:  map 29% reduce 9%
2022-05-01 19:34:22,881 INFO mapreduce.Job:  map 30% reduce 9%
2022-05-01 19:34:23,883 INFO mapreduce.Job:  map 30% reduce 10%
2022-05-01 19:34:28,919 INFO mapreduce.Job:  map 32% reduce 10%
2022-05-01 19:34:29,922 INFO mapreduce.Job:  map 32% reduce 11%
2022-05-01 19:34:30,928 INFO mapreduce.Job:  map 33% reduce 11%
2022-05-01 19:34:36,958 INFO mapreduce.Job:  map 34% reduce 11%
2022-05-01 19:34:38,943 INFO mapreduce.Job:  map 36% reduce 11%
2022-05-01 19:34:41,953 INFO mapreduce.Job:  map 36% reduce 12%
2022-05-01 19:34:44,966 INFO mapreduce.Job:  map 37% reduce 12%
2022-05-01 19:34:46,977 INFO mapreduce.Job:  map 38% reduce 12%
2022-05-01 19:34:47,980 INFO mapreduce.Job:  map 38% reduce 13%
2022-05-01 19:34:53,001 INFO mapreduce.Job:  map 39% reduce 13%
2022-05-01 19:34:55,006 INFO mapreduce.Job:  map 41% reduce 13%
2022-05-01 19:35:00,019 INFO mapreduce.Job:  map 41% reduce 14%
2022-05-01 19:35:01,023 INFO mapreduce.Job:  map 42% reduce 14%
2022-05-01 19:35:03,031 INFO mapreduce.Job:  map 43% reduce 14%
2022-05-01 19:35:10,031 INFO mapreduce.Job:  map 45% reduce 14%
2022-05-01 19:35:11,036 INFO mapreduce.Job:  map 46% reduce 14%
2022-05-01 19:35:12,039 INFO mapreduce.Job:  map 46% reduce 15%
2022-05-01 19:35:17,052 INFO mapreduce.Job:  map 47% reduce 15%
2022-05-01 19:35:19,057 INFO mapreduce.Job:  map 49% reduce 15%
2022-05-01 19:35:24,071 INFO mapreduce.Job:  map 49% reduce 16%
2022-05-01 19:35:26,262 INFO mapreduce.Job:  map 50% reduce 16%
2022-05-01 19:35:27,265 INFO mapreduce.Job:  map 51% reduce 16%
2022-05-01 19:35:30,275 INFO mapreduce.Job:  map 51% reduce 17%
2022-05-01 19:35:34,289 INFO mapreduce.Job:  map 53% reduce 17%
2022-05-01 19:35:35,295 INFO mapreduce.Job:  map 54% reduce 17%
2022-05-01 19:35:36,299 INFO mapreduce.Job:  map 54% reduce 18%
2022-05-01 19:35:43,302 INFO mapreduce.Job:  map 55% reduce 18%
2022-05-01 19:35:44,307 INFO mapreduce.Job:  map 57% reduce 18%
2022-05-01 19:35:47,316 INFO mapreduce.Job:  map 57% reduce 19%
2022-05-01 19:35:51,334 INFO mapreduce.Job:  map 58% reduce 19%
2022-05-01 19:35:52,338 INFO mapreduce.Job:  map 59% reduce 19%
2022-05-01 19:35:53,340 INFO mapreduce.Job:  map 59% reduce 20%
2022-05-01 19:35:58,357 INFO mapreduce.Job:  map 61% reduce 20%
2022-05-01 19:35:59,361 INFO mapreduce.Job:  map 62% reduce 20%
2022-05-01 19:36:05,387 INFO mapreduce.Job:  map 62% reduce 21%
2022-05-01 19:36:06,393 INFO mapreduce.Job:  map 63% reduce 21%
2022-05-01 19:36:08,372 INFO mapreduce.Job:  map 64% reduce 21%
2022-05-01 19:36:15,394 INFO mapreduce.Job:  map 66% reduce 21%
2022-05-01 19:36:16,443 INFO mapreduce.Job:  map 67% reduce 21%
2022-05-01 19:36:17,446 INFO mapreduce.Job:  map 67% reduce 22%
2022-05-01 19:36:23,463 INFO mapreduce.Job:  map 68% reduce 22%
2022-05-01 19:36:24,468 INFO mapreduce.Job:  map 70% reduce 22%
2022-05-01 19:36:29,481 INFO mapreduce.Job:  map 70% reduce 23%
2022-05-01 19:36:30,484 INFO mapreduce.Job:  map 71% reduce 23%
2022-05-01 19:36:31,488 INFO mapreduce.Job:  map 72% reduce 23%
2022-05-01 19:36:35,504 INFO mapreduce.Job:  map 72% reduce 24%
2022-05-01 19:36:39,507 INFO mapreduce.Job:  map 74% reduce 24%
2022-05-01 19:36:40,511 INFO mapreduce.Job:  map 75% reduce 24%
2022-05-01 19:36:41,514 INFO mapreduce.Job:  map 75% reduce 25%
2022-05-01 19:36:48,546 INFO mapreduce.Job:  map 78% reduce 25%
2022-05-01 19:36:53,559 INFO mapreduce.Job:  map 78% reduce 26%
2022-05-01 19:36:54,564 INFO mapreduce.Job:  map 79% reduce 26%
2022-05-01 19:36:56,569 INFO mapreduce.Job:  map 80% reduce 26%
2022-05-01 19:36:59,576 INFO mapreduce.Job:  map 80% reduce 27%
2022-05-01 19:37:02,585 INFO mapreduce.Job:  map 82% reduce 27%
2022-05-01 19:37:04,591 INFO mapreduce.Job:  map 83% reduce 27%
2022-05-01 19:37:05,594 INFO mapreduce.Job:  map 83% reduce 28%
2022-05-01 19:37:10,585 INFO mapreduce.Job:  map 84% reduce 28%
2022-05-01 19:37:12,591 INFO mapreduce.Job:  map 86% reduce 28%
2022-05-01 19:37:17,604 INFO mapreduce.Job:  map 86% reduce 29%
2022-05-01 19:37:19,609 INFO mapreduce.Job:  map 87% reduce 29%
2022-05-01 19:37:20,613 INFO mapreduce.Job:  map 88% reduce 29%
2022-05-01 19:37:27,632 INFO mapreduce.Job:  map 89% reduce 29%
2022-05-01 19:37:28,637 INFO mapreduce.Job:  map 91% reduce 29%
2022-05-01 19:37:29,639 INFO mapreduce.Job:  map 91% reduce 30%
2022-05-01 19:37:36,657 INFO mapreduce.Job:  map 92% reduce 30%
2022-05-01 19:37:37,663 INFO mapreduce.Job:  map 93% reduce 30%
2022-05-01 19:37:41,650 INFO mapreduce.Job:  map 93% reduce 31%
2022-05-01 19:37:44,660 INFO mapreduce.Job:  map 95% reduce 31%
2022-05-01 19:37:45,664 INFO mapreduce.Job:  map 96% reduce 31%
2022-05-01 19:37:47,670 INFO mapreduce.Job:  map 96% reduce 32%
2022-05-01 19:37:50,684 INFO mapreduce.Job:  map 97% reduce 32%
2022-05-01 19:37:52,694 INFO mapreduce.Job:  map 99% reduce 32%
2022-05-01 19:37:53,698 INFO mapreduce.Job:  map 99% reduce 33%
2022-05-01 19:37:55,714 INFO mapreduce.Job:  map 100% reduce 33%
2022-05-01 19:38:05,752 INFO mapreduce.Job:  map 100% reduce 68%
2022-05-01 19:38:11,797 INFO mapreduce.Job:  map 100% reduce 71%
2022-05-01 19:38:17,816 INFO mapreduce.Job:  map 100% reduce 73%
2022-05-01 19:38:23,841 INFO mapreduce.Job:  map 100% reduce 76%
2022-05-01 19:38:29,890 INFO mapreduce.Job:  map 100% reduce 79%
2022-05-01 19:38:35,914 INFO mapreduce.Job:  map 100% reduce 81%
2022-05-01 19:38:41,944 INFO mapreduce.Job:  map 100% reduce 84%
2022-05-01 19:38:47,964 INFO mapreduce.Job:  map 100% reduce 86%
2022-05-01 19:38:54,020 INFO mapreduce.Job:  map 100% reduce 89%
2022-05-01 19:39:00,130 INFO mapreduce.Job:  map 100% reduce 92%
2022-05-01 19:39:06,155 INFO mapreduce.Job:  map 100% reduce 94%
2022-05-01 19:39:12,170 INFO mapreduce.Job:  map 100% reduce 97%
2022-05-01 19:39:18,208 INFO mapreduce.Job:  map 100% reduce 99%
2022-05-01 19:39:22,229 INFO mapreduce.Job:  map 100% reduce 100%
2022-05-01 19:39:22,241 INFO mapreduce.Job: Job job_1651429169682_0007 completed successfully
2022-05-01 19:39:22,355 INFO mapreduce.Job: Counters: 55
	File System Counters
		FILE: Number of bytes read=10887056945
		FILE: Number of bytes written=16407227748
		FILE: Number of read operations=0
		FILE: Number of large read operations=0
		FILE: Number of write operations=0
		HDFS: Number of bytes read=10000010336
		HDFS: Number of bytes written=10000000000
		HDFS: Number of read operations=233
		HDFS: Number of large read operations=0
		HDFS: Number of write operations=2
		HDFS: Number of bytes read erasure-coded=0
	Job Counters 
		Killed map tasks=1
		Launched map tasks=76
		Launched reduce tasks=1
		Rack-local map tasks=76
		Total time spent by all maps in occupied slots (ms)=925070
		Total time spent by all reduces in occupied slots (ms)=336353
		Total time spent by all map tasks (ms)=462535
		Total time spent by all reduce tasks (ms)=336353
		Total vcore-milliseconds taken by all map tasks=462535
		Total vcore-milliseconds taken by all reduce tasks=336353
		Total megabyte-milliseconds taken by all map tasks=947271680
		Total megabyte-milliseconds taken by all reduce tasks=344425472
	Map-Reduce Framework
		Map input records=100000000
		Map output records=100000000
		Map output bytes=10200000000
		Map output materialized bytes=5502468877
		Input split bytes=10336
		Combine input records=0
		Combine output records=0
		Reduce input groups=100000000
		Reduce shuffle bytes=5502468877
		Reduce input records=100000000
		Reduce output records=100000000
		Spilled Records=296636765
		Shuffled Maps =76
		Failed Shuffles=0
		Merged Map outputs=76
		GC time elapsed (ms)=4976
		CPU time spent (ms)=574060
		Physical memory (bytes) snapshot=36314329088
		Virtual memory (bytes) snapshot=271526850560
		Total committed heap usage (bytes)=34178334720
		Peak Map Physical memory (bytes)=517263360
		Peak Map Virtual memory (bytes)=3545726976
		Peak Reduce Physical memory (bytes)=543940608
		Peak Reduce Virtual memory (bytes)=2690076672
	Shuffle Errors
		BAD_ID=0
		CONNECTION=0
		IO_ERROR=0
		WRONG_LENGTH=0
		WRONG_MAP=0
		WRONG_REDUCE=0
	File Input Format Counters 
		Bytes Read=10000000000
	File Output Format Counters 
		Bytes Written=10000000000
2022-05-01 19:39:22,357 INFO terasort.TeraSort: done
	Command being timed: "hadoop jar hadoop-mapreduce-examples-3.2.1.jar terasort -D mapreduce.map.log.level=INFO -D mapreduce.reduce.log.level=INFO -D yarn.app.mapreduce.am.log.level=INFO -D yarn.nodemanager.resource.detect-hardware-capabilities=true -D yarn.nodemanager.resource.memory-mb=-1 -D mapreduce.task.io.sort.mb=256 -D mapreduce.map.memory.mb=2048 -D io.file.buffer.size=131072 -D mapreduce.map.output.compress=true -D mapreduce.map.output.compress.codec=org.apache.hadoop.io.compress.Lz4Codec -D mapreduce.output.fileoutputformat.compress=true -D mapreduce.output.fileoutputformat.compress.codec=org.apache.hadoop.io.compress.Lz4Codec -D mapreduce.output.fileoutputformat.compress.type=BLOCK -D dfs.blocksize=335544320 -D dfs.replication=1 /user/root/terasort/10G-terasort-input /user/root/terasort/10G-terasort-output"
	User time (seconds): 6.79
	System time (seconds): 0.76
	Percent of CPU this job got: 1%
	Elapsed (wall clock) time (h:mm:ss or m:ss): 6:31.40
	Average shared text size (kbytes): 0
	Average unshared data size (kbytes): 0
	Average stack size (kbytes): 0
	Average total size (kbytes): 0
	Maximum resident set size (kbytes): 315748
	Average resident set size (kbytes): 0
	Major (requiring I/O) page faults: 275
	Minor (reclaiming a frame) page faults: 88947
	Voluntary context switches: 21414
	Involuntary context switches: 5267
	Swaps: 0
	File system inputs: 15112
	File system outputs: 4600
	Socket messages sent: 0
	Socket messages received: 0
	Signals delivered: 0
	Page size (bytes): 4096
	Exit status: 0
