2022-05-01 19:45:31,882 INFO terasort.TeraSort: starting
2022-05-01 19:45:32,482 INFO input.FileInputFormat: Total input files to process : 2
Spent 113ms computing base-splits.
Spent 1ms computing TeraScheduler splits.
Computing input splits took 116ms
Sampling 10 splits of 76
2022-05-01 19:45:32,547 INFO sasl.SaslDataTransferClient: SASL encryption trust check: localHostTrusted = false, remoteHostTrusted = false
2022-05-01 19:45:32,547 INFO sasl.SaslDataTransferClient: SASL encryption trust check: localHostTrusted = false, remoteHostTrusted = false
2022-05-01 19:45:32,547 INFO sasl.SaslDataTransferClient: SASL encryption trust check: localHostTrusted = false, remoteHostTrusted = false
2022-05-01 19:45:32,547 INFO sasl.SaslDataTransferClient: SASL encryption trust check: localHostTrusted = false, remoteHostTrusted = false
2022-05-01 19:45:32,547 INFO sasl.SaslDataTransferClient: SASL encryption trust check: localHostTrusted = false, remoteHostTrusted = false
2022-05-01 19:45:32,547 INFO sasl.SaslDataTransferClient: SASL encryption trust check: localHostTrusted = false, remoteHostTrusted = false
2022-05-01 19:45:32,547 INFO sasl.SaslDataTransferClient: SASL encryption trust check: localHostTrusted = false, remoteHostTrusted = false
2022-05-01 19:45:32,547 INFO sasl.SaslDataTransferClient: SASL encryption trust check: localHostTrusted = false, remoteHostTrusted = false
2022-05-01 19:45:32,547 INFO sasl.SaslDataTransferClient: SASL encryption trust check: localHostTrusted = false, remoteHostTrusted = false
2022-05-01 19:45:32,547 INFO sasl.SaslDataTransferClient: SASL encryption trust check: localHostTrusted = false, remoteHostTrusted = false
Making 1 from 100000 sampled records
Computing parititions took 293ms
Spent 411ms computing partitions.
2022-05-01 19:45:32,914 INFO client.RMProxy: Connecting to ResourceManager at resourcemanager/172.18.0.7:8032
2022-05-01 19:45:33,028 INFO client.AHSProxy: Connecting to Application History server at historyserver/172.18.0.6:10200
2022-05-01 19:45:33,145 INFO mapreduce.JobResourceUploader: Disabling Erasure Coding for path: /tmp/hadoop-yarn/staging/root/.staging/job_1651429169682_0008
2022-05-01 19:45:33,183 INFO sasl.SaslDataTransferClient: SASL encryption trust check: localHostTrusted = false, remoteHostTrusted = false
2022-05-01 19:45:33,252 INFO sasl.SaslDataTransferClient: SASL encryption trust check: localHostTrusted = false, remoteHostTrusted = false
2022-05-01 19:45:33,317 INFO sasl.SaslDataTransferClient: SASL encryption trust check: localHostTrusted = false, remoteHostTrusted = false
2022-05-01 19:45:33,323 INFO mapreduce.JobSubmitter: number of splits:76
2022-05-01 19:45:33,477 INFO sasl.SaslDataTransferClient: SASL encryption trust check: localHostTrusted = false, remoteHostTrusted = false
2022-05-01 19:45:33,484 INFO mapreduce.JobSubmitter: Submitting tokens for job: job_1651429169682_0008
2022-05-01 19:45:33,484 INFO mapreduce.JobSubmitter: Executing with tokens: []
2022-05-01 19:45:33,652 INFO conf.Configuration: resource-types.xml not found
2022-05-01 19:45:33,652 INFO resource.ResourceUtils: Unable to find 'resource-types.xml'.
2022-05-01 19:45:34,120 INFO impl.YarnClientImpl: Submitted application application_1651429169682_0008
2022-05-01 19:45:34,158 INFO mapreduce.Job: The url to track the job: http://resourcemanager:8088/proxy/application_1651429169682_0008/
2022-05-01 19:45:34,158 INFO mapreduce.Job: Running job: job_1651429169682_0008
2022-05-01 19:45:39,216 INFO mapreduce.Job: Job job_1651429169682_0008 running in uber mode : false
2022-05-01 19:45:39,217 INFO mapreduce.Job:  map 0% reduce 0%
2022-05-01 19:45:48,293 INFO mapreduce.Job:  map 1% reduce 0%
2022-05-01 19:45:49,307 INFO mapreduce.Job:  map 3% reduce 0%
2022-05-01 19:45:50,313 INFO mapreduce.Job:  map 4% reduce 0%
2022-05-01 19:45:56,348 INFO mapreduce.Job:  map 5% reduce 0%
2022-05-01 19:45:57,352 INFO mapreduce.Job:  map 7% reduce 0%
2022-05-01 19:45:59,360 INFO mapreduce.Job:  map 8% reduce 0%
2022-05-01 19:46:04,394 INFO mapreduce.Job:  map 9% reduce 0%
2022-05-01 19:46:05,400 INFO mapreduce.Job:  map 11% reduce 0%
2022-05-01 19:46:08,390 INFO mapreduce.Job:  map 12% reduce 0%
2022-05-01 19:46:12,418 INFO mapreduce.Job:  map 13% reduce 0%
2022-05-01 19:46:13,421 INFO mapreduce.Job:  map 14% reduce 0%
2022-05-01 19:46:17,439 INFO mapreduce.Job:  map 16% reduce 0%
2022-05-01 19:46:20,453 INFO mapreduce.Job:  map 17% reduce 0%
2022-05-01 19:46:22,460 INFO mapreduce.Job:  map 18% reduce 0%
2022-05-01 19:46:27,487 INFO mapreduce.Job:  map 20% reduce 0%
2022-05-01 19:46:29,495 INFO mapreduce.Job:  map 21% reduce 0%
2022-05-01 19:46:36,535 INFO mapreduce.Job:  map 22% reduce 0%
2022-05-01 19:46:37,540 INFO mapreduce.Job:  map 24% reduce 7%
2022-05-01 19:46:43,543 INFO mapreduce.Job:  map 24% reduce 8%
2022-05-01 19:46:44,553 INFO mapreduce.Job:  map 25% reduce 8%
2022-05-01 19:46:45,557 INFO mapreduce.Job:  map 26% reduce 8%
2022-05-01 19:46:49,582 INFO mapreduce.Job:  map 26% reduce 9%
2022-05-01 19:46:52,594 INFO mapreduce.Job:  map 28% reduce 9%
2022-05-01 19:46:54,601 INFO mapreduce.Job:  map 29% reduce 9%
2022-05-01 19:46:55,606 INFO mapreduce.Job:  map 29% reduce 10%
2022-05-01 19:47:00,631 INFO mapreduce.Job:  map 30% reduce 10%
2022-05-01 19:47:01,638 INFO mapreduce.Job:  map 32% reduce 10%
2022-05-01 19:47:06,663 INFO mapreduce.Job:  map 32% reduce 11%
2022-05-01 19:47:08,652 INFO mapreduce.Job:  map 33% reduce 11%
2022-05-01 19:47:09,657 INFO mapreduce.Job:  map 34% reduce 11%
2022-05-01 19:47:16,689 INFO mapreduce.Job:  map 36% reduce 11%
2022-05-01 19:47:17,694 INFO mapreduce.Job:  map 37% reduce 11%
2022-05-01 19:47:18,696 INFO mapreduce.Job:  map 37% reduce 12%
2022-05-01 19:47:23,720 INFO mapreduce.Job:  map 38% reduce 12%
2022-05-01 19:47:24,723 INFO mapreduce.Job:  map 38% reduce 13%
2022-05-01 19:47:25,728 INFO mapreduce.Job:  map 39% reduce 13%
2022-05-01 19:47:32,893 INFO mapreduce.Job:  map 42% reduce 13%
2022-05-01 19:47:36,906 INFO mapreduce.Job:  map 42% reduce 14%
2022-05-01 19:47:39,900 INFO mapreduce.Job:  map 43% reduce 14%
2022-05-01 19:47:40,908 INFO mapreduce.Job:  map 45% reduce 14%
2022-05-01 19:47:42,918 INFO mapreduce.Job:  map 45% reduce 15%
2022-05-01 19:47:47,945 INFO mapreduce.Job:  map 46% reduce 15%
2022-05-01 19:47:48,950 INFO mapreduce.Job:  map 47% reduce 15%
2022-05-01 19:47:54,982 INFO mapreduce.Job:  map 47% reduce 16%
2022-05-01 19:47:55,985 INFO mapreduce.Job:  map 49% reduce 16%
2022-05-01 19:47:56,988 INFO mapreduce.Job:  map 50% reduce 16%
2022-05-01 19:48:01,002 INFO mapreduce.Job:  map 50% reduce 17%
2022-05-01 19:48:04,012 INFO mapreduce.Job:  map 51% reduce 17%
2022-05-01 19:48:06,019 INFO mapreduce.Job:  map 53% reduce 17%
2022-05-01 19:48:07,022 INFO mapreduce.Job:  map 53% reduce 18%
2022-05-01 19:48:13,019 INFO mapreduce.Job:  map 55% reduce 18%
2022-05-01 19:48:20,054 INFO mapreduce.Job:  map 57% reduce 18%
2022-05-01 19:48:21,059 INFO mapreduce.Job:  map 58% reduce 18%
2022-05-01 19:48:25,078 INFO mapreduce.Job:  map 58% reduce 19%
2022-05-01 19:48:28,100 INFO mapreduce.Job:  map 59% reduce 19%
2022-05-01 19:48:29,105 INFO mapreduce.Job:  map 61% reduce 19%
2022-05-01 19:48:31,117 INFO mapreduce.Job:  map 61% reduce 20%
2022-05-01 19:48:37,142 INFO mapreduce.Job:  map 62% reduce 21%
2022-05-01 19:48:38,124 INFO mapreduce.Job:  map 63% reduce 21%
2022-05-01 19:48:45,181 INFO mapreduce.Job:  map 64% reduce 21%
2022-05-01 19:48:46,186 INFO mapreduce.Job:  map 66% reduce 21%
2022-05-01 19:48:49,202 INFO mapreduce.Job:  map 66% reduce 22%
2022-05-01 19:48:52,221 INFO mapreduce.Job:  map 67% reduce 22%
2022-05-01 19:48:53,225 INFO mapreduce.Job:  map 68% reduce 22%
2022-05-01 19:48:55,235 INFO mapreduce.Job:  map 68% reduce 23%
2022-05-01 19:49:00,251 INFO mapreduce.Job:  map 70% reduce 23%
2022-05-01 19:49:01,258 INFO mapreduce.Job:  map 71% reduce 23%
2022-05-01 19:49:07,277 INFO mapreduce.Job:  map 71% reduce 24%
2022-05-01 19:49:08,258 INFO mapreduce.Job:  map 72% reduce 24%
2022-05-01 19:49:09,261 INFO mapreduce.Job:  map 74% reduce 24%
2022-05-01 19:49:13,284 INFO mapreduce.Job:  map 74% reduce 25%
2022-05-01 19:49:17,305 INFO mapreduce.Job:  map 75% reduce 25%
2022-05-01 19:49:18,308 INFO mapreduce.Job:  map 76% reduce 25%
2022-05-01 19:49:25,332 INFO mapreduce.Job:  map 78% reduce 25%
2022-05-01 19:49:26,358 INFO mapreduce.Job:  map 79% reduce 25%
2022-05-01 19:49:31,379 INFO mapreduce.Job:  map 79% reduce 26%
2022-05-01 19:49:32,381 INFO mapreduce.Job:  map 80% reduce 26%
2022-05-01 19:49:33,388 INFO mapreduce.Job:  map 82% reduce 26%
2022-05-01 19:49:37,400 INFO mapreduce.Job:  map 82% reduce 27%
2022-05-01 19:49:39,389 INFO mapreduce.Job:  map 83% reduce 27%
2022-05-01 19:49:40,422 INFO mapreduce.Job:  map 84% reduce 27%
2022-05-01 19:49:43,432 INFO mapreduce.Job:  map 84% reduce 28%
2022-05-01 19:49:47,445 INFO mapreduce.Job:  map 86% reduce 28%
2022-05-01 19:49:49,455 INFO mapreduce.Job:  map 87% reduce 29%
2022-05-01 19:49:57,483 INFO mapreduce.Job:  map 89% reduce 29%
2022-05-01 19:50:01,492 INFO mapreduce.Job:  map 89% reduce 30%
2022-05-01 19:50:04,502 INFO mapreduce.Job:  map 91% reduce 30%
2022-05-01 19:50:05,505 INFO mapreduce.Job:  map 92% reduce 30%
2022-05-01 19:50:07,497 INFO mapreduce.Job:  map 92% reduce 31%
2022-05-01 19:50:12,520 INFO mapreduce.Job:  map 93% reduce 31%
2022-05-01 19:50:13,526 INFO mapreduce.Job:  map 95% reduce 31%
2022-05-01 19:50:19,556 INFO mapreduce.Job:  map 95% reduce 32%
2022-05-01 19:50:20,560 INFO mapreduce.Job:  map 96% reduce 32%
2022-05-01 19:50:21,562 INFO mapreduce.Job:  map 97% reduce 32%
2022-05-01 19:50:25,573 INFO mapreduce.Job:  map 99% reduce 32%
2022-05-01 19:50:27,578 INFO mapreduce.Job:  map 100% reduce 32%
2022-05-01 19:50:31,586 INFO mapreduce.Job:  map 100% reduce 33%
2022-05-01 19:50:37,576 INFO mapreduce.Job:  map 100% reduce 67%
2022-05-01 19:50:43,595 INFO mapreduce.Job:  map 100% reduce 70%
2022-05-01 19:50:49,610 INFO mapreduce.Job:  map 100% reduce 72%
2022-05-01 19:50:55,630 INFO mapreduce.Job:  map 100% reduce 75%
2022-05-01 19:51:01,655 INFO mapreduce.Job:  map 100% reduce 78%
2022-05-01 19:51:07,644 INFO mapreduce.Job:  map 100% reduce 80%
2022-05-01 19:51:13,669 INFO mapreduce.Job:  map 100% reduce 83%
2022-05-01 19:51:19,688 INFO mapreduce.Job:  map 100% reduce 86%
2022-05-01 19:51:25,803 INFO mapreduce.Job:  map 100% reduce 88%
2022-05-01 19:51:32,005 INFO mapreduce.Job:  map 100% reduce 91%
2022-05-01 19:51:37,209 INFO mapreduce.Job:  map 100% reduce 93%
2022-05-01 19:51:43,204 INFO mapreduce.Job:  map 100% reduce 95%
2022-05-01 19:51:49,224 INFO mapreduce.Job:  map 100% reduce 98%
2022-05-01 19:51:55,241 INFO mapreduce.Job:  map 100% reduce 100%
2022-05-01 19:51:57,273 INFO mapreduce.Job: Job job_1651429169682_0008 completed successfully
2022-05-01 19:51:57,571 INFO mapreduce.Job: Counters: 55
	File System Counters
		FILE: Number of bytes read=10887056945
		FILE: Number of bytes written=16407227748
		FILE: Number of read operations=0
		FILE: Number of large read operations=0
		FILE: Number of write operations=0
		HDFS: Number of bytes read=10000010336
		HDFS: Number of bytes written=10000000000
		HDFS: Number of read operations=233
		HDFS: Number of large read operations=0
		HDFS: Number of write operations=2
		HDFS: Number of bytes read erasure-coded=0
	Job Counters 
		Killed map tasks=1
		Launched map tasks=76
		Launched reduce tasks=1
		Rack-local map tasks=76
		Total time spent by all maps in occupied slots (ms)=904136
		Total time spent by all reduces in occupied slots (ms)=332920
		Total time spent by all map tasks (ms)=452068
		Total time spent by all reduce tasks (ms)=332920
		Total vcore-milliseconds taken by all map tasks=452068
		Total vcore-milliseconds taken by all reduce tasks=332920
		Total megabyte-milliseconds taken by all map tasks=925835264
		Total megabyte-milliseconds taken by all reduce tasks=340910080
	Map-Reduce Framework
		Map input records=100000000
		Map output records=100000000
		Map output bytes=10200000000
		Map output materialized bytes=5502468877
		Input split bytes=10336
		Combine input records=0
		Combine output records=0
		Reduce input groups=100000000
		Reduce shuffle bytes=5502468877
		Reduce input records=100000000
		Reduce output records=100000000
		Spilled Records=296636765
		Shuffled Maps =76
		Failed Shuffles=0
		Merged Map outputs=76
		GC time elapsed (ms)=5010
		CPU time spent (ms)=562290
		Physical memory (bytes) snapshot=36395302912
		Virtual memory (bytes) snapshot=271532072960
		Total committed heap usage (bytes)=34367078400
		Peak Map Physical memory (bytes)=537665536
		Peak Map Virtual memory (bytes)=3546836992
		Peak Reduce Physical memory (bytes)=541442048
		Peak Reduce Virtual memory (bytes)=2672054272
	Shuffle Errors
		BAD_ID=0
		CONNECTION=0
		IO_ERROR=0
		WRONG_LENGTH=0
		WRONG_MAP=0
		WRONG_REDUCE=0
	File Input Format Counters 
		Bytes Read=10000000000
	File Output Format Counters 
		Bytes Written=10000000000
2022-05-01 19:51:57,572 INFO terasort.TeraSort: done
	Command being timed: "hadoop jar hadoop-mapreduce-examples-3.2.1.jar terasort -D mapreduce.map.log.level=INFO -D mapreduce.reduce.log.level=INFO -D yarn.app.mapreduce.am.log.level=INFO -D yarn.nodemanager.resource.detect-hardware-capabilities=true -D yarn.nodemanager.resource.memory-mb=-1 -D mapreduce.task.io.sort.mb=256 -D mapreduce.map.memory.mb=2048 -D io.file.buffer.size=131072 -D mapreduce.map.output.compress=true -D mapreduce.map.output.compress.codec=org.apache.hadoop.io.compress.Lz4Codec -D mapreduce.output.fileoutputformat.compress=true -D mapreduce.output.fileoutputformat.compress.codec=org.apache.hadoop.io.compress.Lz4Codec -D mapreduce.output.fileoutputformat.compress.type=BLOCK -D dfs.blocksize=335544320 -D dfs.replication=1 /user/root/terasort/10G-terasort-input /user/root/terasort/10G-terasort-output"
	User time (seconds): 5.95
	System time (seconds): 0.63
	Percent of CPU this job got: 1%
	Elapsed (wall clock) time (h:mm:ss or m:ss): 6:26.57
	Average shared text size (kbytes): 0
	Average unshared data size (kbytes): 0
	Average stack size (kbytes): 0
	Average total size (kbytes): 0
	Maximum resident set size (kbytes): 319792
	Average resident set size (kbytes): 0
	Major (requiring I/O) page faults: 256
	Minor (reclaiming a frame) page faults: 91033
	Voluntary context switches: 21475
	Involuntary context switches: 5452
	Swaps: 0
	File system inputs: 14600
	File system outputs: 4344
	Socket messages sent: 0
	Socket messages received: 0
	Signals delivered: 0
	Page size (bytes): 4096
	Exit status: 0
