2022-05-01 19:52:37,779 INFO terasort.TeraSort: starting
2022-05-01 19:52:38,386 INFO input.FileInputFormat: Total input files to process : 2
Spent 109ms computing base-splits.
Spent 2ms computing TeraScheduler splits.
Computing input splits took 112ms
Sampling 10 splits of 76
2022-05-01 19:52:38,460 INFO sasl.SaslDataTransferClient: SASL encryption trust check: localHostTrusted = false, remoteHostTrusted = false
2022-05-01 19:52:38,460 INFO sasl.SaslDataTransferClient: SASL encryption trust check: localHostTrusted = false, remoteHostTrusted = false
2022-05-01 19:52:38,460 INFO sasl.SaslDataTransferClient: SASL encryption trust check: localHostTrusted = false, remoteHostTrusted = false
2022-05-01 19:52:38,460 INFO sasl.SaslDataTransferClient: SASL encryption trust check: localHostTrusted = false, remoteHostTrusted = false
2022-05-01 19:52:38,460 INFO sasl.SaslDataTransferClient: SASL encryption trust check: localHostTrusted = false, remoteHostTrusted = false
2022-05-01 19:52:38,460 INFO sasl.SaslDataTransferClient: SASL encryption trust check: localHostTrusted = false, remoteHostTrusted = false
2022-05-01 19:52:38,460 INFO sasl.SaslDataTransferClient: SASL encryption trust check: localHostTrusted = false, remoteHostTrusted = false
2022-05-01 19:52:38,460 INFO sasl.SaslDataTransferClient: SASL encryption trust check: localHostTrusted = false, remoteHostTrusted = false
2022-05-01 19:52:38,460 INFO sasl.SaslDataTransferClient: SASL encryption trust check: localHostTrusted = false, remoteHostTrusted = false
2022-05-01 19:52:38,461 INFO sasl.SaslDataTransferClient: SASL encryption trust check: localHostTrusted = false, remoteHostTrusted = false
Making 1 from 100000 sampled records
Computing parititions took 338ms
Spent 452ms computing partitions.
2022-05-01 19:52:38,880 INFO client.RMProxy: Connecting to ResourceManager at resourcemanager/172.18.0.7:8032
2022-05-01 19:52:39,002 INFO client.AHSProxy: Connecting to Application History server at historyserver/172.18.0.6:10200
2022-05-01 19:52:39,093 INFO mapreduce.JobResourceUploader: Disabling Erasure Coding for path: /tmp/hadoop-yarn/staging/root/.staging/job_1651429169682_0009
2022-05-01 19:52:39,128 INFO sasl.SaslDataTransferClient: SASL encryption trust check: localHostTrusted = false, remoteHostTrusted = false
2022-05-01 19:52:39,604 INFO sasl.SaslDataTransferClient: SASL encryption trust check: localHostTrusted = false, remoteHostTrusted = false
2022-05-01 19:52:39,639 INFO sasl.SaslDataTransferClient: SASL encryption trust check: localHostTrusted = false, remoteHostTrusted = false
2022-05-01 19:52:39,646 INFO mapreduce.JobSubmitter: number of splits:76
2022-05-01 19:52:39,774 INFO sasl.SaslDataTransferClient: SASL encryption trust check: localHostTrusted = false, remoteHostTrusted = false
2022-05-01 19:52:39,782 INFO mapreduce.JobSubmitter: Submitting tokens for job: job_1651429169682_0009
2022-05-01 19:52:39,783 INFO mapreduce.JobSubmitter: Executing with tokens: []
2022-05-01 19:52:39,918 INFO conf.Configuration: resource-types.xml not found
2022-05-01 19:52:39,918 INFO resource.ResourceUtils: Unable to find 'resource-types.xml'.
2022-05-01 19:52:40,169 INFO impl.YarnClientImpl: Submitted application application_1651429169682_0009
2022-05-01 19:52:40,202 INFO mapreduce.Job: The url to track the job: http://resourcemanager:8088/proxy/application_1651429169682_0009/
2022-05-01 19:52:40,202 INFO mapreduce.Job: Running job: job_1651429169682_0009
2022-05-01 19:52:44,300 INFO mapreduce.Job: Job job_1651429169682_0009 running in uber mode : false
2022-05-01 19:52:44,302 INFO mapreduce.Job:  map 0% reduce 0%
2022-05-01 19:52:54,481 INFO mapreduce.Job:  map 1% reduce 0%
2022-05-01 19:52:55,496 INFO mapreduce.Job:  map 3% reduce 0%
2022-05-01 19:52:56,501 INFO mapreduce.Job:  map 4% reduce 0%
2022-05-01 19:53:03,553 INFO mapreduce.Job:  map 5% reduce 0%
2022-05-01 19:53:05,576 INFO mapreduce.Job:  map 7% reduce 0%
2022-05-01 19:53:06,584 INFO mapreduce.Job:  map 8% reduce 0%
2022-05-01 19:53:12,626 INFO mapreduce.Job:  map 9% reduce 0%
2022-05-01 19:53:13,630 INFO mapreduce.Job:  map 11% reduce 0%
2022-05-01 19:53:14,634 INFO mapreduce.Job:  map 12% reduce 0%
2022-05-01 19:53:20,660 INFO mapreduce.Job:  map 13% reduce 0%
2022-05-01 19:53:21,664 INFO mapreduce.Job:  map 14% reduce 0%
2022-05-01 19:53:23,673 INFO mapreduce.Job:  map 16% reduce 0%
2022-05-01 19:53:29,700 INFO mapreduce.Job:  map 17% reduce 0%
2022-05-01 19:53:30,704 INFO mapreduce.Job:  map 18% reduce 0%
2022-05-01 19:53:31,709 INFO mapreduce.Job:  map 20% reduce 0%
2022-05-01 19:53:37,715 INFO mapreduce.Job:  map 21% reduce 0%
2022-05-01 19:53:40,729 INFO mapreduce.Job:  map 22% reduce 0%
2022-05-01 19:53:45,748 INFO mapreduce.Job:  map 22% reduce 7%
2022-05-01 19:53:46,752 INFO mapreduce.Job:  map 24% reduce 7%
2022-05-01 19:53:48,759 INFO mapreduce.Job:  map 25% reduce 7%
2022-05-01 19:53:51,769 INFO mapreduce.Job:  map 25% reduce 8%
2022-05-01 19:53:53,781 INFO mapreduce.Job:  map 26% reduce 8%
2022-05-01 19:53:57,795 INFO mapreduce.Job:  map 28% reduce 9%
2022-05-01 19:54:02,814 INFO mapreduce.Job:  map 29% reduce 9%
2022-05-01 19:54:04,824 INFO mapreduce.Job:  map 30% reduce 9%
2022-05-01 19:54:09,828 INFO mapreduce.Job:  map 30% reduce 10%
2022-05-01 19:54:10,832 INFO mapreduce.Job:  map 32% reduce 10%
2022-05-01 19:54:12,842 INFO mapreduce.Job:  map 33% reduce 10%
2022-05-01 19:54:15,857 INFO mapreduce.Job:  map 33% reduce 11%
2022-05-01 19:54:18,867 INFO mapreduce.Job:  map 34% reduce 11%
2022-05-01 19:54:20,875 INFO mapreduce.Job:  map 36% reduce 11%
2022-05-01 19:54:26,910 INFO mapreduce.Job:  map 37% reduce 11%
2022-05-01 19:54:27,917 INFO mapreduce.Job:  map 37% reduce 12%
2022-05-01 19:54:28,919 INFO mapreduce.Job:  map 38% reduce 12%
2022-05-01 19:54:33,945 INFO mapreduce.Job:  map 38% reduce 13%
2022-05-01 19:54:34,950 INFO mapreduce.Job:  map 39% reduce 13%
2022-05-01 19:54:36,958 INFO mapreduce.Job:  map 41% reduce 13%
2022-05-01 19:54:39,945 INFO mapreduce.Job:  map 41% reduce 14%
2022-05-01 19:54:42,960 INFO mapreduce.Job:  map 42% reduce 14%
2022-05-01 19:54:44,966 INFO mapreduce.Job:  map 43% reduce 14%
2022-05-01 19:54:51,002 INFO mapreduce.Job:  map 45% reduce 14%
2022-05-01 19:54:53,013 INFO mapreduce.Job:  map 46% reduce 14%
2022-05-01 19:54:58,032 INFO mapreduce.Job:  map 46% reduce 15%
2022-05-01 19:54:59,035 INFO mapreduce.Job:  map 47% reduce 15%
2022-05-01 19:55:01,041 INFO mapreduce.Job:  map 49% reduce 15%
2022-05-01 19:55:04,050 INFO mapreduce.Job:  map 49% reduce 16%
2022-05-01 19:55:07,061 INFO mapreduce.Job:  map 50% reduce 16%
2022-05-01 19:55:09,044 INFO mapreduce.Job:  map 51% reduce 16%
2022-05-01 19:55:10,046 INFO mapreduce.Job:  map 51% reduce 17%
2022-05-01 19:55:15,067 INFO mapreduce.Job:  map 53% reduce 17%
2022-05-01 19:55:17,074 INFO mapreduce.Job:  map 54% reduce 17%
2022-05-01 19:55:21,084 INFO mapreduce.Job:  map 54% reduce 18%
2022-05-01 19:55:23,093 INFO mapreduce.Job:  map 55% reduce 18%
2022-05-01 19:55:24,097 INFO mapreduce.Job:  map 57% reduce 18%
2022-05-01 19:55:27,106 INFO mapreduce.Job:  map 57% reduce 19%
2022-05-01 19:55:31,116 INFO mapreduce.Job:  map 58% reduce 19%
2022-05-01 19:55:32,200 INFO mapreduce.Job:  map 59% reduce 19%
2022-05-01 19:55:33,205 INFO mapreduce.Job:  map 59% reduce 20%
2022-05-01 19:55:39,199 INFO mapreduce.Job:  map 61% reduce 20%
2022-05-01 19:55:40,204 INFO mapreduce.Job:  map 62% reduce 20%
2022-05-01 19:55:45,217 INFO mapreduce.Job:  map 62% reduce 21%
2022-05-01 19:55:47,223 INFO mapreduce.Job:  map 63% reduce 21%
2022-05-01 19:55:48,226 INFO mapreduce.Job:  map 64% reduce 21%
2022-05-01 19:55:56,254 INFO mapreduce.Job:  map 67% reduce 21%
2022-05-01 19:55:57,257 INFO mapreduce.Job:  map 67% reduce 22%
2022-05-01 19:56:03,275 INFO mapreduce.Job:  map 68% reduce 22%
2022-05-01 19:56:04,279 INFO mapreduce.Job:  map 70% reduce 22%
2022-05-01 19:56:09,269 INFO mapreduce.Job:  map 70% reduce 23%
2022-05-01 19:56:11,275 INFO mapreduce.Job:  map 71% reduce 23%
2022-05-01 19:56:12,278 INFO mapreduce.Job:  map 72% reduce 23%
2022-05-01 19:56:15,286 INFO mapreduce.Job:  map 72% reduce 24%
2022-05-01 19:56:19,302 INFO mapreduce.Job:  map 74% reduce 24%
2022-05-01 19:56:20,304 INFO mapreduce.Job:  map 75% reduce 24%
2022-05-01 19:56:21,306 INFO mapreduce.Job:  map 75% reduce 25%
2022-05-01 19:56:28,323 INFO mapreduce.Job:  map 78% reduce 25%
2022-05-01 19:56:33,337 INFO mapreduce.Job:  map 78% reduce 26%
2022-05-01 19:56:35,342 INFO mapreduce.Job:  map 79% reduce 26%
2022-05-01 19:56:36,345 INFO mapreduce.Job:  map 80% reduce 26%
2022-05-01 19:56:39,331 INFO mapreduce.Job:  map 80% reduce 27%
2022-05-01 19:56:43,346 INFO mapreduce.Job:  map 82% reduce 27%
2022-05-01 19:56:44,349 INFO mapreduce.Job:  map 83% reduce 27%
2022-05-01 19:56:45,352 INFO mapreduce.Job:  map 83% reduce 28%
2022-05-01 19:56:51,368 INFO mapreduce.Job:  map 84% reduce 28%
2022-05-01 19:56:52,370 INFO mapreduce.Job:  map 86% reduce 28%
2022-05-01 19:56:57,383 INFO mapreduce.Job:  map 86% reduce 29%
2022-05-01 19:56:59,524 INFO mapreduce.Job:  map 87% reduce 29%
2022-05-01 19:57:00,528 INFO mapreduce.Job:  map 88% reduce 29%
2022-05-01 19:57:08,528 INFO mapreduce.Job:  map 91% reduce 29%
2022-05-01 19:57:09,530 INFO mapreduce.Job:  map 91% reduce 30%
2022-05-01 19:57:15,544 INFO mapreduce.Job:  map 92% reduce 31%
2022-05-01 19:57:16,547 INFO mapreduce.Job:  map 93% reduce 31%
2022-05-01 19:57:23,568 INFO mapreduce.Job:  map 95% reduce 31%
2022-05-01 19:57:24,570 INFO mapreduce.Job:  map 96% reduce 31%
2022-05-01 19:57:27,577 INFO mapreduce.Job:  map 96% reduce 32%
2022-05-01 19:57:29,581 INFO mapreduce.Job:  map 97% reduce 32%
2022-05-01 19:57:31,587 INFO mapreduce.Job:  map 99% reduce 32%
2022-05-01 19:57:33,591 INFO mapreduce.Job:  map 99% reduce 33%
2022-05-01 19:57:35,600 INFO mapreduce.Job:  map 100% reduce 33%
2022-05-01 19:57:39,657 INFO mapreduce.Job:  map 100% reduce 36%
2022-05-01 19:57:45,672 INFO mapreduce.Job:  map 100% reduce 68%
2022-05-01 19:57:51,684 INFO mapreduce.Job:  map 100% reduce 71%
2022-05-01 19:57:57,696 INFO mapreduce.Job:  map 100% reduce 74%
2022-05-01 19:58:03,711 INFO mapreduce.Job:  map 100% reduce 76%
2022-05-01 19:58:09,943 INFO mapreduce.Job:  map 100% reduce 79%
2022-05-01 19:58:16,107 INFO mapreduce.Job:  map 100% reduce 81%
2022-05-01 19:58:22,127 INFO mapreduce.Job:  map 100% reduce 84%
2022-05-01 19:58:28,166 INFO mapreduce.Job:  map 100% reduce 87%
2022-05-01 19:58:33,213 INFO mapreduce.Job:  map 100% reduce 89%
2022-05-01 19:58:39,298 INFO mapreduce.Job:  map 100% reduce 91%
2022-05-01 19:58:45,530 INFO mapreduce.Job:  map 100% reduce 94%
2022-05-01 19:58:51,690 INFO mapreduce.Job:  map 100% reduce 96%
2022-05-01 19:58:57,714 INFO mapreduce.Job:  map 100% reduce 98%
2022-05-01 19:59:03,726 INFO mapreduce.Job:  map 100% reduce 100%
2022-05-01 19:59:04,766 INFO mapreduce.Job: Job job_1651429169682_0009 completed successfully
2022-05-01 19:59:04,930 INFO mapreduce.Job: Counters: 55
	File System Counters
		FILE: Number of bytes read=10887056945
		FILE: Number of bytes written=16407227748
		FILE: Number of read operations=0
		FILE: Number of large read operations=0
		FILE: Number of write operations=0
		HDFS: Number of bytes read=10000010336
		HDFS: Number of bytes written=10000000000
		HDFS: Number of read operations=233
		HDFS: Number of large read operations=0
		HDFS: Number of write operations=2
		HDFS: Number of bytes read erasure-coded=0
	Job Counters 
		Killed map tasks=1
		Launched map tasks=76
		Launched reduce tasks=1
		Rack-local map tasks=76
		Total time spent by all maps in occupied slots (ms)=919974
		Total time spent by all reduces in occupied slots (ms)=332100
		Total time spent by all map tasks (ms)=459987
		Total time spent by all reduce tasks (ms)=332100
		Total vcore-milliseconds taken by all map tasks=459987
		Total vcore-milliseconds taken by all reduce tasks=332100
		Total megabyte-milliseconds taken by all map tasks=942053376
		Total megabyte-milliseconds taken by all reduce tasks=340070400
	Map-Reduce Framework
		Map input records=100000000
		Map output records=100000000
		Map output bytes=10200000000
		Map output materialized bytes=5502468877
		Input split bytes=10336
		Combine input records=0
		Combine output records=0
		Reduce input groups=100000000
		Reduce shuffle bytes=5502468877
		Reduce input records=100000000
		Reduce output records=100000000
		Spilled Records=296636765
		Shuffled Maps =76
		Failed Shuffles=0
		Merged Map outputs=76
		GC time elapsed (ms)=4790
		CPU time spent (ms)=573630
		Physical memory (bytes) snapshot=36295262208
		Virtual memory (bytes) snapshot=271593816064
		Total committed heap usage (bytes)=34065088512
		Peak Map Physical memory (bytes)=525393920
		Peak Map Virtual memory (bytes)=3552006144
		Peak Reduce Physical memory (bytes)=552484864
		Peak Reduce Virtual memory (bytes)=2693083136
	Shuffle Errors
		BAD_ID=0
		CONNECTION=0
		IO_ERROR=0
		WRONG_LENGTH=0
		WRONG_MAP=0
		WRONG_REDUCE=0
	File Input Format Counters 
		Bytes Read=10000000000
	File Output Format Counters 
		Bytes Written=10000000000
2022-05-01 19:59:04,931 INFO terasort.TeraSort: done
	Command being timed: "hadoop jar hadoop-mapreduce-examples-3.2.1.jar terasort -D mapreduce.map.log.level=INFO -D mapreduce.reduce.log.level=INFO -D yarn.app.mapreduce.am.log.level=INFO -D yarn.nodemanager.resource.detect-hardware-capabilities=true -D yarn.nodemanager.resource.memory-mb=-1 -D mapreduce.task.io.sort.mb=256 -D mapreduce.map.memory.mb=2048 -D io.file.buffer.size=131072 -D mapreduce.map.output.compress=true -D mapreduce.map.output.compress.codec=org.apache.hadoop.io.compress.Lz4Codec -D mapreduce.output.fileoutputformat.compress=true -D mapreduce.output.fileoutputformat.compress.codec=org.apache.hadoop.io.compress.Lz4Codec -D mapreduce.output.fileoutputformat.compress.type=BLOCK -D dfs.blocksize=335544320 -D dfs.replication=1 /user/root/terasort/10G-terasort-input /user/root/terasort/10G-terasort-output"
	User time (seconds): 6.05
	System time (seconds): 0.71
	Percent of CPU this job got: 1%
	Elapsed (wall clock) time (h:mm:ss or m:ss): 6:28.03
	Average shared text size (kbytes): 0
	Average unshared data size (kbytes): 0
	Average stack size (kbytes): 0
	Average total size (kbytes): 0
	Maximum resident set size (kbytes): 269704
	Average resident set size (kbytes): 0
	Major (requiring I/O) page faults: 204
	Minor (reclaiming a frame) page faults: 84390
	Voluntary context switches: 21520
	Involuntary context switches: 5722
	Swaps: 0
	File system inputs: 13088
	File system outputs: 3912
	Socket messages sent: 0
	Socket messages received: 0
	Signals delivered: 0
	Page size (bytes): 4096
	Exit status: 0
