2022-05-01 20:10:16,752 INFO terasort.TeraSort: starting
2022-05-01 20:10:17,342 INFO input.FileInputFormat: Total input files to process : 2
Spent 110ms computing base-splits.
Spent 2ms computing TeraScheduler splits.
Computing input splits took 112ms
Sampling 10 splits of 76
2022-05-01 20:10:17,402 INFO sasl.SaslDataTransferClient: SASL encryption trust check: localHostTrusted = false, remoteHostTrusted = false
2022-05-01 20:10:17,402 INFO sasl.SaslDataTransferClient: SASL encryption trust check: localHostTrusted = false, remoteHostTrusted = false
2022-05-01 20:10:17,403 INFO sasl.SaslDataTransferClient: SASL encryption trust check: localHostTrusted = false, remoteHostTrusted = false
2022-05-01 20:10:17,403 INFO sasl.SaslDataTransferClient: SASL encryption trust check: localHostTrusted = false, remoteHostTrusted = false
2022-05-01 20:10:17,403 INFO sasl.SaslDataTransferClient: SASL encryption trust check: localHostTrusted = false, remoteHostTrusted = false
2022-05-01 20:10:17,403 INFO sasl.SaslDataTransferClient: SASL encryption trust check: localHostTrusted = false, remoteHostTrusted = false
2022-05-01 20:10:17,403 INFO sasl.SaslDataTransferClient: SASL encryption trust check: localHostTrusted = false, remoteHostTrusted = false
2022-05-01 20:10:17,402 INFO sasl.SaslDataTransferClient: SASL encryption trust check: localHostTrusted = false, remoteHostTrusted = false
2022-05-01 20:10:17,402 INFO sasl.SaslDataTransferClient: SASL encryption trust check: localHostTrusted = false, remoteHostTrusted = false
2022-05-01 20:10:17,403 INFO sasl.SaslDataTransferClient: SASL encryption trust check: localHostTrusted = false, remoteHostTrusted = false
Making 1 from 100000 sampled records
Computing parititions took 292ms
Spent 406ms computing partitions.
2022-05-01 20:10:17,781 INFO client.RMProxy: Connecting to ResourceManager at resourcemanager/172.18.0.7:8032
2022-05-01 20:10:17,898 INFO client.AHSProxy: Connecting to Application History server at historyserver/172.18.0.6:10200
2022-05-01 20:10:17,999 INFO mapreduce.JobResourceUploader: Disabling Erasure Coding for path: /tmp/hadoop-yarn/staging/root/.staging/job_1651429169682_0011
2022-05-01 20:10:18,043 INFO sasl.SaslDataTransferClient: SASL encryption trust check: localHostTrusted = false, remoteHostTrusted = false
2022-05-01 20:10:18,105 INFO sasl.SaslDataTransferClient: SASL encryption trust check: localHostTrusted = false, remoteHostTrusted = false
2022-05-01 20:10:18,142 INFO sasl.SaslDataTransferClient: SASL encryption trust check: localHostTrusted = false, remoteHostTrusted = false
2022-05-01 20:10:18,157 INFO mapreduce.JobSubmitter: number of splits:76
2022-05-01 20:10:18,291 INFO sasl.SaslDataTransferClient: SASL encryption trust check: localHostTrusted = false, remoteHostTrusted = false
2022-05-01 20:10:18,303 INFO mapreduce.JobSubmitter: Submitting tokens for job: job_1651429169682_0011
2022-05-01 20:10:18,303 INFO mapreduce.JobSubmitter: Executing with tokens: []
2022-05-01 20:10:18,457 INFO conf.Configuration: resource-types.xml not found
2022-05-01 20:10:18,457 INFO resource.ResourceUtils: Unable to find 'resource-types.xml'.
2022-05-01 20:10:18,722 INFO impl.YarnClientImpl: Submitted application application_1651429169682_0011
2022-05-01 20:10:18,761 INFO mapreduce.Job: The url to track the job: http://resourcemanager:8088/proxy/application_1651429169682_0011/
2022-05-01 20:10:18,762 INFO mapreduce.Job: Running job: job_1651429169682_0011
2022-05-01 20:10:23,850 INFO mapreduce.Job: Job job_1651429169682_0011 running in uber mode : false
2022-05-01 20:10:23,851 INFO mapreduce.Job:  map 0% reduce 0%
2022-05-01 20:10:32,942 INFO mapreduce.Job:  map 1% reduce 0%
2022-05-01 20:10:33,949 INFO mapreduce.Job:  map 3% reduce 0%
2022-05-01 20:10:34,960 INFO mapreduce.Job:  map 4% reduce 0%
2022-05-01 20:10:40,998 INFO mapreduce.Job:  map 5% reduce 0%
2022-05-01 20:10:42,012 INFO mapreduce.Job:  map 7% reduce 0%
2022-05-01 20:10:43,024 INFO mapreduce.Job:  map 8% reduce 0%
2022-05-01 20:10:48,067 INFO mapreduce.Job:  map 9% reduce 0%
2022-05-01 20:10:51,087 INFO mapreduce.Job:  map 11% reduce 0%
2022-05-01 20:10:52,094 INFO mapreduce.Job:  map 12% reduce 0%
2022-05-01 20:10:57,139 INFO mapreduce.Job:  map 13% reduce 0%
2022-05-01 20:10:59,147 INFO mapreduce.Job:  map 14% reduce 0%
2022-05-01 20:11:01,157 INFO mapreduce.Job:  map 16% reduce 0%
2022-05-01 20:11:05,183 INFO mapreduce.Job:  map 17% reduce 0%
2022-05-01 20:11:07,174 INFO mapreduce.Job:  map 18% reduce 0%
2022-05-01 20:11:10,197 INFO mapreduce.Job:  map 20% reduce 0%
2022-05-01 20:11:15,220 INFO mapreduce.Job:  map 21% reduce 0%
2022-05-01 20:11:19,241 INFO mapreduce.Job:  map 22% reduce 0%
2022-05-01 20:11:21,249 INFO mapreduce.Job:  map 22% reduce 7%
2022-05-01 20:11:23,257 INFO mapreduce.Job:  map 24% reduce 7%
2022-05-01 20:11:26,269 INFO mapreduce.Job:  map 25% reduce 7%
2022-05-01 20:11:27,273 INFO mapreduce.Job:  map 25% reduce 8%
2022-05-01 20:11:31,288 INFO mapreduce.Job:  map 26% reduce 8%
2022-05-01 20:11:33,295 INFO mapreduce.Job:  map 26% reduce 9%
2022-05-01 20:11:34,299 INFO mapreduce.Job:  map 28% reduce 9%
2022-05-01 20:11:39,297 INFO mapreduce.Job:  map 29% reduce 9%
2022-05-01 20:11:42,307 INFO mapreduce.Job:  map 30% reduce 9%
2022-05-01 20:11:45,324 INFO mapreduce.Job:  map 30% reduce 10%
2022-05-01 20:11:47,335 INFO mapreduce.Job:  map 32% reduce 10%
2022-05-01 20:11:50,350 INFO mapreduce.Job:  map 33% reduce 10%
2022-05-01 20:11:51,354 INFO mapreduce.Job:  map 33% reduce 11%
2022-05-01 20:11:55,374 INFO mapreduce.Job:  map 34% reduce 11%
2022-05-01 20:11:58,387 INFO mapreduce.Job:  map 36% reduce 11%
2022-05-01 20:12:03,422 INFO mapreduce.Job:  map 36% reduce 12%
2022-05-01 20:12:04,426 INFO mapreduce.Job:  map 37% reduce 12%
2022-05-01 20:12:06,434 INFO mapreduce.Job:  map 38% reduce 12%
2022-05-01 20:12:09,423 INFO mapreduce.Job:  map 38% reduce 13%
2022-05-01 20:12:12,435 INFO mapreduce.Job:  map 39% reduce 13%
2022-05-01 20:12:14,440 INFO mapreduce.Job:  map 41% reduce 13%
2022-05-01 20:12:21,463 INFO mapreduce.Job:  map 42% reduce 14%
2022-05-01 20:12:23,470 INFO mapreduce.Job:  map 43% reduce 14%
2022-05-01 20:12:28,498 INFO mapreduce.Job:  map 45% reduce 14%
2022-05-01 20:12:32,523 INFO mapreduce.Job:  map 46% reduce 14%
2022-05-01 20:12:33,526 INFO mapreduce.Job:  map 46% reduce 15%
2022-05-01 20:12:37,528 INFO mapreduce.Job:  map 47% reduce 15%
2022-05-01 20:12:39,533 INFO mapreduce.Job:  map 47% reduce 16%
2022-05-01 20:12:40,535 INFO mapreduce.Job:  map 49% reduce 16%
2022-05-01 20:12:44,545 INFO mapreduce.Job:  map 50% reduce 16%
2022-05-01 20:12:48,558 INFO mapreduce.Job:  map 51% reduce 16%
2022-05-01 20:12:51,566 INFO mapreduce.Job:  map 51% reduce 17%
2022-05-01 20:12:52,569 INFO mapreduce.Job:  map 53% reduce 17%
2022-05-01 20:12:56,582 INFO mapreduce.Job:  map 54% reduce 17%
2022-05-01 20:12:57,585 INFO mapreduce.Job:  map 54% reduce 18%
2022-05-01 20:13:00,597 INFO mapreduce.Job:  map 55% reduce 18%
2022-05-01 20:13:04,610 INFO mapreduce.Job:  map 57% reduce 18%
2022-05-01 20:13:08,600 INFO mapreduce.Job:  map 58% reduce 18%
2022-05-01 20:13:09,603 INFO mapreduce.Job:  map 58% reduce 19%
2022-05-01 20:13:12,613 INFO mapreduce.Job:  map 59% reduce 19%
2022-05-01 20:13:15,624 INFO mapreduce.Job:  map 59% reduce 20%
2022-05-01 20:13:16,627 INFO mapreduce.Job:  map 61% reduce 20%
2022-05-01 20:13:20,638 INFO mapreduce.Job:  map 62% reduce 20%
2022-05-01 20:13:21,644 INFO mapreduce.Job:  map 62% reduce 21%
2022-05-01 20:13:24,653 INFO mapreduce.Job:  map 63% reduce 21%
2022-05-01 20:13:28,665 INFO mapreduce.Job:  map 64% reduce 21%
2022-05-01 20:13:32,700 INFO mapreduce.Job:  map 66% reduce 21%
2022-05-01 20:13:33,704 INFO mapreduce.Job:  map 66% reduce 22%
2022-05-01 20:13:36,692 INFO mapreduce.Job:  map 67% reduce 22%
2022-05-01 20:13:40,703 INFO mapreduce.Job:  map 68% reduce 22%
2022-05-01 20:13:45,717 INFO mapreduce.Job:  map 70% reduce 23%
2022-05-01 20:13:48,724 INFO mapreduce.Job:  map 71% reduce 23%
2022-05-01 20:13:51,731 INFO mapreduce.Job:  map 71% reduce 24%
2022-05-01 20:13:53,735 INFO mapreduce.Job:  map 72% reduce 24%
2022-05-01 20:13:56,742 INFO mapreduce.Job:  map 74% reduce 24%
2022-05-01 20:14:01,753 INFO mapreduce.Job:  map 75% reduce 24%
2022-05-01 20:14:03,805 INFO mapreduce.Job:  map 75% reduce 25%
2022-05-01 20:14:04,808 INFO mapreduce.Job:  map 76% reduce 25%
2022-05-01 20:14:09,822 INFO mapreduce.Job:  map 78% reduce 25%
2022-05-01 20:14:12,831 INFO mapreduce.Job:  map 79% reduce 25%
2022-05-01 20:14:14,841 INFO mapreduce.Job:  map 79% reduce 26%
2022-05-01 20:14:16,853 INFO mapreduce.Job:  map 80% reduce 26%
2022-05-01 20:14:19,860 INFO mapreduce.Job:  map 82% reduce 26%
2022-05-01 20:14:20,862 INFO mapreduce.Job:  map 82% reduce 27%
2022-05-01 20:14:24,871 INFO mapreduce.Job:  map 83% reduce 27%
2022-05-01 20:14:26,876 INFO mapreduce.Job:  map 83% reduce 28%
2022-05-01 20:14:27,879 INFO mapreduce.Job:  map 84% reduce 28%
2022-05-01 20:14:32,891 INFO mapreduce.Job:  map 86% reduce 28%
2022-05-01 20:14:35,899 INFO mapreduce.Job:  map 87% reduce 28%
2022-05-01 20:14:38,893 INFO mapreduce.Job:  map 87% reduce 29%
2022-05-01 20:14:40,905 INFO mapreduce.Job:  map 88% reduce 29%
2022-05-01 20:14:43,912 INFO mapreduce.Job:  map 89% reduce 29%
2022-05-01 20:14:44,915 INFO mapreduce.Job:  map 89% reduce 30%
2022-05-01 20:14:48,926 INFO mapreduce.Job:  map 91% reduce 30%
2022-05-01 20:14:51,933 INFO mapreduce.Job:  map 92% reduce 30%
2022-05-01 20:14:56,949 INFO mapreduce.Job:  map 93% reduce 31%
2022-05-01 20:14:59,956 INFO mapreduce.Job:  map 95% reduce 31%
2022-05-01 20:15:02,963 INFO mapreduce.Job:  map 95% reduce 32%
2022-05-01 20:15:04,968 INFO mapreduce.Job:  map 96% reduce 32%
2022-05-01 20:15:07,954 INFO mapreduce.Job:  map 97% reduce 32%
2022-05-01 20:15:09,959 INFO mapreduce.Job:  map 99% reduce 32%
2022-05-01 20:15:12,966 INFO mapreduce.Job:  map 100% reduce 32%
2022-05-01 20:15:14,972 INFO mapreduce.Job:  map 100% reduce 68%
2022-05-01 20:15:20,988 INFO mapreduce.Job:  map 100% reduce 70%
2022-05-01 20:15:27,001 INFO mapreduce.Job:  map 100% reduce 73%
2022-05-01 20:15:33,015 INFO mapreduce.Job:  map 100% reduce 75%
2022-05-01 20:15:39,006 INFO mapreduce.Job:  map 100% reduce 78%
2022-05-01 20:15:45,022 INFO mapreduce.Job:  map 100% reduce 80%
2022-05-01 20:15:51,037 INFO mapreduce.Job:  map 100% reduce 83%
2022-05-01 20:15:57,064 INFO mapreduce.Job:  map 100% reduce 85%
2022-05-01 20:16:03,078 INFO mapreduce.Job:  map 100% reduce 88%
2022-05-01 20:16:09,074 INFO mapreduce.Job:  map 100% reduce 90%
2022-05-01 20:16:15,087 INFO mapreduce.Job:  map 100% reduce 93%
2022-05-01 20:16:21,099 INFO mapreduce.Job:  map 100% reduce 95%
2022-05-01 20:16:27,110 INFO mapreduce.Job:  map 100% reduce 98%
2022-05-01 20:16:33,124 INFO mapreduce.Job:  map 100% reduce 100%
2022-05-01 20:16:34,134 INFO mapreduce.Job: Job job_1651429169682_0011 completed successfully
2022-05-01 20:16:34,237 INFO mapreduce.Job: Counters: 55
	File System Counters
		FILE: Number of bytes read=5502923152
		FILE: Number of bytes written=11023106121
		FILE: Number of read operations=0
		FILE: Number of large read operations=0
		FILE: Number of write operations=0
		HDFS: Number of bytes read=10000010336
		HDFS: Number of bytes written=10000000000
		HDFS: Number of read operations=233
		HDFS: Number of large read operations=0
		HDFS: Number of write operations=2
		HDFS: Number of bytes read erasure-coded=0
	Job Counters 
		Killed map tasks=1
		Launched map tasks=76
		Launched reduce tasks=1
		Rack-local map tasks=76
		Total time spent by all maps in occupied slots (ms)=895112
		Total time spent by all reduces in occupied slots (ms)=325863
		Total time spent by all map tasks (ms)=447556
		Total time spent by all reduce tasks (ms)=325863
		Total vcore-milliseconds taken by all map tasks=447556
		Total vcore-milliseconds taken by all reduce tasks=325863
		Total megabyte-milliseconds taken by all map tasks=916594688
		Total megabyte-milliseconds taken by all reduce tasks=333683712
	Map-Reduce Framework
		Map input records=100000000
		Map output records=100000000
		Map output bytes=10200000000
		Map output materialized bytes=5502468877
		Input split bytes=10336
		Combine input records=0
		Combine output records=0
		Reduce input groups=100000000
		Reduce shuffle bytes=5502468877
		Reduce input records=100000000
		Reduce output records=100000000
		Spilled Records=200000000
		Shuffled Maps =76
		Failed Shuffles=0
		Merged Map outputs=76
		GC time elapsed (ms)=4764
		CPU time spent (ms)=472370
		Physical memory (bytes) snapshot=36191432704
		Virtual memory (bytes) snapshot=271476752384
		Total committed heap usage (bytes)=34311503872
		Peak Map Physical memory (bytes)=522592256
		Peak Map Virtual memory (bytes)=3545780224
		Peak Reduce Physical memory (bytes)=466153472
		Peak Reduce Virtual memory (bytes)=2652557312
	Shuffle Errors
		BAD_ID=0
		CONNECTION=0
		IO_ERROR=0
		WRONG_LENGTH=0
		WRONG_MAP=0
		WRONG_REDUCE=0
	File Input Format Counters 
		Bytes Read=10000000000
	File Output Format Counters 
		Bytes Written=10000000000
2022-05-01 20:16:34,238 INFO terasort.TeraSort: done
	Command being timed: "hadoop jar hadoop-mapreduce-examples-3.2.1.jar terasort -D mapreduce.map.log.level=INFO -D mapreduce.reduce.log.level=INFO -D yarn.app.mapreduce.am.log.level=INFO -D yarn.nodemanager.resource.detect-hardware-capabilities=true -D yarn.nodemanager.resource.memory-mb=-1 -D mapreduce.task.io.sort.mb=256 -D mapreduce.map.memory.mb=2048 -D io.file.buffer.size=131072 -D mapreduce.map.output.compress=true -D mapreduce.map.output.compress.codec=org.apache.hadoop.io.compress.Lz4Codec -D mapreduce.output.fileoutputformat.compress=true -D mapreduce.output.fileoutputformat.compress.codec=org.apache.hadoop.io.compress.Lz4Codec -D mapreduce.output.fileoutputformat.compress.type=BLOCK -D dfs.blocksize=335544320 -D dfs.replication=1 -D mapreduce.task.io.sort.factor=400 -D mapreduce.map.sort.spill.percent=1.0 -D mapreduce.map.combine.minspills=3 /user/root/terasort/10G-terasort-input /user/root/terasort/10G-terasort-output"
	User time (seconds): 5.98
	System time (seconds): 0.69
	Percent of CPU this job got: 1%
	Elapsed (wall clock) time (h:mm:ss or m:ss): 6:18.37
	Average shared text size (kbytes): 0
	Average unshared data size (kbytes): 0
	Average stack size (kbytes): 0
	Average total size (kbytes): 0
	Maximum resident set size (kbytes): 289416
	Average resident set size (kbytes): 0
	Major (requiring I/O) page faults: 188
	Minor (reclaiming a frame) page faults: 84667
	Voluntary context switches: 20818
	Involuntary context switches: 5066
	Swaps: 0
	File system inputs: 14096
	File system outputs: 3792
	Socket messages sent: 0
	Socket messages received: 0
	Signals delivered: 0
	Page size (bytes): 4096
	Exit status: 0
