2022-05-01 20:42:23,065 INFO terasort.TeraSort: starting
2022-05-01 20:42:23,684 INFO input.FileInputFormat: Total input files to process : 2
Spent 121ms computing base-splits.
Spent 1ms computing TeraScheduler splits.
Computing input splits took 123ms
Sampling 10 splits of 76
2022-05-01 20:42:23,747 INFO sasl.SaslDataTransferClient: SASL encryption trust check: localHostTrusted = false, remoteHostTrusted = false
2022-05-01 20:42:23,747 INFO sasl.SaslDataTransferClient: SASL encryption trust check: localHostTrusted = false, remoteHostTrusted = false
2022-05-01 20:42:23,747 INFO sasl.SaslDataTransferClient: SASL encryption trust check: localHostTrusted = false, remoteHostTrusted = false
2022-05-01 20:42:23,747 INFO sasl.SaslDataTransferClient: SASL encryption trust check: localHostTrusted = false, remoteHostTrusted = false
2022-05-01 20:42:23,748 INFO sasl.SaslDataTransferClient: SASL encryption trust check: localHostTrusted = false, remoteHostTrusted = false
2022-05-01 20:42:23,748 INFO sasl.SaslDataTransferClient: SASL encryption trust check: localHostTrusted = false, remoteHostTrusted = false
2022-05-01 20:42:23,748 INFO sasl.SaslDataTransferClient: SASL encryption trust check: localHostTrusted = false, remoteHostTrusted = false
2022-05-01 20:42:23,748 INFO sasl.SaslDataTransferClient: SASL encryption trust check: localHostTrusted = false, remoteHostTrusted = false
2022-05-01 20:42:23,747 INFO sasl.SaslDataTransferClient: SASL encryption trust check: localHostTrusted = false, remoteHostTrusted = false
2022-05-01 20:42:23,747 INFO sasl.SaslDataTransferClient: SASL encryption trust check: localHostTrusted = false, remoteHostTrusted = false
Making 1 from 100000 sampled records
Computing parititions took 289ms
Spent 414ms computing partitions.
2022-05-01 20:42:24,113 INFO client.RMProxy: Connecting to ResourceManager at resourcemanager/172.18.0.7:8032
2022-05-01 20:42:24,224 INFO client.AHSProxy: Connecting to Application History server at historyserver/172.18.0.6:10200
2022-05-01 20:42:24,345 INFO mapreduce.JobResourceUploader: Disabling Erasure Coding for path: /tmp/hadoop-yarn/staging/root/.staging/job_1651429169682_0015
2022-05-01 20:42:24,394 INFO sasl.SaslDataTransferClient: SASL encryption trust check: localHostTrusted = false, remoteHostTrusted = false
2022-05-01 20:42:24,461 INFO sasl.SaslDataTransferClient: SASL encryption trust check: localHostTrusted = false, remoteHostTrusted = false
2022-05-01 20:42:24,500 INFO sasl.SaslDataTransferClient: SASL encryption trust check: localHostTrusted = false, remoteHostTrusted = false
2022-05-01 20:42:24,505 INFO mapreduce.JobSubmitter: number of splits:76
2022-05-01 20:42:24,638 INFO sasl.SaslDataTransferClient: SASL encryption trust check: localHostTrusted = false, remoteHostTrusted = false
2022-05-01 20:42:24,661 INFO mapreduce.JobSubmitter: Submitting tokens for job: job_1651429169682_0015
2022-05-01 20:42:24,661 INFO mapreduce.JobSubmitter: Executing with tokens: []
2022-05-01 20:42:24,790 INFO conf.Configuration: resource-types.xml not found
2022-05-01 20:42:24,791 INFO resource.ResourceUtils: Unable to find 'resource-types.xml'.
2022-05-01 20:42:25,038 INFO impl.YarnClientImpl: Submitted application application_1651429169682_0015
2022-05-01 20:42:25,068 INFO mapreduce.Job: The url to track the job: http://resourcemanager:8088/proxy/application_1651429169682_0015/
2022-05-01 20:42:25,068 INFO mapreduce.Job: Running job: job_1651429169682_0015
2022-05-01 20:42:30,125 INFO mapreduce.Job: Job job_1651429169682_0015 running in uber mode : false
2022-05-01 20:42:30,126 INFO mapreduce.Job:  map 0% reduce 0%
2022-05-01 20:42:40,200 INFO mapreduce.Job:  map 1% reduce 0%
2022-05-01 20:42:41,217 INFO mapreduce.Job:  map 3% reduce 0%
2022-05-01 20:42:42,233 INFO mapreduce.Job:  map 4% reduce 0%
2022-05-01 20:42:49,287 INFO mapreduce.Job:  map 5% reduce 0%
2022-05-01 20:42:50,292 INFO mapreduce.Job:  map 7% reduce 0%
2022-05-01 20:42:51,296 INFO mapreduce.Job:  map 8% reduce 0%
2022-05-01 20:42:56,330 INFO mapreduce.Job:  map 9% reduce 0%
2022-05-01 20:42:59,349 INFO mapreduce.Job:  map 11% reduce 0%
2022-05-01 20:43:00,353 INFO mapreduce.Job:  map 12% reduce 0%
2022-05-01 20:43:04,372 INFO mapreduce.Job:  map 13% reduce 0%
2022-05-01 20:43:07,370 INFO mapreduce.Job:  map 14% reduce 0%
2022-05-01 20:43:09,378 INFO mapreduce.Job:  map 16% reduce 0%
2022-05-01 20:43:12,396 INFO mapreduce.Job:  map 17% reduce 0%
2022-05-01 20:43:15,418 INFO mapreduce.Job:  map 18% reduce 0%
2022-05-01 20:43:17,430 INFO mapreduce.Job:  map 20% reduce 0%
2022-05-01 20:43:21,496 INFO mapreduce.Job:  map 21% reduce 0%
2022-05-01 20:43:23,508 INFO mapreduce.Job:  map 22% reduce 0%
2022-05-01 20:43:25,519 INFO mapreduce.Job:  map 24% reduce 0%
2022-05-01 20:43:29,538 INFO mapreduce.Job:  map 25% reduce 0%
2022-05-01 20:43:31,546 INFO mapreduce.Job:  map 26% reduce 0%
2022-05-01 20:43:34,561 INFO mapreduce.Job:  map 28% reduce 0%
2022-05-01 20:43:37,549 INFO mapreduce.Job:  map 29% reduce 0%
2022-05-01 20:43:40,561 INFO mapreduce.Job:  map 30% reduce 0%
2022-05-01 20:43:42,570 INFO mapreduce.Job:  map 32% reduce 0%
2022-05-01 20:43:47,597 INFO mapreduce.Job:  map 33% reduce 0%
2022-05-01 20:43:48,602 INFO mapreduce.Job:  map 34% reduce 0%
2022-05-01 20:43:50,629 INFO mapreduce.Job:  map 36% reduce 0%
2022-05-01 20:43:56,660 INFO mapreduce.Job:  map 38% reduce 0%
2022-05-01 20:43:58,667 INFO mapreduce.Job:  map 39% reduce 0%
2022-05-01 20:44:04,696 INFO mapreduce.Job:  map 41% reduce 0%
2022-05-01 20:44:05,678 INFO mapreduce.Job:  map 42% reduce 0%
2022-05-01 20:44:07,689 INFO mapreduce.Job:  map 43% reduce 0%
2022-05-01 20:44:12,723 INFO mapreduce.Job:  map 45% reduce 0%
2022-05-01 20:44:13,730 INFO mapreduce.Job:  map 46% reduce 0%
2022-05-01 20:44:15,737 INFO mapreduce.Job:  map 47% reduce 0%
2022-05-01 20:44:20,755 INFO mapreduce.Job:  map 49% reduce 0%
2022-05-01 20:44:21,759 INFO mapreduce.Job:  map 50% reduce 0%
2022-05-01 20:44:24,769 INFO mapreduce.Job:  map 51% reduce 0%
2022-05-01 20:44:28,783 INFO mapreduce.Job:  map 53% reduce 0%
2022-05-01 20:44:29,787 INFO mapreduce.Job:  map 54% reduce 0%
2022-05-01 20:44:32,801 INFO mapreduce.Job:  map 55% reduce 0%
2022-05-01 20:44:36,809 INFO mapreduce.Job:  map 57% reduce 0%
2022-05-01 20:44:38,824 INFO mapreduce.Job:  map 58% reduce 0%
2022-05-01 20:44:40,829 INFO mapreduce.Job:  map 59% reduce 0%
2022-05-01 20:44:44,844 INFO mapreduce.Job:  map 61% reduce 0%
2022-05-01 20:44:46,851 INFO mapreduce.Job:  map 62% reduce 0%
2022-05-01 20:44:48,855 INFO mapreduce.Job:  map 63% reduce 0%
2022-05-01 20:44:52,873 INFO mapreduce.Job:  map 64% reduce 0%
2022-05-01 20:44:54,879 INFO mapreduce.Job:  map 66% reduce 0%
2022-05-01 20:44:56,884 INFO mapreduce.Job:  map 67% reduce 0%
2022-05-01 20:45:00,898 INFO mapreduce.Job:  map 68% reduce 0%
2022-05-01 20:45:02,903 INFO mapreduce.Job:  map 70% reduce 0%
2022-05-01 20:45:04,908 INFO mapreduce.Job:  map 71% reduce 0%
2022-05-01 20:45:08,897 INFO mapreduce.Job:  map 72% reduce 0%
2022-05-01 20:45:10,905 INFO mapreduce.Job:  map 74% reduce 0%
2022-05-01 20:45:13,919 INFO mapreduce.Job:  map 75% reduce 0%
2022-05-01 20:45:21,957 INFO mapreduce.Job:  map 76% reduce 0%
2022-05-01 20:45:23,963 INFO mapreduce.Job:  map 78% reduce 25%
2022-05-01 20:45:29,982 INFO mapreduce.Job:  map 79% reduce 26%
2022-05-01 20:45:31,987 INFO mapreduce.Job:  map 80% reduce 26%
2022-05-01 20:45:35,984 INFO mapreduce.Job:  map 80% reduce 27%
2022-05-01 20:45:36,987 INFO mapreduce.Job:  map 82% reduce 27%
2022-05-01 20:45:40,013 INFO mapreduce.Job:  map 83% reduce 27%
2022-05-01 20:45:42,021 INFO mapreduce.Job:  map 83% reduce 28%
2022-05-01 20:45:45,031 INFO mapreduce.Job:  map 84% reduce 28%
2022-05-01 20:45:48,038 INFO mapreduce.Job:  map 86% reduce 28%
2022-05-01 20:45:53,051 INFO mapreduce.Job:  map 87% reduce 28%
2022-05-01 20:45:54,053 INFO mapreduce.Job:  map 87% reduce 29%
2022-05-01 20:45:56,058 INFO mapreduce.Job:  map 88% reduce 29%
2022-05-01 20:46:01,071 INFO mapreduce.Job:  map 89% reduce 29%
2022-05-01 20:46:04,078 INFO mapreduce.Job:  map 91% reduce 29%
2022-05-01 20:46:06,064 INFO mapreduce.Job:  map 91% reduce 30%
2022-05-01 20:46:09,070 INFO mapreduce.Job:  map 92% reduce 30%
2022-05-01 20:46:12,077 INFO mapreduce.Job:  map 93% reduce 31%
2022-05-01 20:46:17,088 INFO mapreduce.Job:  map 95% reduce 31%
2022-05-01 20:46:20,098 INFO mapreduce.Job:  map 96% reduce 31%
2022-05-01 20:46:24,110 INFO mapreduce.Job:  map 96% reduce 32%
2022-05-01 20:46:25,114 INFO mapreduce.Job:  map 97% reduce 32%
2022-05-01 20:46:26,119 INFO mapreduce.Job:  map 99% reduce 32%
2022-05-01 20:46:29,130 INFO mapreduce.Job:  map 100% reduce 32%
2022-05-01 20:46:30,133 INFO mapreduce.Job:  map 100% reduce 33%
2022-05-01 20:46:35,143 INFO mapreduce.Job:  map 100% reduce 69%
2022-05-01 20:46:41,133 INFO mapreduce.Job:  map 100% reduce 71%
2022-05-01 20:46:47,150 INFO mapreduce.Job:  map 100% reduce 73%
2022-05-01 20:46:53,162 INFO mapreduce.Job:  map 100% reduce 76%
2022-05-01 20:46:59,174 INFO mapreduce.Job:  map 100% reduce 78%
2022-05-01 20:47:05,187 INFO mapreduce.Job:  map 100% reduce 80%
2022-05-01 20:47:11,177 INFO mapreduce.Job:  map 100% reduce 82%
2022-05-01 20:47:17,188 INFO mapreduce.Job:  map 100% reduce 84%
2022-05-01 20:47:23,199 INFO mapreduce.Job:  map 100% reduce 87%
2022-05-01 20:47:29,210 INFO mapreduce.Job:  map 100% reduce 89%
2022-05-01 20:47:35,221 INFO mapreduce.Job:  map 100% reduce 91%
2022-05-01 20:47:41,210 INFO mapreduce.Job:  map 100% reduce 94%
2022-05-01 20:47:47,222 INFO mapreduce.Job:  map 100% reduce 96%
2022-05-01 20:47:53,235 INFO mapreduce.Job:  map 100% reduce 98%
2022-05-01 20:47:57,243 INFO mapreduce.Job:  map 100% reduce 100%
2022-05-01 20:47:59,254 INFO mapreduce.Job: Job job_1651429169682_0015 completed successfully
2022-05-01 20:47:59,350 INFO mapreduce.Job: Counters: 55
	File System Counters
		FILE: Number of bytes read=5465381167
		FILE: Number of bytes written=10985551508
		FILE: Number of read operations=0
		FILE: Number of large read operations=0
		FILE: Number of write operations=0
		HDFS: Number of bytes read=10000010336
		HDFS: Number of bytes written=10000000000
		HDFS: Number of read operations=233
		HDFS: Number of large read operations=0
		HDFS: Number of write operations=2
		HDFS: Number of bytes read erasure-coded=0
	Job Counters 
		Killed map tasks=1
		Launched map tasks=76
		Launched reduce tasks=1
		Rack-local map tasks=76
		Total time spent by all maps in occupied slots (ms)=942476
		Total time spent by all reduces in occupied slots (ms)=167700
		Total time spent by all map tasks (ms)=471238
		Total time spent by all reduce tasks (ms)=167700
		Total vcore-milliseconds taken by all map tasks=471238
		Total vcore-milliseconds taken by all reduce tasks=167700
		Total megabyte-milliseconds taken by all map tasks=965095424
		Total megabyte-milliseconds taken by all reduce tasks=171724800
	Map-Reduce Framework
		Map input records=100000000
		Map output records=100000000
		Map output bytes=10200000000
		Map output materialized bytes=5502468877
		Input split bytes=10336
		Combine input records=0
		Combine output records=0
		Reduce input groups=100000000
		Reduce shuffle bytes=5502468877
		Reduce input records=100000000
		Reduce output records=100000000
		Spilled Records=199321120
		Shuffled Maps =76
		Failed Shuffles=0
		Merged Map outputs=76
		GC time elapsed (ms)=5437
		CPU time spent (ms)=496800
		Physical memory (bytes) snapshot=36491247616
		Virtual memory (bytes) snapshot=271637835776
		Total committed heap usage (bytes)=34491858944
		Peak Map Physical memory (bytes)=538628096
		Peak Map Virtual memory (bytes)=3545419776
		Peak Reduce Physical memory (bytes)=603463680
		Peak Reduce Virtual memory (bytes)=2743009280
	Shuffle Errors
		BAD_ID=0
		CONNECTION=0
		IO_ERROR=0
		WRONG_LENGTH=0
		WRONG_MAP=0
		WRONG_REDUCE=0
	File Input Format Counters 
		Bytes Read=10000000000
	File Output Format Counters 
		Bytes Written=10000000000
2022-05-01 20:47:59,351 INFO terasort.TeraSort: done
	Command being timed: "hadoop jar hadoop-mapreduce-examples-3.2.1.jar terasort -D mapreduce.map.log.level=INFO -D mapreduce.reduce.log.level=INFO -D yarn.app.mapreduce.am.log.level=INFO -D yarn.nodemanager.resource.detect-hardware-capabilities=true -D yarn.nodemanager.resource.memory-mb=-1 -D mapreduce.task.io.sort.mb=256 -D mapreduce.map.memory.mb=2048 -D io.file.buffer.size=131072 -D mapreduce.map.output.compress=true -D mapreduce.map.output.compress.codec=org.apache.hadoop.io.compress.Lz4Codec -D mapreduce.output.fileoutputformat.compress=true -D mapreduce.output.fileoutputformat.compress.codec=org.apache.hadoop.io.compress.Lz4Codec -D mapreduce.output.fileoutputformat.compress.type=BLOCK -D dfs.blocksize=335544320 -D dfs.replication=1 -D mapreduce.task.io.sort.factor=400 -D mapreduce.map.sort.spill.percent=1.0 -D mapreduce.reduce.shuffle.parallelcopies=20 -D mapreduce.reduce.merge.inmem.threshold=2000 -D mapreduce.reduce.input.buffer.percent=0.8 -D mapreduce.job.reduce.slowstart.completedmaps=0.7 /user/root/terasort/10G-terasort-input /user/root/terasort/10G-terasort-output"
	User time (seconds): 5.61
	System time (seconds): 0.62
	Percent of CPU this job got: 1%
	Elapsed (wall clock) time (h:mm:ss or m:ss): 5:37.18
	Average shared text size (kbytes): 0
	Average unshared data size (kbytes): 0
	Average stack size (kbytes): 0
	Average total size (kbytes): 0
	Maximum resident set size (kbytes): 298028
	Average resident set size (kbytes): 0
	Major (requiring I/O) page faults: 160
	Minor (reclaiming a frame) page faults: 84222
	Voluntary context switches: 19409
	Involuntary context switches: 5139
	Swaps: 0
	File system inputs: 14120
	File system outputs: 3520
	Socket messages sent: 0
	Socket messages received: 0
	Signals delivered: 0
	Page size (bytes): 4096
	Exit status: 0
