2022-05-01 20:28:14,220 INFO terasort.TeraSort: starting
2022-05-01 20:28:14,827 INFO input.FileInputFormat: Total input files to process : 2
Spent 122ms computing base-splits.
Spent 2ms computing TeraScheduler splits.
Computing input splits took 125ms
Sampling 10 splits of 76
2022-05-01 20:28:14,906 INFO sasl.SaslDataTransferClient: SASL encryption trust check: localHostTrusted = false, remoteHostTrusted = false
2022-05-01 20:28:14,906 INFO sasl.SaslDataTransferClient: SASL encryption trust check: localHostTrusted = false, remoteHostTrusted = false
2022-05-01 20:28:14,906 INFO sasl.SaslDataTransferClient: SASL encryption trust check: localHostTrusted = false, remoteHostTrusted = false
2022-05-01 20:28:14,906 INFO sasl.SaslDataTransferClient: SASL encryption trust check: localHostTrusted = false, remoteHostTrusted = false
2022-05-01 20:28:14,906 INFO sasl.SaslDataTransferClient: SASL encryption trust check: localHostTrusted = false, remoteHostTrusted = false
2022-05-01 20:28:14,906 INFO sasl.SaslDataTransferClient: SASL encryption trust check: localHostTrusted = false, remoteHostTrusted = false
2022-05-01 20:28:14,906 INFO sasl.SaslDataTransferClient: SASL encryption trust check: localHostTrusted = false, remoteHostTrusted = false
2022-05-01 20:28:14,906 INFO sasl.SaslDataTransferClient: SASL encryption trust check: localHostTrusted = false, remoteHostTrusted = false
2022-05-01 20:28:14,906 INFO sasl.SaslDataTransferClient: SASL encryption trust check: localHostTrusted = false, remoteHostTrusted = false
2022-05-01 20:28:14,907 INFO sasl.SaslDataTransferClient: SASL encryption trust check: localHostTrusted = false, remoteHostTrusted = false
Making 1 from 100000 sampled records
Computing parititions took 302ms
Spent 428ms computing partitions.
2022-05-01 20:28:15,269 INFO client.RMProxy: Connecting to ResourceManager at resourcemanager/172.18.0.7:8032
2022-05-01 20:28:15,387 INFO client.AHSProxy: Connecting to Application History server at historyserver/172.18.0.6:10200
2022-05-01 20:28:15,489 INFO mapreduce.JobResourceUploader: Disabling Erasure Coding for path: /tmp/hadoop-yarn/staging/root/.staging/job_1651429169682_0013
2022-05-01 20:28:15,527 INFO sasl.SaslDataTransferClient: SASL encryption trust check: localHostTrusted = false, remoteHostTrusted = false
2022-05-01 20:28:15,990 INFO sasl.SaslDataTransferClient: SASL encryption trust check: localHostTrusted = false, remoteHostTrusted = false
2022-05-01 20:28:16,028 INFO sasl.SaslDataTransferClient: SASL encryption trust check: localHostTrusted = false, remoteHostTrusted = false
2022-05-01 20:28:16,441 INFO mapreduce.JobSubmitter: number of splits:76
2022-05-01 20:28:16,591 INFO sasl.SaslDataTransferClient: SASL encryption trust check: localHostTrusted = false, remoteHostTrusted = false
2022-05-01 20:28:16,599 INFO mapreduce.JobSubmitter: Submitting tokens for job: job_1651429169682_0013
2022-05-01 20:28:16,599 INFO mapreduce.JobSubmitter: Executing with tokens: []
2022-05-01 20:28:16,719 INFO conf.Configuration: resource-types.xml not found
2022-05-01 20:28:16,720 INFO resource.ResourceUtils: Unable to find 'resource-types.xml'.
2022-05-01 20:28:17,380 INFO impl.YarnClientImpl: Submitted application application_1651429169682_0013
2022-05-01 20:28:17,409 INFO mapreduce.Job: The url to track the job: http://resourcemanager:8088/proxy/application_1651429169682_0013/
2022-05-01 20:28:17,410 INFO mapreduce.Job: Running job: job_1651429169682_0013
2022-05-01 20:28:22,478 INFO mapreduce.Job: Job job_1651429169682_0013 running in uber mode : false
2022-05-01 20:28:22,479 INFO mapreduce.Job:  map 0% reduce 0%
2022-05-01 20:28:31,556 INFO mapreduce.Job:  map 1% reduce 0%
2022-05-01 20:28:32,562 INFO mapreduce.Job:  map 3% reduce 0%
2022-05-01 20:28:33,566 INFO mapreduce.Job:  map 4% reduce 0%
2022-05-01 20:28:39,574 INFO mapreduce.Job:  map 5% reduce 0%
2022-05-01 20:28:40,582 INFO mapreduce.Job:  map 7% reduce 0%
2022-05-01 20:28:42,592 INFO mapreduce.Job:  map 8% reduce 0%
2022-05-01 20:28:47,622 INFO mapreduce.Job:  map 9% reduce 0%
2022-05-01 20:28:48,626 INFO mapreduce.Job:  map 11% reduce 0%
2022-05-01 20:28:50,642 INFO mapreduce.Job:  map 12% reduce 0%
2022-05-01 20:28:55,670 INFO mapreduce.Job:  map 13% reduce 0%
2022-05-01 20:28:56,674 INFO mapreduce.Job:  map 14% reduce 0%
2022-05-01 20:28:59,686 INFO mapreduce.Job:  map 16% reduce 0%
2022-05-01 20:29:04,728 INFO mapreduce.Job:  map 17% reduce 0%
2022-05-01 20:29:05,733 INFO mapreduce.Job:  map 18% reduce 0%
2022-05-01 20:29:07,728 INFO mapreduce.Job:  map 20% reduce 0%
2022-05-01 20:29:12,752 INFO mapreduce.Job:  map 21% reduce 0%
2022-05-01 20:29:13,757 INFO mapreduce.Job:  map 22% reduce 0%
2022-05-01 20:29:15,769 INFO mapreduce.Job:  map 24% reduce 0%
2022-05-01 20:29:21,798 INFO mapreduce.Job:  map 25% reduce 0%
2022-05-01 20:29:22,803 INFO mapreduce.Job:  map 26% reduce 0%
2022-05-01 20:29:24,811 INFO mapreduce.Job:  map 28% reduce 0%
2022-05-01 20:29:29,829 INFO mapreduce.Job:  map 29% reduce 0%
2022-05-01 20:29:30,835 INFO mapreduce.Job:  map 30% reduce 0%
2022-05-01 20:29:32,845 INFO mapreduce.Job:  map 32% reduce 0%
2022-05-01 20:29:37,861 INFO mapreduce.Job:  map 33% reduce 0%
2022-05-01 20:29:38,867 INFO mapreduce.Job:  map 34% reduce 0%
2022-05-01 20:29:40,877 INFO mapreduce.Job:  map 36% reduce 0%
2022-05-01 20:29:45,919 INFO mapreduce.Job:  map 37% reduce 0%
2022-05-01 20:29:46,934 INFO mapreduce.Job:  map 38% reduce 0%
2022-05-01 20:29:49,953 INFO mapreduce.Job:  map 39% reduce 0%
2022-05-01 20:29:53,984 INFO mapreduce.Job:  map 41% reduce 0%
2022-05-01 20:29:55,999 INFO mapreduce.Job:  map 42% reduce 0%
2022-05-01 20:29:58,019 INFO mapreduce.Job:  map 43% reduce 0%
2022-05-01 20:30:02,043 INFO mapreduce.Job:  map 45% reduce 0%
2022-05-01 20:30:05,058 INFO mapreduce.Job:  map 46% reduce 0%
2022-05-01 20:30:07,049 INFO mapreduce.Job:  map 47% reduce 0%
2022-05-01 20:30:10,063 INFO mapreduce.Job:  map 49% reduce 0%
2022-05-01 20:30:13,078 INFO mapreduce.Job:  map 50% reduce 0%
2022-05-01 20:30:16,094 INFO mapreduce.Job:  map 51% reduce 0%
2022-05-01 20:30:19,151 INFO mapreduce.Job:  map 53% reduce 0%
2022-05-01 20:30:22,217 INFO mapreduce.Job:  map 54% reduce 0%
2022-05-01 20:30:25,232 INFO mapreduce.Job:  map 55% reduce 0%
2022-05-01 20:30:28,253 INFO mapreduce.Job:  map 57% reduce 0%
2022-05-01 20:30:31,270 INFO mapreduce.Job:  map 58% reduce 0%
2022-05-01 20:30:34,291 INFO mapreduce.Job:  map 59% reduce 0%
2022-05-01 20:30:37,285 INFO mapreduce.Job:  map 61% reduce 0%
2022-05-01 20:30:38,289 INFO mapreduce.Job:  map 62% reduce 0%
2022-05-01 20:30:42,310 INFO mapreduce.Job:  map 63% reduce 0%
2022-05-01 20:30:46,339 INFO mapreduce.Job:  map 64% reduce 0%
2022-05-01 20:30:47,346 INFO mapreduce.Job:  map 66% reduce 0%
2022-05-01 20:30:51,375 INFO mapreduce.Job:  map 67% reduce 0%
2022-05-01 20:30:54,393 INFO mapreduce.Job:  map 68% reduce 0%
2022-05-01 20:30:56,403 INFO mapreduce.Job:  map 70% reduce 0%
2022-05-01 20:30:59,419 INFO mapreduce.Job:  map 71% reduce 0%
2022-05-01 20:31:02,433 INFO mapreduce.Job:  map 72% reduce 0%
2022-05-01 20:31:04,446 INFO mapreduce.Job:  map 74% reduce 0%
2022-05-01 20:31:14,178 INFO mapreduce.Job:  map 76% reduce 0%
2022-05-01 20:31:16,183 INFO mapreduce.Job:  map 76% reduce 25%
2022-05-01 20:31:21,204 INFO mapreduce.Job:  map 78% reduce 25%
2022-05-01 20:31:22,208 INFO mapreduce.Job:  map 79% reduce 25%
2022-05-01 20:31:28,246 INFO mapreduce.Job:  map 79% reduce 26%
2022-05-01 20:31:29,249 INFO mapreduce.Job:  map 80% reduce 26%
2022-05-01 20:31:30,310 INFO mapreduce.Job:  map 82% reduce 26%
2022-05-01 20:31:34,325 INFO mapreduce.Job:  map 82% reduce 27%
2022-05-01 20:31:37,330 INFO mapreduce.Job:  map 83% reduce 27%
2022-05-01 20:31:38,334 INFO mapreduce.Job:  map 84% reduce 27%
2022-05-01 20:31:40,339 INFO mapreduce.Job:  map 84% reduce 28%
2022-05-01 20:31:45,352 INFO mapreduce.Job:  map 86% reduce 28%
2022-05-01 20:31:46,357 INFO mapreduce.Job:  map 87% reduce 28%
2022-05-01 20:31:52,370 INFO mapreduce.Job:  map 87% reduce 29%
2022-05-01 20:31:53,373 INFO mapreduce.Job:  map 88% reduce 29%
2022-05-01 20:31:54,376 INFO mapreduce.Job:  map 89% reduce 29%
2022-05-01 20:31:58,396 INFO mapreduce.Job:  map 89% reduce 30%
2022-05-01 20:32:02,408 INFO mapreduce.Job:  map 91% reduce 30%
2022-05-01 20:32:03,411 INFO mapreduce.Job:  map 92% reduce 30%
2022-05-01 20:32:04,413 INFO mapreduce.Job:  map 92% reduce 31%
2022-05-01 20:32:09,403 INFO mapreduce.Job:  map 93% reduce 31%
2022-05-01 20:32:11,419 INFO mapreduce.Job:  map 95% reduce 31%
2022-05-01 20:32:16,434 INFO mapreduce.Job:  map 95% reduce 32%
2022-05-01 20:32:17,436 INFO mapreduce.Job:  map 96% reduce 32%
2022-05-01 20:32:19,441 INFO mapreduce.Job:  map 97% reduce 32%
2022-05-01 20:32:22,447 INFO mapreduce.Job:  map 99% reduce 32%
2022-05-01 20:32:24,451 INFO mapreduce.Job:  map 100% reduce 32%
2022-05-01 20:32:28,458 INFO mapreduce.Job:  map 100% reduce 68%
2022-05-01 20:32:34,469 INFO mapreduce.Job:  map 100% reduce 70%
2022-05-01 20:32:40,664 INFO mapreduce.Job:  map 100% reduce 73%
2022-05-01 20:32:46,678 INFO mapreduce.Job:  map 100% reduce 75%
2022-05-01 20:32:51,898 INFO mapreduce.Job:  map 100% reduce 77%
2022-05-01 20:32:57,910 INFO mapreduce.Job:  map 100% reduce 79%
2022-05-01 20:33:03,924 INFO mapreduce.Job:  map 100% reduce 81%
2022-05-01 20:33:09,914 INFO mapreduce.Job:  map 100% reduce 84%
2022-05-01 20:33:15,929 INFO mapreduce.Job:  map 100% reduce 86%
2022-05-01 20:33:21,972 INFO mapreduce.Job:  map 100% reduce 88%
2022-05-01 20:33:27,987 INFO mapreduce.Job:  map 100% reduce 90%
2022-05-01 20:33:34,006 INFO mapreduce.Job:  map 100% reduce 92%
2022-05-01 20:33:40,109 INFO mapreduce.Job:  map 100% reduce 95%
2022-05-01 20:33:46,134 INFO mapreduce.Job:  map 100% reduce 97%
2022-05-01 20:33:52,162 INFO mapreduce.Job:  map 100% reduce 99%
2022-05-01 20:33:53,168 INFO mapreduce.Job:  map 100% reduce 100%
2022-05-01 20:33:53,174 INFO mapreduce.Job: Job job_1651429169682_0013 completed successfully
2022-05-01 20:33:53,397 INFO mapreduce.Job: Counters: 54
	File System Counters
		FILE: Number of bytes read=5465381167
		FILE: Number of bytes written=10985551508
		FILE: Number of read operations=0
		FILE: Number of large read operations=0
		FILE: Number of write operations=0
		HDFS: Number of bytes read=10000010336
		HDFS: Number of bytes written=10000000000
		HDFS: Number of read operations=233
		HDFS: Number of large read operations=0
		HDFS: Number of write operations=2
		HDFS: Number of bytes read erasure-coded=0
	Job Counters 
		Launched map tasks=76
		Launched reduce tasks=1
		Rack-local map tasks=76
		Total time spent by all maps in occupied slots (ms)=948246
		Total time spent by all reduces in occupied slots (ms)=170374
		Total time spent by all map tasks (ms)=474123
		Total time spent by all reduce tasks (ms)=170374
		Total vcore-milliseconds taken by all map tasks=474123
		Total vcore-milliseconds taken by all reduce tasks=170374
		Total megabyte-milliseconds taken by all map tasks=971003904
		Total megabyte-milliseconds taken by all reduce tasks=174462976
	Map-Reduce Framework
		Map input records=100000000
		Map output records=100000000
		Map output bytes=10200000000
		Map output materialized bytes=5502468877
		Input split bytes=10336
		Combine input records=0
		Combine output records=0
		Reduce input groups=100000000
		Reduce shuffle bytes=5502468877
		Reduce input records=100000000
		Reduce output records=100000000
		Spilled Records=199321120
		Shuffled Maps =76
		Failed Shuffles=0
		Merged Map outputs=76
		GC time elapsed (ms)=5756
		CPU time spent (ms)=503010
		Physical memory (bytes) snapshot=36652343296
		Virtual memory (bytes) snapshot=271506628608
		Total committed heap usage (bytes)=34917056512
		Peak Map Physical memory (bytes)=537772032
		Peak Map Virtual memory (bytes)=3546681344
		Peak Reduce Physical memory (bytes)=600068096
		Peak Reduce Virtual memory (bytes)=2682458112
	Shuffle Errors
		BAD_ID=0
		CONNECTION=0
		IO_ERROR=0
		WRONG_LENGTH=0
		WRONG_MAP=0
		WRONG_REDUCE=0
	File Input Format Counters 
		Bytes Read=10000000000
	File Output Format Counters 
		Bytes Written=10000000000
2022-05-01 20:33:53,398 INFO terasort.TeraSort: done
	Command being timed: "hadoop jar hadoop-mapreduce-examples-3.2.1.jar terasort -D mapreduce.map.log.level=INFO -D mapreduce.reduce.log.level=INFO -D yarn.app.mapreduce.am.log.level=INFO -D yarn.nodemanager.resource.detect-hardware-capabilities=true -D yarn.nodemanager.resource.memory-mb=-1 -D mapreduce.task.io.sort.mb=256 -D mapreduce.map.memory.mb=2048 -D io.file.buffer.size=131072 -D mapreduce.map.output.compress=true -D mapreduce.map.output.compress.codec=org.apache.hadoop.io.compress.Lz4Codec -D mapreduce.output.fileoutputformat.compress=true -D mapreduce.output.fileoutputformat.compress.codec=org.apache.hadoop.io.compress.Lz4Codec -D mapreduce.output.fileoutputformat.compress.type=BLOCK -D dfs.blocksize=335544320 -D dfs.replication=1 -D mapreduce.task.io.sort.factor=400 -D mapreduce.map.sort.spill.percent=1.0 -D mapreduce.reduce.shuffle.parallelcopies=20 -D mapreduce.reduce.merge.inmem.threshold=2000 -D mapreduce.reduce.input.buffer.percent=0.8 -D mapreduce.job.reduce.slowstart.completedmaps=0.7 /user/root/terasort/10G-terasort-input /user/root/terasort/10G-terasort-output"
	User time (seconds): 5.90
	System time (seconds): 0.61
	Percent of CPU this job got: 1%
	Elapsed (wall clock) time (h:mm:ss or m:ss): 5:40.06
	Average shared text size (kbytes): 0
	Average unshared data size (kbytes): 0
	Average stack size (kbytes): 0
	Average total size (kbytes): 0
	Maximum resident set size (kbytes): 314056
	Average resident set size (kbytes): 0
	Major (requiring I/O) page faults: 224
	Minor (reclaiming a frame) page faults: 90344
	Voluntary context switches: 19339
	Involuntary context switches: 5509
	Swaps: 0
	File system inputs: 12872
	File system outputs: 4144
	Socket messages sent: 0
	Socket messages received: 0
	Signals delivered: 0
	Page size (bytes): 4096
	Exit status: 0
