2022-05-01 20:34:22,802 INFO terasort.TeraSort: starting
2022-05-01 20:34:23,426 INFO input.FileInputFormat: Total input files to process : 2
Spent 145ms computing base-splits.
Spent 2ms computing TeraScheduler splits.
Computing input splits took 148ms
Sampling 10 splits of 76
2022-05-01 20:34:23,506 INFO sasl.SaslDataTransferClient: SASL encryption trust check: localHostTrusted = false, remoteHostTrusted = false
2022-05-01 20:34:23,506 INFO sasl.SaslDataTransferClient: SASL encryption trust check: localHostTrusted = false, remoteHostTrusted = false
2022-05-01 20:34:23,506 INFO sasl.SaslDataTransferClient: SASL encryption trust check: localHostTrusted = false, remoteHostTrusted = false
2022-05-01 20:34:23,506 INFO sasl.SaslDataTransferClient: SASL encryption trust check: localHostTrusted = false, remoteHostTrusted = false
2022-05-01 20:34:23,506 INFO sasl.SaslDataTransferClient: SASL encryption trust check: localHostTrusted = false, remoteHostTrusted = false
2022-05-01 20:34:23,506 INFO sasl.SaslDataTransferClient: SASL encryption trust check: localHostTrusted = false, remoteHostTrusted = false
2022-05-01 20:34:23,506 INFO sasl.SaslDataTransferClient: SASL encryption trust check: localHostTrusted = false, remoteHostTrusted = false
2022-05-01 20:34:23,506 INFO sasl.SaslDataTransferClient: SASL encryption trust check: localHostTrusted = false, remoteHostTrusted = false
2022-05-01 20:34:23,506 INFO sasl.SaslDataTransferClient: SASL encryption trust check: localHostTrusted = false, remoteHostTrusted = false
2022-05-01 20:34:23,506 INFO sasl.SaslDataTransferClient: SASL encryption trust check: localHostTrusted = false, remoteHostTrusted = false
Making 1 from 100000 sampled records
Computing parititions took 311ms
Spent 461ms computing partitions.
2022-05-01 20:34:23,906 INFO client.RMProxy: Connecting to ResourceManager at resourcemanager/172.18.0.7:8032
2022-05-01 20:34:24,021 INFO client.AHSProxy: Connecting to Application History server at historyserver/172.18.0.6:10200
2022-05-01 20:34:24,119 INFO mapreduce.JobResourceUploader: Disabling Erasure Coding for path: /tmp/hadoop-yarn/staging/root/.staging/job_1651429169682_0014
2022-05-01 20:34:24,161 INFO sasl.SaslDataTransferClient: SASL encryption trust check: localHostTrusted = false, remoteHostTrusted = false
2022-05-01 20:34:24,225 INFO sasl.SaslDataTransferClient: SASL encryption trust check: localHostTrusted = false, remoteHostTrusted = false
2022-05-01 20:34:24,262 INFO sasl.SaslDataTransferClient: SASL encryption trust check: localHostTrusted = false, remoteHostTrusted = false
2022-05-01 20:34:24,268 INFO mapreduce.JobSubmitter: number of splits:76
2022-05-01 20:34:24,407 INFO sasl.SaslDataTransferClient: SASL encryption trust check: localHostTrusted = false, remoteHostTrusted = false
2022-05-01 20:34:24,428 INFO mapreduce.JobSubmitter: Submitting tokens for job: job_1651429169682_0014
2022-05-01 20:34:24,428 INFO mapreduce.JobSubmitter: Executing with tokens: []
2022-05-01 20:34:24,557 INFO conf.Configuration: resource-types.xml not found
2022-05-01 20:34:24,557 INFO resource.ResourceUtils: Unable to find 'resource-types.xml'.
2022-05-01 20:34:24,802 INFO impl.YarnClientImpl: Submitted application application_1651429169682_0014
2022-05-01 20:34:24,835 INFO mapreduce.Job: The url to track the job: http://resourcemanager:8088/proxy/application_1651429169682_0014/
2022-05-01 20:34:24,836 INFO mapreduce.Job: Running job: job_1651429169682_0014
2022-05-01 20:34:29,910 INFO mapreduce.Job: Job job_1651429169682_0014 running in uber mode : false
2022-05-01 20:34:29,911 INFO mapreduce.Job:  map 0% reduce 0%
2022-05-01 20:34:39,979 INFO mapreduce.Job:  map 3% reduce 0%
2022-05-01 20:34:41,996 INFO mapreduce.Job:  map 4% reduce 0%
2022-05-01 20:34:47,029 INFO mapreduce.Job:  map 5% reduce 0%
2022-05-01 20:34:49,040 INFO mapreduce.Job:  map 7% reduce 0%
2022-05-01 20:34:50,044 INFO mapreduce.Job:  map 8% reduce 0%
2022-05-01 20:34:56,078 INFO mapreduce.Job:  map 11% reduce 0%
2022-05-01 20:34:59,112 INFO mapreduce.Job:  map 12% reduce 0%
2022-05-01 20:35:03,132 INFO mapreduce.Job:  map 13% reduce 0%
2022-05-01 20:35:05,152 INFO mapreduce.Job:  map 14% reduce 0%
2022-05-01 20:35:07,140 INFO mapreduce.Job:  map 16% reduce 0%
2022-05-01 20:35:11,157 INFO mapreduce.Job:  map 17% reduce 0%
2022-05-01 20:35:12,162 INFO mapreduce.Job:  map 18% reduce 0%
2022-05-01 20:35:16,178 INFO mapreduce.Job:  map 20% reduce 0%
2022-05-01 20:35:20,194 INFO mapreduce.Job:  map 21% reduce 0%
2022-05-01 20:35:21,198 INFO mapreduce.Job:  map 22% reduce 0%
2022-05-01 20:35:24,211 INFO mapreduce.Job:  map 24% reduce 0%
2022-05-01 20:35:28,253 INFO mapreduce.Job:  map 25% reduce 0%
2022-05-01 20:35:30,264 INFO mapreduce.Job:  map 26% reduce 0%
2022-05-01 20:35:33,311 INFO mapreduce.Job:  map 28% reduce 0%
2022-05-01 20:35:38,321 INFO mapreduce.Job:  map 29% reduce 0%
2022-05-01 20:35:40,332 INFO mapreduce.Job:  map 30% reduce 0%
2022-05-01 20:35:42,339 INFO mapreduce.Job:  map 32% reduce 0%
2022-05-01 20:35:48,369 INFO mapreduce.Job:  map 33% reduce 0%
2022-05-01 20:35:49,374 INFO mapreduce.Job:  map 34% reduce 0%
2022-05-01 20:35:52,397 INFO mapreduce.Job:  map 36% reduce 0%
2022-05-01 20:35:58,442 INFO mapreduce.Job:  map 38% reduce 0%
2022-05-01 20:36:01,485 INFO mapreduce.Job:  map 39% reduce 0%
2022-05-01 20:36:06,495 INFO mapreduce.Job:  map 41% reduce 0%
2022-05-01 20:36:07,504 INFO mapreduce.Job:  map 42% reduce 0%
2022-05-01 20:36:10,523 INFO mapreduce.Job:  map 43% reduce 0%
2022-05-01 20:36:14,539 INFO mapreduce.Job:  map 45% reduce 0%
2022-05-01 20:36:15,542 INFO mapreduce.Job:  map 46% reduce 0%
2022-05-01 20:36:18,566 INFO mapreduce.Job:  map 47% reduce 0%
2022-05-01 20:36:22,581 INFO mapreduce.Job:  map 49% reduce 0%
2022-05-01 20:36:23,586 INFO mapreduce.Job:  map 50% reduce 0%
2022-05-01 20:36:27,601 INFO mapreduce.Job:  map 51% reduce 0%
2022-05-01 20:36:30,614 INFO mapreduce.Job:  map 53% reduce 0%
2022-05-01 20:36:32,625 INFO mapreduce.Job:  map 54% reduce 0%
2022-05-01 20:36:35,646 INFO mapreduce.Job:  map 55% reduce 0%
2022-05-01 20:36:38,640 INFO mapreduce.Job:  map 57% reduce 0%
2022-05-01 20:36:42,660 INFO mapreduce.Job:  map 58% reduce 0%
2022-05-01 20:36:43,663 INFO mapreduce.Job:  map 59% reduce 0%
2022-05-01 20:36:46,679 INFO mapreduce.Job:  map 61% reduce 0%
2022-05-01 20:36:50,690 INFO mapreduce.Job:  map 62% reduce 0%
2022-05-01 20:36:52,706 INFO mapreduce.Job:  map 63% reduce 0%
2022-05-01 20:36:54,713 INFO mapreduce.Job:  map 64% reduce 0%
2022-05-01 20:36:59,744 INFO mapreduce.Job:  map 66% reduce 0%
2022-05-01 20:37:00,747 INFO mapreduce.Job:  map 67% reduce 0%
2022-05-01 20:37:02,755 INFO mapreduce.Job:  map 68% reduce 0%
2022-05-01 20:37:07,746 INFO mapreduce.Job:  map 70% reduce 0%
2022-05-01 20:37:08,749 INFO mapreduce.Job:  map 71% reduce 0%
2022-05-01 20:37:10,754 INFO mapreduce.Job:  map 72% reduce 0%
2022-05-01 20:37:17,786 INFO mapreduce.Job:  map 75% reduce 0%
2022-05-01 20:37:26,826 INFO mapreduce.Job:  map 78% reduce 25%
2022-05-01 20:37:32,854 INFO mapreduce.Job:  map 78% reduce 26%
2022-05-01 20:37:33,857 INFO mapreduce.Job:  map 79% reduce 26%
2022-05-01 20:37:34,860 INFO mapreduce.Job:  map 80% reduce 26%
2022-05-01 20:37:38,866 INFO mapreduce.Job:  map 80% reduce 27%
2022-05-01 20:37:41,876 INFO mapreduce.Job:  map 82% reduce 27%
2022-05-01 20:37:42,880 INFO mapreduce.Job:  map 83% reduce 27%
2022-05-01 20:37:44,893 INFO mapreduce.Job:  map 83% reduce 28%
2022-05-01 20:37:49,916 INFO mapreduce.Job:  map 84% reduce 28%
2022-05-01 20:37:50,921 INFO mapreduce.Job:  map 86% reduce 28%
2022-05-01 20:37:56,938 INFO mapreduce.Job:  map 86% reduce 29%
2022-05-01 20:37:57,944 INFO mapreduce.Job:  map 87% reduce 29%
2022-05-01 20:37:58,948 INFO mapreduce.Job:  map 88% reduce 29%
2022-05-01 20:38:05,945 INFO mapreduce.Job:  map 89% reduce 29%
2022-05-01 20:38:06,950 INFO mapreduce.Job:  map 91% reduce 29%
2022-05-01 20:38:07,952 INFO mapreduce.Job:  map 91% reduce 30%
2022-05-01 20:38:12,964 INFO mapreduce.Job:  map 92% reduce 30%
2022-05-01 20:38:13,968 INFO mapreduce.Job:  map 92% reduce 31%
2022-05-01 20:38:14,972 INFO mapreduce.Job:  map 93% reduce 31%
2022-05-01 20:38:21,988 INFO mapreduce.Job:  map 95% reduce 31%
2022-05-01 20:38:22,996 INFO mapreduce.Job:  map 96% reduce 31%
2022-05-01 20:38:26,003 INFO mapreduce.Job:  map 96% reduce 32%
2022-05-01 20:38:28,007 INFO mapreduce.Job:  map 97% reduce 32%
2022-05-01 20:38:29,011 INFO mapreduce.Job:  map 99% reduce 32%
2022-05-01 20:38:32,020 INFO mapreduce.Job:  map 100% reduce 33%
2022-05-01 20:38:38,009 INFO mapreduce.Job:  map 100% reduce 69%
2022-05-01 20:38:44,030 INFO mapreduce.Job:  map 100% reduce 71%
2022-05-01 20:38:50,047 INFO mapreduce.Job:  map 100% reduce 74%
2022-05-01 20:38:56,060 INFO mapreduce.Job:  map 100% reduce 76%
2022-05-01 20:39:02,072 INFO mapreduce.Job:  map 100% reduce 78%
2022-05-01 20:39:08,063 INFO mapreduce.Job:  map 100% reduce 81%
2022-05-01 20:39:14,075 INFO mapreduce.Job:  map 100% reduce 83%
2022-05-01 20:39:20,088 INFO mapreduce.Job:  map 100% reduce 85%
2022-05-01 20:39:26,098 INFO mapreduce.Job:  map 100% reduce 88%
2022-05-01 20:39:32,108 INFO mapreduce.Job:  map 100% reduce 90%
2022-05-01 20:39:38,097 INFO mapreduce.Job:  map 100% reduce 92%
2022-05-01 20:39:44,110 INFO mapreduce.Job:  map 100% reduce 95%
2022-05-01 20:39:50,122 INFO mapreduce.Job:  map 100% reduce 97%
2022-05-01 20:39:56,136 INFO mapreduce.Job:  map 100% reduce 99%
2022-05-01 20:39:57,138 INFO mapreduce.Job:  map 100% reduce 100%
2022-05-01 20:39:58,149 INFO mapreduce.Job: Job job_1651429169682_0014 completed successfully
2022-05-01 20:39:58,256 INFO mapreduce.Job: Counters: 55
	File System Counters
		FILE: Number of bytes read=5465381167
		FILE: Number of bytes written=10985551508
		FILE: Number of read operations=0
		FILE: Number of large read operations=0
		FILE: Number of write operations=0
		HDFS: Number of bytes read=10000010336
		HDFS: Number of bytes written=10000000000
		HDFS: Number of read operations=233
		HDFS: Number of large read operations=0
		HDFS: Number of write operations=2
		HDFS: Number of bytes read erasure-coded=0
	Job Counters 
		Killed map tasks=1
		Launched map tasks=76
		Launched reduce tasks=1
		Rack-local map tasks=76
		Total time spent by all maps in occupied slots (ms)=958992
		Total time spent by all reduces in occupied slots (ms)=164330
		Total time spent by all map tasks (ms)=479496
		Total time spent by all reduce tasks (ms)=164330
		Total vcore-milliseconds taken by all map tasks=479496
		Total vcore-milliseconds taken by all reduce tasks=164330
		Total megabyte-milliseconds taken by all map tasks=982007808
		Total megabyte-milliseconds taken by all reduce tasks=168273920
	Map-Reduce Framework
		Map input records=100000000
		Map output records=100000000
		Map output bytes=10200000000
		Map output materialized bytes=5502468877
		Input split bytes=10336
		Combine input records=0
		Combine output records=0
		Reduce input groups=100000000
		Reduce shuffle bytes=5502468877
		Reduce input records=100000000
		Reduce output records=100000000
		Spilled Records=199321120
		Shuffled Maps =76
		Failed Shuffles=0
		Merged Map outputs=76
		GC time elapsed (ms)=5407
		CPU time spent (ms)=501340
		Physical memory (bytes) snapshot=36264103936
		Virtual memory (bytes) snapshot=271589982208
		Total committed heap usage (bytes)=34646523904
		Peak Map Physical memory (bytes)=523878400
		Peak Map Virtual memory (bytes)=3546222592
		Peak Reduce Physical memory (bytes)=594362368
		Peak Reduce Virtual memory (bytes)=2741280768
	Shuffle Errors
		BAD_ID=0
		CONNECTION=0
		IO_ERROR=0
		WRONG_LENGTH=0
		WRONG_MAP=0
		WRONG_REDUCE=0
	File Input Format Counters 
		Bytes Read=10000000000
	File Output Format Counters 
		Bytes Written=10000000000
2022-05-01 20:39:58,257 INFO terasort.TeraSort: done
	Command being timed: "hadoop jar hadoop-mapreduce-examples-3.2.1.jar terasort -D mapreduce.map.log.level=INFO -D mapreduce.reduce.log.level=INFO -D yarn.app.mapreduce.am.log.level=INFO -D yarn.nodemanager.resource.detect-hardware-capabilities=true -D yarn.nodemanager.resource.memory-mb=-1 -D mapreduce.task.io.sort.mb=256 -D mapreduce.map.memory.mb=2048 -D io.file.buffer.size=131072 -D mapreduce.map.output.compress=true -D mapreduce.map.output.compress.codec=org.apache.hadoop.io.compress.Lz4Codec -D mapreduce.output.fileoutputformat.compress=true -D mapreduce.output.fileoutputformat.compress.codec=org.apache.hadoop.io.compress.Lz4Codec -D mapreduce.output.fileoutputformat.compress.type=BLOCK -D dfs.blocksize=335544320 -D dfs.replication=1 -D mapreduce.task.io.sort.factor=400 -D mapreduce.map.sort.spill.percent=1.0 -D mapreduce.reduce.shuffle.parallelcopies=20 -D mapreduce.reduce.merge.inmem.threshold=2000 -D mapreduce.reduce.input.buffer.percent=0.8 -D mapreduce.job.reduce.slowstart.completedmaps=0.7 /user/root/terasort/10G-terasort-input /user/root/terasort/10G-terasort-output"
	User time (seconds): 5.74
	System time (seconds): 0.63
	Percent of CPU this job got: 1%
	Elapsed (wall clock) time (h:mm:ss or m:ss): 5:36.34
	Average shared text size (kbytes): 0
	Average unshared data size (kbytes): 0
	Average stack size (kbytes): 0
	Average total size (kbytes): 0
	Maximum resident set size (kbytes): 301648
	Average resident set size (kbytes): 0
	Major (requiring I/O) page faults: 198
	Minor (reclaiming a frame) page faults: 84031
	Voluntary context switches: 19308
	Involuntary context switches: 4906
	Swaps: 0
	File system inputs: 14464
	File system outputs: 3872
	Socket messages sent: 0
	Socket messages received: 0
	Signals delivered: 0
	Page size (bytes): 4096
	Exit status: 0
