2022-05-01 21:46:45,502 INFO terasort.TeraSort: starting
2022-05-01 21:46:46,114 INFO input.FileInputFormat: Total input files to process : 2
Spent 118ms computing base-splits.
Spent 1ms computing TeraScheduler splits.
Computing input splits took 119ms
Sampling 10 splits of 76
2022-05-01 21:46:46,182 INFO sasl.SaslDataTransferClient: SASL encryption trust check: localHostTrusted = false, remoteHostTrusted = false
2022-05-01 21:46:46,183 INFO sasl.SaslDataTransferClient: SASL encryption trust check: localHostTrusted = false, remoteHostTrusted = false
2022-05-01 21:46:46,183 INFO sasl.SaslDataTransferClient: SASL encryption trust check: localHostTrusted = false, remoteHostTrusted = false
2022-05-01 21:46:46,182 INFO sasl.SaslDataTransferClient: SASL encryption trust check: localHostTrusted = false, remoteHostTrusted = false
2022-05-01 21:46:46,183 INFO sasl.SaslDataTransferClient: SASL encryption trust check: localHostTrusted = false, remoteHostTrusted = false
2022-05-01 21:46:46,183 INFO sasl.SaslDataTransferClient: SASL encryption trust check: localHostTrusted = false, remoteHostTrusted = false
2022-05-01 21:46:46,182 INFO sasl.SaslDataTransferClient: SASL encryption trust check: localHostTrusted = false, remoteHostTrusted = false
2022-05-01 21:46:46,183 INFO sasl.SaslDataTransferClient: SASL encryption trust check: localHostTrusted = false, remoteHostTrusted = false
2022-05-01 21:46:46,183 INFO sasl.SaslDataTransferClient: SASL encryption trust check: localHostTrusted = false, remoteHostTrusted = false
2022-05-01 21:46:46,184 INFO sasl.SaslDataTransferClient: SASL encryption trust check: localHostTrusted = false, remoteHostTrusted = false
Making 1 from 100000 sampled records
Computing parititions took 300ms
Spent 421ms computing partitions.
2022-05-01 21:46:46,554 INFO client.RMProxy: Connecting to ResourceManager at resourcemanager/172.18.0.7:8032
2022-05-01 21:46:46,667 INFO client.AHSProxy: Connecting to Application History server at historyserver/172.18.0.6:10200
2022-05-01 21:46:46,772 INFO mapreduce.JobResourceUploader: Disabling Erasure Coding for path: /tmp/hadoop-yarn/staging/root/.staging/job_1651429169682_0023
2022-05-01 21:46:46,821 INFO sasl.SaslDataTransferClient: SASL encryption trust check: localHostTrusted = false, remoteHostTrusted = false
2022-05-01 21:46:46,913 INFO sasl.SaslDataTransferClient: SASL encryption trust check: localHostTrusted = false, remoteHostTrusted = false
2022-05-01 21:46:46,956 INFO sasl.SaslDataTransferClient: SASL encryption trust check: localHostTrusted = false, remoteHostTrusted = false
2022-05-01 21:46:47,366 INFO mapreduce.JobSubmitter: number of splits:76
2022-05-01 21:46:47,493 INFO sasl.SaslDataTransferClient: SASL encryption trust check: localHostTrusted = false, remoteHostTrusted = false
2022-05-01 21:46:47,503 INFO mapreduce.JobSubmitter: Submitting tokens for job: job_1651429169682_0023
2022-05-01 21:46:47,503 INFO mapreduce.JobSubmitter: Executing with tokens: []
2022-05-01 21:46:47,643 INFO conf.Configuration: resource-types.xml not found
2022-05-01 21:46:47,643 INFO resource.ResourceUtils: Unable to find 'resource-types.xml'.
2022-05-01 21:46:47,901 INFO impl.YarnClientImpl: Submitted application application_1651429169682_0023
2022-05-01 21:46:47,930 INFO mapreduce.Job: The url to track the job: http://resourcemanager:8088/proxy/application_1651429169682_0023/
2022-05-01 21:46:47,930 INFO mapreduce.Job: Running job: job_1651429169682_0023
2022-05-01 21:46:52,999 INFO mapreduce.Job: Job job_1651429169682_0023 running in uber mode : false
2022-05-01 21:46:53,000 INFO mapreduce.Job:  map 0% reduce 0%
2022-05-01 21:47:02,073 INFO mapreduce.Job:  map 1% reduce 0%
2022-05-01 21:47:03,082 INFO mapreduce.Job:  map 3% reduce 0%
2022-05-01 21:47:04,064 INFO mapreduce.Job:  map 4% reduce 0%
2022-05-01 21:47:10,108 INFO mapreduce.Job:  map 5% reduce 0%
2022-05-01 21:47:11,112 INFO mapreduce.Job:  map 7% reduce 0%
2022-05-01 21:47:13,124 INFO mapreduce.Job:  map 8% reduce 0%
2022-05-01 21:47:18,155 INFO mapreduce.Job:  map 9% reduce 0%
2022-05-01 21:47:19,160 INFO mapreduce.Job:  map 11% reduce 0%
2022-05-01 21:47:22,182 INFO mapreduce.Job:  map 12% reduce 0%
2022-05-01 21:47:26,201 INFO mapreduce.Job:  map 13% reduce 0%
2022-05-01 21:47:27,206 INFO mapreduce.Job:  map 14% reduce 0%
2022-05-01 21:47:30,234 INFO mapreduce.Job:  map 16% reduce 0%
2022-05-01 21:47:35,233 INFO mapreduce.Job:  map 17% reduce 0%
2022-05-01 21:47:36,237 INFO mapreduce.Job:  map 18% reduce 0%
2022-05-01 21:47:38,244 INFO mapreduce.Job:  map 20% reduce 0%
2022-05-01 21:47:43,270 INFO mapreduce.Job:  map 21% reduce 0%
2022-05-01 21:47:44,274 INFO mapreduce.Job:  map 22% reduce 0%
2022-05-01 21:47:47,296 INFO mapreduce.Job:  map 24% reduce 0%
2022-05-01 21:47:51,319 INFO mapreduce.Job:  map 25% reduce 0%
2022-05-01 21:47:52,325 INFO mapreduce.Job:  map 26% reduce 0%
2022-05-01 21:47:55,340 INFO mapreduce.Job:  map 28% reduce 0%
2022-05-01 21:47:59,364 INFO mapreduce.Job:  map 29% reduce 0%
2022-05-01 21:48:00,368 INFO mapreduce.Job:  map 30% reduce 0%
2022-05-01 21:48:04,364 INFO mapreduce.Job:  map 32% reduce 0%
2022-05-01 21:48:07,375 INFO mapreduce.Job:  map 33% reduce 0%
2022-05-01 21:48:08,380 INFO mapreduce.Job:  map 34% reduce 0%
2022-05-01 21:48:12,398 INFO mapreduce.Job:  map 36% reduce 0%
2022-05-01 21:48:16,413 INFO mapreduce.Job:  map 37% reduce 0%
2022-05-01 21:48:17,417 INFO mapreduce.Job:  map 38% reduce 0%
2022-05-01 21:48:20,429 INFO mapreduce.Job:  map 39% reduce 0%
2022-05-01 21:48:24,445 INFO mapreduce.Job:  map 41% reduce 0%
2022-05-01 21:48:25,451 INFO mapreduce.Job:  map 42% reduce 0%
2022-05-01 21:48:29,465 INFO mapreduce.Job:  map 43% reduce 0%
2022-05-01 21:48:32,496 INFO mapreduce.Job:  map 45% reduce 0%
2022-05-01 21:48:34,478 INFO mapreduce.Job:  map 46% reduce 0%
2022-05-01 21:48:38,492 INFO mapreduce.Job:  map 47% reduce 0%
2022-05-01 21:48:40,499 INFO mapreduce.Job:  map 49% reduce 0%
2022-05-01 21:48:42,506 INFO mapreduce.Job:  map 50% reduce 0%
2022-05-01 21:48:46,522 INFO mapreduce.Job:  map 51% reduce 0%
2022-05-01 21:48:49,532 INFO mapreduce.Job:  map 53% reduce 0%
2022-05-01 21:48:50,534 INFO mapreduce.Job:  map 54% reduce 0%
2022-05-01 21:48:55,566 INFO mapreduce.Job:  map 55% reduce 0%
2022-05-01 21:48:57,576 INFO mapreduce.Job:  map 57% reduce 0%
2022-05-01 21:48:59,592 INFO mapreduce.Job:  map 58% reduce 0%
2022-05-01 21:49:03,588 INFO mapreduce.Job:  map 59% reduce 0%
2022-05-01 21:49:05,600 INFO mapreduce.Job:  map 61% reduce 0%
2022-05-01 21:49:07,605 INFO mapreduce.Job:  map 62% reduce 0%
2022-05-01 21:49:11,616 INFO mapreduce.Job:  map 63% reduce 0%
2022-05-01 21:49:13,623 INFO mapreduce.Job:  map 64% reduce 0%
2022-05-01 21:49:16,637 INFO mapreduce.Job:  map 66% reduce 0%
2022-05-01 21:49:19,646 INFO mapreduce.Job:  map 67% reduce 0%
2022-05-01 21:49:22,658 INFO mapreduce.Job:  map 68% reduce 0%
2022-05-01 21:49:25,668 INFO mapreduce.Job:  map 70% reduce 0%
2022-05-01 21:49:28,676 INFO mapreduce.Job:  map 71% reduce 0%
2022-05-01 21:49:31,685 INFO mapreduce.Job:  map 72% reduce 0%
2022-05-01 21:49:34,672 INFO mapreduce.Job:  map 74% reduce 0%
2022-05-01 21:49:37,689 INFO mapreduce.Job:  map 75% reduce 0%
2022-05-01 21:49:45,721 INFO mapreduce.Job:  map 76% reduce 0%
2022-05-01 21:49:46,729 INFO mapreduce.Job:  map 78% reduce 25%
2022-05-01 21:49:52,754 INFO mapreduce.Job:  map 79% reduce 26%
2022-05-01 21:49:53,759 INFO mapreduce.Job:  map 80% reduce 26%
2022-05-01 21:49:58,792 INFO mapreduce.Job:  map 80% reduce 27%
2022-05-01 21:50:00,801 INFO mapreduce.Job:  map 82% reduce 27%
2022-05-01 21:50:01,805 INFO mapreduce.Job:  map 83% reduce 27%
2022-05-01 21:50:04,791 INFO mapreduce.Job:  map 83% reduce 28%
2022-05-01 21:50:08,802 INFO mapreduce.Job:  map 84% reduce 28%
2022-05-01 21:50:09,805 INFO mapreduce.Job:  map 86% reduce 28%
2022-05-01 21:50:10,809 INFO mapreduce.Job:  map 86% reduce 29%
2022-05-01 21:50:16,825 INFO mapreduce.Job:  map 87% reduce 29%
2022-05-01 21:50:17,829 INFO mapreduce.Job:  map 88% reduce 29%
2022-05-01 21:50:24,852 INFO mapreduce.Job:  map 89% reduce 29%
2022-05-01 21:50:25,855 INFO mapreduce.Job:  map 91% reduce 29%
2022-05-01 21:50:28,865 INFO mapreduce.Job:  map 91% reduce 30%
2022-05-01 21:50:32,875 INFO mapreduce.Job:  map 92% reduce 30%
2022-05-01 21:50:33,855 INFO mapreduce.Job:  map 93% reduce 30%
2022-05-01 21:50:34,859 INFO mapreduce.Job:  map 93% reduce 31%
2022-05-01 21:50:40,874 INFO mapreduce.Job:  map 95% reduce 31%
2022-05-01 21:50:41,878 INFO mapreduce.Job:  map 96% reduce 31%
2022-05-01 21:50:46,890 INFO mapreduce.Job:  map 97% reduce 32%
2022-05-01 21:50:48,895 INFO mapreduce.Job:  map 99% reduce 32%
2022-05-01 21:50:51,903 INFO mapreduce.Job:  map 100% reduce 32%
2022-05-01 21:50:52,905 INFO mapreduce.Job:  map 100% reduce 67%
2022-05-01 21:50:58,917 INFO mapreduce.Job:  map 100% reduce 69%
2022-05-01 21:51:04,910 INFO mapreduce.Job:  map 100% reduce 71%
2022-05-01 21:51:10,935 INFO mapreduce.Job:  map 100% reduce 74%
2022-05-01 21:51:16,954 INFO mapreduce.Job:  map 100% reduce 76%
2022-05-01 21:51:22,964 INFO mapreduce.Job:  map 100% reduce 78%
2022-05-01 21:51:28,975 INFO mapreduce.Job:  map 100% reduce 81%
2022-05-01 21:51:34,963 INFO mapreduce.Job:  map 100% reduce 83%
2022-05-01 21:51:40,973 INFO mapreduce.Job:  map 100% reduce 85%
2022-05-01 21:51:46,985 INFO mapreduce.Job:  map 100% reduce 87%
2022-05-01 21:51:52,997 INFO mapreduce.Job:  map 100% reduce 90%
2022-05-01 21:51:59,007 INFO mapreduce.Job:  map 100% reduce 92%
2022-05-01 21:52:04,996 INFO mapreduce.Job:  map 100% reduce 94%
2022-05-01 21:52:11,007 INFO mapreduce.Job:  map 100% reduce 96%
2022-05-01 21:52:17,017 INFO mapreduce.Job:  map 100% reduce 99%
2022-05-01 21:52:20,025 INFO mapreduce.Job:  map 100% reduce 100%
2022-05-01 21:52:21,039 INFO mapreduce.Job: Job job_1651429169682_0023 completed successfully
2022-05-01 21:52:21,173 INFO mapreduce.Job: Counters: 55
	File System Counters
		FILE: Number of bytes read=5465381167
		FILE: Number of bytes written=10985564444
		FILE: Number of read operations=0
		FILE: Number of large read operations=0
		FILE: Number of write operations=0
		HDFS: Number of bytes read=10000010336
		HDFS: Number of bytes written=10000000000
		HDFS: Number of read operations=233
		HDFS: Number of large read operations=0
		HDFS: Number of write operations=2
		HDFS: Number of bytes read erasure-coded=0
	Job Counters 
		Killed map tasks=1
		Launched map tasks=76
		Launched reduce tasks=1
		Rack-local map tasks=76
		Total time spent by all maps in occupied slots (ms)=937416
		Total time spent by all reduces in occupied slots (ms)=166284
		Total time spent by all map tasks (ms)=468708
		Total time spent by all reduce tasks (ms)=166284
		Total vcore-milliseconds taken by all map tasks=468708
		Total vcore-milliseconds taken by all reduce tasks=166284
		Total megabyte-milliseconds taken by all map tasks=959913984
		Total megabyte-milliseconds taken by all reduce tasks=170274816
	Map-Reduce Framework
		Map input records=100000000
		Map output records=100000000
		Map output bytes=10200000000
		Map output materialized bytes=5502468877
		Input split bytes=10336
		Combine input records=0
		Combine output records=0
		Reduce input groups=100000000
		Reduce shuffle bytes=5502468877
		Reduce input records=100000000
		Reduce output records=100000000
		Spilled Records=199321120
		Shuffled Maps =76
		Failed Shuffles=0
		Merged Map outputs=76
		GC time elapsed (ms)=5393
		CPU time spent (ms)=497370
		Physical memory (bytes) snapshot=36223012864
		Virtual memory (bytes) snapshot=271522357248
		Total committed heap usage (bytes)=34604056576
		Peak Map Physical memory (bytes)=508899328
		Peak Map Virtual memory (bytes)=3544391680
		Peak Reduce Physical memory (bytes)=592736256
		Peak Reduce Virtual memory (bytes)=2678464512
	Shuffle Errors
		BAD_ID=0
		CONNECTION=0
		IO_ERROR=0
		WRONG_LENGTH=0
		WRONG_MAP=0
		WRONG_REDUCE=0
	File Input Format Counters 
		Bytes Read=10000000000
	File Output Format Counters 
		Bytes Written=10000000000
2022-05-01 21:52:21,174 INFO terasort.TeraSort: done
	Command being timed: "hadoop jar hadoop-mapreduce-examples-3.2.1.jar terasort -D mapreduce.map.log.level=INFO -D mapreduce.reduce.log.level=INFO -D yarn.app.mapreduce.am.log.level=INFO -D yarn.nodemanager.resource.detect-hardware-capabilities=true -D yarn.nodemanager.resource.memory-mb=-1 -D mapreduce.task.io.sort.mb=256 -D mapreduce.map.memory.mb=2048 -D io.file.buffer.size=131072 -D mapreduce.map.output.compress=true -D mapreduce.map.output.compress.codec=org.apache.hadoop.io.compress.Lz4Codec -D mapreduce.output.fileoutputformat.compress=true -D mapreduce.output.fileoutputformat.compress.codec=org.apache.hadoop.io.compress.Lz4Codec -D mapreduce.output.fileoutputformat.compress.type=BLOCK -D dfs.blocksize=335544320 -D dfs.replication=1 -D mapreduce.task.io.sort.factor=400 -D mapreduce.map.sort.spill.percent=1.0 -D mapreduce.reduce.merge.inmem.threshold=2000 -D mapreduce.reduce.input.buffer.percent=0.8 -D mapreduce.job.reduce.slowstart.completedmaps=0.7 -D mapreduce.reduce.shuffle.parallelcopies=30 -D mapreduce.reduce.shuffle.merge.percent=0.66 -D mapreduce.reduce.shuffle.input.buffer.percent=0.7 -D mapreduce.reduce.shuffle.maxfetchfailures=10 /user/root/terasort/10G-terasort-input /user/root/terasort/10G-terasort-output"
	User time (seconds): 5.83
	System time (seconds): 0.63
	Percent of CPU this job got: 1%
	Elapsed (wall clock) time (h:mm:ss or m:ss): 5:36.57
	Average shared text size (kbytes): 0
	Average unshared data size (kbytes): 0
	Average stack size (kbytes): 0
	Average total size (kbytes): 0
	Maximum resident set size (kbytes): 305956
	Average resident set size (kbytes): 0
	Major (requiring I/O) page faults: 123
	Minor (reclaiming a frame) page faults: 84526
	Voluntary context switches: 19373
	Involuntary context switches: 5240
	Swaps: 0
	File system inputs: 5736
	File system outputs: 3160
	Socket messages sent: 0
	Socket messages received: 0
	Signals delivered: 0
	Page size (bytes): 4096
	Exit status: 0
