2022-05-01 21:33:12,698 INFO terasort.TeraSort: starting
2022-05-01 21:33:13,297 INFO input.FileInputFormat: Total input files to process : 2
Spent 127ms computing base-splits.
Spent 2ms computing TeraScheduler splits.
Computing input splits took 129ms
Sampling 10 splits of 76
2022-05-01 21:33:13,372 INFO sasl.SaslDataTransferClient: SASL encryption trust check: localHostTrusted = false, remoteHostTrusted = false
2022-05-01 21:33:13,372 INFO sasl.SaslDataTransferClient: SASL encryption trust check: localHostTrusted = false, remoteHostTrusted = false
2022-05-01 21:33:13,372 INFO sasl.SaslDataTransferClient: SASL encryption trust check: localHostTrusted = false, remoteHostTrusted = false
2022-05-01 21:33:13,372 INFO sasl.SaslDataTransferClient: SASL encryption trust check: localHostTrusted = false, remoteHostTrusted = false
2022-05-01 21:33:13,372 INFO sasl.SaslDataTransferClient: SASL encryption trust check: localHostTrusted = false, remoteHostTrusted = false
2022-05-01 21:33:13,372 INFO sasl.SaslDataTransferClient: SASL encryption trust check: localHostTrusted = false, remoteHostTrusted = false
2022-05-01 21:33:13,372 INFO sasl.SaslDataTransferClient: SASL encryption trust check: localHostTrusted = false, remoteHostTrusted = false
2022-05-01 21:33:13,372 INFO sasl.SaslDataTransferClient: SASL encryption trust check: localHostTrusted = false, remoteHostTrusted = false
2022-05-01 21:33:13,372 INFO sasl.SaslDataTransferClient: SASL encryption trust check: localHostTrusted = false, remoteHostTrusted = false
2022-05-01 21:33:13,372 INFO sasl.SaslDataTransferClient: SASL encryption trust check: localHostTrusted = false, remoteHostTrusted = false
Making 1 from 100000 sampled records
Computing parititions took 295ms
Spent 426ms computing partitions.
2022-05-01 21:33:13,741 INFO client.RMProxy: Connecting to ResourceManager at resourcemanager/172.18.0.7:8032
2022-05-01 21:33:13,869 INFO client.AHSProxy: Connecting to Application History server at historyserver/172.18.0.6:10200
2022-05-01 21:33:13,965 INFO mapreduce.JobResourceUploader: Disabling Erasure Coding for path: /tmp/hadoop-yarn/staging/root/.staging/job_1651429169682_0021
2022-05-01 21:33:14,004 INFO sasl.SaslDataTransferClient: SASL encryption trust check: localHostTrusted = false, remoteHostTrusted = false
2022-05-01 21:33:14,072 INFO sasl.SaslDataTransferClient: SASL encryption trust check: localHostTrusted = false, remoteHostTrusted = false
2022-05-01 21:33:14,103 INFO sasl.SaslDataTransferClient: SASL encryption trust check: localHostTrusted = false, remoteHostTrusted = false
2022-05-01 21:33:14,109 INFO mapreduce.JobSubmitter: number of splits:76
2022-05-01 21:33:14,246 INFO sasl.SaslDataTransferClient: SASL encryption trust check: localHostTrusted = false, remoteHostTrusted = false
2022-05-01 21:33:14,661 INFO mapreduce.JobSubmitter: Submitting tokens for job: job_1651429169682_0021
2022-05-01 21:33:14,661 INFO mapreduce.JobSubmitter: Executing with tokens: []
2022-05-01 21:33:14,824 INFO conf.Configuration: resource-types.xml not found
2022-05-01 21:33:14,824 INFO resource.ResourceUtils: Unable to find 'resource-types.xml'.
2022-05-01 21:33:15,486 INFO impl.YarnClientImpl: Submitted application application_1651429169682_0021
2022-05-01 21:33:15,518 INFO mapreduce.Job: The url to track the job: http://resourcemanager:8088/proxy/application_1651429169682_0021/
2022-05-01 21:33:15,518 INFO mapreduce.Job: Running job: job_1651429169682_0021
2022-05-01 21:33:20,595 INFO mapreduce.Job: Job job_1651429169682_0021 running in uber mode : false
2022-05-01 21:33:20,597 INFO mapreduce.Job:  map 0% reduce 0%
2022-05-01 21:33:30,717 INFO mapreduce.Job:  map 1% reduce 0%
2022-05-01 21:33:31,721 INFO mapreduce.Job:  map 3% reduce 0%
2022-05-01 21:33:32,727 INFO mapreduce.Job:  map 4% reduce 0%
2022-05-01 21:33:37,742 INFO mapreduce.Job:  map 5% reduce 0%
2022-05-01 21:33:39,753 INFO mapreduce.Job:  map 7% reduce 0%
2022-05-01 21:33:40,759 INFO mapreduce.Job:  map 8% reduce 0%
2022-05-01 21:33:45,783 INFO mapreduce.Job:  map 9% reduce 0%
2022-05-01 21:33:46,787 INFO mapreduce.Job:  map 11% reduce 0%
2022-05-01 21:33:49,807 INFO mapreduce.Job:  map 12% reduce 0%
2022-05-01 21:33:53,827 INFO mapreduce.Job:  map 13% reduce 0%
2022-05-01 21:33:54,831 INFO mapreduce.Job:  map 14% reduce 0%
2022-05-01 21:33:57,844 INFO mapreduce.Job:  map 16% reduce 0%
2022-05-01 21:34:01,870 INFO mapreduce.Job:  map 17% reduce 0%
2022-05-01 21:34:03,874 INFO mapreduce.Job:  map 18% reduce 0%
2022-05-01 21:34:05,891 INFO mapreduce.Job:  map 20% reduce 0%
2022-05-01 21:34:10,920 INFO mapreduce.Job:  map 21% reduce 0%
2022-05-01 21:34:11,925 INFO mapreduce.Job:  map 22% reduce 0%
2022-05-01 21:34:13,934 INFO mapreduce.Job:  map 24% reduce 0%
2022-05-01 21:34:17,956 INFO mapreduce.Job:  map 25% reduce 0%
2022-05-01 21:34:18,962 INFO mapreduce.Job:  map 26% reduce 0%
2022-05-01 21:34:22,984 INFO mapreduce.Job:  map 28% reduce 0%
2022-05-01 21:34:26,003 INFO mapreduce.Job:  map 29% reduce 0%
2022-05-01 21:34:29,014 INFO mapreduce.Job:  map 30% reduce 0%
2022-05-01 21:34:31,024 INFO mapreduce.Job:  map 32% reduce 0%
2022-05-01 21:34:35,020 INFO mapreduce.Job:  map 33% reduce 0%
2022-05-01 21:34:38,033 INFO mapreduce.Job:  map 34% reduce 0%
2022-05-01 21:34:40,041 INFO mapreduce.Job:  map 36% reduce 0%
2022-05-01 21:34:43,054 INFO mapreduce.Job:  map 37% reduce 0%
2022-05-01 21:34:46,069 INFO mapreduce.Job:  map 38% reduce 0%
2022-05-01 21:34:49,091 INFO mapreduce.Job:  map 39% reduce 0%
2022-05-01 21:34:52,102 INFO mapreduce.Job:  map 41% reduce 0%
2022-05-01 21:34:55,119 INFO mapreduce.Job:  map 42% reduce 0%
2022-05-01 21:34:58,133 INFO mapreduce.Job:  map 43% reduce 0%
2022-05-01 21:35:01,151 INFO mapreduce.Job:  map 45% reduce 0%
2022-05-01 21:35:04,142 INFO mapreduce.Job:  map 46% reduce 0%
2022-05-01 21:35:07,153 INFO mapreduce.Job:  map 47% reduce 0%
2022-05-01 21:35:09,160 INFO mapreduce.Job:  map 49% reduce 0%
2022-05-01 21:35:13,180 INFO mapreduce.Job:  map 50% reduce 0%
2022-05-01 21:35:15,191 INFO mapreduce.Job:  map 51% reduce 0%
2022-05-01 21:35:18,206 INFO mapreduce.Job:  map 53% reduce 0%
2022-05-01 21:35:21,220 INFO mapreduce.Job:  map 54% reduce 0%
2022-05-01 21:35:23,226 INFO mapreduce.Job:  map 55% reduce 0%
2022-05-01 21:35:27,244 INFO mapreduce.Job:  map 57% reduce 0%
2022-05-01 21:35:30,264 INFO mapreduce.Job:  map 58% reduce 0%
2022-05-01 21:35:31,271 INFO mapreduce.Job:  map 59% reduce 0%
2022-05-01 21:35:35,263 INFO mapreduce.Job:  map 61% reduce 0%
2022-05-01 21:35:38,274 INFO mapreduce.Job:  map 62% reduce 0%
2022-05-01 21:35:40,283 INFO mapreduce.Job:  map 63% reduce 0%
2022-05-01 21:35:43,298 INFO mapreduce.Job:  map 64% reduce 0%
2022-05-01 21:35:47,316 INFO mapreduce.Job:  map 66% reduce 0%
2022-05-01 21:35:49,323 INFO mapreduce.Job:  map 67% reduce 0%
2022-05-01 21:35:51,329 INFO mapreduce.Job:  map 68% reduce 0%
2022-05-01 21:35:56,343 INFO mapreduce.Job:  map 70% reduce 0%
2022-05-01 21:35:58,349 INFO mapreduce.Job:  map 71% reduce 0%
2022-05-01 21:35:59,352 INFO mapreduce.Job:  map 72% reduce 0%
2022-05-01 21:36:05,354 INFO mapreduce.Job:  map 74% reduce 0%
2022-05-01 21:36:08,363 INFO mapreduce.Job:  map 75% reduce 0%
2022-05-01 21:36:14,381 INFO mapreduce.Job:  map 75% reduce 25%
2022-05-01 21:36:16,391 INFO mapreduce.Job:  map 76% reduce 25%
2022-05-01 21:36:17,398 INFO mapreduce.Job:  map 78% reduce 25%
2022-05-01 21:36:20,407 INFO mapreduce.Job:  map 78% reduce 26%
2022-05-01 21:36:24,417 INFO mapreduce.Job:  map 79% reduce 26%
2022-05-01 21:36:25,426 INFO mapreduce.Job:  map 80% reduce 26%
2022-05-01 21:36:26,429 INFO mapreduce.Job:  map 80% reduce 27%
2022-05-01 21:36:32,466 INFO mapreduce.Job:  map 82% reduce 27%
2022-05-01 21:36:33,471 INFO mapreduce.Job:  map 83% reduce 27%
2022-05-01 21:36:38,464 INFO mapreduce.Job:  map 83% reduce 28%
2022-05-01 21:36:40,471 INFO mapreduce.Job:  map 84% reduce 28%
2022-05-01 21:36:41,475 INFO mapreduce.Job:  map 86% reduce 28%
2022-05-01 21:36:44,484 INFO mapreduce.Job:  map 86% reduce 29%
2022-05-01 21:36:48,496 INFO mapreduce.Job:  map 87% reduce 29%
2022-05-01 21:36:49,500 INFO mapreduce.Job:  map 88% reduce 29%
2022-05-01 21:36:56,550 INFO mapreduce.Job:  map 89% reduce 29%
2022-05-01 21:36:57,554 INFO mapreduce.Job:  map 91% reduce 29%
2022-05-01 21:37:02,565 INFO mapreduce.Job:  map 91% reduce 30%
2022-05-01 21:37:03,567 INFO mapreduce.Job:  map 92% reduce 30%
2022-05-01 21:37:05,552 INFO mapreduce.Job:  map 93% reduce 30%
2022-05-01 21:37:08,563 INFO mapreduce.Job:  map 93% reduce 31%
2022-05-01 21:37:11,570 INFO mapreduce.Job:  map 95% reduce 31%
2022-05-01 21:37:13,574 INFO mapreduce.Job:  map 96% reduce 31%
2022-05-01 21:37:14,576 INFO mapreduce.Job:  map 96% reduce 32%
2022-05-01 21:37:18,586 INFO mapreduce.Job:  map 97% reduce 32%
2022-05-01 21:37:19,590 INFO mapreduce.Job:  map 99% reduce 32%
2022-05-01 21:37:20,592 INFO mapreduce.Job:  map 99% reduce 33%
2022-05-01 21:37:22,598 INFO mapreduce.Job:  map 100% reduce 33%
2022-05-01 21:37:26,606 INFO mapreduce.Job:  map 100% reduce 68%
2022-05-01 21:37:32,621 INFO mapreduce.Job:  map 100% reduce 70%
2022-05-01 21:37:38,519 INFO mapreduce.Job:  map 100% reduce 72%
2022-05-01 21:37:44,534 INFO mapreduce.Job:  map 100% reduce 75%
2022-05-01 21:37:50,545 INFO mapreduce.Job:  map 100% reduce 77%
2022-05-01 21:37:56,555 INFO mapreduce.Job:  map 100% reduce 79%
2022-05-01 21:38:02,565 INFO mapreduce.Job:  map 100% reduce 82%
2022-05-01 21:38:08,552 INFO mapreduce.Job:  map 100% reduce 84%
2022-05-01 21:38:14,563 INFO mapreduce.Job:  map 100% reduce 86%
2022-05-01 21:38:20,577 INFO mapreduce.Job:  map 100% reduce 89%
2022-05-01 21:38:26,587 INFO mapreduce.Job:  map 100% reduce 91%
2022-05-01 21:38:32,598 INFO mapreduce.Job:  map 100% reduce 93%
2022-05-01 21:38:38,587 INFO mapreduce.Job:  map 100% reduce 96%
2022-05-01 21:38:44,605 INFO mapreduce.Job:  map 100% reduce 98%
2022-05-01 21:38:48,617 INFO mapreduce.Job:  map 100% reduce 100%
2022-05-01 21:38:48,622 INFO mapreduce.Job: Job job_1651429169682_0021 completed successfully
2022-05-01 21:38:48,736 INFO mapreduce.Job: Counters: 55
	File System Counters
		FILE: Number of bytes read=5465381167
		FILE: Number of bytes written=10985564444
		FILE: Number of read operations=0
		FILE: Number of large read operations=0
		FILE: Number of write operations=0
		HDFS: Number of bytes read=10000010336
		HDFS: Number of bytes written=10000000000
		HDFS: Number of read operations=233
		HDFS: Number of large read operations=0
		HDFS: Number of write operations=2
		HDFS: Number of bytes read erasure-coded=0
	Job Counters 
		Killed map tasks=1
		Launched map tasks=76
		Launched reduce tasks=1
		Rack-local map tasks=76
		Total time spent by all maps in occupied slots (ms)=941116
		Total time spent by all reduces in occupied slots (ms)=167928
		Total time spent by all map tasks (ms)=470558
		Total time spent by all reduce tasks (ms)=167928
		Total vcore-milliseconds taken by all map tasks=470558
		Total vcore-milliseconds taken by all reduce tasks=167928
		Total megabyte-milliseconds taken by all map tasks=963702784
		Total megabyte-milliseconds taken by all reduce tasks=171958272
	Map-Reduce Framework
		Map input records=100000000
		Map output records=100000000
		Map output bytes=10200000000
		Map output materialized bytes=5502468877
		Input split bytes=10336
		Combine input records=0
		Combine output records=0
		Reduce input groups=100000000
		Reduce shuffle bytes=5502468877
		Reduce input records=100000000
		Reduce output records=100000000
		Spilled Records=199321120
		Shuffled Maps =76
		Failed Shuffles=0
		Merged Map outputs=76
		GC time elapsed (ms)=5530
		CPU time spent (ms)=496610
		Physical memory (bytes) snapshot=36435968000
		Virtual memory (bytes) snapshot=271525920768
		Total committed heap usage (bytes)=34711011328
		Peak Map Physical memory (bytes)=530419712
		Peak Map Virtual memory (bytes)=3545587712
		Peak Reduce Physical memory (bytes)=590528512
		Peak Reduce Virtual memory (bytes)=2679189504
	Shuffle Errors
		BAD_ID=0
		CONNECTION=0
		IO_ERROR=0
		WRONG_LENGTH=0
		WRONG_MAP=0
		WRONG_REDUCE=0
	File Input Format Counters 
		Bytes Read=10000000000
	File Output Format Counters 
		Bytes Written=10000000000
2022-05-01 21:38:48,738 INFO terasort.TeraSort: done
	Command being timed: "hadoop jar hadoop-mapreduce-examples-3.2.1.jar terasort -D mapreduce.map.log.level=INFO -D mapreduce.reduce.log.level=INFO -D yarn.app.mapreduce.am.log.level=INFO -D yarn.nodemanager.resource.detect-hardware-capabilities=true -D yarn.nodemanager.resource.memory-mb=-1 -D mapreduce.task.io.sort.mb=256 -D mapreduce.map.memory.mb=2048 -D io.file.buffer.size=131072 -D mapreduce.map.output.compress=true -D mapreduce.map.output.compress.codec=org.apache.hadoop.io.compress.Lz4Codec -D mapreduce.output.fileoutputformat.compress=true -D mapreduce.output.fileoutputformat.compress.codec=org.apache.hadoop.io.compress.Lz4Codec -D mapreduce.output.fileoutputformat.compress.type=BLOCK -D dfs.blocksize=335544320 -D dfs.replication=1 -D mapreduce.task.io.sort.factor=400 -D mapreduce.map.sort.spill.percent=1.0 -D mapreduce.reduce.merge.inmem.threshold=2000 -D mapreduce.reduce.input.buffer.percent=0.8 -D mapreduce.job.reduce.slowstart.completedmaps=0.7 -D mapreduce.reduce.shuffle.parallelcopies=30 -D mapreduce.reduce.shuffle.merge.percent=0.66 -D mapreduce.reduce.shuffle.input.buffer.percent=0.7 -D mapreduce.reduce.shuffle.maxfetchfailures=10 /user/root/terasort/10G-terasort-input /user/root/terasort/10G-terasort-output"
	User time (seconds): 5.71
	System time (seconds): 0.64
	Percent of CPU this job got: 1%
	Elapsed (wall clock) time (h:mm:ss or m:ss): 5:36.95
	Average shared text size (kbytes): 0
	Average unshared data size (kbytes): 0
	Average stack size (kbytes): 0
	Average total size (kbytes): 0
	Maximum resident set size (kbytes): 276576
	Average resident set size (kbytes): 0
	Major (requiring I/O) page faults: 129
	Minor (reclaiming a frame) page faults: 78520
	Voluntary context switches: 19336
	Involuntary context switches: 5006
	Swaps: 0
	File system inputs: 16576
	File system outputs: 3088
	Socket messages sent: 0
	Socket messages received: 0
	Signals delivered: 0
	Page size (bytes): 4096
	Exit status: 0
