2022-05-01 21:41:04,275 INFO terasort.TeraSort: starting
2022-05-01 21:41:04,906 INFO input.FileInputFormat: Total input files to process : 2
Spent 124ms computing base-splits.
Spent 2ms computing TeraScheduler splits.
Computing input splits took 126ms
Sampling 10 splits of 76
2022-05-01 21:41:04,975 INFO sasl.SaslDataTransferClient: SASL encryption trust check: localHostTrusted = false, remoteHostTrusted = false
2022-05-01 21:41:04,975 INFO sasl.SaslDataTransferClient: SASL encryption trust check: localHostTrusted = false, remoteHostTrusted = false
2022-05-01 21:41:04,975 INFO sasl.SaslDataTransferClient: SASL encryption trust check: localHostTrusted = false, remoteHostTrusted = false
2022-05-01 21:41:04,975 INFO sasl.SaslDataTransferClient: SASL encryption trust check: localHostTrusted = false, remoteHostTrusted = false
2022-05-01 21:41:04,975 INFO sasl.SaslDataTransferClient: SASL encryption trust check: localHostTrusted = false, remoteHostTrusted = false
2022-05-01 21:41:04,975 INFO sasl.SaslDataTransferClient: SASL encryption trust check: localHostTrusted = false, remoteHostTrusted = false
2022-05-01 21:41:04,975 INFO sasl.SaslDataTransferClient: SASL encryption trust check: localHostTrusted = false, remoteHostTrusted = false
2022-05-01 21:41:04,975 INFO sasl.SaslDataTransferClient: SASL encryption trust check: localHostTrusted = false, remoteHostTrusted = false
2022-05-01 21:41:04,976 INFO sasl.SaslDataTransferClient: SASL encryption trust check: localHostTrusted = false, remoteHostTrusted = false
2022-05-01 21:41:04,975 INFO sasl.SaslDataTransferClient: SASL encryption trust check: localHostTrusted = false, remoteHostTrusted = false
Making 1 from 100000 sampled records
Computing parititions took 286ms
Spent 414ms computing partitions.
2022-05-01 21:41:05,333 INFO client.RMProxy: Connecting to ResourceManager at resourcemanager/172.18.0.7:8032
2022-05-01 21:41:05,463 INFO client.AHSProxy: Connecting to Application History server at historyserver/172.18.0.6:10200
2022-05-01 21:41:05,564 INFO mapreduce.JobResourceUploader: Disabling Erasure Coding for path: /tmp/hadoop-yarn/staging/root/.staging/job_1651429169682_0022
2022-05-01 21:41:05,603 INFO sasl.SaslDataTransferClient: SASL encryption trust check: localHostTrusted = false, remoteHostTrusted = false
2022-05-01 21:41:05,664 INFO sasl.SaslDataTransferClient: SASL encryption trust check: localHostTrusted = false, remoteHostTrusted = false
2022-05-01 21:41:05,704 INFO sasl.SaslDataTransferClient: SASL encryption trust check: localHostTrusted = false, remoteHostTrusted = false
2022-05-01 21:41:06,115 INFO mapreduce.JobSubmitter: number of splits:76
2022-05-01 21:41:06,245 INFO sasl.SaslDataTransferClient: SASL encryption trust check: localHostTrusted = false, remoteHostTrusted = false
2022-05-01 21:41:06,253 INFO mapreduce.JobSubmitter: Submitting tokens for job: job_1651429169682_0022
2022-05-01 21:41:06,253 INFO mapreduce.JobSubmitter: Executing with tokens: []
2022-05-01 21:41:06,384 INFO conf.Configuration: resource-types.xml not found
2022-05-01 21:41:06,384 INFO resource.ResourceUtils: Unable to find 'resource-types.xml'.
2022-05-01 21:41:06,636 INFO impl.YarnClientImpl: Submitted application application_1651429169682_0022
2022-05-01 21:41:06,665 INFO mapreduce.Job: The url to track the job: http://resourcemanager:8088/proxy/application_1651429169682_0022/
2022-05-01 21:41:06,665 INFO mapreduce.Job: Running job: job_1651429169682_0022
2022-05-01 21:41:11,730 INFO mapreduce.Job: Job job_1651429169682_0022 running in uber mode : false
2022-05-01 21:41:11,731 INFO mapreduce.Job:  map 0% reduce 0%
2022-05-01 21:41:20,815 INFO mapreduce.Job:  map 1% reduce 0%
2022-05-01 21:41:21,824 INFO mapreduce.Job:  map 3% reduce 0%
2022-05-01 21:41:22,829 INFO mapreduce.Job:  map 4% reduce 0%
2022-05-01 21:41:28,864 INFO mapreduce.Job:  map 5% reduce 0%
2022-05-01 21:41:29,872 INFO mapreduce.Job:  map 7% reduce 0%
2022-05-01 21:41:30,877 INFO mapreduce.Job:  map 8% reduce 0%
2022-05-01 21:41:36,890 INFO mapreduce.Job:  map 9% reduce 0%
2022-05-01 21:41:37,895 INFO mapreduce.Job:  map 11% reduce 0%
2022-05-01 21:41:39,909 INFO mapreduce.Job:  map 12% reduce 0%
2022-05-01 21:41:44,931 INFO mapreduce.Job:  map 13% reduce 0%
2022-05-01 21:41:45,935 INFO mapreduce.Job:  map 14% reduce 0%
2022-05-01 21:41:47,945 INFO mapreduce.Job:  map 16% reduce 0%
2022-05-01 21:41:52,973 INFO mapreduce.Job:  map 17% reduce 0%
2022-05-01 21:41:53,980 INFO mapreduce.Job:  map 18% reduce 0%
2022-05-01 21:41:55,994 INFO mapreduce.Job:  map 20% reduce 0%
2022-05-01 21:42:01,027 INFO mapreduce.Job:  map 21% reduce 0%
2022-05-01 21:42:02,031 INFO mapreduce.Job:  map 22% reduce 0%
2022-05-01 21:42:04,015 INFO mapreduce.Job:  map 24% reduce 0%
2022-05-01 21:42:09,038 INFO mapreduce.Job:  map 25% reduce 0%
2022-05-01 21:42:10,042 INFO mapreduce.Job:  map 26% reduce 0%
2022-05-01 21:42:12,049 INFO mapreduce.Job:  map 28% reduce 0%
2022-05-01 21:42:17,084 INFO mapreduce.Job:  map 29% reduce 0%
2022-05-01 21:42:18,088 INFO mapreduce.Job:  map 30% reduce 0%
2022-05-01 21:42:21,099 INFO mapreduce.Job:  map 32% reduce 0%
2022-05-01 21:42:26,116 INFO mapreduce.Job:  map 33% reduce 0%
2022-05-01 21:42:27,119 INFO mapreduce.Job:  map 34% reduce 0%
2022-05-01 21:42:29,126 INFO mapreduce.Job:  map 36% reduce 0%
2022-05-01 21:42:34,119 INFO mapreduce.Job:  map 37% reduce 0%
2022-05-01 21:42:35,122 INFO mapreduce.Job:  map 38% reduce 0%
2022-05-01 21:42:37,133 INFO mapreduce.Job:  map 39% reduce 0%
2022-05-01 21:42:42,151 INFO mapreduce.Job:  map 41% reduce 0%
2022-05-01 21:42:43,155 INFO mapreduce.Job:  map 42% reduce 0%
2022-05-01 21:42:45,161 INFO mapreduce.Job:  map 43% reduce 0%
2022-05-01 21:42:50,180 INFO mapreduce.Job:  map 45% reduce 0%
2022-05-01 21:42:51,183 INFO mapreduce.Job:  map 46% reduce 0%
2022-05-01 21:42:54,201 INFO mapreduce.Job:  map 47% reduce 0%
2022-05-01 21:42:58,216 INFO mapreduce.Job:  map 49% reduce 0%
2022-05-01 21:43:00,223 INFO mapreduce.Job:  map 50% reduce 0%
2022-05-01 21:43:02,233 INFO mapreduce.Job:  map 51% reduce 0%
2022-05-01 21:43:07,224 INFO mapreduce.Job:  map 53% reduce 0%
2022-05-01 21:43:08,228 INFO mapreduce.Job:  map 54% reduce 0%
2022-05-01 21:43:10,233 INFO mapreduce.Job:  map 55% reduce 0%
2022-05-01 21:43:16,262 INFO mapreduce.Job:  map 58% reduce 0%
2022-05-01 21:43:18,268 INFO mapreduce.Job:  map 59% reduce 0%
2022-05-01 21:43:23,292 INFO mapreduce.Job:  map 61% reduce 0%
2022-05-01 21:43:24,295 INFO mapreduce.Job:  map 62% reduce 0%
2022-05-01 21:43:26,301 INFO mapreduce.Job:  map 63% reduce 0%
2022-05-01 21:43:31,321 INFO mapreduce.Job:  map 64% reduce 0%
2022-05-01 21:43:32,325 INFO mapreduce.Job:  map 66% reduce 0%
2022-05-01 21:43:34,308 INFO mapreduce.Job:  map 67% reduce 0%
2022-05-01 21:43:39,331 INFO mapreduce.Job:  map 68% reduce 0%
2022-05-01 21:43:40,335 INFO mapreduce.Job:  map 70% reduce 0%
2022-05-01 21:43:43,346 INFO mapreduce.Job:  map 71% reduce 0%
2022-05-01 21:43:47,358 INFO mapreduce.Job:  map 72% reduce 0%
2022-05-01 21:43:49,365 INFO mapreduce.Job:  map 74% reduce 0%
2022-05-01 21:43:58,410 INFO mapreduce.Job:  map 75% reduce 0%
2022-05-01 21:43:59,428 INFO mapreduce.Job:  map 76% reduce 25%
2022-05-01 21:44:06,425 INFO mapreduce.Job:  map 78% reduce 25%
2022-05-01 21:44:07,430 INFO mapreduce.Job:  map 79% reduce 25%
2022-05-01 21:44:10,436 INFO mapreduce.Job:  map 79% reduce 26%
2022-05-01 21:44:13,491 INFO mapreduce.Job:  map 80% reduce 26%
2022-05-01 21:44:15,498 INFO mapreduce.Job:  map 82% reduce 26%
2022-05-01 21:44:16,508 INFO mapreduce.Job:  map 82% reduce 27%
2022-05-01 21:44:21,534 INFO mapreduce.Job:  map 83% reduce 27%
2022-05-01 21:44:22,539 INFO mapreduce.Job:  map 84% reduce 28%
2022-05-01 21:44:29,557 INFO mapreduce.Job:  map 86% reduce 28%
2022-05-01 21:44:31,565 INFO mapreduce.Job:  map 87% reduce 28%
2022-05-01 21:44:34,548 INFO mapreduce.Job:  map 87% reduce 29%
2022-05-01 21:44:37,555 INFO mapreduce.Job:  map 88% reduce 29%
2022-05-01 21:44:38,558 INFO mapreduce.Job:  map 89% reduce 29%
2022-05-01 21:44:40,564 INFO mapreduce.Job:  map 89% reduce 30%
2022-05-01 21:44:45,585 INFO mapreduce.Job:  map 91% reduce 30%
2022-05-01 21:44:47,592 INFO mapreduce.Job:  map 92% reduce 30%
2022-05-01 21:44:52,606 INFO mapreduce.Job:  map 92% reduce 31%
2022-05-01 21:44:53,609 INFO mapreduce.Job:  map 93% reduce 31%
2022-05-01 21:44:55,618 INFO mapreduce.Job:  map 95% reduce 31%
2022-05-01 21:44:58,624 INFO mapreduce.Job:  map 95% reduce 32%
2022-05-01 21:45:01,657 INFO mapreduce.Job:  map 96% reduce 32%
2022-05-01 21:45:02,660 INFO mapreduce.Job:  map 97% reduce 32%
2022-05-01 21:45:06,645 INFO mapreduce.Job:  map 99% reduce 32%
2022-05-01 21:45:07,648 INFO mapreduce.Job:  map 100% reduce 32%
2022-05-01 21:45:10,654 INFO mapreduce.Job:  map 100% reduce 68%
2022-05-01 21:45:16,678 INFO mapreduce.Job:  map 100% reduce 70%
2022-05-01 21:45:22,690 INFO mapreduce.Job:  map 100% reduce 72%
2022-05-01 21:45:28,705 INFO mapreduce.Job:  map 100% reduce 75%
2022-05-01 21:45:34,698 INFO mapreduce.Job:  map 100% reduce 77%
2022-05-01 21:45:40,713 INFO mapreduce.Job:  map 100% reduce 79%
2022-05-01 21:45:46,729 INFO mapreduce.Job:  map 100% reduce 81%
2022-05-01 21:45:52,740 INFO mapreduce.Job:  map 100% reduce 84%
2022-05-01 21:45:58,753 INFO mapreduce.Job:  map 100% reduce 86%
2022-05-01 21:46:04,741 INFO mapreduce.Job:  map 100% reduce 88%
2022-05-01 21:46:10,752 INFO mapreduce.Job:  map 100% reduce 91%
2022-05-01 21:46:16,771 INFO mapreduce.Job:  map 100% reduce 93%
2022-05-01 21:46:22,783 INFO mapreduce.Job:  map 100% reduce 95%
2022-05-01 21:46:28,795 INFO mapreduce.Job:  map 100% reduce 97%
2022-05-01 21:46:33,790 INFO mapreduce.Job:  map 100% reduce 100%
2022-05-01 21:46:34,798 INFO mapreduce.Job: Job job_1651429169682_0022 completed successfully
2022-05-01 21:46:34,911 INFO mapreduce.Job: Counters: 55
	File System Counters
		FILE: Number of bytes read=5465381167
		FILE: Number of bytes written=10985564444
		FILE: Number of read operations=0
		FILE: Number of large read operations=0
		FILE: Number of write operations=0
		HDFS: Number of bytes read=10000010336
		HDFS: Number of bytes written=10000000000
		HDFS: Number of read operations=233
		HDFS: Number of large read operations=0
		HDFS: Number of write operations=2
		HDFS: Number of bytes read erasure-coded=0
	Job Counters 
		Killed map tasks=1
		Launched map tasks=76
		Launched reduce tasks=1
		Rack-local map tasks=76
		Total time spent by all maps in occupied slots (ms)=935620
		Total time spent by all reduces in occupied slots (ms)=169063
		Total time spent by all map tasks (ms)=467810
		Total time spent by all reduce tasks (ms)=169063
		Total vcore-milliseconds taken by all map tasks=467810
		Total vcore-milliseconds taken by all reduce tasks=169063
		Total megabyte-milliseconds taken by all map tasks=958074880
		Total megabyte-milliseconds taken by all reduce tasks=173120512
	Map-Reduce Framework
		Map input records=100000000
		Map output records=100000000
		Map output bytes=10200000000
		Map output materialized bytes=5502468877
		Input split bytes=10336
		Combine input records=0
		Combine output records=0
		Reduce input groups=100000000
		Reduce shuffle bytes=5502468877
		Reduce input records=100000000
		Reduce output records=100000000
		Spilled Records=199321120
		Shuffled Maps =76
		Failed Shuffles=0
		Merged Map outputs=76
		GC time elapsed (ms)=5395
		CPU time spent (ms)=494890
		Physical memory (bytes) snapshot=36308709376
		Virtual memory (bytes) snapshot=271524155392
		Total committed heap usage (bytes)=34612445184
		Peak Map Physical memory (bytes)=533831680
		Peak Map Virtual memory (bytes)=3545198592
		Peak Reduce Physical memory (bytes)=589291520
		Peak Reduce Virtual memory (bytes)=2678595584
	Shuffle Errors
		BAD_ID=0
		CONNECTION=0
		IO_ERROR=0
		WRONG_LENGTH=0
		WRONG_MAP=0
		WRONG_REDUCE=0
	File Input Format Counters 
		Bytes Read=10000000000
	File Output Format Counters 
		Bytes Written=10000000000
2022-05-01 21:46:34,912 INFO terasort.TeraSort: done
	Command being timed: "hadoop jar hadoop-mapreduce-examples-3.2.1.jar terasort -D mapreduce.map.log.level=INFO -D mapreduce.reduce.log.level=INFO -D yarn.app.mapreduce.am.log.level=INFO -D yarn.nodemanager.resource.detect-hardware-capabilities=true -D yarn.nodemanager.resource.memory-mb=-1 -D mapreduce.task.io.sort.mb=256 -D mapreduce.map.memory.mb=2048 -D io.file.buffer.size=131072 -D mapreduce.map.output.compress=true -D mapreduce.map.output.compress.codec=org.apache.hadoop.io.compress.Lz4Codec -D mapreduce.output.fileoutputformat.compress=true -D mapreduce.output.fileoutputformat.compress.codec=org.apache.hadoop.io.compress.Lz4Codec -D mapreduce.output.fileoutputformat.compress.type=BLOCK -D dfs.blocksize=335544320 -D dfs.replication=1 -D mapreduce.task.io.sort.factor=400 -D mapreduce.map.sort.spill.percent=1.0 -D mapreduce.reduce.merge.inmem.threshold=2000 -D mapreduce.reduce.input.buffer.percent=0.8 -D mapreduce.job.reduce.slowstart.completedmaps=0.7 -D mapreduce.reduce.shuffle.parallelcopies=30 -D mapreduce.reduce.shuffle.merge.percent=0.66 -D mapreduce.reduce.shuffle.input.buffer.percent=0.7 -D mapreduce.reduce.shuffle.maxfetchfailures=10 /user/root/terasort/10G-terasort-input /user/root/terasort/10G-terasort-output"
	User time (seconds): 5.83
	System time (seconds): 0.61
	Percent of CPU this job got: 1%
	Elapsed (wall clock) time (h:mm:ss or m:ss): 5:31.52
	Average shared text size (kbytes): 0
	Average unshared data size (kbytes): 0
	Average stack size (kbytes): 0
	Average total size (kbytes): 0
	Maximum resident set size (kbytes): 313556
	Average resident set size (kbytes): 0
	Major (requiring I/O) page faults: 153
	Minor (reclaiming a frame) page faults: 88596
	Voluntary context switches: 19114
	Involuntary context switches: 5082
	Swaps: 0
	File system inputs: 9144
	File system outputs: 3440
	Socket messages sent: 0
	Socket messages received: 0
	Signals delivered: 0
	Page size (bytes): 4096
	Exit status: 0
