2022-04-23 13:50:49,853 INFO client.RMProxy: Connecting to ResourceManager at resourcemanager/172.26.0.8:8032
2022-04-23 13:50:50,181 INFO client.AHSProxy: Connecting to Application History server at historyserver/172.26.0.7:10200
2022-04-23 13:50:51,103 INFO conf.Configuration: resource-types.xml not found
2022-04-23 13:50:51,103 INFO resource.ResourceUtils: Unable to find 'resource-types.xml'.
Deleted /user/root/terasort/10G-terasort-input
2022-04-23 13:50:56,920 INFO client.RMProxy: Connecting to ResourceManager at resourcemanager/172.26.0.8:8032
2022-04-23 13:50:57,249 INFO client.AHSProxy: Connecting to Application History server at historyserver/172.26.0.7:10200
2022-04-23 13:50:57,581 INFO mapreduce.JobResourceUploader: Disabling Erasure Coding for path: /tmp/hadoop-yarn/staging/root/.staging/job_1650721757638_0001
2022-04-23 13:50:57,752 INFO sasl.SaslDataTransferClient: SASL encryption trust check: localHostTrusted = false, remoteHostTrusted = false
2022-04-23 13:50:57,879 INFO terasort.TeraGen: Generating 100000000 using 2
2022-04-23 13:50:57,913 INFO sasl.SaslDataTransferClient: SASL encryption trust check: localHostTrusted = false, remoteHostTrusted = false
2022-04-23 13:50:58,041 INFO sasl.SaslDataTransferClient: SASL encryption trust check: localHostTrusted = false, remoteHostTrusted = false
2022-04-23 13:50:58,460 INFO mapreduce.JobSubmitter: number of splits:2
2022-04-23 13:50:58,647 INFO sasl.SaslDataTransferClient: SASL encryption trust check: localHostTrusted = false, remoteHostTrusted = false
2022-04-23 13:50:58,673 INFO mapreduce.JobSubmitter: Submitting tokens for job: job_1650721757638_0001
2022-04-23 13:50:58,673 INFO mapreduce.JobSubmitter: Executing with tokens: []
2022-04-23 13:50:58,947 INFO conf.Configuration: resource-types.xml not found
2022-04-23 13:50:58,948 INFO resource.ResourceUtils: Unable to find 'resource-types.xml'.
2022-04-23 13:50:59,319 INFO impl.YarnClientImpl: Submitted application application_1650721757638_0001
2022-04-23 13:50:59,391 INFO mapreduce.Job: The url to track the job: http://resourcemanager:8088/proxy/application_1650721757638_0001/
2022-04-23 13:50:59,393 INFO mapreduce.Job: Running job: job_1650721757638_0001
2022-04-23 13:51:09,521 INFO mapreduce.Job: Job job_1650721757638_0001 running in uber mode : false
2022-04-23 13:51:09,528 INFO mapreduce.Job:  map 0% reduce 0%
2022-04-23 13:51:27,786 INFO mapreduce.Job:  map 27% reduce 0%
2022-04-23 13:51:33,832 INFO mapreduce.Job:  map 41% reduce 0%
2022-04-23 13:51:39,842 INFO mapreduce.Job:  map 56% reduce 0%
2022-04-23 13:51:44,883 INFO mapreduce.Job:  map 63% reduce 0%
2022-04-23 13:51:45,892 INFO mapreduce.Job:  map 70% reduce 0%
2022-04-23 13:51:50,924 INFO mapreduce.Job:  map 78% reduce 0%
2022-04-23 13:51:51,931 INFO mapreduce.Job:  map 85% reduce 0%
2022-04-23 13:51:56,978 INFO mapreduce.Job:  map 92% reduce 0%
2022-04-23 13:51:57,987 INFO mapreduce.Job:  map 100% reduce 0%
2022-04-23 13:51:58,001 INFO mapreduce.Job: Job job_1650721757638_0001 completed successfully
2022-04-23 13:51:58,157 INFO mapreduce.Job: Counters: 34
	File System Counters
		FILE: Number of bytes read=0
		FILE: Number of bytes written=457958
		FILE: Number of read operations=0
		FILE: Number of large read operations=0
		FILE: Number of write operations=0
		HDFS: Number of bytes read=170
		HDFS: Number of bytes written=10000000000
		HDFS: Number of read operations=12
		HDFS: Number of large read operations=0
		HDFS: Number of write operations=4
		HDFS: Number of bytes read erasure-coded=0
	Job Counters
		Launched map tasks=2
		Other local map tasks=2
		Total time spent by all maps in occupied slots (ms)=89719
		Total time spent by all reduces in occupied slots (ms)=0
		Total time spent by all map tasks (ms)=89719
		Total vcore-milliseconds taken by all map tasks=89719
		Total megabyte-milliseconds taken by all map tasks=91872256
	Map-Reduce Framework
		Map input records=100000000
		Map output records=100000000
		Input split bytes=170
		Spilled Records=0
		Failed Shuffles=0
		Merged Map outputs=0
		GC time elapsed (ms)=1489
		CPU time spent (ms)=109510
		Physical memory (bytes) snapshot=418496512
		Virtual memory (bytes) snapshot=3953909760
		Total committed heap usage (bytes)=213909504
		Peak Map Physical memory (bytes)=212910080
		Peak Map Virtual memory (bytes)=1980461056
	org.apache.hadoop.examples.terasort.TeraGen$Counters
		CHECKSUM=214760662691937609
	File Input Format Counters
		Bytes Read=0
	File Output Format Counters
		Bytes Written=10000000000
	Command being timed: "hadoop jar hadoop-mapreduce-examples-3.2.1.jar teragen -D mapreduce.map.log.level=INFO -D mapreduce.reduce.log.level=INFO -D yarn.app.mapreduce.am.log.level=INFO -D mapreduce.task.io.sort.mb=100 -D mapreduce.task.io.sort.factor=10 -D mapreduce.map.sort.spill.percent=0.80 -D mapreduce.map.combine.minspills=3 -D mapreduce.map.output.compress=false -D mapreduce.map.output.compress=org.apache.hadoop.io.compress.DefaultCodec -D mapreduce.shuffle.max.threads=0 -D mapreduce.reduce.shuffle.parallelcopies=5 -D mapreduce.reduce.shuffle.maxfetchfailures=10 -D mapreduce.reduce.shuffle.input.buffer.percent=0.70 -D mapreduce.reduce.shuffle.merge.percent=0.66 -D mapreduce.reduce.merge.inmem.threshold=1000 -D mapreduce.reduce.input.buffer.percent=0.0 -D dfs.blocksize=67108864 -D mapred.child.java.opts=-Xmx200m 100000000 /user/root/terasort/10G-terasort-input"
	User time (seconds): 5.14
	System time (seconds): 2.57
	Percent of CPU this job got: 12%
	Elapsed (wall clock) time (h:mm:ss or m:ss): 1:04.32
	Average shared text size (kbytes): 0
	Average unshared data size (kbytes): 0
	Average stack size (kbytes): 0
	Average total size (kbytes): 0
	Maximum resident set size (kbytes): 232644
	Average resident set size (kbytes): 0
	Major (requiring I/O) page faults: 84
	Minor (reclaiming a frame) page faults: 60954
	Voluntary context switches: 6540
	Involuntary context switches: 2189
	Swaps: 0
	File system inputs: 512
	File system outputs: 2720
	Socket messages sent: 0
	Socket messages received: 0
	Signals delivered: 0
	Page size (bytes): 4096
	Exit status: 0